[ 2016-08-24T06:57:23+08:00 ] ::1 /weibo/
INFO: [ app_init ] --START--
INFO: Run Behavior\BuildLiteBehavior [ RunTime:0.000014s ]
INFO: [ app_init ] --END-- [ RunTime:0.008483s ]

[ 2016-08-24T06:57:24+08:00 ] ::1 /weibo/Login/index.html
INFO: [ app_init ] --START--
INFO: Run Behavior\BuildLiteBehavior [ RunTime:0.000009s ]
INFO: [ app_init ] --END-- [ RunTime:0.000242s ]

[ 2016-08-24T06:57:24+08:00 ] ::1 /weibo/Login/verify.html
INFO: [ app_init ] --START--
INFO: Run Behavior\BuildLiteBehavior [ RunTime:0.000017s ]
INFO: [ app_init ] --END-- [ RunTime:0.000405s ]

[ 2016-08-24T06:57:34+08:00 ] ::1 /weibo/Home/User/checkVerify
INFO: [ app_init ] --START--
INFO: Run Behavior\BuildLiteBehavior [ RunTime:0.000011s ]
INFO: [ app_init ] --END-- [ RunTime:0.000262s ]
INFO: [ app_begin ] --START--
INFO: Run Behavior\ReadHtmlCacheBehavior [ RunTime:0.000476s ]
INFO: [ app_begin ] --END-- [ RunTime:0.000512s ]
SQL: DESCRIBE weibo_user [ RunTime:0.012755s ]
NOTIC: [2] sha1() expects at least 1 parameter, 0 given G:\php\www\weibo\ThinkPHP\Library\Think\Model.class.php 第 1013 行.
INFO: [ app_end ] --START--
INFO: Run Behavior\ShowPageTraceBehavior [ RunTime:0.000538s ]
INFO: [ app_end ] --END-- [ RunTime:0.000573s ]

[ 2016-08-24T06:57:35+08:00 ] ::1 /weibo/Home/User/login
INFO: [ app_init ] --START--
INFO: Run Behavior\BuildLiteBehavior [ RunTime:0.000024s ]
INFO: [ app_init ] --END-- [ RunTime:0.000483s ]
INFO: [ app_begin ] --START--
INFO: Run Behavior\ReadHtmlCacheBehavior [ RunTime:0.000902s ]
INFO: [ app_begin ] --END-- [ RunTime:0.001028s ]
SQL: DESCRIBE weibo_user [ RunTime:0.017323s ]
SQL: SELECT `id`,`username`,`password` FROM `weibo_user` WHERE `username` = '路飞1' LIMIT 1   [ RunTime:0.000273s ]
SQL: UPDATE `weibo_user` SET `last_login`=1471993055,`last_ip`=0 WHERE `id` = 18 [ RunTime:0.080278s ]
INFO: [ app_end ] --START--
INFO: Run Behavior\ShowPageTraceBehavior [ RunTime:0.000531s ]
INFO: [ app_end ] --END-- [ RunTime:0.000562s ]

[ 2016-08-24T06:57:36+08:00 ] ::1 /weibo/Login/index.html
INFO: [ app_init ] --START--
INFO: Run Behavior\BuildLiteBehavior [ RunTime:0.000010s ]
INFO: [ app_init ] --END-- [ RunTime:0.000275s ]

[ 2016-08-24T06:57:36+08:00 ] ::1 /weibo/Index/index.html
INFO: [ app_init ] --START--
INFO: Run Behavior\BuildLiteBehavior [ RunTime:0.000010s ]
INFO: [ app_init ] --END-- [ RunTime:0.000227s ]

[ 2016-08-24T06:57:37+08:00 ] ::1 /weibo/
INFO: [ app_init ] --START--
INFO: Run Behavior\BuildLiteBehavior [ RunTime:0.000009s ]
INFO: [ app_init ] --END-- [ RunTime:0.000222s ]

[ 2016-08-24T06:57:47+08:00 ] ::1 /weibo/
INFO: [ app_init ] --START--
INFO: Run Behavior\BuildLiteBehavior [ RunTime:0.000015s ]
INFO: [ app_init ] --END-- [ RunTime:0.000270s ]

[ 2016-08-24T06:57:47+08:00 ] ::1 /weibo/
INFO: [ app_init ] --START--
INFO: Run Behavior\BuildLiteBehavior [ RunTime:0.000016s ]
INFO: [ app_init ] --END-- [ RunTime:0.000283s ]

[ 2016-08-24T07:01:54+08:00 ] ::1 /weibo/
INFO: [ app_init ] --START--
INFO: Run Behavior\BuildLiteBehavior [ RunTime:0.000015s ]
INFO: [ app_init ] --END-- [ RunTime:0.000303s ]

[ 2016-08-24T07:01:54+08:00 ] ::1 /weibo/
INFO: [ app_init ] --START--
INFO: Run Behavior\BuildLiteBehavior [ RunTime:0.000011s ]
INFO: [ app_init ] --END-- [ RunTime:0.000272s ]

[ 2016-08-24T07:03:27+08:00 ] ::1 /weibo/
INFO: [ app_init ] --START--
INFO: Run Behavior\BuildLiteBehavior [ RunTime:0.000025s ]
INFO: [ app_init ] --END-- [ RunTime:0.002577s ]

[ 2016-08-24T07:03:28+08:00 ] ::1 /weibo/
INFO: [ app_init ] --START--
INFO: Run Behavior\BuildLiteBehavior [ RunTime:0.000012s ]
INFO: [ app_init ] --END-- [ RunTime:0.000251s ]

[ 2016-08-24T07:03:29+08:00 ] ::1 /weibo/
INFO: [ app_init ] --START--
INFO: Run Behavior\BuildLiteBehavior [ RunTime:0.000010s ]
INFO: [ app_init ] --END-- [ RunTime:0.000257s ]

[ 2016-08-24T07:03:29+08:00 ] ::1 /weibo/
INFO: [ app_init ] --START--
INFO: Run Behavior\BuildLiteBehavior [ RunTime:0.000013s ]
INFO: [ app_init ] --END-- [ RunTime:0.000395s ]

[ 2016-08-24T19:05:54+08:00 ] ::1 /weibo/
INFO: [ app_init ] --START--
INFO: Run Behavior\BuildLiteBehavior [ RunTime:0.000016s ]
INFO: [ app_init ] --END-- [ RunTime:0.007998s ]

[ 2016-08-24T19:05:54+08:00 ] ::1 /weibo/Login/index.html
INFO: [ app_init ] --START--
INFO: Run Behavior\BuildLiteBehavior [ RunTime:0.000010s ]
INFO: [ app_init ] --END-- [ RunTime:0.000228s ]

[ 2016-08-24T19:05:54+08:00 ] ::1 /weibo/Login/verify.html
INFO: [ app_init ] --START--
INFO: Run Behavior\BuildLiteBehavior [ RunTime:0.000011s ]
INFO: [ app_init ] --END-- [ RunTime:0.000231s ]

[ 2016-08-24T19:06:03+08:00 ] ::1 /weibo/Home/User/checkVerify
INFO: [ app_init ] --START--
INFO: Run Behavior\BuildLiteBehavior [ RunTime:0.000015s ]
INFO: [ app_init ] --END-- [ RunTime:0.000372s ]
INFO: [ app_begin ] --START--
INFO: Run Behavior\ReadHtmlCacheBehavior [ RunTime:0.000848s ]
INFO: [ app_begin ] --END-- [ RunTime:0.000952s ]
SQL: DESCRIBE weibo_user [ RunTime:0.044660s ]
NOTIC: [2] sha1() expects at least 1 parameter, 0 given G:\php\www\weibo\ThinkPHP\Library\Think\Model.class.php 第 1013 行.
INFO: [ app_end ] --START--
INFO: Run Behavior\ShowPageTraceBehavior [ RunTime:0.000529s ]
INFO: [ app_end ] --END-- [ RunTime:0.000575s ]

[ 2016-08-24T19:06:04+08:00 ] ::1 /weibo/Home/User/login
INFO: [ app_init ] --START--
INFO: Run Behavior\BuildLiteBehavior [ RunTime:0.000014s ]
INFO: [ app_init ] --END-- [ RunTime:0.000336s ]
INFO: [ app_begin ] --START--
INFO: Run Behavior\ReadHtmlCacheBehavior [ RunTime:0.001038s ]
INFO: [ app_begin ] --END-- [ RunTime:0.001146s ]
SQL: DESCRIBE weibo_user [ RunTime:0.030316s ]
SQL: SELECT `id`,`username`,`password` FROM `weibo_user` WHERE `username` = '路飞1' LIMIT 1   [ RunTime:0.000317s ]
SQL: UPDATE `weibo_user` SET `last_login`=1472036763,`last_ip`=0 WHERE `id` = 18 [ RunTime:0.082572s ]
INFO: [ app_end ] --START--
INFO: Run Behavior\ShowPageTraceBehavior [ RunTime:0.000558s ]
INFO: [ app_end ] --END-- [ RunTime:0.000611s ]

[ 2016-08-24T19:06:05+08:00 ] ::1 /weibo/Login/index.html
INFO: [ app_init ] --START--
INFO: Run Behavior\BuildLiteBehavior [ RunTime:0.000010s ]
INFO: [ app_init ] --END-- [ RunTime:0.000241s ]

[ 2016-08-24T19:06:05+08:00 ] ::1 /weibo/Index/index.html
INFO: [ app_init ] --START--
INFO: Run Behavior\BuildLiteBehavior [ RunTime:0.000010s ]
INFO: [ app_init ] --END-- [ RunTime:0.000225s ]

[ 2016-08-24T19:06:06+08:00 ] ::1 /weibo/
INFO: [ app_init ] --START--
INFO: Run Behavior\BuildLiteBehavior [ RunTime:0.000016s ]
INFO: [ app_init ] --END-- [ RunTime:0.000388s ]

[ 2016-08-24T19:06:10+08:00 ] ::1 /weibo/
INFO: [ app_init ] --START--
INFO: Run Behavior\BuildLiteBehavior [ RunTime:0.000012s ]
INFO: [ app_init ] --END-- [ RunTime:0.000316s ]

[ 2016-08-24T19:06:11+08:00 ] ::1 /weibo/
INFO: [ app_init ] --START--
INFO: Run Behavior\BuildLiteBehavior [ RunTime:0.000019s ]
INFO: [ app_init ] --END-- [ RunTime:0.000393s ]

[ 2016-08-24T19:06:21+08:00 ] ::1 /weibo/
INFO: [ app_init ] --START--
INFO: Run Behavior\BuildLiteBehavior [ RunTime:0.000010s ]
INFO: [ app_init ] --END-- [ RunTime:0.000230s ]

[ 2016-08-24T19:06:21+08:00 ] ::1 /weibo/
INFO: [ app_init ] --START--
INFO: Run Behavior\BuildLiteBehavior [ RunTime:0.000011s ]
INFO: [ app_init ] --END-- [ RunTime:0.000259s ]

[ 2016-08-24T19:06:21+08:00 ] ::1 /weibo/index.js.map
INFO: [ app_init ] --START--
INFO: Run Behavior\BuildLiteBehavior [ RunTime:0.000010s ]
INFO: [ app_init ] --END-- [ RunTime:0.000252s ]
ERR: 无法加载控制器:Index.js.map

[ 2016-08-24T19:07:22+08:00 ] ::1 /weibo/
INFO: [ app_init ] --START--
INFO: Run Behavior\BuildLiteBehavior [ RunTime:0.000017s ]
INFO: [ app_init ] --END-- [ RunTime:0.000333s ]

[ 2016-08-24T19:07:22+08:00 ] ::1 /weibo/
INFO: [ app_init ] --START--
INFO: Run Behavior\BuildLiteBehavior [ RunTime:0.000017s ]
INFO: [ app_init ] --END-- [ RunTime:0.000469s ]

[ 2016-08-24T19:07:23+08:00 ] ::1 /weibo/index.js.map
INFO: [ app_init ] --START--
INFO: Run Behavior\BuildLiteBehavior [ RunTime:0.000028s ]
INFO: [ app_init ] --END-- [ RunTime:0.000514s ]
ERR: 无法加载控制器:Index.js.map

[ 2016-08-24T19:08:04+08:00 ] ::1 /weibo/
INFO: [ app_init ] --START--
INFO: Run Behavior\BuildLiteBehavior [ RunTime:0.000015s ]
INFO: [ app_init ] --END-- [ RunTime:0.000367s ]

[ 2016-08-24T19:08:04+08:00 ] ::1 /weibo/
INFO: [ app_init ] --START--
INFO: Run Behavior\BuildLiteBehavior [ RunTime:0.000012s ]
INFO: [ app_init ] --END-- [ RunTime:0.000273s ]

[ 2016-08-24T19:08:04+08:00 ] ::1 /weibo/index.js.map
INFO: [ app_init ] --START--
INFO: Run Behavior\BuildLiteBehavior [ RunTime:0.000017s ]
INFO: [ app_init ] --END-- [ RunTime:0.000286s ]
ERR: 无法加载控制器:Index.js.map

[ 2016-08-24T19:16:44+08:00 ] ::1 /weibo/
INFO: [ app_init ] --START--
INFO: Run Behavior\BuildLiteBehavior [ RunTime:0.000011s ]
INFO: [ app_init ] --END-- [ RunTime:0.000406s ]

[ 2016-08-24T19:16:45+08:00 ] ::1 /weibo/
INFO: [ app_init ] --START--
INFO: Run Behavior\BuildLiteBehavior [ RunTime:0.000012s ]
INFO: [ app_init ] --END-- [ RunTime:0.000288s ]

[ 2016-08-24T19:16:45+08:00 ] ::1 /weibo/index.js.map
INFO: [ app_init ] --START--
INFO: Run Behavior\BuildLiteBehavior [ RunTime:0.000017s ]
INFO: [ app_init ] --END-- [ RunTime:0.000422s ]
ERR: 无法加载控制器:Index.js.map

[ 2016-08-24T19:16:54+08:00 ] ::1 /weibo/
INFO: [ app_init ] --START--
INFO: Run Behavior\BuildLiteBehavior [ RunTime:0.000011s ]
INFO: [ app_init ] --END-- [ RunTime:0.000304s ]

[ 2016-08-24T19:16:54+08:00 ] ::1 /weibo/
INFO: [ app_init ] --START--
INFO: Run Behavior\BuildLiteBehavior [ RunTime:0.000010s ]
INFO: [ app_init ] --END-- [ RunTime:0.000288s ]

[ 2016-08-24T19:16:54+08:00 ] ::1 /weibo/index.js.map
INFO: [ app_init ] --START--
INFO: Run Behavior\BuildLiteBehavior [ RunTime:0.000020s ]
INFO: [ app_init ] --END-- [ RunTime:0.000416s ]
ERR: 无法加载控制器:Index.js.map

[ 2016-08-24T19:18:27+08:00 ] ::1 /weibo/
INFO: [ app_init ] --START--
INFO: Run Behavior\BuildLiteBehavior [ RunTime:0.000011s ]
INFO: [ app_init ] --END-- [ RunTime:0.000235s ]

[ 2016-08-24T19:18:27+08:00 ] ::1 /weibo/
INFO: [ app_init ] --START--
INFO: Run Behavior\BuildLiteBehavior [ RunTime:0.000013s ]
INFO: [ app_init ] --END-- [ RunTime:0.000279s ]

[ 2016-08-24T19:18:27+08:00 ] ::1 /weibo/index.js.map
INFO: [ app_init ] --START--
INFO: Run Behavior\BuildLiteBehavior [ RunTime:0.000012s ]
INFO: [ app_init ] --END-- [ RunTime:0.000292s ]
ERR: 无法加载控制器:Index.js.map

[ 2016-08-24T19:35:00+08:00 ] ::1 /weibo/
INFO: [ app_init ] --START--
INFO: Run Behavior\BuildLiteBehavior [ RunTime:0.000018s ]
INFO: [ app_init ] --END-- [ RunTime:0.000501s ]

[ 2016-08-24T19:35:00+08:00 ] ::1 /weibo/
INFO: [ app_init ] --START--
INFO: Run Behavior\BuildLiteBehavior [ RunTime:0.000011s ]
INFO: [ app_init ] --END-- [ RunTime:0.000275s ]

[ 2016-08-24T19:35:00+08:00 ] ::1 /weibo/index.js.map
INFO: [ app_init ] --START--
INFO: Run Behavior\BuildLiteBehavior [ RunTime:0.000023s ]
INFO: [ app_init ] --END-- [ RunTime:0.000571s ]
ERR: 无法加载控制器:Index.js.map

[ 2016-08-24T19:35:01+08:00 ] ::1 /weibo/Home/Topic/ajaxlist
INFO: [ app_init ] --START--
INFO: Run Behavior\BuildLiteBehavior [ RunTime:0.000017s ]
INFO: [ app_init ] --END-- [ RunTime:0.000383s ]
INFO: [ app_begin ] --START--
INFO: Run Behavior\ReadHtmlCacheBehavior [ RunTime:0.000674s ]
INFO: [ app_begin ] --END-- [ RunTime:0.000756s ]
SQL: DESCRIBE weibo_topic [ RunTime:0.013794s ]
SQL: DESCRIBE weibo_topic [ RunTime:0.004254s ]
SQL: SELECT a.id,a.content,a.content_over,a.create,b.username FROM weibo_topic a,weibo_user b WHERE ( a.uid=b.id ) ORDER BY a.create DESC LIMIT 0,10   [ RunTime:0.000385s ]
SQL: DESCRIBE weibo_image [ RunTime:0.006249s ]
SQL: SELECT `data` FROM `weibo_image` WHERE ( 1=1 AND tid='29' )  [ RunTime:0.000265s ]
SQL: SELECT `data` FROM `weibo_image` WHERE ( 1=1 AND tid='28' )  [ RunTime:0.000181s ]
SQL: SELECT `data` FROM `weibo_image` WHERE ( 1=1 AND tid='27' )  [ RunTime:0.000153s ]
SQL: SELECT `data` FROM `weibo_image` WHERE ( 1=1 AND tid='26' )  [ RunTime:0.000158s ]
SQL: SELECT `data` FROM `weibo_image` WHERE ( 1=1 AND tid='25' )  [ RunTime:0.000146s ]
SQL: SELECT `data` FROM `weibo_image` WHERE ( 1=1 AND tid='24' )  [ RunTime:0.000154s ]
SQL: SELECT `data` FROM `weibo_image` WHERE ( 1=1 AND tid='23' )  [ RunTime:0.000141s ]
SQL: SELECT `data` FROM `weibo_image` WHERE ( 1=1 AND tid='22' )  [ RunTime:0.000149s ]
SQL: SELECT `data` FROM `weibo_image` WHERE ( 1=1 AND tid='21' )  [ RunTime:0.000142s ]
SQL: SELECT `data` FROM `weibo_image` WHERE ( 1=1 AND tid='20' )  [ RunTime:0.000146s ]
INFO: [ view_parse ] --START--
INFO: [ template_filter ] --START--
INFO: Run Behavior\ContentReplaceBehavior [ RunTime:0.000050s ]
INFO: [ template_filter ] --END-- [ RunTime:0.000094s ]
INFO: Run Behavior\ParseTemplateBehavior [ RunTime:0.023546s ]
INFO: [ view_parse ] --END-- [ RunTime:0.023599s ]
INFO: [ view_filter ] --START--
INFO: Run Behavior\WriteHtmlCacheBehavior [ RunTime:0.000329s ]
INFO: [ view_filter ] --END-- [ RunTime:0.000362s ]
INFO: [ app_end ] --START--
INFO: Run Behavior\ShowPageTraceBehavior [ RunTime:0.000525s ]
INFO: [ app_end ] --END-- [ RunTime:0.000571s ]

[ 2016-08-24T19:35:06+08:00 ] ::1 /weibo/Home/Topic/ajaxlist
INFO: [ app_init ] --START--
INFO: Run Behavior\BuildLiteBehavior [ RunTime:0.000010s ]
INFO: [ app_init ] --END-- [ RunTime:0.000230s ]
INFO: [ app_begin ] --START--
INFO: Run Behavior\ReadHtmlCacheBehavior [ RunTime:0.000402s ]
INFO: [ app_begin ] --END-- [ RunTime:0.000438s ]
SQL: DESCRIBE weibo_topic [ RunTime:0.056073s ]
SQL: DESCRIBE weibo_topic [ RunTime:0.004970s ]
SQL: SELECT a.id,a.content,a.content_over,a.create,b.username FROM weibo_topic a,weibo_user b WHERE ( a.uid=b.id ) ORDER BY a.create DESC LIMIT 0,10   [ RunTime:0.000471s ]
SQL: DESCRIBE weibo_image [ RunTime:0.006052s ]
SQL: SELECT `data` FROM `weibo_image` WHERE ( 1=1 AND tid='29' )  [ RunTime:0.000243s ]
SQL: SELECT `data` FROM `weibo_image` WHERE ( 1=1 AND tid='28' )  [ RunTime:0.000207s ]
SQL: SELECT `data` FROM `weibo_image` WHERE ( 1=1 AND tid='27' )  [ RunTime:0.000176s ]
SQL: SELECT `data` FROM `weibo_image` WHERE ( 1=1 AND tid='26' )  [ RunTime:0.000169s ]
SQL: SELECT `data` FROM `weibo_image` WHERE ( 1=1 AND tid='25' )  [ RunTime:0.000172s ]
SQL: SELECT `data` FROM `weibo_image` WHERE ( 1=1 AND tid='24' )  [ RunTime:0.000183s ]
SQL: SELECT `data` FROM `weibo_image` WHERE ( 1=1 AND tid='23' )  [ RunTime:0.000193s ]
SQL: SELECT `data` FROM `weibo_image` WHERE ( 1=1 AND tid='22' )  [ RunTime:0.000184s ]
SQL: SELECT `data` FROM `weibo_image` WHERE ( 1=1 AND tid='21' )  [ RunTime:0.000173s ]
SQL: SELECT `data` FROM `weibo_image` WHERE ( 1=1 AND tid='20' )  [ RunTime:0.000181s ]
INFO: [ view_parse ] --START--
INFO: [ template_filter ] --START--
INFO: Run Behavior\ContentReplaceBehavior [ RunTime:0.000046s ]
INFO: [ template_filter ] --END-- [ RunTime:0.000080s ]
INFO: Run Behavior\ParseTemplateBehavior [ RunTime:0.023044s ]
INFO: [ view_parse ] --END-- [ RunTime:0.023092s ]
INFO: [ view_filter ] --START--
INFO: Run Behavior\WriteHtmlCacheBehavior [ RunTime:0.000278s ]
INFO: [ view_filter ] --END-- [ RunTime:0.000305s ]
INFO: [ app_end ] --START--
INFO: Run Behavior\ShowPageTraceBehavior [ RunTime:0.000815s ]
INFO: [ app_end ] --END-- [ RunTime:0.000932s ]

[ 2016-08-24T19:35:09+08:00 ] ::1 /weibo/Home/Topic/ajaxlist
INFO: [ app_init ] --START--
INFO: Run Behavior\BuildLiteBehavior [ RunTime:0.000010s ]
INFO: [ app_init ] --END-- [ RunTime:0.000232s ]
INFO: [ app_begin ] --START--
INFO: Run Behavior\ReadHtmlCacheBehavior [ RunTime:0.000422s ]
INFO: [ app_begin ] --END-- [ RunTime:0.000466s ]
SQL: DESCRIBE weibo_topic [ RunTime:0.009831s ]
SQL: DESCRIBE weibo_topic [ RunTime:0.006157s ]
SQL: SELECT a.id,a.content,a.content_over,a.create,b.username FROM weibo_topic a,weibo_user b WHERE ( a.uid=b.id ) ORDER BY a.create DESC LIMIT 0,10   [ RunTime:0.000361s ]
SQL: DESCRIBE weibo_image [ RunTime:0.005373s ]
SQL: SELECT `data` FROM `weibo_image` WHERE ( 1=1 AND tid='29' )  [ RunTime:0.000230s ]
SQL: SELECT `data` FROM `weibo_image` WHERE ( 1=1 AND tid='28' )  [ RunTime:0.000167s ]
SQL: SELECT `data` FROM `weibo_image` WHERE ( 1=1 AND tid='27' )  [ RunTime:0.000185s ]
SQL: SELECT `data` FROM `weibo_image` WHERE ( 1=1 AND tid='26' )  [ RunTime:0.000161s ]
SQL: SELECT `data` FROM `weibo_image` WHERE ( 1=1 AND tid='25' )  [ RunTime:0.000389s ]
SQL: SELECT `data` FROM `weibo_image` WHERE ( 1=1 AND tid='24' )  [ RunTime:0.000386s ]
SQL: SELECT `data` FROM `weibo_image` WHERE ( 1=1 AND tid='23' )  [ RunTime:0.000165s ]
SQL: SELECT `data` FROM `weibo_image` WHERE ( 1=1 AND tid='22' )  [ RunTime:0.000153s ]
SQL: SELECT `data` FROM `weibo_image` WHERE ( 1=1 AND tid='21' )  [ RunTime:0.000149s ]
SQL: SELECT `data` FROM `weibo_image` WHERE ( 1=1 AND tid='20' )  [ RunTime:0.000173s ]
INFO: [ view_parse ] --START--
INFO: [ template_filter ] --START--
INFO: Run Behavior\ContentReplaceBehavior [ RunTime:0.000046s ]
INFO: [ template_filter ] --END-- [ RunTime:0.000083s ]
INFO: Run Behavior\ParseTemplateBehavior [ RunTime:0.045123s ]
INFO: [ view_parse ] --END-- [ RunTime:0.045190s ]
INFO: [ view_filter ] --START--
INFO: Run Behavior\WriteHtmlCacheBehavior [ RunTime:0.000261s ]
INFO: [ view_filter ] --END-- [ RunTime:0.000306s ]
INFO: [ app_end ] --START--
INFO: Run Behavior\ShowPageTraceBehavior [ RunTime:0.000801s ]
INFO: [ app_end ] --END-- [ RunTime:0.000885s ]

[ 2016-08-24T19:35:10+08:00 ] ::1 /weibo/Home/Topic/ajaxlist
INFO: [ app_init ] --START--
INFO: Run Behavior\BuildLiteBehavior [ RunTime:0.000010s ]
INFO: [ app_init ] --END-- [ RunTime:0.000240s ]
INFO: [ app_begin ] --START--
INFO: Run Behavior\ReadHtmlCacheBehavior [ RunTime:0.000436s ]
INFO: [ app_begin ] --END-- [ RunTime:0.000475s ]
SQL: DESCRIBE weibo_topic [ RunTime:0.045526s ]
SQL: DESCRIBE weibo_topic [ RunTime:0.060182s ]
SQL: SELECT a.id,a.content,a.content_over,a.create,b.username FROM weibo_topic a,weibo_user b WHERE ( a.uid=b.id ) ORDER BY a.create DESC LIMIT 0,10   [ RunTime:0.000368s ]
SQL: DESCRIBE weibo_image [ RunTime:0.063819s ]
SQL: SELECT `data` FROM `weibo_image` WHERE ( 1=1 AND tid='29' )  [ RunTime:0.000280s ]
SQL: SELECT `data` FROM `weibo_image` WHERE ( 1=1 AND tid='28' )  [ RunTime:0.000212s ]
SQL: SELECT `data` FROM `weibo_image` WHERE ( 1=1 AND tid='27' )  [ RunTime:0.000195s ]
SQL: SELECT `data` FROM `weibo_image` WHERE ( 1=1 AND tid='26' )  [ RunTime:0.000218s ]
SQL: SELECT `data` FROM `weibo_image` WHERE ( 1=1 AND tid='25' )  [ RunTime:0.000197s ]
SQL: SELECT `data` FROM `weibo_image` WHERE ( 1=1 AND tid='24' )  [ RunTime:0.000180s ]
SQL: SELECT `data` FROM `weibo_image` WHERE ( 1=1 AND tid='23' )  [ RunTime:0.000214s ]
SQL: SELECT `data` FROM `weibo_image` WHERE ( 1=1 AND tid='22' )  [ RunTime:0.000199s ]
SQL: SELECT `data` FROM `weibo_image` WHERE ( 1=1 AND tid='21' )  [ RunTime:0.000191s ]
SQL: SELECT `data` FROM `weibo_image` WHERE ( 1=1 AND tid='20' )  [ RunTime:0.000218s ]
INFO: [ view_parse ] --START--
INFO: [ template_filter ] --START--
INFO: Run Behavior\ContentReplaceBehavior [ RunTime:0.000045s ]
INFO: [ template_filter ] --END-- [ RunTime:0.000078s ]
INFO: Run Behavior\ParseTemplateBehavior [ RunTime:0.021359s ]
INFO: [ view_parse ] --END-- [ RunTime:0.021407s ]
INFO: [ view_filter ] --START--
INFO: Run Behavior\WriteHtmlCacheBehavior [ RunTime:0.000278s ]
INFO: [ view_filter ] --END-- [ RunTime:0.000305s ]
INFO: [ app_end ] --START--
INFO: Run Behavior\ShowPageTraceBehavior [ RunTime:0.000442s ]
INFO: [ app_end ] --END-- [ RunTime:0.000495s ]

[ 2016-08-24T19:35:14+08:00 ] ::1 /weibo/
INFO: [ app_init ] --START--
INFO: Run Behavior\BuildLiteBehavior [ RunTime:0.000010s ]
INFO: [ app_init ] --END-- [ RunTime:0.000230s ]

[ 2016-08-24T19:35:15+08:00 ] ::1 /weibo/
INFO: [ app_init ] --START--
INFO: Run Behavior\BuildLiteBehavior [ RunTime:0.000067s ]
INFO: [ app_init ] --END-- [ RunTime:0.000643s ]

[ 2016-08-24T19:36:11+08:00 ] ::1 /weibo/
INFO: [ app_init ] --START--
INFO: Run Behavior\BuildLiteBehavior [ RunTime:0.000009s ]
INFO: [ app_init ] --END-- [ RunTime:0.000233s ]

[ 2016-08-24T19:36:11+08:00 ] ::1 /weibo/
INFO: [ app_init ] --START--
INFO: Run Behavior\BuildLiteBehavior [ RunTime:0.000019s ]
INFO: [ app_init ] --END-- [ RunTime:0.000477s ]

[ 2016-08-24T19:36:14+08:00 ] ::1 /weibo/Home/Topic/ajaxlist
INFO: [ app_init ] --START--
INFO: Run Behavior\BuildLiteBehavior [ RunTime:0.000009s ]
INFO: [ app_init ] --END-- [ RunTime:0.000230s ]
INFO: [ app_begin ] --START--
INFO: Run Behavior\ReadHtmlCacheBehavior [ RunTime:0.000423s ]
INFO: [ app_begin ] --END-- [ RunTime:0.000458s ]
SQL: DESCRIBE weibo_topic [ RunTime:0.012108s ]
SQL: DESCRIBE weibo_topic [ RunTime:0.004083s ]
SQL: SELECT a.id,a.content,a.content_over,a.create,b.username FROM weibo_topic a,weibo_user b WHERE ( a.uid=b.id ) ORDER BY a.create DESC LIMIT 0,10   [ RunTime:0.000373s ]
SQL: DESCRIBE weibo_image [ RunTime:0.007177s ]
SQL: SELECT `data` FROM `weibo_image` WHERE ( 1=1 AND tid='29' )  [ RunTime:0.000263s ]
SQL: SELECT `data` FROM `weibo_image` WHERE ( 1=1 AND tid='28' )  [ RunTime:0.000262s ]
SQL: SELECT `data` FROM `weibo_image` WHERE ( 1=1 AND tid='27' )  [ RunTime:0.000200s ]
SQL: SELECT `data` FROM `weibo_image` WHERE ( 1=1 AND tid='26' )  [ RunTime:0.000194s ]
SQL: SELECT `data` FROM `weibo_image` WHERE ( 1=1 AND tid='25' )  [ RunTime:0.000204s ]
SQL: SELECT `data` FROM `weibo_image` WHERE ( 1=1 AND tid='24' )  [ RunTime:0.000183s ]
SQL: SELECT `data` FROM `weibo_image` WHERE ( 1=1 AND tid='23' )  [ RunTime:0.000189s ]
SQL: SELECT `data` FROM `weibo_image` WHERE ( 1=1 AND tid='22' )  [ RunTime:0.000189s ]
SQL: SELECT `data` FROM `weibo_image` WHERE ( 1=1 AND tid='21' )  [ RunTime:0.000195s ]
SQL: SELECT `data` FROM `weibo_image` WHERE ( 1=1 AND tid='20' )  [ RunTime:0.000189s ]
INFO: [ view_parse ] --START--
INFO: [ template_filter ] --START--
INFO: Run Behavior\ContentReplaceBehavior [ RunTime:0.000046s ]
INFO: [ template_filter ] --END-- [ RunTime:0.000079s ]
INFO: Run Behavior\ParseTemplateBehavior [ RunTime:0.021279s ]
INFO: [ view_parse ] --END-- [ RunTime:0.021329s ]
INFO: [ view_filter ] --START--
INFO: Run Behavior\WriteHtmlCacheBehavior [ RunTime:0.000294s ]
INFO: [ view_filter ] --END-- [ RunTime:0.000321s ]
INFO: [ app_end ] --START--
INFO: Run Behavior\ShowPageTraceBehavior [ RunTime:0.000547s ]
INFO: [ app_end ] --END-- [ RunTime:0.000590s ]

[ 2016-08-24T19:36:19+08:00 ] ::1 /weibo/Home/Topic/ajaxlist
INFO: [ app_init ] --START--
INFO: Run Behavior\BuildLiteBehavior [ RunTime:0.000010s ]
INFO: [ app_init ] --END-- [ RunTime:0.000234s ]
INFO: [ app_begin ] --START--
INFO: Run Behavior\ReadHtmlCacheBehavior [ RunTime:0.000435s ]
INFO: [ app_begin ] --END-- [ RunTime:0.000471s ]
SQL: DESCRIBE weibo_topic [ RunTime:0.011070s ]
SQL: DESCRIBE weibo_topic [ RunTime:0.004620s ]
SQL: SELECT a.id,a.content,a.content_over,a.create,b.username FROM weibo_topic a,weibo_user b WHERE ( a.uid=b.id ) ORDER BY a.create DESC LIMIT 0,10   [ RunTime:0.000378s ]
SQL: DESCRIBE weibo_image [ RunTime:0.006030s ]
SQL: SELECT `data` FROM `weibo_image` WHERE ( 1=1 AND tid='29' )  [ RunTime:0.000266s ]
SQL: SELECT `data` FROM `weibo_image` WHERE ( 1=1 AND tid='28' )  [ RunTime:0.000213s ]
SQL: SELECT `data` FROM `weibo_image` WHERE ( 1=1 AND tid='27' )  [ RunTime:0.000200s ]
SQL: SELECT `data` FROM `weibo_image` WHERE ( 1=1 AND tid='26' )  [ RunTime:0.000195s ]
SQL: SELECT `data` FROM `weibo_image` WHERE ( 1=1 AND tid='25' )  [ RunTime:0.000196s ]
SQL: SELECT `data` FROM `weibo_image` WHERE ( 1=1 AND tid='24' )  [ RunTime:0.000177s ]
SQL: SELECT `data` FROM `weibo_image` WHERE ( 1=1 AND tid='23' )  [ RunTime:0.000144s ]
SQL: SELECT `data` FROM `weibo_image` WHERE ( 1=1 AND tid='22' )  [ RunTime:0.000212s ]
SQL: SELECT `data` FROM `weibo_image` WHERE ( 1=1 AND tid='21' )  [ RunTime:0.000185s ]
SQL: SELECT `data` FROM `weibo_image` WHERE ( 1=1 AND tid='20' )  [ RunTime:0.000199s ]
INFO: [ view_parse ] --START--
INFO: [ template_filter ] --START--
INFO: Run Behavior\ContentReplaceBehavior [ RunTime:0.000062s ]
INFO: [ template_filter ] --END-- [ RunTime:0.000106s ]
INFO: Run Behavior\ParseTemplateBehavior [ RunTime:0.021562s ]
INFO: [ view_parse ] --END-- [ RunTime:0.021612s ]
INFO: [ view_filter ] --START--
INFO: Run Behavior\WriteHtmlCacheBehavior [ RunTime:0.000295s ]
INFO: [ view_filter ] --END-- [ RunTime:0.000322s ]
INFO: [ app_end ] --START--
INFO: Run Behavior\ShowPageTraceBehavior [ RunTime:0.000524s ]
INFO: [ app_end ] --END-- [ RunTime:0.000568s ]

[ 2016-08-24T19:36:21+08:00 ] ::1 /weibo/
INFO: [ app_init ] --START--
INFO: Run Behavior\BuildLiteBehavior [ RunTime:0.000010s ]
INFO: [ app_init ] --END-- [ RunTime:0.000261s ]

[ 2016-08-24T19:36:21+08:00 ] ::1 /weibo/
INFO: [ app_init ] --START--
INFO: Run Behavior\BuildLiteBehavior [ RunTime:0.000020s ]
INFO: [ app_init ] --END-- [ RunTime:0.000522s ]

[ 2016-08-24T19:36:22+08:00 ] ::1 /weibo/Home/Topic/ajaxlist
INFO: [ app_init ] --START--
INFO: Run Behavior\BuildLiteBehavior [ RunTime:0.000010s ]
INFO: [ app_init ] --END-- [ RunTime:0.000228s ]
INFO: [ app_begin ] --START--
INFO: Run Behavior\ReadHtmlCacheBehavior [ RunTime:0.000422s ]
INFO: [ app_begin ] --END-- [ RunTime:0.000457s ]
SQL: DESCRIBE weibo_topic [ RunTime:0.004325s ]
SQL: DESCRIBE weibo_topic [ RunTime:0.003842s ]
SQL: SELECT a.id,a.content,a.content_over,a.create,b.username FROM weibo_topic a,weibo_user b WHERE ( a.uid=b.id ) ORDER BY a.create DESC LIMIT 0,10   [ RunTime:0.000355s ]
SQL: DESCRIBE weibo_image [ RunTime:0.005237s ]
SQL: SELECT `data` FROM `weibo_image` WHERE ( 1=1 AND tid='29' )  [ RunTime:0.000284s ]
SQL: SELECT `data` FROM `weibo_image` WHERE ( 1=1 AND tid='28' )  [ RunTime:0.000201s ]
SQL: SELECT `data` FROM `weibo_image` WHERE ( 1=1 AND tid='27' )  [ RunTime:0.000178s ]
SQL: SELECT `data` FROM `weibo_image` WHERE ( 1=1 AND tid='26' )  [ RunTime:0.000179s ]
SQL: SELECT `data` FROM `weibo_image` WHERE ( 1=1 AND tid='25' )  [ RunTime:0.000176s ]
SQL: SELECT `data` FROM `weibo_image` WHERE ( 1=1 AND tid='24' )  [ RunTime:0.000166s ]
SQL: SELECT `data` FROM `weibo_image` WHERE ( 1=1 AND tid='23' )  [ RunTime:0.000165s ]
SQL: SELECT `data` FROM `weibo_image` WHERE ( 1=1 AND tid='22' )  [ RunTime:0.000176s ]
SQL: SELECT `data` FROM `weibo_image` WHERE ( 1=1 AND tid='21' )  [ RunTime:0.000168s ]
SQL: SELECT `data` FROM `weibo_image` WHERE ( 1=1 AND tid='20' )  [ RunTime:0.000161s ]
INFO: [ view_parse ] --START--
INFO: [ template_filter ] --START--
INFO: Run Behavior\ContentReplaceBehavior [ RunTime:0.000046s ]
INFO: [ template_filter ] --END-- [ RunTime:0.000079s ]
INFO: Run Behavior\ParseTemplateBehavior [ RunTime:0.021922s ]
INFO: [ view_parse ] --END-- [ RunTime:0.021969s ]
INFO: [ view_filter ] --START--
INFO: Run Behavior\WriteHtmlCacheBehavior [ RunTime:0.000299s ]
INFO: [ view_filter ] --END-- [ RunTime:0.000325s ]
INFO: [ app_end ] --START--
INFO: Run Behavior\ShowPageTraceBehavior [ RunTime:0.000544s ]
INFO: [ app_end ] --END-- [ RunTime:0.000587s ]

[ 2016-08-24T19:48:30+08:00 ] ::1 /weibo/
INFO: [ app_init ] --START--
INFO: Run Behavior\BuildLiteBehavior [ RunTime:0.000012s ]
INFO: [ app_init ] --END-- [ RunTime:0.000277s ]

[ 2016-08-24T19:48:31+08:00 ] ::1 /weibo/
INFO: [ app_init ] --START--
INFO: Run Behavior\BuildLiteBehavior [ RunTime:0.000012s ]
INFO: [ app_init ] --END-- [ RunTime:0.000276s ]

[ 2016-08-24T19:48:31+08:00 ] ::1 /weibo/Home/Topic/ajaxCount
INFO: [ app_init ] --START--
INFO: Run Behavior\BuildLiteBehavior [ RunTime:0.000017s ]
INFO: [ app_init ] --END-- [ RunTime:0.000432s ]
INFO: [ app_begin ] --START--
INFO: Run Behavior\ReadHtmlCacheBehavior [ RunTime:0.000451s ]
INFO: [ app_begin ] --END-- [ RunTime:0.000497s ]
SQL: DESCRIBE weibo_topic [ RunTime:0.016021s ]
SQL: SELECT COUNT(*) AS tp_count FROM `weibo_topic` WHERE ( 1=1 ) LIMIT 1   [ RunTime:0.046851s ]
INFO: [ app_end ] --START--
INFO: Run Behavior\ShowPageTraceBehavior [ RunTime:0.000497s ]
INFO: [ app_end ] --END-- [ RunTime:0.000553s ]

[ 2016-08-24T19:48:36+08:00 ] ::1 /weibo/
INFO: [ app_init ] --START--
INFO: Run Behavior\BuildLiteBehavior [ RunTime:0.000010s ]
INFO: [ app_init ] --END-- [ RunTime:0.000254s ]

[ 2016-08-24T19:48:36+08:00 ] ::1 /weibo/
INFO: [ app_init ] --START--
INFO: Run Behavior\BuildLiteBehavior [ RunTime:0.000015s ]
INFO: [ app_init ] --END-- [ RunTime:0.000420s ]

[ 2016-08-24T19:48:37+08:00 ] ::1 /weibo/Home/Topic/ajaxCount
INFO: [ app_init ] --START--
INFO: Run Behavior\BuildLiteBehavior [ RunTime:0.000012s ]
INFO: [ app_init ] --END-- [ RunTime:0.000308s ]
INFO: [ app_begin ] --START--
INFO: Run Behavior\ReadHtmlCacheBehavior [ RunTime:0.000461s ]
INFO: [ app_begin ] --END-- [ RunTime:0.000500s ]
SQL: DESCRIBE weibo_topic [ RunTime:0.008161s ]
SQL: SELECT COUNT(*) AS tp_count FROM `weibo_topic` WHERE ( 1=1 ) LIMIT 1   [ RunTime:0.000161s ]
INFO: [ app_end ] --START--
INFO: Run Behavior\ShowPageTraceBehavior [ RunTime:0.000596s ]
INFO: [ app_end ] --END-- [ RunTime:0.000630s ]

[ 2016-08-24T21:18:54+08:00 ] ::1 /weibo/
INFO: [ app_init ] --START--
INFO: Run Behavior\BuildLiteBehavior [ RunTime:0.000014s ]
INFO: [ app_init ] --END-- [ RunTime:0.008044s ]

[ 2016-08-24T21:18:54+08:00 ] ::1 /weibo/
INFO: [ app_init ] --START--
INFO: Run Behavior\BuildLiteBehavior [ RunTime:0.000010s ]
INFO: [ app_init ] --END-- [ RunTime:0.000270s ]

[ 2016-08-24T21:18:54+08:00 ] ::1 /weibo/Home/Topic/ajaxCount
INFO: [ app_init ] --START--
INFO: Run Behavior\BuildLiteBehavior [ RunTime:0.000011s ]
INFO: [ app_init ] --END-- [ RunTime:0.000277s ]
INFO: [ app_begin ] --START--
INFO: Run Behavior\ReadHtmlCacheBehavior [ RunTime:0.000463s ]
INFO: [ app_begin ] --END-- [ RunTime:0.000501s ]
SQL: DESCRIBE weibo_topic [ RunTime:0.079854s ]
SQL: SELECT COUNT(*) AS tp_count FROM `weibo_topic` WHERE ( 1=1 ) LIMIT 1   [ RunTime:0.000227s ]
INFO: [ app_end ] --START--
INFO: Run Behavior\ShowPageTraceBehavior [ RunTime:0.000561s ]
INFO: [ app_end ] --END-- [ RunTime:0.000595s ]

[ 2016-08-24T21:19:03+08:00 ] ::1 /weibo/
INFO: [ app_init ] --START--
INFO: Run Behavior\BuildLiteBehavior [ RunTime:0.000011s ]
INFO: [ app_init ] --END-- [ RunTime:0.000232s ]

[ 2016-08-24T21:19:03+08:00 ] ::1 /weibo/
INFO: [ app_init ] --START--
INFO: Run Behavior\BuildLiteBehavior [ RunTime:0.000017s ]
INFO: [ app_init ] --END-- [ RunTime:0.000381s ]

[ 2016-08-24T21:19:03+08:00 ] ::1 /weibo/Home/Topic/ajaxCount
INFO: [ app_init ] --START--
INFO: Run Behavior\BuildLiteBehavior [ RunTime:0.000014s ]
INFO: [ app_init ] --END-- [ RunTime:0.000293s ]
INFO: [ app_begin ] --START--
INFO: Run Behavior\ReadHtmlCacheBehavior [ RunTime:0.000905s ]
INFO: [ app_begin ] --END-- [ RunTime:0.001005s ]
SQL: DESCRIBE weibo_topic [ RunTime:0.048552s ]
SQL: SELECT COUNT(*) AS tp_count FROM `weibo_topic` WHERE ( 1=1 ) LIMIT 1   [ RunTime:0.000225s ]
INFO: [ app_end ] --START--
INFO: Run Behavior\ShowPageTraceBehavior [ RunTime:0.000543s ]
INFO: [ app_end ] --END-- [ RunTime:0.000582s ]

[ 2016-08-24T21:19:37+08:00 ] ::1 /weibo/
INFO: [ app_init ] --START--
INFO: Run Behavior\BuildLiteBehavior [ RunTime:0.000010s ]
INFO: [ app_init ] --END-- [ RunTime:0.000240s ]

[ 2016-08-24T21:19:51+08:00 ] ::1 /weibo/File/upload.html
INFO: [ app_init ] --START--
INFO: Run Behavior\BuildLiteBehavior [ RunTime:0.000042s ]
INFO: [ app_init ] --END-- [ RunTime:0.000889s ]

[ 2016-08-24T21:19:52+08:00 ] ::1 /weibo/Home/Topic/publish
INFO: [ app_init ] --START--
INFO: Run Behavior\BuildLiteBehavior [ RunTime:0.000013s ]
INFO: [ app_init ] --END-- [ RunTime:0.000278s ]
INFO: [ app_begin ] --START--
INFO: Run Behavior\ReadHtmlCacheBehavior [ RunTime:0.000494s ]
INFO: [ app_begin ] --END-- [ RunTime:0.000530s ]
SQL: DESCRIBE weibo_topic [ RunTime:0.010009s ]
SQL: INSERT INTO `weibo_topic` (`content`,`uid`,`ip`,`create`) VALUES (' 测试','18',0,1472044792) [ RunTime:0.000273s ]
SQL: DESCRIBE weibo_image [ RunTime:0.007370s ]
SQL: INSERT INTO `weibo_image` (`data`,`tid`) VALUES ('{\"thumb\":\".\\/Uploads\\/2016-08-24\\/180_57bd9ef6e168a.jpg\",\"unfold\":\".\\/Uploads\\/2016-08-24\\/550_57bd9ef6e168a.jpg\",\"source\":\".\\/Uploads\\/2016-08-24\\/57bd9ef6e168a.jpg\"}',30) [ RunTime:0.000322s ]
INFO: [ app_end ] --START--
INFO: Run Behavior\ShowPageTraceBehavior [ RunTime:0.000587s ]
INFO: [ app_end ] --END-- [ RunTime:0.000622s ]

[ 2016-08-24T21:20:03+08:00 ] ::1 /weibo/Home/Topic/publish
INFO: [ app_init ] --START--
INFO: Run Behavior\BuildLiteBehavior [ RunTime:0.000016s ]
INFO: [ app_init ] --END-- [ RunTime:0.000346s ]
INFO: [ app_begin ] --START--
INFO: Run Behavior\ReadHtmlCacheBehavior [ RunTime:0.000461s ]
INFO: [ app_begin ] --END-- [ RunTime:0.000503s ]
SQL: DESCRIBE weibo_topic [ RunTime:0.010182s ]
SQL: INSERT INTO `weibo_topic` (`content`,`uid`,`ip`,`create`) VALUES ('222','18',0,1472044803) [ RunTime:0.000200s ]
INFO: [ app_end ] --START--
INFO: Run Behavior\ShowPageTraceBehavior [ RunTime:0.000596s ]
INFO: [ app_end ] --END-- [ RunTime:0.000637s ]

[ 2016-08-24T21:20:06+08:00 ] ::1 /weibo/
INFO: [ app_init ] --START--
INFO: Run Behavior\BuildLiteBehavior [ RunTime:0.000011s ]
INFO: [ app_init ] --END-- [ RunTime:0.000240s ]

[ 2016-08-24T21:20:06+08:00 ] ::1 /weibo/
INFO: [ app_init ] --START--
INFO: Run Behavior\BuildLiteBehavior [ RunTime:0.000013s ]
INFO: [ app_init ] --END-- [ RunTime:0.000303s ]

[ 2016-08-24T21:20:06+08:00 ] ::1 /weibo/Home/Topic/ajaxCount
INFO: [ app_init ] --START--
INFO: Run Behavior\BuildLiteBehavior [ RunTime:0.000013s ]
INFO: [ app_init ] --END-- [ RunTime:0.000259s ]
INFO: [ app_begin ] --START--
INFO: Run Behavior\ReadHtmlCacheBehavior [ RunTime:0.000465s ]
INFO: [ app_begin ] --END-- [ RunTime:0.000514s ]
SQL: DESCRIBE weibo_topic [ RunTime:0.004556s ]
SQL: SELECT COUNT(*) AS tp_count FROM `weibo_topic` WHERE ( 1=1 ) LIMIT 1   [ RunTime:0.000203s ]
INFO: [ app_end ] --START--
INFO: Run Behavior\ShowPageTraceBehavior [ RunTime:0.000593s ]
INFO: [ app_end ] --END-- [ RunTime:0.000636s ]

[ 2016-08-24T21:20:11+08:00 ] ::1 /weibo/Home/Topic/publish
INFO: [ app_init ] --START--
INFO: Run Behavior\BuildLiteBehavior [ RunTime:0.000012s ]
INFO: [ app_init ] --END-- [ RunTime:0.000459s ]
INFO: [ app_begin ] --START--
INFO: Run Behavior\ReadHtmlCacheBehavior [ RunTime:0.000464s ]
INFO: [ app_begin ] --END-- [ RunTime:0.000499s ]
SQL: DESCRIBE weibo_topic [ RunTime:0.010627s ]
SQL: INSERT INTO `weibo_topic` (`content`,`uid`,`ip`,`create`) VALUES ('烦烦烦','18',0,1472044811) [ RunTime:0.000282s ]
INFO: [ app_end ] --START--
INFO: Run Behavior\ShowPageTraceBehavior [ RunTime:0.000518s ]
INFO: [ app_end ] --END-- [ RunTime:0.000553s ]

[ 2016-08-24T21:20:16+08:00 ] ::1 /weibo/Home/Topic/publish
INFO: [ app_init ] --START--
INFO: Run Behavior\BuildLiteBehavior [ RunTime:0.000010s ]
INFO: [ app_init ] --END-- [ RunTime:0.000230s ]
INFO: [ app_begin ] --START--
INFO: Run Behavior\ReadHtmlCacheBehavior [ RunTime:0.000291s ]
INFO: [ app_begin ] --END-- [ RunTime:0.000326s ]
SQL: DESCRIBE weibo_topic [ RunTime:0.010269s ]
SQL: INSERT INTO `weibo_topic` (`content`,`uid`,`ip`,`create`) VALUES ('顶顶顶','18',0,1472044816) [ RunTime:0.000236s ]
INFO: [ app_end ] --START--
INFO: Run Behavior\ShowPageTraceBehavior [ RunTime:0.000465s ]
INFO: [ app_end ] --END-- [ RunTime:0.000499s ]

[ 2016-08-24T21:20:23+08:00 ] ::1 /weibo/Home/Topic/publish
INFO: [ app_init ] --START--
INFO: Run Behavior\BuildLiteBehavior [ RunTime:0.000012s ]
INFO: [ app_init ] --END-- [ RunTime:0.000280s ]
INFO: [ app_begin ] --START--
INFO: Run Behavior\ReadHtmlCacheBehavior [ RunTime:0.000416s ]
INFO: [ app_begin ] --END-- [ RunTime:0.000462s ]
SQL: DESCRIBE weibo_topic [ RunTime:0.016570s ]
SQL: INSERT INTO `weibo_topic` (`content`,`uid`,`ip`,`create`) VALUES ('发发发','18',0,1472044823) [ RunTime:0.000228s ]
INFO: [ app_end ] --START--
INFO: Run Behavior\ShowPageTraceBehavior [ RunTime:0.000535s ]
INFO: [ app_end ] --END-- [ RunTime:0.000569s ]

[ 2016-08-24T21:20:26+08:00 ] ::1 /weibo/
INFO: [ app_init ] --START--
INFO: Run Behavior\BuildLiteBehavior [ RunTime:0.000010s ]
INFO: [ app_init ] --END-- [ RunTime:0.000240s ]

[ 2016-08-24T21:20:27+08:00 ] ::1 /weibo/
INFO: [ app_init ] --START--
INFO: Run Behavior\BuildLiteBehavior [ RunTime:0.000012s ]
INFO: [ app_init ] --END-- [ RunTime:0.000275s ]

[ 2016-08-24T21:20:27+08:00 ] ::1 /weibo/Home/Topic/ajaxCount
INFO: [ app_init ] --START--
INFO: Run Behavior\BuildLiteBehavior [ RunTime:0.000018s ]
INFO: [ app_init ] --END-- [ RunTime:0.000417s ]
INFO: [ app_begin ] --START--
INFO: Run Behavior\ReadHtmlCacheBehavior [ RunTime:0.000593s ]
INFO: [ app_begin ] --END-- [ RunTime:0.000652s ]
SQL: DESCRIBE weibo_topic [ RunTime:0.008915s ]
SQL: SELECT COUNT(*) AS tp_count FROM `weibo_topic` WHERE ( 1=1 ) LIMIT 1   [ RunTime:0.000270s ]
INFO: [ app_end ] --START--
INFO: Run Behavior\ShowPageTraceBehavior [ RunTime:0.000611s ]
INFO: [ app_end ] --END-- [ RunTime:0.000658s ]

[ 2016-08-24T21:20:36+08:00 ] ::1 /weibo/
INFO: [ app_init ] --START--
INFO: Run Behavior\BuildLiteBehavior [ RunTime:0.000011s ]
INFO: [ app_init ] --END-- [ RunTime:0.000253s ]

[ 2016-08-24T21:20:37+08:00 ] ::1 /weibo/
INFO: [ app_init ] --START--
INFO: Run Behavior\BuildLiteBehavior [ RunTime:0.000018s ]
INFO: [ app_init ] --END-- [ RunTime:0.000413s ]

[ 2016-08-24T21:20:37+08:00 ] ::1 /weibo/Home/Topic/ajaxCount
INFO: [ app_init ] --START--
INFO: Run Behavior\BuildLiteBehavior [ RunTime:0.000016s ]
INFO: [ app_init ] --END-- [ RunTime:0.000373s ]
INFO: [ app_begin ] --START--
INFO: Run Behavior\ReadHtmlCacheBehavior [ RunTime:0.000794s ]
INFO: [ app_begin ] --END-- [ RunTime:0.000876s ]
SQL: DESCRIBE weibo_topic [ RunTime:0.008443s ]
SQL: SELECT COUNT(*) AS tp_count FROM `weibo_topic` WHERE ( 1=1 ) LIMIT 1   [ RunTime:0.000172s ]
INFO: [ app_end ] --START--
INFO: Run Behavior\ShowPageTraceBehavior [ RunTime:0.000536s ]
INFO: [ app_end ] --END-- [ RunTime:0.000569s ]

[ 2016-08-24T21:25:55+08:00 ] ::1 /weibo/
INFO: [ app_init ] --START--
INFO: Run Behavior\BuildLiteBehavior [ RunTime:0.000015s ]
INFO: [ app_init ] --END-- [ RunTime:0.000384s ]

[ 2016-08-24T21:25:55+08:00 ] ::1 /weibo/
INFO: [ app_init ] --START--
INFO: Run Behavior\BuildLiteBehavior [ RunTime:0.000021s ]
INFO: [ app_init ] --END-- [ RunTime:0.000488s ]

[ 2016-08-24T21:25:55+08:00 ] ::1 /weibo/Home/Topic/ajaxCount
INFO: [ app_init ] --START--
INFO: Run Behavior\BuildLiteBehavior [ RunTime:0.000011s ]
INFO: [ app_init ] --END-- [ RunTime:0.000293s ]
INFO: [ app_begin ] --START--
INFO: Run Behavior\ReadHtmlCacheBehavior [ RunTime:0.000456s ]
INFO: [ app_begin ] --END-- [ RunTime:0.000547s ]
SQL: DESCRIBE weibo_topic [ RunTime:0.005186s ]
SQL: SELECT COUNT(*) AS tp_count FROM `weibo_topic` WHERE ( 1=1 ) LIMIT 1   [ RunTime:0.000295s ]
INFO: [ app_end ] --START--
INFO: Run Behavior\ShowPageTraceBehavior [ RunTime:0.000911s ]
INFO: [ app_end ] --END-- [ RunTime:0.000979s ]

[ 2016-08-24T21:25:59+08:00 ] ::1 /weibo/
INFO: [ app_init ] --START--
INFO: Run Behavior\BuildLiteBehavior [ RunTime:0.000016s ]
INFO: [ app_init ] --END-- [ RunTime:0.000456s ]

[ 2016-08-24T21:25:59+08:00 ] ::1 /weibo/
INFO: [ app_init ] --START--
INFO: Run Behavior\BuildLiteBehavior [ RunTime:0.000020s ]
INFO: [ app_init ] --END-- [ RunTime:0.000444s ]

[ 2016-08-24T21:25:59+08:00 ] ::1 /weibo/Home/Topic/ajaxCount
INFO: [ app_init ] --START--
INFO: Run Behavior\BuildLiteBehavior [ RunTime:0.000020s ]
INFO: [ app_init ] --END-- [ RunTime:0.000414s ]
INFO: [ app_begin ] --START--
INFO: Run Behavior\ReadHtmlCacheBehavior [ RunTime:0.000537s ]
INFO: [ app_begin ] --END-- [ RunTime:0.000599s ]
SQL: DESCRIBE weibo_topic [ RunTime:0.004903s ]
SQL: SELECT COUNT(*) AS tp_count FROM `weibo_topic` WHERE ( 1=1 ) LIMIT 1   [ RunTime:0.000165s ]
INFO: [ app_end ] --START--
INFO: Run Behavior\ShowPageTraceBehavior [ RunTime:0.000491s ]
INFO: [ app_end ] --END-- [ RunTime:0.000525s ]

[ 2016-08-24T21:26:00+08:00 ] ::1 /weibo/
INFO: [ app_init ] --START--
INFO: Run Behavior\BuildLiteBehavior [ RunTime:0.000010s ]
INFO: [ app_init ] --END-- [ RunTime:0.000283s ]

[ 2016-08-24T21:26:00+08:00 ] ::1 /weibo/
INFO: [ app_init ] --START--
INFO: Run Behavior\BuildLiteBehavior [ RunTime:0.000012s ]
INFO: [ app_init ] --END-- [ RunTime:0.000338s ]

[ 2016-08-24T21:26:00+08:00 ] ::1 /weibo/Home/Topic/ajaxCount
INFO: [ app_init ] --START--
INFO: Run Behavior\BuildLiteBehavior [ RunTime:0.000015s ]
INFO: [ app_init ] --END-- [ RunTime:0.000417s ]
INFO: [ app_begin ] --START--
INFO: Run Behavior\ReadHtmlCacheBehavior [ RunTime:0.000624s ]
INFO: [ app_begin ] --END-- [ RunTime:0.000671s ]
SQL: DESCRIBE weibo_topic [ RunTime:0.004421s ]
SQL: SELECT COUNT(*) AS tp_count FROM `weibo_topic` WHERE ( 1=1 ) LIMIT 1   [ RunTime:0.000160s ]
INFO: [ app_end ] --START--
INFO: Run Behavior\ShowPageTraceBehavior [ RunTime:0.000554s ]
INFO: [ app_end ] --END-- [ RunTime:0.000587s ]

[ 2016-08-24T21:26:02+08:00 ] ::1 /weibo/
INFO: [ app_init ] --START--
INFO: Run Behavior\BuildLiteBehavior [ RunTime:0.000014s ]
INFO: [ app_init ] --END-- [ RunTime:0.000316s ]

[ 2016-08-24T21:26:02+08:00 ] ::1 /weibo/
INFO: [ app_init ] --START--
INFO: Run Behavior\BuildLiteBehavior [ RunTime:0.000018s ]
INFO: [ app_init ] --END-- [ RunTime:0.000437s ]

[ 2016-08-24T21:26:02+08:00 ] ::1 /weibo/Home/Topic/ajaxCount
INFO: [ app_init ] --START--
INFO: Run Behavior\BuildLiteBehavior [ RunTime:0.000012s ]
INFO: [ app_init ] --END-- [ RunTime:0.000265s ]
INFO: [ app_begin ] --START--
INFO: Run Behavior\ReadHtmlCacheBehavior [ RunTime:0.000488s ]
INFO: [ app_begin ] --END-- [ RunTime:0.000542s ]
SQL: DESCRIBE weibo_topic [ RunTime:0.410885s ]
SQL: SELECT COUNT(*) AS tp_count FROM `weibo_topic` WHERE ( 1=1 ) LIMIT 1   [ RunTime:0.000232s ]
INFO: [ app_end ] --START--
INFO: Run Behavior\ShowPageTraceBehavior [ RunTime:0.000532s ]
INFO: [ app_end ] --END-- [ RunTime:0.000580s ]

[ 2016-08-24T21:28:09+08:00 ] ::1 /weibo/
INFO: [ app_init ] --START--
INFO: Run Behavior\BuildLiteBehavior [ RunTime:0.000010s ]
INFO: [ app_init ] --END-- [ RunTime:0.000270s ]

[ 2016-08-24T21:28:09+08:00 ] ::1 /weibo/
INFO: [ app_init ] --START--
INFO: Run Behavior\BuildLiteBehavior [ RunTime:0.000010s ]
INFO: [ app_init ] --END-- [ RunTime:0.000276s ]

[ 2016-08-24T21:28:09+08:00 ] ::1 /weibo/Home/Topic/ajaxCount
INFO: [ app_init ] --START--
INFO: Run Behavior\BuildLiteBehavior [ RunTime:0.000018s ]
INFO: [ app_init ] --END-- [ RunTime:0.000390s ]
INFO: [ app_begin ] --START--
INFO: Run Behavior\ReadHtmlCacheBehavior [ RunTime:0.000829s ]
INFO: [ app_begin ] --END-- [ RunTime:0.000933s ]
SQL: DESCRIBE weibo_topic [ RunTime:0.005486s ]
SQL: SELECT COUNT(*) AS tp_count FROM `weibo_topic` WHERE ( 1=1 ) LIMIT 1   [ RunTime:0.000167s ]
INFO: [ app_end ] --START--
INFO: Run Behavior\ShowPageTraceBehavior [ RunTime:0.000559s ]
INFO: [ app_end ] --END-- [ RunTime:0.000592s ]

[ 2016-08-24T21:28:11+08:00 ] ::1 /weibo/
INFO: [ app_init ] --START--
INFO: Run Behavior\BuildLiteBehavior [ RunTime:0.000011s ]
INFO: [ app_init ] --END-- [ RunTime:0.000243s ]

[ 2016-08-24T21:28:11+08:00 ] ::1 /weibo/
INFO: [ app_init ] --START--
INFO: Run Behavior\BuildLiteBehavior [ RunTime:0.000018s ]
INFO: [ app_init ] --END-- [ RunTime:0.000443s ]

[ 2016-08-24T21:28:11+08:00 ] ::1 /weibo/Home/Topic/ajaxCount
INFO: [ app_init ] --START--
INFO: Run Behavior\BuildLiteBehavior [ RunTime:0.000011s ]
INFO: [ app_init ] --END-- [ RunTime:0.000254s ]
INFO: [ app_begin ] --START--
INFO: Run Behavior\ReadHtmlCacheBehavior [ RunTime:0.000480s ]
INFO: [ app_begin ] --END-- [ RunTime:0.000525s ]
SQL: DESCRIBE weibo_topic [ RunTime:0.004396s ]
SQL: SELECT COUNT(*) AS tp_count FROM `weibo_topic` WHERE ( 1=1 ) LIMIT 1   [ RunTime:0.000171s ]
INFO: [ app_end ] --START--
INFO: Run Behavior\ShowPageTraceBehavior [ RunTime:0.000561s ]
INFO: [ app_end ] --END-- [ RunTime:0.000600s ]

[ 2016-08-24T21:30:09+08:00 ] ::1 /weibo/
INFO: [ app_init ] --START--
INFO: Run Behavior\BuildLiteBehavior [ RunTime:0.000011s ]
INFO: [ app_init ] --END-- [ RunTime:0.000237s ]

[ 2016-08-24T21:30:10+08:00 ] ::1 /weibo/
INFO: [ app_init ] --START--
INFO: Run Behavior\BuildLiteBehavior [ RunTime:0.000012s ]
INFO: [ app_init ] --END-- [ RunTime:0.000293s ]

[ 2016-08-24T21:30:10+08:00 ] ::1 /weibo/Home/Topic/ajaxCount
INFO: [ app_init ] --START--
INFO: Run Behavior\BuildLiteBehavior [ RunTime:0.000021s ]
INFO: [ app_init ] --END-- [ RunTime:0.000486s ]
INFO: [ app_begin ] --START--
INFO: Run Behavior\ReadHtmlCacheBehavior [ RunTime:0.000640s ]
INFO: [ app_begin ] --END-- [ RunTime:0.000717s ]
SQL: DESCRIBE weibo_topic [ RunTime:0.013078s ]
SQL: SELECT COUNT(*) AS tp_count FROM `weibo_topic` WHERE ( 1=1 ) LIMIT 1   [ RunTime:0.000277s ]
INFO: [ app_end ] --START--
INFO: Run Behavior\ShowPageTraceBehavior [ RunTime:0.000552s ]
INFO: [ app_end ] --END-- [ RunTime:0.000595s ]

[ 2016-08-24T21:35:44+08:00 ] ::1 /weibo/
INFO: [ app_init ] --START--
INFO: Run Behavior\BuildLiteBehavior [ RunTime:0.000011s ]
INFO: [ app_init ] --END-- [ RunTime:0.000320s ]

[ 2016-08-24T21:35:44+08:00 ] ::1 /weibo/
INFO: [ app_init ] --START--
INFO: Run Behavior\BuildLiteBehavior [ RunTime:0.000019s ]
INFO: [ app_init ] --END-- [ RunTime:0.000446s ]

[ 2016-08-24T21:35:44+08:00 ] ::1 /weibo/Home/Topic/ajaxCount
INFO: [ app_init ] --START--
INFO: Run Behavior\BuildLiteBehavior [ RunTime:0.000019s ]
INFO: [ app_init ] --END-- [ RunTime:0.000454s ]
INFO: [ app_begin ] --START--
INFO: Run Behavior\ReadHtmlCacheBehavior [ RunTime:0.000849s ]
INFO: [ app_begin ] --END-- [ RunTime:0.000931s ]
SQL: DESCRIBE weibo_topic [ RunTime:0.010861s ]
SQL: SELECT COUNT(*) AS tp_count FROM `weibo_topic` WHERE ( 1=1 ) LIMIT 1   [ RunTime:0.000364s ]
INFO: [ app_end ] --START--
INFO: Run Behavior\ShowPageTraceBehavior [ RunTime:0.001154s ]
INFO: [ app_end ] --END-- [ RunTime:0.001242s ]

[ 2016-08-24T21:35:44+08:00 ] ::1 /weibo/index.js.map
INFO: [ app_init ] --START--
INFO: Run Behavior\BuildLiteBehavior [ RunTime:0.000021s ]
INFO: [ app_init ] --END-- [ RunTime:0.000589s ]
ERR: 无法加载控制器:Index.js.map

[ 2016-08-24T21:35:46+08:00 ] ::1 /weibo/
INFO: [ app_init ] --START--
INFO: Run Behavior\BuildLiteBehavior [ RunTime:0.000017s ]
INFO: [ app_init ] --END-- [ RunTime:0.000369s ]

[ 2016-08-24T21:35:46+08:00 ] ::1 /weibo/
INFO: [ app_init ] --START--
INFO: Run Behavior\BuildLiteBehavior [ RunTime:0.000018s ]
INFO: [ app_init ] --END-- [ RunTime:0.000495s ]

[ 2016-08-24T21:35:46+08:00 ] ::1 /weibo/Home/Topic/ajaxCount
INFO: [ app_init ] --START--
INFO: Run Behavior\BuildLiteBehavior [ RunTime:0.000010s ]
INFO: [ app_init ] --END-- [ RunTime:0.000248s ]
INFO: [ app_begin ] --START--
INFO: Run Behavior\ReadHtmlCacheBehavior [ RunTime:0.000693s ]
INFO: [ app_begin ] --END-- [ RunTime:0.000787s ]
SQL: DESCRIBE weibo_topic [ RunTime:0.009867s ]
SQL: SELECT COUNT(*) AS tp_count FROM `weibo_topic` WHERE ( 1=1 ) LIMIT 1   [ RunTime:0.000851s ]
INFO: [ app_end ] --START--
INFO: Run Behavior\ShowPageTraceBehavior [ RunTime:0.000895s ]
INFO: [ app_end ] --END-- [ RunTime:0.000975s ]

[ 2016-08-24T21:35:46+08:00 ] ::1 /weibo/index.js.map
INFO: [ app_init ] --START--
INFO: Run Behavior\BuildLiteBehavior [ RunTime:0.000018s ]
INFO: [ app_init ] --END-- [ RunTime:0.000318s ]
ERR: 无法加载控制器:Index.js.map

[ 2016-08-24T21:36:06+08:00 ] ::1 /weibo/
INFO: [ app_init ] --START--
INFO: Run Behavior\BuildLiteBehavior [ RunTime:0.000009s ]
INFO: [ app_init ] --END-- [ RunTime:0.000251s ]

[ 2016-08-24T21:36:07+08:00 ] ::1 /weibo/
INFO: [ app_init ] --START--
INFO: Run Behavior\BuildLiteBehavior [ RunTime:0.000013s ]
INFO: [ app_init ] --END-- [ RunTime:0.000295s ]

[ 2016-08-24T21:36:07+08:00 ] ::1 /weibo/Home/Topic/ajaxCount
INFO: [ app_init ] --START--
INFO: Run Behavior\BuildLiteBehavior [ RunTime:0.000012s ]
INFO: [ app_init ] --END-- [ RunTime:0.000260s ]
INFO: [ app_begin ] --START--
INFO: Run Behavior\ReadHtmlCacheBehavior [ RunTime:0.000545s ]
INFO: [ app_begin ] --END-- [ RunTime:0.000597s ]
SQL: DESCRIBE weibo_topic [ RunTime:0.005101s ]
SQL: SELECT COUNT(*) AS tp_count FROM `weibo_topic` WHERE ( 1=1 ) LIMIT 1   [ RunTime:0.000160s ]
INFO: [ app_end ] --START--
INFO: Run Behavior\ShowPageTraceBehavior [ RunTime:0.000574s ]
INFO: [ app_end ] --END-- [ RunTime:0.000607s ]

[ 2016-08-24T21:36:34+08:00 ] ::1 /weibo/
INFO: [ app_init ] --START--
INFO: Run Behavior\BuildLiteBehavior [ RunTime:0.000010s ]
INFO: [ app_init ] --END-- [ RunTime:0.000233s ]

[ 2016-08-24T21:36:35+08:00 ] ::1 /weibo/
INFO: [ app_init ] --START--
INFO: Run Behavior\BuildLiteBehavior [ RunTime:0.000012s ]
INFO: [ app_init ] --END-- [ RunTime:0.000291s ]

[ 2016-08-24T21:36:35+08:00 ] ::1 /weibo/Home/Topic/ajaxCount
INFO: [ app_init ] --START--
INFO: Run Behavior\BuildLiteBehavior [ RunTime:0.000016s ]
INFO: [ app_init ] --END-- [ RunTime:0.000302s ]
INFO: [ app_begin ] --START--
INFO: Run Behavior\ReadHtmlCacheBehavior [ RunTime:0.000647s ]
INFO: [ app_begin ] --END-- [ RunTime:0.000710s ]
SQL: DESCRIBE weibo_topic [ RunTime:0.003453s ]
SQL: SELECT COUNT(*) AS tp_count FROM `weibo_topic` WHERE ( 1=1 ) LIMIT 1   [ RunTime:0.000156s ]
INFO: [ app_end ] --START--
INFO: Run Behavior\ShowPageTraceBehavior [ RunTime:0.000505s ]
INFO: [ app_end ] --END-- [ RunTime:0.000540s ]

[ 2016-08-24T21:38:16+08:00 ] ::1 /weibo/
INFO: [ app_init ] --START--
INFO: Run Behavior\BuildLiteBehavior [ RunTime:0.000011s ]
INFO: [ app_init ] --END-- [ RunTime:0.000258s ]

[ 2016-08-24T21:38:16+08:00 ] ::1 /weibo/
INFO: [ app_init ] --START--
INFO: Run Behavior\BuildLiteBehavior [ RunTime:0.000018s ]
INFO: [ app_init ] --END-- [ RunTime:0.000440s ]

[ 2016-08-24T21:38:16+08:00 ] ::1 /weibo/Home/Topic/ajaxCount
INFO: [ app_init ] --START--
INFO: Run Behavior\BuildLiteBehavior [ RunTime:0.000011s ]
INFO: [ app_init ] --END-- [ RunTime:0.000295s ]
INFO: [ app_begin ] --START--
INFO: Run Behavior\ReadHtmlCacheBehavior [ RunTime:0.000387s ]
INFO: [ app_begin ] --END-- [ RunTime:0.000428s ]
SQL: DESCRIBE weibo_topic [ RunTime:0.004796s ]
SQL: SELECT COUNT(*) AS tp_count FROM `weibo_topic` WHERE ( 1=1 ) LIMIT 1   [ RunTime:0.000159s ]
INFO: [ app_end ] --START--
INFO: Run Behavior\ShowPageTraceBehavior [ RunTime:0.000485s ]
INFO: [ app_end ] --END-- [ RunTime:0.000519s ]

[ 2016-08-24T21:38:17+08:00 ] ::1 /weibo/
INFO: [ app_init ] --START--
INFO: Run Behavior\BuildLiteBehavior [ RunTime:0.000016s ]
INFO: [ app_init ] --END-- [ RunTime:0.000368s ]

[ 2016-08-24T21:38:17+08:00 ] ::1 /weibo/
INFO: [ app_init ] --START--
INFO: Run Behavior\BuildLiteBehavior [ RunTime:0.000018s ]
INFO: [ app_init ] --END-- [ RunTime:0.000433s ]

[ 2016-08-24T21:38:17+08:00 ] ::1 /weibo/Home/Topic/ajaxCount
INFO: [ app_init ] --START--
INFO: Run Behavior\BuildLiteBehavior [ RunTime:0.000019s ]
INFO: [ app_init ] --END-- [ RunTime:0.000413s ]
INFO: [ app_begin ] --START--
INFO: Run Behavior\ReadHtmlCacheBehavior [ RunTime:0.000633s ]
INFO: [ app_begin ] --END-- [ RunTime:0.000711s ]
SQL: DESCRIBE weibo_topic [ RunTime:0.003963s ]
SQL: SELECT COUNT(*) AS tp_count FROM `weibo_topic` WHERE ( 1=1 ) LIMIT 1   [ RunTime:0.000162s ]
INFO: [ app_end ] --START--
INFO: Run Behavior\ShowPageTraceBehavior [ RunTime:0.000478s ]
INFO: [ app_end ] --END-- [ RunTime:0.000511s ]

[ 2016-08-24T21:38:18+08:00 ] ::1 /weibo/
INFO: [ app_init ] --START--
INFO: Run Behavior\BuildLiteBehavior [ RunTime:0.000011s ]
INFO: [ app_init ] --END-- [ RunTime:0.000258s ]

[ 2016-08-24T21:38:18+08:00 ] ::1 /weibo/
INFO: [ app_init ] --START--
INFO: Run Behavior\BuildLiteBehavior [ RunTime:0.000018s ]
INFO: [ app_init ] --END-- [ RunTime:0.000450s ]

[ 2016-08-24T21:38:18+08:00 ] ::1 /weibo/Home/Topic/ajaxCount
INFO: [ app_init ] --START--
INFO: Run Behavior\BuildLiteBehavior [ RunTime:0.000030s ]
INFO: [ app_init ] --END-- [ RunTime:0.000430s ]
INFO: [ app_begin ] --START--
INFO: Run Behavior\ReadHtmlCacheBehavior [ RunTime:0.000862s ]
INFO: [ app_begin ] --END-- [ RunTime:0.000948s ]
SQL: DESCRIBE weibo_topic [ RunTime:0.005570s ]
SQL: SELECT COUNT(*) AS tp_count FROM `weibo_topic` WHERE ( 1=1 ) LIMIT 1   [ RunTime:0.000769s ]
INFO: [ app_end ] --START--
INFO: Run Behavior\ShowPageTraceBehavior [ RunTime:0.000623s ]
INFO: [ app_end ] --END-- [ RunTime:0.000665s ]

[ 2016-08-24T21:38:18+08:00 ] ::1 /weibo/
INFO: [ app_init ] --START--
INFO: Run Behavior\BuildLiteBehavior [ RunTime:0.000014s ]
INFO: [ app_init ] --END-- [ RunTime:0.000345s ]

[ 2016-08-24T21:38:18+08:00 ] ::1 /weibo/
INFO: [ app_init ] --START--
INFO: Run Behavior\BuildLiteBehavior [ RunTime:0.000019s ]
INFO: [ app_init ] --END-- [ RunTime:0.000398s ]

[ 2016-08-24T21:38:18+08:00 ] ::1 /weibo/Home/Topic/ajaxCount
INFO: [ app_init ] --START--
INFO: Run Behavior\BuildLiteBehavior [ RunTime:0.000012s ]
INFO: [ app_init ] --END-- [ RunTime:0.000273s ]
INFO: [ app_begin ] --START--
INFO: Run Behavior\ReadHtmlCacheBehavior [ RunTime:0.000729s ]
INFO: [ app_begin ] --END-- [ RunTime:0.000813s ]
SQL: DESCRIBE weibo_topic [ RunTime:0.006224s ]
SQL: SELECT COUNT(*) AS tp_count FROM `weibo_topic` WHERE ( 1=1 ) LIMIT 1   [ RunTime:0.000630s ]
INFO: [ app_end ] --START--
INFO: Run Behavior\ShowPageTraceBehavior [ RunTime:0.000437s ]
INFO: [ app_end ] --END-- [ RunTime:0.000470s ]

[ 2016-08-24T21:38:19+08:00 ] ::1 /weibo/
INFO: [ app_init ] --START--
INFO: Run Behavior\BuildLiteBehavior [ RunTime:0.000011s ]
INFO: [ app_init ] --END-- [ RunTime:0.000264s ]

[ 2016-08-24T21:38:20+08:00 ] ::1 /weibo/
INFO: [ app_init ] --START--
INFO: Run Behavior\BuildLiteBehavior [ RunTime:0.000011s ]
INFO: [ app_init ] --END-- [ RunTime:0.000268s ]

[ 2016-08-24T21:38:20+08:00 ] ::1 /weibo/Home/Topic/ajaxCount
INFO: [ app_init ] --START--
INFO: Run Behavior\BuildLiteBehavior [ RunTime:0.000011s ]
INFO: [ app_init ] --END-- [ RunTime:0.000269s ]
INFO: [ app_begin ] --START--
INFO: Run Behavior\ReadHtmlCacheBehavior [ RunTime:0.000316s ]
INFO: [ app_begin ] --END-- [ RunTime:0.000351s ]
SQL: DESCRIBE weibo_topic [ RunTime:0.004456s ]
SQL: SELECT COUNT(*) AS tp_count FROM `weibo_topic` WHERE ( 1=1 ) LIMIT 1   [ RunTime:0.000202s ]
INFO: [ app_end ] --START--
INFO: Run Behavior\ShowPageTraceBehavior [ RunTime:0.000487s ]
INFO: [ app_end ] --END-- [ RunTime:0.000527s ]

[ 2016-08-24T21:45:57+08:00 ] ::1 /weibo/
INFO: [ app_init ] --START--
INFO: Run Behavior\BuildLiteBehavior [ RunTime:0.000010s ]
INFO: [ app_init ] --END-- [ RunTime:0.000285s ]

[ 2016-08-24T21:45:57+08:00 ] ::1 /weibo/
INFO: [ app_init ] --START--
INFO: Run Behavior\BuildLiteBehavior [ RunTime:0.000018s ]
INFO: [ app_init ] --END-- [ RunTime:0.000469s ]

[ 2016-08-24T21:45:57+08:00 ] ::1 /weibo/Home/Topic/ajaxCount
INFO: [ app_init ] --START--
INFO: Run Behavior\BuildLiteBehavior [ RunTime:0.000014s ]
INFO: [ app_init ] --END-- [ RunTime:0.000360s ]
INFO: [ app_begin ] --START--
INFO: Run Behavior\ReadHtmlCacheBehavior [ RunTime:0.000443s ]
INFO: [ app_begin ] --END-- [ RunTime:0.000488s ]
SQL: DESCRIBE weibo_topic [ RunTime:0.004030s ]
SQL: SELECT COUNT(*) AS tp_count FROM `weibo_topic` WHERE ( 1=1 ) LIMIT 1   [ RunTime:0.000183s ]
INFO: [ app_end ] --START--
INFO: Run Behavior\ShowPageTraceBehavior [ RunTime:0.000567s ]
INFO: [ app_end ] --END-- [ RunTime:0.000610s ]

[ 2016-08-24T21:46:03+08:00 ] ::1 /weibo/
INFO: [ app_init ] --START--
INFO: Run Behavior\BuildLiteBehavior [ RunTime:0.000024s ]
INFO: [ app_init ] --END-- [ RunTime:0.000286s ]

[ 2016-08-24T21:46:03+08:00 ] ::1 /weibo/
INFO: [ app_init ] --START--
INFO: Run Behavior\BuildLiteBehavior [ RunTime:0.000014s ]
INFO: [ app_init ] --END-- [ RunTime:0.000327s ]

[ 2016-08-24T21:46:03+08:00 ] ::1 /weibo/Home/Topic/ajaxCount
INFO: [ app_init ] --START--
INFO: Run Behavior\BuildLiteBehavior [ RunTime:0.000011s ]
INFO: [ app_init ] --END-- [ RunTime:0.000256s ]
INFO: [ app_begin ] --START--
INFO: Run Behavior\ReadHtmlCacheBehavior [ RunTime:0.000624s ]
INFO: [ app_begin ] --END-- [ RunTime:0.000685s ]
SQL: DESCRIBE weibo_topic [ RunTime:0.005411s ]
SQL: SELECT COUNT(*) AS tp_count FROM `weibo_topic` WHERE ( 1=1 ) LIMIT 1   [ RunTime:0.000286s ]
INFO: [ app_end ] --START--
INFO: Run Behavior\ShowPageTraceBehavior [ RunTime:0.000870s ]
INFO: [ app_end ] --END-- [ RunTime:0.000963s ]

[ 2016-08-24T21:48:36+08:00 ] ::1 /weibo/
INFO: [ app_init ] --START--
INFO: Run Behavior\BuildLiteBehavior [ RunTime:0.000010s ]
INFO: [ app_init ] --END-- [ RunTime:0.000293s ]

[ 2016-08-24T21:48:36+08:00 ] ::1 /weibo/
INFO: [ app_init ] --START--
INFO: Run Behavior\BuildLiteBehavior [ RunTime:0.000013s ]
INFO: [ app_init ] --END-- [ RunTime:0.000341s ]

[ 2016-08-24T21:48:36+08:00 ] ::1 /weibo/Home/Topic/ajaxCount
INFO: [ app_init ] --START--
INFO: Run Behavior\BuildLiteBehavior [ RunTime:0.000018s ]
INFO: [ app_init ] --END-- [ RunTime:0.000441s ]
INFO: [ app_begin ] --START--
INFO: Run Behavior\ReadHtmlCacheBehavior [ RunTime:0.000791s ]
INFO: [ app_begin ] --END-- [ RunTime:0.000872s ]
SQL: DESCRIBE weibo_topic [ RunTime:0.011524s ]
SQL: SELECT COUNT(*) AS tp_count FROM `weibo_topic` WHERE ( 1=1 ) LIMIT 1   [ RunTime:0.000339s ]
INFO: [ app_end ] --START--
INFO: Run Behavior\ShowPageTraceBehavior [ RunTime:0.000905s ]
INFO: [ app_end ] --END-- [ RunTime:0.000964s ]

[ 2016-08-24T21:48:38+08:00 ] ::1 /weibo/
INFO: [ app_init ] --START--
INFO: Run Behavior\BuildLiteBehavior [ RunTime:0.000011s ]
INFO: [ app_init ] --END-- [ RunTime:0.000292s ]

[ 2016-08-24T21:48:39+08:00 ] ::1 /weibo/
INFO: [ app_init ] --START--
INFO: Run Behavior\BuildLiteBehavior [ RunTime:0.000011s ]
INFO: [ app_init ] --END-- [ RunTime:0.000281s ]

[ 2016-08-24T21:48:39+08:00 ] ::1 /weibo/Home/Topic/ajaxCount
INFO: [ app_init ] --START--
INFO: Run Behavior\BuildLiteBehavior [ RunTime:0.000018s ]
INFO: [ app_init ] --END-- [ RunTime:0.000426s ]
INFO: [ app_begin ] --START--
INFO: Run Behavior\ReadHtmlCacheBehavior [ RunTime:0.000555s ]
INFO: [ app_begin ] --END-- [ RunTime:0.000636s ]
SQL: DESCRIBE weibo_topic [ RunTime:0.014610s ]
SQL: SELECT COUNT(*) AS tp_count FROM `weibo_topic` WHERE ( 1=1 ) LIMIT 1   [ RunTime:0.000276s ]
INFO: [ app_end ] --START--
INFO: Run Behavior\ShowPageTraceBehavior [ RunTime:0.001089s ]
INFO: [ app_end ] --END-- [ RunTime:0.001221s ]

[ 2016-08-24T21:48:40+08:00 ] ::1 /weibo/
INFO: [ app_init ] --START--
INFO: Run Behavior\BuildLiteBehavior [ RunTime:0.000010s ]
INFO: [ app_init ] --END-- [ RunTime:0.000245s ]

[ 2016-08-24T21:48:40+08:00 ] ::1 /weibo/
INFO: [ app_init ] --START--
INFO: Run Behavior\BuildLiteBehavior [ RunTime:0.000020s ]
INFO: [ app_init ] --END-- [ RunTime:0.000447s ]

[ 2016-08-24T21:48:40+08:00 ] ::1 /weibo/Home/Topic/ajaxCount
INFO: [ app_init ] --START--
INFO: Run Behavior\BuildLiteBehavior [ RunTime:0.000010s ]
INFO: [ app_init ] --END-- [ RunTime:0.000247s ]
INFO: [ app_begin ] --START--
INFO: Run Behavior\ReadHtmlCacheBehavior [ RunTime:0.000314s ]
INFO: [ app_begin ] --END-- [ RunTime:0.000355s ]
SQL: DESCRIBE weibo_topic [ RunTime:0.005330s ]
SQL: SELECT COUNT(*) AS tp_count FROM `weibo_topic` WHERE ( 1=1 ) LIMIT 1   [ RunTime:0.000317s ]
INFO: [ app_end ] --START--
INFO: Run Behavior\ShowPageTraceBehavior [ RunTime:0.000779s ]
INFO: [ app_end ] --END-- [ RunTime:0.000833s ]

[ 2016-08-24T21:51:21+08:00 ] ::1 /weibo/
INFO: [ app_init ] --START--
INFO: Run Behavior\BuildLiteBehavior [ RunTime:0.000011s ]
INFO: [ app_init ] --END-- [ RunTime:0.000349s ]

[ 2016-08-24T21:51:21+08:00 ] ::1 /weibo/
INFO: [ app_init ] --START--
INFO: Run Behavior\BuildLiteBehavior [ RunTime:0.000021s ]
INFO: [ app_init ] --END-- [ RunTime:0.000539s ]

[ 2016-08-24T21:51:21+08:00 ] ::1 /weibo/Home/Topic/ajaxCount
INFO: [ app_init ] --START--
INFO: Run Behavior\BuildLiteBehavior [ RunTime:0.000017s ]
INFO: [ app_init ] --END-- [ RunTime:0.000388s ]
INFO: [ app_begin ] --START--
INFO: Run Behavior\ReadHtmlCacheBehavior [ RunTime:0.000520s ]
INFO: [ app_begin ] --END-- [ RunTime:0.000604s ]
SQL: DESCRIBE weibo_topic [ RunTime:0.004190s ]
SQL: SELECT COUNT(*) AS tp_count FROM `weibo_topic` WHERE ( 1=1 ) LIMIT 1   [ RunTime:0.000192s ]
INFO: [ app_end ] --START--
INFO: Run Behavior\ShowPageTraceBehavior [ RunTime:0.000702s ]
INFO: [ app_end ] --END-- [ RunTime:0.000744s ]

[ 2016-08-24T21:51:44+08:00 ] ::1 /weibo/
INFO: [ app_init ] --START--
INFO: Run Behavior\BuildLiteBehavior [ RunTime:0.000016s ]
INFO: [ app_init ] --END-- [ RunTime:0.000376s ]

[ 2016-08-24T21:51:44+08:00 ] ::1 /weibo/
INFO: [ app_init ] --START--
INFO: Run Behavior\BuildLiteBehavior [ RunTime:0.000015s ]
INFO: [ app_init ] --END-- [ RunTime:0.000398s ]

[ 2016-08-24T21:51:44+08:00 ] ::1 /weibo/
INFO: [ app_init ] --START--
INFO: Run Behavior\BuildLiteBehavior [ RunTime:0.000017s ]
INFO: [ app_init ] --END-- [ RunTime:0.000434s ]

[ 2016-08-24T21:51:44+08:00 ] ::1 /weibo/
INFO: [ app_init ] --START--
INFO: Run Behavior\BuildLiteBehavior [ RunTime:0.000016s ]
INFO: [ app_init ] --END-- [ RunTime:0.000400s ]

[ 2016-08-24T21:51:44+08:00 ] ::1 /weibo/
INFO: [ app_init ] --START--
INFO: Run Behavior\BuildLiteBehavior [ RunTime:0.000011s ]
INFO: [ app_init ] --END-- [ RunTime:0.000286s ]

[ 2016-08-24T21:51:44+08:00 ] ::1 /weibo/
INFO: [ app_init ] --START--
INFO: Run Behavior\BuildLiteBehavior [ RunTime:0.000009s ]
INFO: [ app_init ] --END-- [ RunTime:0.000235s ]

[ 2016-08-24T21:51:44+08:00 ] ::1 /weibo/
INFO: [ app_init ] --START--
INFO: Run Behavior\BuildLiteBehavior [ RunTime:0.000020s ]
INFO: [ app_init ] --END-- [ RunTime:0.000438s ]

[ 2016-08-24T21:51:45+08:00 ] ::1 /weibo/Home/Topic/ajaxCount
INFO: [ app_init ] --START--
INFO: Run Behavior\BuildLiteBehavior [ RunTime:0.000017s ]
INFO: [ app_init ] --END-- [ RunTime:0.000356s ]
INFO: [ app_begin ] --START--
INFO: Run Behavior\ReadHtmlCacheBehavior [ RunTime:0.000559s ]
INFO: [ app_begin ] --END-- [ RunTime:0.000614s ]
SQL: DESCRIBE weibo_topic [ RunTime:0.013589s ]
SQL: SELECT COUNT(*) AS tp_count FROM `weibo_topic` WHERE ( 1=1 ) LIMIT 1   [ RunTime:0.000363s ]
INFO: [ app_end ] --START--
INFO: Run Behavior\ShowPageTraceBehavior [ RunTime:0.001181s ]
INFO: [ app_end ] --END-- [ RunTime:0.001254s ]

[ 2016-08-24T21:51:46+08:00 ] ::1 /weibo/
INFO: [ app_init ] --START--
INFO: Run Behavior\BuildLiteBehavior [ RunTime:0.000010s ]
INFO: [ app_init ] --END-- [ RunTime:0.000265s ]

[ 2016-08-24T21:51:46+08:00 ] ::1 /weibo/
INFO: [ app_init ] --START--
INFO: Run Behavior\BuildLiteBehavior [ RunTime:0.000014s ]
INFO: [ app_init ] --END-- [ RunTime:0.000305s ]

[ 2016-08-24T21:51:46+08:00 ] ::1 /weibo/Home/Topic/ajaxCount
INFO: [ app_init ] --START--
INFO: Run Behavior\BuildLiteBehavior [ RunTime:0.000011s ]
INFO: [ app_init ] --END-- [ RunTime:0.000242s ]
INFO: [ app_begin ] --START--
INFO: Run Behavior\ReadHtmlCacheBehavior [ RunTime:0.000724s ]
INFO: [ app_begin ] --END-- [ RunTime:0.000797s ]
SQL: DESCRIBE weibo_topic [ RunTime:0.004861s ]
SQL: SELECT COUNT(*) AS tp_count FROM `weibo_topic` WHERE ( 1=1 ) LIMIT 1   [ RunTime:0.000177s ]
INFO: [ app_end ] --START--
INFO: Run Behavior\ShowPageTraceBehavior [ RunTime:0.000534s ]
INFO: [ app_end ] --END-- [ RunTime:0.000569s ]

[ 2016-08-24T21:51:53+08:00 ] ::1 /weibo/Home/Topic/publish
INFO: [ app_init ] --START--
INFO: Run Behavior\BuildLiteBehavior [ RunTime:0.000010s ]
INFO: [ app_init ] --END-- [ RunTime:0.000234s ]
INFO: [ app_begin ] --START--
INFO: Run Behavior\ReadHtmlCacheBehavior [ RunTime:0.000423s ]
INFO: [ app_begin ] --END-- [ RunTime:0.000458s ]
SQL: DESCRIBE weibo_topic [ RunTime:0.011248s ]
SQL: INSERT INTO `weibo_topic` (`content`,`uid`,`ip`,`create`) VALUES ('[a_4]','18',0,1472046713) [ RunTime:0.000269s ]
INFO: [ app_end ] --START--
INFO: Run Behavior\ShowPageTraceBehavior [ RunTime:0.000554s ]
INFO: [ app_end ] --END-- [ RunTime:0.000589s ]

[ 2016-08-24T21:51:55+08:00 ] ::1 /weibo/
INFO: [ app_init ] --START--
INFO: Run Behavior\BuildLiteBehavior [ RunTime:0.000009s ]
INFO: [ app_init ] --END-- [ RunTime:0.000229s ]

[ 2016-08-24T21:51:55+08:00 ] ::1 /weibo/
INFO: [ app_init ] --START--
INFO: Run Behavior\BuildLiteBehavior [ RunTime:0.000018s ]
INFO: [ app_init ] --END-- [ RunTime:0.000403s ]

[ 2016-08-24T21:51:55+08:00 ] ::1 /weibo/Home/Topic/ajaxCount
INFO: [ app_init ] --START--
INFO: Run Behavior\BuildLiteBehavior [ RunTime:0.000011s ]
INFO: [ app_init ] --END-- [ RunTime:0.000261s ]
INFO: [ app_begin ] --START--
INFO: Run Behavior\ReadHtmlCacheBehavior [ RunTime:0.000499s ]
INFO: [ app_begin ] --END-- [ RunTime:0.000541s ]
SQL: DESCRIBE weibo_topic [ RunTime:0.005228s ]
SQL: SELECT COUNT(*) AS tp_count FROM `weibo_topic` WHERE ( 1=1 ) LIMIT 1   [ RunTime:0.000228s ]
INFO: [ app_end ] --START--
INFO: Run Behavior\ShowPageTraceBehavior [ RunTime:0.000907s ]
INFO: [ app_end ] --END-- [ RunTime:0.000986s ]

[ 2016-08-24T21:51:55+08:00 ] ::1 /weibo/
INFO: [ app_init ] --START--
INFO: Run Behavior\BuildLiteBehavior [ RunTime:0.000011s ]
INFO: [ app_init ] --END-- [ RunTime:0.000233s ]

[ 2016-08-24T21:51:56+08:00 ] ::1 /weibo/
INFO: [ app_init ] --START--
INFO: Run Behavior\BuildLiteBehavior [ RunTime:0.000013s ]
INFO: [ app_init ] --END-- [ RunTime:0.000277s ]

[ 2016-08-24T21:51:56+08:00 ] ::1 /weibo/Home/Topic/ajaxCount
INFO: [ app_init ] --START--
INFO: Run Behavior\BuildLiteBehavior [ RunTime:0.000017s ]
INFO: [ app_init ] --END-- [ RunTime:0.000361s ]
INFO: [ app_begin ] --START--
INFO: Run Behavior\ReadHtmlCacheBehavior [ RunTime:0.000577s ]
INFO: [ app_begin ] --END-- [ RunTime:0.000636s ]
SQL: DESCRIBE weibo_topic [ RunTime:0.005011s ]
SQL: SELECT COUNT(*) AS tp_count FROM `weibo_topic` WHERE ( 1=1 ) LIMIT 1   [ RunTime:0.000298s ]
INFO: [ app_end ] --START--
INFO: Run Behavior\ShowPageTraceBehavior [ RunTime:0.000901s ]
INFO: [ app_end ] --END-- [ RunTime:0.000968s ]

[ 2016-08-24T21:51:56+08:00 ] ::1 /weibo/
INFO: [ app_init ] --START--
INFO: Run Behavior\BuildLiteBehavior [ RunTime:0.000009s ]
INFO: [ app_init ] --END-- [ RunTime:0.000249s ]

[ 2016-08-24T21:51:56+08:00 ] ::1 /weibo/
INFO: [ app_init ] --START--
INFO: Run Behavior\BuildLiteBehavior [ RunTime:0.000018s ]
INFO: [ app_init ] --END-- [ RunTime:0.000393s ]

[ 2016-08-24T21:51:56+08:00 ] ::1 /weibo/Home/Topic/ajaxCount
INFO: [ app_init ] --START--
INFO: Run Behavior\BuildLiteBehavior [ RunTime:0.000012s ]
INFO: [ app_init ] --END-- [ RunTime:0.000269s ]
INFO: [ app_begin ] --START--
INFO: Run Behavior\ReadHtmlCacheBehavior [ RunTime:0.000490s ]
INFO: [ app_begin ] --END-- [ RunTime:0.000537s ]
SQL: DESCRIBE weibo_topic [ RunTime:0.005578s ]
SQL: SELECT COUNT(*) AS tp_count FROM `weibo_topic` WHERE ( 1=1 ) LIMIT 1   [ RunTime:0.000254s ]
INFO: [ app_end ] --START--
INFO: Run Behavior\ShowPageTraceBehavior [ RunTime:0.000660s ]
INFO: [ app_end ] --END-- [ RunTime:0.000725s ]

[ 2016-08-24T21:52:19+08:00 ] ::1 /weibo/Index/index
INFO: [ app_init ] --START--
INFO: Run Behavior\BuildLiteBehavior [ RunTime:0.000011s ]
INFO: [ app_init ] --END-- [ RunTime:0.000244s ]

[ 2016-08-24T21:52:20+08:00 ] ::1 /weibo/
INFO: [ app_init ] --START--
INFO: Run Behavior\BuildLiteBehavior [ RunTime:0.000012s ]
INFO: [ app_init ] --END-- [ RunTime:0.000276s ]

[ 2016-08-24T21:52:20+08:00 ] ::1 /weibo/Home/Topic/ajaxCount
INFO: [ app_init ] --START--
INFO: Run Behavior\BuildLiteBehavior [ RunTime:0.000015s ]
INFO: [ app_init ] --END-- [ RunTime:0.000357s ]
INFO: [ app_begin ] --START--
INFO: Run Behavior\ReadHtmlCacheBehavior [ RunTime:0.000848s ]
INFO: [ app_begin ] --END-- [ RunTime:0.000979s ]
SQL: DESCRIBE weibo_topic [ RunTime:0.005137s ]
SQL: SELECT COUNT(*) AS tp_count FROM `weibo_topic` WHERE ( 1=1 ) LIMIT 1   [ RunTime:0.000247s ]
INFO: [ app_end ] --START--
INFO: Run Behavior\ShowPageTraceBehavior [ RunTime:0.000672s ]
INFO: [ app_end ] --END-- [ RunTime:0.000725s ]

[ 2016-08-24T21:57:39+08:00 ] ::1 /weibo/Index/index
INFO: [ app_init ] --START--
INFO: Run Behavior\BuildLiteBehavior [ RunTime:0.000017s ]
INFO: [ app_init ] --END-- [ RunTime:0.000421s ]
INFO: [ app_begin ] --START--
INFO: Run Behavior\ReadHtmlCacheBehavior [ RunTime:0.000536s ]
INFO: [ app_begin ] --END-- [ RunTime:0.000582s ]
SQL: DESCRIBE weibo_topic [ RunTime:0.017886s ]
SQL: DESCRIBE weibo_topic [ RunTime:0.004506s ]
SQL: SELECT a.id,a.content,a.content_over,a.create,b.username FROM weibo_topic a,weibo_user b WHERE ( a.uid=b.id ) ORDER BY a.create DESC LIMIT 0,10   [ RunTime:0.000526s ]
SQL: DESCRIBE weibo_image [ RunTime:0.006944s ]
SQL: SELECT `data` FROM `weibo_image` WHERE ( 1=1 AND tid='35' )  [ RunTime:0.000339s ]
SQL: SELECT `data` FROM `weibo_image` WHERE ( 1=1 AND tid='34' )  [ RunTime:0.000271s ]
SQL: SELECT `data` FROM `weibo_image` WHERE ( 1=1 AND tid='33' )  [ RunTime:0.000236s ]
SQL: SELECT `data` FROM `weibo_image` WHERE ( 1=1 AND tid='32' )  [ RunTime:0.000216s ]
SQL: SELECT `data` FROM `weibo_image` WHERE ( 1=1 AND tid='31' )  [ RunTime:0.000225s ]
SQL: SELECT `data` FROM `weibo_image` WHERE ( 1=1 AND tid='30' )  [ RunTime:0.000228s ]
SQL: SELECT `data` FROM `weibo_image` WHERE ( 1=1 AND tid='29' )  [ RunTime:0.000228s ]
SQL: SELECT `data` FROM `weibo_image` WHERE ( 1=1 AND tid='28' )  [ RunTime:0.000272s ]
SQL: SELECT `data` FROM `weibo_image` WHERE ( 1=1 AND tid='27' )  [ RunTime:0.000216s ]
SQL: SELECT `data` FROM `weibo_image` WHERE ( 1=1 AND tid='26' )  [ RunTime:0.000217s ]
INFO: [ view_parse ] --START--
INFO: [ template_filter ] --START--
INFO: Run Behavior\ContentReplaceBehavior [ RunTime:0.000268s ]
INFO: [ template_filter ] --END-- [ RunTime:0.000330s ]
INFO: Run Behavior\ParseTemplateBehavior [ RunTime:0.079294s ]
INFO: [ view_parse ] --END-- [ RunTime:0.079353s ]
INFO: [ view_filter ] --START--
INFO: Run Behavior\WriteHtmlCacheBehavior [ RunTime:0.000422s ]
INFO: [ view_filter ] --END-- [ RunTime:0.000464s ]
INFO: [ app_end ] --START--
INFO: Run Behavior\ShowPageTraceBehavior [ RunTime:0.001375s ]
INFO: [ app_end ] --END-- [ RunTime:0.001447s ]

[ 2016-08-24T21:57:40+08:00 ] ::1 /weibo/
INFO: [ app_init ] --START--
INFO: Run Behavior\BuildLiteBehavior [ RunTime:0.000010s ]
INFO: [ app_init ] --END-- [ RunTime:0.000274s ]
INFO: [ app_begin ] --START--
INFO: Run Behavior\ReadHtmlCacheBehavior [ RunTime:0.000603s ]
INFO: [ app_begin ] --END-- [ RunTime:0.000687s ]
SQL: DESCRIBE weibo_topic [ RunTime:0.010972s ]
SQL: DESCRIBE weibo_topic [ RunTime:0.004854s ]
SQL: SELECT a.id,a.content,a.content_over,a.create,b.username FROM weibo_topic a,weibo_user b WHERE ( a.uid=b.id ) ORDER BY a.create DESC LIMIT 0,10   [ RunTime:0.000361s ]
SQL: DESCRIBE weibo_image [ RunTime:0.007362s ]
SQL: SELECT `data` FROM `weibo_image` WHERE ( 1=1 AND tid='35' )  [ RunTime:0.000295s ]
SQL: SELECT `data` FROM `weibo_image` WHERE ( 1=1 AND tid='34' )  [ RunTime:0.000185s ]
SQL: SELECT `data` FROM `weibo_image` WHERE ( 1=1 AND tid='33' )  [ RunTime:0.000165s ]
SQL: SELECT `data` FROM `weibo_image` WHERE ( 1=1 AND tid='32' )  [ RunTime:0.000162s ]
SQL: SELECT `data` FROM `weibo_image` WHERE ( 1=1 AND tid='31' )  [ RunTime:0.000182s ]
SQL: SELECT `data` FROM `weibo_image` WHERE ( 1=1 AND tid='30' )  [ RunTime:0.000165s ]
SQL: SELECT `data` FROM `weibo_image` WHERE ( 1=1 AND tid='29' )  [ RunTime:0.000153s ]
SQL: SELECT `data` FROM `weibo_image` WHERE ( 1=1 AND tid='28' )  [ RunTime:0.000235s ]
SQL: SELECT `data` FROM `weibo_image` WHERE ( 1=1 AND tid='27' )  [ RunTime:0.000173s ]
SQL: SELECT `data` FROM `weibo_image` WHERE ( 1=1 AND tid='26' )  [ RunTime:0.000164s ]
INFO: [ view_parse ] --START--
INFO: [ template_filter ] --START--
INFO: Run Behavior\ContentReplaceBehavior [ RunTime:0.000244s ]
INFO: [ template_filter ] --END-- [ RunTime:0.000326s ]
INFO: Run Behavior\ParseTemplateBehavior [ RunTime:0.098362s ]
INFO: [ view_parse ] --END-- [ RunTime:0.098418s ]
INFO: [ view_filter ] --START--
INFO: Run Behavior\WriteHtmlCacheBehavior [ RunTime:0.000395s ]
INFO: [ view_filter ] --END-- [ RunTime:0.000447s ]
INFO: [ app_end ] --START--
INFO: Run Behavior\ShowPageTraceBehavior [ RunTime:0.000652s ]
INFO: [ app_end ] --END-- [ RunTime:0.000727s ]

[ 2016-08-24T21:57:40+08:00 ] ::1 /weibo/Home/Topic/ajaxCount
INFO: [ app_init ] --START--
INFO: Run Behavior\BuildLiteBehavior [ RunTime:0.000020s ]
INFO: [ app_init ] --END-- [ RunTime:0.000451s ]
INFO: [ app_begin ] --START--
INFO: Run Behavior\ReadHtmlCacheBehavior [ RunTime:0.000775s ]
INFO: [ app_begin ] --END-- [ RunTime:0.000846s ]
SQL: DESCRIBE weibo_topic [ RunTime:0.015461s ]
SQL: SELECT COUNT(*) AS tp_count FROM `weibo_topic` WHERE ( 1=1 ) LIMIT 1   [ RunTime:0.000332s ]
INFO: [ app_end ] --START--
INFO: Run Behavior\ShowPageTraceBehavior [ RunTime:0.000816s ]
INFO: [ app_end ] --END-- [ RunTime:0.000887s ]

[ 2016-08-24T22:02:13+08:00 ] ::1 /weibo/Index/index
INFO: [ app_init ] --START--
INFO: Run Behavior\BuildLiteBehavior [ RunTime:0.000010s ]
INFO: [ app_init ] --END-- [ RunTime:0.000268s ]
INFO: [ app_begin ] --START--
INFO: Run Behavior\ReadHtmlCacheBehavior [ RunTime:0.000963s ]
INFO: [ app_begin ] --END-- [ RunTime:0.001023s ]
SQL: DESCRIBE weibo_topic [ RunTime:0.010124s ]
SQL: DESCRIBE weibo_topic [ RunTime:0.004475s ]
SQL: SELECT a.id,a.content,a.content_over,a.create,b.username FROM weibo_topic a,weibo_user b WHERE ( a.uid=b.id ) ORDER BY a.create DESC LIMIT 0,10   [ RunTime:0.000435s ]
SQL: DESCRIBE weibo_image [ RunTime:0.005894s ]
SQL: SELECT `data` FROM `weibo_image` WHERE ( 1=1 AND tid='35' )  [ RunTime:0.000286s ]
SQL: SELECT `data` FROM `weibo_image` WHERE ( 1=1 AND tid='34' )  [ RunTime:0.000165s ]
SQL: SELECT `data` FROM `weibo_image` WHERE ( 1=1 AND tid='33' )  [ RunTime:0.000171s ]
SQL: SELECT `data` FROM `weibo_image` WHERE ( 1=1 AND tid='32' )  [ RunTime:0.000170s ]
SQL: SELECT `data` FROM `weibo_image` WHERE ( 1=1 AND tid='31' )  [ RunTime:0.000189s ]
SQL: SELECT `data` FROM `weibo_image` WHERE ( 1=1 AND tid='30' )  [ RunTime:0.000176s ]
SQL: SELECT `data` FROM `weibo_image` WHERE ( 1=1 AND tid='29' )  [ RunTime:0.000165s ]
SQL: SELECT `data` FROM `weibo_image` WHERE ( 1=1 AND tid='28' )  [ RunTime:0.000188s ]
SQL: SELECT `data` FROM `weibo_image` WHERE ( 1=1 AND tid='27' )  [ RunTime:0.000171s ]
SQL: SELECT `data` FROM `weibo_image` WHERE ( 1=1 AND tid='26' )  [ RunTime:0.000170s ]
INFO: [ view_parse ] --START--
INFO: [ template_filter ] --START--
INFO: Run Behavior\ContentReplaceBehavior [ RunTime:0.000155s ]
INFO: [ template_filter ] --END-- [ RunTime:0.000195s ]
INFO: Run Behavior\ParseTemplateBehavior [ RunTime:0.058766s ]
INFO: [ view_parse ] --END-- [ RunTime:0.058811s ]
INFO: [ view_filter ] --START--
INFO: Run Behavior\WriteHtmlCacheBehavior [ RunTime:0.000340s ]
INFO: [ view_filter ] --END-- [ RunTime:0.000376s ]
INFO: [ app_end ] --START--
INFO: Run Behavior\ShowPageTraceBehavior [ RunTime:0.002729s ]
INFO: [ app_end ] --END-- [ RunTime:0.002818s ]

[ 2016-08-24T22:02:14+08:00 ] ::1 /weibo/
INFO: [ app_init ] --START--
INFO: Run Behavior\BuildLiteBehavior [ RunTime:0.000020s ]
INFO: [ app_init ] --END-- [ RunTime:0.000469s ]
INFO: [ app_begin ] --START--
INFO: Run Behavior\ReadHtmlCacheBehavior [ RunTime:0.000777s ]
INFO: [ app_begin ] --END-- [ RunTime:0.000852s ]
SQL: DESCRIBE weibo_topic [ RunTime:0.020513s ]
SQL: DESCRIBE weibo_topic [ RunTime:0.005400s ]
SQL: SELECT a.id,a.content,a.content_over,a.create,b.username FROM weibo_topic a,weibo_user b WHERE ( a.uid=b.id ) ORDER BY a.create DESC LIMIT 0,10   [ RunTime:0.000445s ]
SQL: DESCRIBE weibo_image [ RunTime:0.004251s ]
SQL: SELECT `data` FROM `weibo_image` WHERE ( 1=1 AND tid='35' )  [ RunTime:0.000319s ]
SQL: SELECT `data` FROM `weibo_image` WHERE ( 1=1 AND tid='34' )  [ RunTime:0.000221s ]
SQL: SELECT `data` FROM `weibo_image` WHERE ( 1=1 AND tid='33' )  [ RunTime:0.000203s ]
SQL: SELECT `data` FROM `weibo_image` WHERE ( 1=1 AND tid='32' )  [ RunTime:0.000190s ]
SQL: SELECT `data` FROM `weibo_image` WHERE ( 1=1 AND tid='31' )  [ RunTime:0.000159s ]
SQL: SELECT `data` FROM `weibo_image` WHERE ( 1=1 AND tid='30' )  [ RunTime:0.000156s ]
SQL: SELECT `data` FROM `weibo_image` WHERE ( 1=1 AND tid='29' )  [ RunTime:0.000189s ]
SQL: SELECT `data` FROM `weibo_image` WHERE ( 1=1 AND tid='28' )  [ RunTime:0.000189s ]
SQL: SELECT `data` FROM `weibo_image` WHERE ( 1=1 AND tid='27' )  [ RunTime:0.000156s ]
SQL: SELECT `data` FROM `weibo_image` WHERE ( 1=1 AND tid='26' )  [ RunTime:0.000182s ]
INFO: [ view_parse ] --START--
INFO: [ template_filter ] --START--
INFO: Run Behavior\ContentReplaceBehavior [ RunTime:0.000174s ]
INFO: [ template_filter ] --END-- [ RunTime:0.000231s ]
INFO: Run Behavior\ParseTemplateBehavior [ RunTime:0.100302s ]
INFO: [ view_parse ] --END-- [ RunTime:0.100374s ]
INFO: [ view_filter ] --START--
INFO: Run Behavior\WriteHtmlCacheBehavior [ RunTime:0.000700s ]
INFO: [ view_filter ] --END-- [ RunTime:0.000764s ]
INFO: [ app_end ] --START--
INFO: Run Behavior\ShowPageTraceBehavior [ RunTime:0.001775s ]
INFO: [ app_end ] --END-- [ RunTime:0.001880s ]

[ 2016-08-24T22:02:14+08:00 ] ::1 /weibo/Home/Topic/ajaxCount
INFO: [ app_init ] --START--
INFO: Run Behavior\BuildLiteBehavior [ RunTime:0.000017s ]
INFO: [ app_init ] --END-- [ RunTime:0.000342s ]
INFO: [ app_begin ] --START--
INFO: Run Behavior\ReadHtmlCacheBehavior [ RunTime:0.000737s ]
INFO: [ app_begin ] --END-- [ RunTime:0.000825s ]
SQL: DESCRIBE weibo_topic [ RunTime:0.017607s ]
SQL: SELECT COUNT(*) AS tp_count FROM `weibo_topic` WHERE ( 1=1 ) LIMIT 1   [ RunTime:0.000274s ]
INFO: [ app_end ] --START--
INFO: Run Behavior\ShowPageTraceBehavior [ RunTime:0.000510s ]
INFO: [ app_end ] --END-- [ RunTime:0.000550s ]

[ 2016-08-24T22:04:53+08:00 ] ::1 /weibo/Index/index
INFO: [ app_init ] --START--
INFO: Run Behavior\BuildLiteBehavior [ RunTime:0.000016s ]
INFO: [ app_init ] --END-- [ RunTime:0.000402s ]
INFO: [ app_begin ] --START--
INFO: Run Behavior\ReadHtmlCacheBehavior [ RunTime:0.000440s ]
INFO: [ app_begin ] --END-- [ RunTime:0.000479s ]
SQL: DESCRIBE weibo_topic [ RunTime:0.016546s ]
SQL: DESCRIBE weibo_topic [ RunTime:0.004470s ]
SQL: SELECT a.id,a.content,a.content_over,a.create,b.username FROM weibo_topic a,weibo_user b WHERE ( a.uid=b.id ) ORDER BY a.create DESC LIMIT 0,10   [ RunTime:0.000415s ]
SQL: DESCRIBE weibo_image [ RunTime:0.006606s ]
SQL: SELECT `data` FROM `weibo_image` WHERE ( 1=1 AND tid='35' )  [ RunTime:0.000281s ]
SQL: SELECT `data` FROM `weibo_image` WHERE ( 1=1 AND tid='34' )  [ RunTime:0.000204s ]
SQL: SELECT `data` FROM `weibo_image` WHERE ( 1=1 AND tid='33' )  [ RunTime:0.000206s ]
SQL: SELECT `data` FROM `weibo_image` WHERE ( 1=1 AND tid='32' )  [ RunTime:0.000198s ]
SQL: SELECT `data` FROM `weibo_image` WHERE ( 1=1 AND tid='31' )  [ RunTime:0.000196s ]
SQL: SELECT `data` FROM `weibo_image` WHERE ( 1=1 AND tid='30' )  [ RunTime:0.000235s ]
SQL: SELECT `data` FROM `weibo_image` WHERE ( 1=1 AND tid='29' )  [ RunTime:0.000190s ]
SQL: SELECT `data` FROM `weibo_image` WHERE ( 1=1 AND tid='28' )  [ RunTime:0.000217s ]
SQL: SELECT `data` FROM `weibo_image` WHERE ( 1=1 AND tid='27' )  [ RunTime:0.000201s ]
SQL: SELECT `data` FROM `weibo_image` WHERE ( 1=1 AND tid='26' )  [ RunTime:0.000200s ]
INFO: [ view_parse ] --START--
INFO: [ template_filter ] --START--
INFO: Run Behavior\ContentReplaceBehavior [ RunTime:0.000155s ]
INFO: [ template_filter ] --END-- [ RunTime:0.000197s ]
INFO: Run Behavior\ParseTemplateBehavior [ RunTime:0.090037s ]
INFO: [ view_parse ] --END-- [ RunTime:0.090087s ]
INFO: [ view_filter ] --START--
INFO: Run Behavior\WriteHtmlCacheBehavior [ RunTime:0.000326s ]
INFO: [ view_filter ] --END-- [ RunTime:0.000358s ]
INFO: [ app_end ] --START--
INFO: Run Behavior\ShowPageTraceBehavior [ RunTime:0.002378s ]
INFO: [ app_end ] --END-- [ RunTime:0.002520s ]

[ 2016-08-24T22:04:53+08:00 ] ::1 /weibo/
INFO: [ app_init ] --START--
INFO: Run Behavior\BuildLiteBehavior [ RunTime:0.000019s ]
INFO: [ app_init ] --END-- [ RunTime:0.000447s ]
INFO: [ app_begin ] --START--
INFO: Run Behavior\ReadHtmlCacheBehavior [ RunTime:0.000686s ]
INFO: [ app_begin ] --END-- [ RunTime:0.000773s ]
SQL: DESCRIBE weibo_topic [ RunTime:0.006084s ]
SQL: DESCRIBE weibo_topic [ RunTime:0.005284s ]
SQL: SELECT a.id,a.content,a.content_over,a.create,b.username FROM weibo_topic a,weibo_user b WHERE ( a.uid=b.id ) ORDER BY a.create DESC LIMIT 0,10   [ RunTime:0.000547s ]
SQL: DESCRIBE weibo_image [ RunTime:0.005768s ]
SQL: SELECT `data` FROM `weibo_image` WHERE ( 1=1 AND tid='35' )  [ RunTime:0.000356s ]
SQL: SELECT `data` FROM `weibo_image` WHERE ( 1=1 AND tid='34' )  [ RunTime:0.000244s ]
SQL: SELECT `data` FROM `weibo_image` WHERE ( 1=1 AND tid='33' )  [ RunTime:0.000429s ]
SQL: SELECT `data` FROM `weibo_image` WHERE ( 1=1 AND tid='32' )  [ RunTime:0.000391s ]
SQL: SELECT `data` FROM `weibo_image` WHERE ( 1=1 AND tid='31' )  [ RunTime:0.000451s ]
SQL: SELECT `data` FROM `weibo_image` WHERE ( 1=1 AND tid='30' )  [ RunTime:0.000345s ]
SQL: SELECT `data` FROM `weibo_image` WHERE ( 1=1 AND tid='29' )  [ RunTime:0.000300s ]
SQL: SELECT `data` FROM `weibo_image` WHERE ( 1=1 AND tid='28' )  [ RunTime:0.000314s ]
SQL: SELECT `data` FROM `weibo_image` WHERE ( 1=1 AND tid='27' )  [ RunTime:0.000251s ]
SQL: SELECT `data` FROM `weibo_image` WHERE ( 1=1 AND tid='26' )  [ RunTime:0.000263s ]
INFO: [ view_parse ] --START--
INFO: [ template_filter ] --START--
INFO: Run Behavior\ContentReplaceBehavior [ RunTime:0.000280s ]
INFO: [ template_filter ] --END-- [ RunTime:0.000441s ]
INFO: Run Behavior\ParseTemplateBehavior [ RunTime:0.135152s ]
INFO: [ view_parse ] --END-- [ RunTime:0.135242s ]
INFO: [ view_filter ] --START--
INFO: Run Behavior\WriteHtmlCacheBehavior [ RunTime:0.000448s ]
INFO: [ view_filter ] --END-- [ RunTime:0.000493s ]
INFO: [ app_end ] --START--
INFO: Run Behavior\ShowPageTraceBehavior [ RunTime:0.001104s ]
INFO: [ app_end ] --END-- [ RunTime:0.001196s ]

[ 2016-08-24T22:04:53+08:00 ] ::1 /weibo/Home/Topic/ajaxCount
INFO: [ app_init ] --START--
INFO: Run Behavior\BuildLiteBehavior [ RunTime:0.000021s ]
INFO: [ app_init ] --END-- [ RunTime:0.000452s ]
INFO: [ app_begin ] --START--
INFO: Run Behavior\ReadHtmlCacheBehavior [ RunTime:0.000654s ]
INFO: [ app_begin ] --END-- [ RunTime:0.000728s ]
SQL: DESCRIBE weibo_topic [ RunTime:0.023160s ]
SQL: SELECT COUNT(*) AS tp_count FROM `weibo_topic` WHERE ( 1=1 ) LIMIT 1   [ RunTime:0.000268s ]
INFO: [ app_end ] --START--
INFO: Run Behavior\ShowPageTraceBehavior [ RunTime:0.000934s ]
INFO: [ app_end ] --END-- [ RunTime:0.001012s ]

[ 2016-08-24T22:07:16+08:00 ] ::1 /weibo/Index/index
INFO: [ app_init ] --START--
INFO: Run Behavior\BuildLiteBehavior [ RunTime:0.000018s ]
INFO: [ app_init ] --END-- [ RunTime:0.000452s ]
INFO: [ app_begin ] --START--
INFO: Run Behavior\ReadHtmlCacheBehavior [ RunTime:0.000830s ]
INFO: [ app_begin ] --END-- [ RunTime:0.000925s ]
SQL: DESCRIBE weibo_topic [ RunTime:0.074770s ]
SQL: DESCRIBE weibo_topic [ RunTime:0.004719s ]
SQL: SELECT a.id,a.content,a.content_over,a.create,b.username FROM weibo_topic a,weibo_user b WHERE ( a.uid=b.id ) ORDER BY a.create DESC LIMIT 0,10   [ RunTime:0.000416s ]
SQL: DESCRIBE weibo_image [ RunTime:0.008028s ]
SQL: SELECT `data` FROM `weibo_image` WHERE ( 1=1 AND tid='35' )  [ RunTime:0.000266s ]
SQL: SELECT `data` FROM `weibo_image` WHERE ( 1=1 AND tid='34' )  [ RunTime:0.000196s ]
SQL: SELECT `data` FROM `weibo_image` WHERE ( 1=1 AND tid='33' )  [ RunTime:0.000193s ]
SQL: SELECT `data` FROM `weibo_image` WHERE ( 1=1 AND tid='32' )  [ RunTime:0.000193s ]
SQL: SELECT `data` FROM `weibo_image` WHERE ( 1=1 AND tid='31' )  [ RunTime:0.000193s ]
SQL: SELECT `data` FROM `weibo_image` WHERE ( 1=1 AND tid='30' )  [ RunTime:0.000201s ]
SQL: SELECT `data` FROM `weibo_image` WHERE ( 1=1 AND tid='29' )  [ RunTime:0.000181s ]
SQL: SELECT `data` FROM `weibo_image` WHERE ( 1=1 AND tid='28' )  [ RunTime:0.000217s ]
SQL: SELECT `data` FROM `weibo_image` WHERE ( 1=1 AND tid='27' )  [ RunTime:0.000196s ]
SQL: SELECT `data` FROM `weibo_image` WHERE ( 1=1 AND tid='26' )  [ RunTime:0.000197s ]
INFO: [ view_parse ] --START--
INFO: [ template_filter ] --START--
INFO: Run Behavior\ContentReplaceBehavior [ RunTime:0.000154s ]
INFO: [ template_filter ] --END-- [ RunTime:0.000193s ]
INFO: Run Behavior\ParseTemplateBehavior [ RunTime:0.068453s ]
INFO: [ view_parse ] --END-- [ RunTime:0.068516s ]
INFO: [ view_filter ] --START--
INFO: Run Behavior\WriteHtmlCacheBehavior [ RunTime:0.000347s ]
INFO: [ view_filter ] --END-- [ RunTime:0.000387s ]
INFO: [ app_end ] --START--
INFO: Run Behavior\ShowPageTraceBehavior [ RunTime:0.000767s ]
INFO: [ app_end ] --END-- [ RunTime:0.000842s ]

[ 2016-08-24T22:07:17+08:00 ] ::1 /weibo/
INFO: [ app_init ] --START--
INFO: Run Behavior\BuildLiteBehavior [ RunTime:0.000019s ]
INFO: [ app_init ] --END-- [ RunTime:0.000387s ]
INFO: [ app_begin ] --START--
INFO: Run Behavior\ReadHtmlCacheBehavior [ RunTime:0.000925s ]
INFO: [ app_begin ] --END-- [ RunTime:0.001012s ]
SQL: DESCRIBE weibo_topic [ RunTime:0.196812s ]
SQL: DESCRIBE weibo_topic [ RunTime:0.028296s ]
SQL: SELECT a.id,a.content,a.content_over,a.create,b.username FROM weibo_topic a,weibo_user b WHERE ( a.uid=b.id ) ORDER BY a.create DESC LIMIT 0,10   [ RunTime:0.000326s ]
SQL: DESCRIBE weibo_image [ RunTime:0.021296s ]
SQL: SELECT `data` FROM `weibo_image` WHERE ( 1=1 AND tid='35' )  [ RunTime:0.000206s ]
SQL: SELECT `data` FROM `weibo_image` WHERE ( 1=1 AND tid='34' )  [ RunTime:0.000118s ]
SQL: SELECT `data` FROM `weibo_image` WHERE ( 1=1 AND tid='33' )  [ RunTime:0.000108s ]
SQL: SELECT `data` FROM `weibo_image` WHERE ( 1=1 AND tid='32' )  [ RunTime:0.000105s ]
SQL: SELECT `data` FROM `weibo_image` WHERE ( 1=1 AND tid='31' )  [ RunTime:0.000109s ]
SQL: SELECT `data` FROM `weibo_image` WHERE ( 1=1 AND tid='30' )  [ RunTime:0.000108s ]
SQL: SELECT `data` FROM `weibo_image` WHERE ( 1=1 AND tid='29' )  [ RunTime:0.000100s ]
SQL: SELECT `data` FROM `weibo_image` WHERE ( 1=1 AND tid='28' )  [ RunTime:0.000124s ]
SQL: SELECT `data` FROM `weibo_image` WHERE ( 1=1 AND tid='27' )  [ RunTime:0.000103s ]
SQL: SELECT `data` FROM `weibo_image` WHERE ( 1=1 AND tid='26' )  [ RunTime:0.000116s ]
INFO: [ view_parse ] --START--
INFO: [ template_filter ] --START--
INFO: Run Behavior\ContentReplaceBehavior [ RunTime:0.000167s ]
INFO: [ template_filter ] --END-- [ RunTime:0.000217s ]
INFO: Run Behavior\ParseTemplateBehavior [ RunTime:0.070017s ]
INFO: [ view_parse ] --END-- [ RunTime:0.070063s ]
INFO: [ view_filter ] --START--
INFO: Run Behavior\WriteHtmlCacheBehavior [ RunTime:0.000251s ]
INFO: [ view_filter ] --END-- [ RunTime:0.000278s ]
INFO: [ app_end ] --START--
INFO: Run Behavior\ShowPageTraceBehavior [ RunTime:0.003245s ]
INFO: [ app_end ] --END-- [ RunTime:0.003361s ]

[ 2016-08-24T22:07:17+08:00 ] ::1 /weibo/Home/Topic/ajaxCount
INFO: [ app_init ] --START--
INFO: Run Behavior\BuildLiteBehavior [ RunTime:0.000014s ]
INFO: [ app_init ] --END-- [ RunTime:0.000331s ]
INFO: [ app_begin ] --START--
INFO: Run Behavior\ReadHtmlCacheBehavior [ RunTime:0.000564s ]
INFO: [ app_begin ] --END-- [ RunTime:0.000633s ]
SQL: DESCRIBE weibo_topic [ RunTime:0.014267s ]
SQL: SELECT COUNT(*) AS tp_count FROM `weibo_topic` WHERE ( 1=1 ) LIMIT 1   [ RunTime:0.000583s ]
INFO: [ app_end ] --START--
INFO: Run Behavior\ShowPageTraceBehavior [ RunTime:0.001269s ]
INFO: [ app_end ] --END-- [ RunTime:0.001371s ]

[ 2016-08-24T22:07:21+08:00 ] ::1 /weibo/Index/index
INFO: [ app_init ] --START--
INFO: Run Behavior\BuildLiteBehavior [ RunTime:0.000009s ]
INFO: [ app_init ] --END-- [ RunTime:0.000231s ]
INFO: [ app_begin ] --START--
INFO: Run Behavior\ReadHtmlCacheBehavior [ RunTime:0.000422s ]
INFO: [ app_begin ] --END-- [ RunTime:0.000460s ]
SQL: DESCRIBE weibo_topic [ RunTime:0.011461s ]
SQL: DESCRIBE weibo_topic [ RunTime:0.004621s ]
SQL: SELECT a.id,a.content,a.content_over,a.create,b.username FROM weibo_topic a,weibo_user b WHERE ( a.uid=b.id ) ORDER BY a.create DESC LIMIT 0,10   [ RunTime:0.000362s ]
SQL: DESCRIBE weibo_image [ RunTime:0.006511s ]
SQL: SELECT `data` FROM `weibo_image` WHERE ( 1=1 AND tid='35' )  [ RunTime:0.000268s ]
SQL: SELECT `data` FROM `weibo_image` WHERE ( 1=1 AND tid='34' )  [ RunTime:0.000195s ]
SQL: SELECT `data` FROM `weibo_image` WHERE ( 1=1 AND tid='33' )  [ RunTime:0.000218s ]
SQL: SELECT `data` FROM `weibo_image` WHERE ( 1=1 AND tid='32' )  [ RunTime:0.000195s ]
SQL: SELECT `data` FROM `weibo_image` WHERE ( 1=1 AND tid='31' )  [ RunTime:0.000193s ]
SQL: SELECT `data` FROM `weibo_image` WHERE ( 1=1 AND tid='30' )  [ RunTime:0.000195s ]
SQL: SELECT `data` FROM `weibo_image` WHERE ( 1=1 AND tid='29' )  [ RunTime:0.000173s ]
SQL: SELECT `data` FROM `weibo_image` WHERE ( 1=1 AND tid='28' )  [ RunTime:0.000200s ]
SQL: SELECT `data` FROM `weibo_image` WHERE ( 1=1 AND tid='27' )  [ RunTime:0.000170s ]
SQL: SELECT `data` FROM `weibo_image` WHERE ( 1=1 AND tid='26' )  [ RunTime:0.000177s ]
INFO: [ view_parse ] --START--
INFO: [ template_filter ] --START--
INFO: Run Behavior\ContentReplaceBehavior [ RunTime:0.000153s ]
INFO: [ template_filter ] --END-- [ RunTime:0.000193s ]
INFO: Run Behavior\ParseTemplateBehavior [ RunTime:0.061847s ]
INFO: [ view_parse ] --END-- [ RunTime:0.061891s ]
INFO: [ view_filter ] --START--
INFO: Run Behavior\WriteHtmlCacheBehavior [ RunTime:0.000302s ]
INFO: [ view_filter ] --END-- [ RunTime:0.000331s ]
INFO: [ app_end ] --START--
INFO: Run Behavior\ShowPageTraceBehavior [ RunTime:0.000663s ]
INFO: [ app_end ] --END-- [ RunTime:0.000723s ]

[ 2016-08-24T22:07:21+08:00 ] ::1 /weibo/
INFO: [ app_init ] --START--
INFO: Run Behavior\BuildLiteBehavior [ RunTime:0.000020s ]
INFO: [ app_init ] --END-- [ RunTime:0.000341s ]
INFO: [ app_begin ] --START--
INFO: Run Behavior\ReadHtmlCacheBehavior [ RunTime:0.000636s ]
INFO: [ app_begin ] --END-- [ RunTime:0.000709s ]
SQL: DESCRIBE weibo_topic [ RunTime:0.004714s ]
SQL: DESCRIBE weibo_topic [ RunTime:0.004902s ]
SQL: SELECT a.id,a.content,a.content_over,a.create,b.username FROM weibo_topic a,weibo_user b WHERE ( a.uid=b.id ) ORDER BY a.create DESC LIMIT 0,10   [ RunTime:0.000423s ]
SQL: DESCRIBE weibo_image [ RunTime:0.005203s ]
SQL: SELECT `data` FROM `weibo_image` WHERE ( 1=1 AND tid='35' )  [ RunTime:0.000329s ]
SQL: SELECT `data` FROM `weibo_image` WHERE ( 1=1 AND tid='34' )  [ RunTime:0.000249s ]
SQL: SELECT `data` FROM `weibo_image` WHERE ( 1=1 AND tid='33' )  [ RunTime:0.000255s ]
SQL: SELECT `data` FROM `weibo_image` WHERE ( 1=1 AND tid='32' )  [ RunTime:0.000210s ]
SQL: SELECT `data` FROM `weibo_image` WHERE ( 1=1 AND tid='31' )  [ RunTime:0.000211s ]
SQL: SELECT `data` FROM `weibo_image` WHERE ( 1=1 AND tid='30' )  [ RunTime:0.000216s ]
SQL: SELECT `data` FROM `weibo_image` WHERE ( 1=1 AND tid='29' )  [ RunTime:0.000233s ]
SQL: SELECT `data` FROM `weibo_image` WHERE ( 1=1 AND tid='28' )  [ RunTime:0.000240s ]
SQL: SELECT `data` FROM `weibo_image` WHERE ( 1=1 AND tid='27' )  [ RunTime:0.000251s ]
SQL: SELECT `data` FROM `weibo_image` WHERE ( 1=1 AND tid='26' )  [ RunTime:0.000250s ]
INFO: [ view_parse ] --START--
INFO: [ template_filter ] --START--
INFO: Run Behavior\ContentReplaceBehavior [ RunTime:0.000274s ]
INFO: [ template_filter ] --END-- [ RunTime:0.000352s ]
INFO: Run Behavior\ParseTemplateBehavior [ RunTime:0.108239s ]
INFO: [ view_parse ] --END-- [ RunTime:0.108303s ]
INFO: [ view_filter ] --START--
INFO: Run Behavior\WriteHtmlCacheBehavior [ RunTime:0.000271s ]
INFO: [ view_filter ] --END-- [ RunTime:0.000300s ]
INFO: [ app_end ] --START--
INFO: Run Behavior\ShowPageTraceBehavior [ RunTime:0.000465s ]
INFO: [ app_end ] --END-- [ RunTime:0.000506s ]

[ 2016-08-24T22:07:21+08:00 ] ::1 /weibo/Home/Topic/ajaxCount
INFO: [ app_init ] --START--
INFO: Run Behavior\BuildLiteBehavior [ RunTime:0.000012s ]
INFO: [ app_init ] --END-- [ RunTime:0.000282s ]
INFO: [ app_begin ] --START--
INFO: Run Behavior\ReadHtmlCacheBehavior [ RunTime:0.000536s ]
INFO: [ app_begin ] --END-- [ RunTime:0.000595s ]
SQL: DESCRIBE weibo_topic [ RunTime:0.005809s ]
SQL: SELECT COUNT(*) AS tp_count FROM `weibo_topic` WHERE ( 1=1 ) LIMIT 1   [ RunTime:0.000303s ]
INFO: [ app_end ] --START--
INFO: Run Behavior\ShowPageTraceBehavior [ RunTime:0.001280s ]
INFO: [ app_end ] --END-- [ RunTime:0.001409s ]

[ 2016-08-24T22:08:28+08:00 ] ::1 /weibo/Index/index
INFO: [ app_init ] --START--
INFO: Run Behavior\BuildLiteBehavior [ RunTime:0.000016s ]
INFO: [ app_init ] --END-- [ RunTime:0.000339s ]
INFO: [ app_begin ] --START--
INFO: Run Behavior\ReadHtmlCacheBehavior [ RunTime:0.001922s ]
INFO: [ app_begin ] --END-- [ RunTime:0.001996s ]
SQL: DESCRIBE weibo_topic [ RunTime:0.018886s ]
SQL: DESCRIBE weibo_topic [ RunTime:0.005810s ]
SQL: SELECT a.id,a.content,a.content_over,a.create,b.username FROM weibo_topic a,weibo_user b WHERE ( a.uid=b.id ) ORDER BY a.create DESC LIMIT 0,10   [ RunTime:0.000597s ]
SQL: DESCRIBE weibo_image [ RunTime:0.010253s ]
SQL: SELECT `data` FROM `weibo_image` WHERE ( 1=1 AND tid='35' )  [ RunTime:0.000320s ]
SQL: SELECT `data` FROM `weibo_image` WHERE ( 1=1 AND tid='34' )  [ RunTime:0.000219s ]
SQL: SELECT `data` FROM `weibo_image` WHERE ( 1=1 AND tid='33' )  [ RunTime:0.000199s ]
SQL: SELECT `data` FROM `weibo_image` WHERE ( 1=1 AND tid='32' )  [ RunTime:0.000174s ]
SQL: SELECT `data` FROM `weibo_image` WHERE ( 1=1 AND tid='31' )  [ RunTime:0.000177s ]
SQL: SELECT `data` FROM `weibo_image` WHERE ( 1=1 AND tid='30' )  [ RunTime:0.000196s ]
SQL: SELECT `data` FROM `weibo_image` WHERE ( 1=1 AND tid='29' )  [ RunTime:0.000195s ]
SQL: SELECT `data` FROM `weibo_image` WHERE ( 1=1 AND tid='28' )  [ RunTime:0.000205s ]
SQL: SELECT `data` FROM `weibo_image` WHERE ( 1=1 AND tid='27' )  [ RunTime:0.000195s ]
SQL: SELECT `data` FROM `weibo_image` WHERE ( 1=1 AND tid='26' )  [ RunTime:0.000189s ]
INFO: [ view_parse ] --START--
INFO: [ template_filter ] --START--
INFO: Run Behavior\ContentReplaceBehavior [ RunTime:0.000262s ]
INFO: [ template_filter ] --END-- [ RunTime:0.000358s ]
INFO: Run Behavior\ParseTemplateBehavior [ RunTime:0.087663s ]
INFO: [ view_parse ] --END-- [ RunTime:0.087746s ]
INFO: [ view_filter ] --START--
INFO: Run Behavior\WriteHtmlCacheBehavior [ RunTime:0.000587s ]
INFO: [ view_filter ] --END-- [ RunTime:0.000643s ]
INFO: [ app_end ] --START--
INFO: Run Behavior\ShowPageTraceBehavior [ RunTime:0.000855s ]
INFO: [ app_end ] --END-- [ RunTime:0.000973s ]

[ 2016-08-24T22:08:28+08:00 ] ::1 /weibo/
INFO: [ app_init ] --START--
INFO: Run Behavior\BuildLiteBehavior [ RunTime:0.000012s ]
INFO: [ app_init ] --END-- [ RunTime:0.000266s ]
INFO: [ app_begin ] --START--
INFO: Run Behavior\ReadHtmlCacheBehavior [ RunTime:0.000729s ]
INFO: [ app_begin ] --END-- [ RunTime:0.000802s ]
SQL: DESCRIBE weibo_topic [ RunTime:0.005156s ]
SQL: DESCRIBE weibo_topic [ RunTime:0.006474s ]
SQL: SELECT a.id,a.content,a.content_over,a.create,b.username FROM weibo_topic a,weibo_user b WHERE ( a.uid=b.id ) ORDER BY a.create DESC LIMIT 0,10   [ RunTime:0.000454s ]
SQL: DESCRIBE weibo_image [ RunTime:0.004960s ]
SQL: SELECT `data` FROM `weibo_image` WHERE ( 1=1 AND tid='35' )  [ RunTime:0.000324s ]
SQL: SELECT `data` FROM `weibo_image` WHERE ( 1=1 AND tid='34' )  [ RunTime:0.000264s ]
SQL: SELECT `data` FROM `weibo_image` WHERE ( 1=1 AND tid='33' )  [ RunTime:0.000269s ]
SQL: SELECT `data` FROM `weibo_image` WHERE ( 1=1 AND tid='32' )  [ RunTime:0.000295s ]
SQL: SELECT `data` FROM `weibo_image` WHERE ( 1=1 AND tid='31' )  [ RunTime:0.000243s ]
SQL: SELECT `data` FROM `weibo_image` WHERE ( 1=1 AND tid='30' )  [ RunTime:0.000398s ]
SQL: SELECT `data` FROM `weibo_image` WHERE ( 1=1 AND tid='29' )  [ RunTime:0.000332s ]
SQL: SELECT `data` FROM `weibo_image` WHERE ( 1=1 AND tid='28' )  [ RunTime:0.000288s ]
SQL: SELECT `data` FROM `weibo_image` WHERE ( 1=1 AND tid='27' )  [ RunTime:0.000224s ]
SQL: SELECT `data` FROM `weibo_image` WHERE ( 1=1 AND tid='26' )  [ RunTime:0.000287s ]
INFO: [ view_parse ] --START--
INFO: [ template_filter ] --START--
INFO: Run Behavior\ContentReplaceBehavior [ RunTime:0.000276s ]
INFO: [ template_filter ] --END-- [ RunTime:0.000362s ]
INFO: Run Behavior\ParseTemplateBehavior [ RunTime:0.100397s ]
INFO: [ view_parse ] --END-- [ RunTime:0.100476s ]
INFO: [ view_filter ] --START--
INFO: Run Behavior\WriteHtmlCacheBehavior [ RunTime:0.000520s ]
INFO: [ view_filter ] --END-- [ RunTime:0.000571s ]
INFO: [ app_end ] --START--
INFO: Run Behavior\ShowPageTraceBehavior [ RunTime:0.000963s ]
INFO: [ app_end ] --END-- [ RunTime:0.001040s ]

[ 2016-08-24T22:08:28+08:00 ] ::1 /weibo/Home/Topic/ajaxCount
INFO: [ app_init ] --START--
INFO: Run Behavior\BuildLiteBehavior [ RunTime:0.000017s ]
INFO: [ app_init ] --END-- [ RunTime:0.000422s ]
INFO: [ app_begin ] --START--
INFO: Run Behavior\ReadHtmlCacheBehavior [ RunTime:0.000467s ]
INFO: [ app_begin ] --END-- [ RunTime:0.000527s ]
SQL: DESCRIBE weibo_topic [ RunTime:0.005464s ]
SQL: SELECT COUNT(*) AS tp_count FROM `weibo_topic` WHERE ( 1=1 ) LIMIT 1   [ RunTime:0.000184s ]
INFO: [ app_end ] --START--
INFO: Run Behavior\ShowPageTraceBehavior [ RunTime:0.000508s ]
INFO: [ app_end ] --END-- [ RunTime:0.000546s ]

