[ 2016-08-18T06:50:16+08:00 ] ::1 /weibo/Login
INFO: [ app_init ] --START--
INFO: Run Behavior\BuildLiteBehavior [ RunTime:0.000030s ]
INFO: [ app_init ] --END-- [ RunTime:0.008800s ]
INFO: [ app_begin ] --START--
INFO: Run Behavior\ReadHtmlCacheBehavior [ RunTime:0.009129s ]
INFO: [ app_begin ] --END-- [ RunTime:0.009195s ]
INFO: [ view_parse ] --START--
INFO: [ template_filter ] --START--
INFO: Run Behavior\ContentReplaceBehavior [ RunTime:0.000056s ]
INFO: [ template_filter ] --END-- [ RunTime:0.000101s ]
INFO: Run Behavior\ParseTemplateBehavior [ RunTime:0.118808s ]
INFO: [ view_parse ] --END-- [ RunTime:0.118859s ]
INFO: [ view_filter ] --START--
INFO: Run Behavior\WriteHtmlCacheBehavior [ RunTime:0.005459s ]
INFO: [ view_filter ] --END-- [ RunTime:0.005515s ]
INFO: [ app_end ] --START--
INFO: Run Behavior\ShowPageTraceBehavior [ RunTime:0.007125s ]
INFO: [ app_end ] --END-- [ RunTime:0.007176s ]

[ 2016-08-18T06:50:17+08:00 ] ::1 /weibo/Login/verify.html
INFO: [ app_init ] --START--
INFO: Run Behavior\BuildLiteBehavior [ RunTime:0.000010s ]
INFO: [ app_init ] --END-- [ RunTime:0.000247s ]
INFO: [ app_begin ] --START--
INFO: Run Behavior\ReadHtmlCacheBehavior [ RunTime:0.000308s ]
INFO: [ app_begin ] --END-- [ RunTime:0.000348s ]
INFO: [ app_end ] --START--
INFO: Run Behavior\ShowPageTraceBehavior [ RunTime:0.000494s ]
INFO: [ app_end ] --END-- [ RunTime:0.000569s ]

[ 2016-08-18T06:50:28+08:00 ] ::1 /weibo/Home/User/checkVerify
INFO: [ app_init ] --START--
INFO: Run Behavior\BuildLiteBehavior [ RunTime:0.000011s ]
INFO: [ app_init ] --END-- [ RunTime:0.000278s ]
INFO: [ app_begin ] --START--
INFO: Run Behavior\ReadHtmlCacheBehavior [ RunTime:0.000290s ]
INFO: [ app_begin ] --END-- [ RunTime:0.000324s ]
SQL: DESCRIBE weibo_user [ RunTime:0.013253s ]
NOTIC: [2] sha1() expects at least 1 parameter, 0 given G:\php\www\weibo\ThinkPHP\Library\Think\Model.class.php 第 1013 行.
INFO: [ app_end ] --START--
INFO: Run Behavior\ShowPageTraceBehavior [ RunTime:0.000472s ]
INFO: [ app_end ] --END-- [ RunTime:0.000511s ]

[ 2016-08-18T06:50:28+08:00 ] ::1 /weibo/Home/User/login
INFO: [ app_init ] --START--
INFO: Run Behavior\BuildLiteBehavior [ RunTime:0.000022s ]
INFO: [ app_init ] --END-- [ RunTime:0.000496s ]
INFO: [ app_begin ] --START--
INFO: Run Behavior\ReadHtmlCacheBehavior [ RunTime:0.000931s ]
INFO: [ app_begin ] --END-- [ RunTime:0.001050s ]
SQL: DESCRIBE weibo_user [ RunTime:0.014803s ]
SQL: SELECT `id`,`username`,`password` FROM `weibo_user` WHERE `username` = '路飞1' LIMIT 1   [ RunTime:0.000269s ]
INFO: [ app_end ] --START--
INFO: Run Behavior\ShowPageTraceBehavior [ RunTime:0.000409s ]
INFO: [ app_end ] --END-- [ RunTime:0.000444s ]

[ 2016-08-18T06:50:41+08:00 ] ::1 /weibo/Home/User/login
INFO: [ app_init ] --START--
INFO: Run Behavior\BuildLiteBehavior [ RunTime:0.000010s ]
INFO: [ app_init ] --END-- [ RunTime:0.000240s ]
INFO: [ app_begin ] --START--
INFO: Run Behavior\ReadHtmlCacheBehavior [ RunTime:0.000304s ]
INFO: [ app_begin ] --END-- [ RunTime:0.000345s ]
SQL: DESCRIBE weibo_user [ RunTime:0.010280s ]
SQL: SELECT `id`,`username`,`password` FROM `weibo_user` WHERE `username` = '路飞1' LIMIT 1   [ RunTime:0.000283s ]
SQL: UPDATE `weibo_user` SET `last_login`=1471474241,`last_ip`=0 WHERE `id` = 18 [ RunTime:0.055700s ]
INFO: [ app_end ] --START--
INFO: Run Behavior\ShowPageTraceBehavior [ RunTime:0.000412s ]
INFO: [ app_end ] --END-- [ RunTime:0.000448s ]

[ 2016-08-18T06:50:43+08:00 ] ::1 /weibo/Login
INFO: [ app_init ] --START--
INFO: Run Behavior\BuildLiteBehavior [ RunTime:0.000021s ]
INFO: [ app_init ] --END-- [ RunTime:0.000337s ]
INFO: [ app_begin ] --START--
INFO: Run Behavior\ReadHtmlCacheBehavior [ RunTime:0.000372s ]
INFO: [ app_begin ] --END-- [ RunTime:0.000438s ]

[ 2016-08-18T06:50:43+08:00 ] ::1 /weibo/Index/index.html
INFO: [ app_init ] --START--
INFO: Run Behavior\BuildLiteBehavior [ RunTime:0.000011s ]
INFO: [ app_init ] --END-- [ RunTime:0.000226s ]
INFO: [ app_begin ] --START--
INFO: Run Behavior\ReadHtmlCacheBehavior [ RunTime:0.000286s ]
INFO: [ app_begin ] --END-- [ RunTime:0.000320s ]
INFO: [ view_parse ] --START--
INFO: [ template_filter ] --START--
INFO: Run Behavior\ContentReplaceBehavior [ RunTime:0.000067s ]
INFO: [ template_filter ] --END-- [ RunTime:0.000113s ]
INFO: Run Behavior\ParseTemplateBehavior [ RunTime:0.109030s ]
INFO: [ view_parse ] --END-- [ RunTime:0.109084s ]
INFO: [ view_filter ] --START--
INFO: Run Behavior\WriteHtmlCacheBehavior [ RunTime:0.000239s ]
INFO: [ view_filter ] --END-- [ RunTime:0.000287s ]
INFO: [ app_end ] --START--
INFO: Run Behavior\ShowPageTraceBehavior [ RunTime:0.000324s ]
INFO: [ app_end ] --END-- [ RunTime:0.000358s ]

[ 2016-08-18T06:53:33+08:00 ] ::1 /weibo/Index/index.html
INFO: [ app_init ] --START--
INFO: Run Behavior\BuildLiteBehavior [ RunTime:0.000012s ]
INFO: [ app_init ] --END-- [ RunTime:0.000286s ]
INFO: [ app_begin ] --START--
INFO: Run Behavior\ReadHtmlCacheBehavior [ RunTime:0.000409s ]
INFO: [ app_begin ] --END-- [ RunTime:0.000458s ]
INFO: [ view_parse ] --START--
INFO: [ template_filter ] --START--
INFO: Run Behavior\ContentReplaceBehavior [ RunTime:0.000074s ]
INFO: [ template_filter ] --END-- [ RunTime:0.000129s ]
INFO: Run Behavior\ParseTemplateBehavior [ RunTime:0.006001s ]
INFO: [ view_parse ] --END-- [ RunTime:0.006048s ]
INFO: [ view_filter ] --START--
INFO: Run Behavior\WriteHtmlCacheBehavior [ RunTime:0.000258s ]
INFO: [ view_filter ] --END-- [ RunTime:0.000290s ]
INFO: [ app_end ] --START--
INFO: Run Behavior\ShowPageTraceBehavior [ RunTime:0.000412s ]
INFO: [ app_end ] --END-- [ RunTime:0.000447s ]

[ 2016-08-18T06:54:27+08:00 ] ::1 /weibo/Index/index.html
INFO: [ app_init ] --START--
INFO: Run Behavior\BuildLiteBehavior [ RunTime:0.000011s ]
INFO: [ app_init ] --END-- [ RunTime:0.000247s ]
INFO: [ app_begin ] --START--
INFO: Run Behavior\ReadHtmlCacheBehavior [ RunTime:0.000303s ]
INFO: [ app_begin ] --END-- [ RunTime:0.000344s ]
INFO: [ view_parse ] --START--
INFO: [ template_filter ] --START--
INFO: Run Behavior\ContentReplaceBehavior [ RunTime:0.000088s ]
INFO: [ template_filter ] --END-- [ RunTime:0.000133s ]
INFO: Run Behavior\ParseTemplateBehavior [ RunTime:0.005963s ]
INFO: [ view_parse ] --END-- [ RunTime:0.006007s ]
INFO: [ view_filter ] --START--
INFO: Run Behavior\WriteHtmlCacheBehavior [ RunTime:0.000217s ]
INFO: [ view_filter ] --END-- [ RunTime:0.000246s ]
INFO: [ app_end ] --START--
INFO: Run Behavior\ShowPageTraceBehavior [ RunTime:0.000329s ]
INFO: [ app_end ] --END-- [ RunTime:0.000360s ]

[ 2016-08-18T06:55:19+08:00 ] ::1 /weibo/Index/index.html
INFO: [ app_init ] --START--
INFO: Run Behavior\BuildLiteBehavior [ RunTime:0.000011s ]
INFO: [ app_init ] --END-- [ RunTime:0.000511s ]
INFO: [ app_begin ] --START--
INFO: Run Behavior\ReadHtmlCacheBehavior [ RunTime:0.000443s ]
INFO: [ app_begin ] --END-- [ RunTime:0.000489s ]
INFO: [ view_parse ] --START--
INFO: [ template_filter ] --START--
INFO: Run Behavior\ContentReplaceBehavior [ RunTime:0.000068s ]
INFO: [ template_filter ] --END-- [ RunTime:0.000111s ]
INFO: Run Behavior\ParseTemplateBehavior [ RunTime:0.006660s ]
INFO: [ view_parse ] --END-- [ RunTime:0.006712s ]
INFO: [ view_filter ] --START--
INFO: Run Behavior\WriteHtmlCacheBehavior [ RunTime:0.000291s ]
INFO: [ view_filter ] --END-- [ RunTime:0.000324s ]
INFO: [ app_end ] --START--
INFO: Run Behavior\ShowPageTraceBehavior [ RunTime:0.000378s ]
INFO: [ app_end ] --END-- [ RunTime:0.000412s ]

[ 2016-08-18T06:55:19+08:00 ] ::1 /weibo/Index/index.html
INFO: [ app_init ] --START--
INFO: Run Behavior\BuildLiteBehavior [ RunTime:0.000012s ]
INFO: [ app_init ] --END-- [ RunTime:0.000500s ]
INFO: [ app_begin ] --START--
INFO: Run Behavior\ReadHtmlCacheBehavior [ RunTime:0.000601s ]
INFO: [ app_begin ] --END-- [ RunTime:0.000718s ]
INFO: [ view_parse ] --START--
INFO: [ template_filter ] --START--
INFO: Run Behavior\ContentReplaceBehavior [ RunTime:0.000115s ]
INFO: [ template_filter ] --END-- [ RunTime:0.000190s ]
INFO: Run Behavior\ParseTemplateBehavior [ RunTime:0.015593s ]
INFO: [ view_parse ] --END-- [ RunTime:0.015676s ]
INFO: [ view_filter ] --START--
INFO: Run Behavior\WriteHtmlCacheBehavior [ RunTime:0.000473s ]
INFO: [ view_filter ] --END-- [ RunTime:0.000529s ]
INFO: [ app_end ] --START--
INFO: Run Behavior\ShowPageTraceBehavior [ RunTime:0.000861s ]
INFO: [ app_end ] --END-- [ RunTime:0.000942s ]

[ 2016-08-18T06:56:12+08:00 ] ::1 /weibo/Index/index.html
INFO: [ app_init ] --START--
INFO: Run Behavior\BuildLiteBehavior [ RunTime:0.000010s ]
INFO: [ app_init ] --END-- [ RunTime:0.000243s ]
INFO: [ app_begin ] --START--
INFO: Run Behavior\ReadHtmlCacheBehavior [ RunTime:0.000316s ]
INFO: [ app_begin ] --END-- [ RunTime:0.000366s ]
INFO: [ view_parse ] --START--
INFO: [ template_filter ] --START--
INFO: Run Behavior\ContentReplaceBehavior [ RunTime:0.000066s ]
INFO: [ template_filter ] --END-- [ RunTime:0.000105s ]
INFO: Run Behavior\ParseTemplateBehavior [ RunTime:0.005768s ]
INFO: [ view_parse ] --END-- [ RunTime:0.005820s ]
INFO: [ view_filter ] --START--
INFO: Run Behavior\WriteHtmlCacheBehavior [ RunTime:0.000221s ]
INFO: [ view_filter ] --END-- [ RunTime:0.000249s ]
INFO: [ app_end ] --START--
INFO: Run Behavior\ShowPageTraceBehavior [ RunTime:0.000319s ]
INFO: [ app_end ] --END-- [ RunTime:0.000360s ]

[ 2016-08-18T06:59:28+08:00 ] ::1 /weibo/Index/index.html
INFO: [ app_init ] --START--
INFO: Run Behavior\BuildLiteBehavior [ RunTime:0.000010s ]
INFO: [ app_init ] --END-- [ RunTime:0.000277s ]
INFO: [ app_begin ] --START--
INFO: Run Behavior\ReadHtmlCacheBehavior [ RunTime:0.000550s ]
INFO: [ app_begin ] --END-- [ RunTime:0.000610s ]
INFO: [ view_parse ] --START--
INFO: [ template_filter ] --START--
INFO: Run Behavior\ContentReplaceBehavior [ RunTime:0.000102s ]
INFO: [ template_filter ] --END-- [ RunTime:0.000156s ]
INFO: Run Behavior\ParseTemplateBehavior [ RunTime:0.025672s ]
INFO: [ view_parse ] --END-- [ RunTime:0.025732s ]
INFO: [ view_filter ] --START--
INFO: Run Behavior\WriteHtmlCacheBehavior [ RunTime:0.000275s ]
INFO: [ view_filter ] --END-- [ RunTime:0.000308s ]
INFO: [ app_end ] --START--
INFO: Run Behavior\ShowPageTraceBehavior [ RunTime:0.000376s ]
INFO: [ app_end ] --END-- [ RunTime:0.000411s ]

[ 2016-08-18T07:04:56+08:00 ] ::1 /weibo/Index/index.html
INFO: [ app_init ] --START--
INFO: Run Behavior\BuildLiteBehavior [ RunTime:0.000015s ]
INFO: [ app_init ] --END-- [ RunTime:0.000408s ]
INFO: [ app_begin ] --START--
INFO: Run Behavior\ReadHtmlCacheBehavior [ RunTime:0.000577s ]
INFO: [ app_begin ] --END-- [ RunTime:0.000642s ]
INFO: [ view_parse ] --START--
INFO: [ template_filter ] --START--
INFO: Run Behavior\ContentReplaceBehavior [ RunTime:0.000074s ]
INFO: [ template_filter ] --END-- [ RunTime:0.000123s ]
INFO: Run Behavior\ParseTemplateBehavior [ RunTime:0.006464s ]
INFO: [ view_parse ] --END-- [ RunTime:0.006528s ]
INFO: [ view_filter ] --START--
INFO: Run Behavior\WriteHtmlCacheBehavior [ RunTime:0.000250s ]
INFO: [ view_filter ] --END-- [ RunTime:0.000280s ]
INFO: [ app_end ] --START--
INFO: Run Behavior\ShowPageTraceBehavior [ RunTime:0.000425s ]
INFO: [ app_end ] --END-- [ RunTime:0.000460s ]

[ 2016-08-18T07:05:04+08:00 ] ::1 /weibo/Index/index.html
INFO: [ app_init ] --START--
INFO: Run Behavior\BuildLiteBehavior [ RunTime:0.000011s ]
INFO: [ app_init ] --END-- [ RunTime:0.000283s ]
INFO: [ app_begin ] --START--
INFO: Run Behavior\ReadHtmlCacheBehavior [ RunTime:0.000384s ]
INFO: [ app_begin ] --END-- [ RunTime:0.000425s ]
INFO: [ view_parse ] --START--
INFO: [ template_filter ] --START--
INFO: Run Behavior\ContentReplaceBehavior [ RunTime:0.000093s ]
INFO: [ template_filter ] --END-- [ RunTime:0.000138s ]
INFO: Run Behavior\ParseTemplateBehavior [ RunTime:0.005820s ]
INFO: [ view_parse ] --END-- [ RunTime:0.005863s ]
INFO: [ view_filter ] --START--
INFO: Run Behavior\WriteHtmlCacheBehavior [ RunTime:0.000243s ]
INFO: [ view_filter ] --END-- [ RunTime:0.000272s ]
INFO: [ app_end ] --START--
INFO: Run Behavior\ShowPageTraceBehavior [ RunTime:0.000351s ]
INFO: [ app_end ] --END-- [ RunTime:0.000382s ]

[ 2016-08-18T07:05:25+08:00 ] ::1 /weibo/Index/index.html
INFO: [ app_init ] --START--
INFO: Run Behavior\BuildLiteBehavior [ RunTime:0.000011s ]
INFO: [ app_init ] --END-- [ RunTime:0.000275s ]
INFO: [ app_begin ] --START--
INFO: Run Behavior\ReadHtmlCacheBehavior [ RunTime:0.000376s ]
INFO: [ app_begin ] --END-- [ RunTime:0.000415s ]
INFO: [ view_parse ] --START--
INFO: [ template_filter ] --START--
INFO: Run Behavior\ContentReplaceBehavior [ RunTime:0.000070s ]
INFO: [ template_filter ] --END-- [ RunTime:0.000117s ]
INFO: Run Behavior\ParseTemplateBehavior [ RunTime:0.006625s ]
INFO: [ view_parse ] --END-- [ RunTime:0.006680s ]
INFO: [ view_filter ] --START--
INFO: Run Behavior\WriteHtmlCacheBehavior [ RunTime:0.000254s ]
INFO: [ view_filter ] --END-- [ RunTime:0.000286s ]
INFO: [ app_end ] --START--
INFO: Run Behavior\ShowPageTraceBehavior [ RunTime:0.000421s ]
INFO: [ app_end ] --END-- [ RunTime:0.000456s ]

[ 2016-08-18T07:12:16+08:00 ] ::1 /weibo/Index/index.html
INFO: [ app_init ] --START--
INFO: Run Behavior\BuildLiteBehavior [ RunTime:0.000013s ]
INFO: [ app_init ] --END-- [ RunTime:0.000308s ]
INFO: [ app_begin ] --START--
INFO: Run Behavior\ReadHtmlCacheBehavior [ RunTime:0.000430s ]
INFO: [ app_begin ] --END-- [ RunTime:0.000482s ]
INFO: [ view_parse ] --START--
INFO: [ template_filter ] --START--
INFO: Run Behavior\ContentReplaceBehavior [ RunTime:0.000069s ]
INFO: [ template_filter ] --END-- [ RunTime:0.000121s ]
INFO: Run Behavior\ParseTemplateBehavior [ RunTime:0.006500s ]
INFO: [ view_parse ] --END-- [ RunTime:0.006547s ]
INFO: [ view_filter ] --START--
INFO: Run Behavior\WriteHtmlCacheBehavior [ RunTime:0.000318s ]
INFO: [ view_filter ] --END-- [ RunTime:0.000364s ]
INFO: [ app_end ] --START--
INFO: Run Behavior\ShowPageTraceBehavior [ RunTime:0.000385s ]
INFO: [ app_end ] --END-- [ RunTime:0.000418s ]

[ 2016-08-18T19:00:00+08:00 ] ::1 /weibo/Login
INFO: [ app_init ] --START--
INFO: Run Behavior\BuildLiteBehavior [ RunTime:0.000017s ]
INFO: [ app_init ] --END-- [ RunTime:0.008176s ]
INFO: [ app_begin ] --START--
INFO: Run Behavior\ReadHtmlCacheBehavior [ RunTime:0.008786s ]
INFO: [ app_begin ] --END-- [ RunTime:0.008850s ]
INFO: [ view_parse ] --START--
INFO: [ template_filter ] --START--
INFO: Run Behavior\ContentReplaceBehavior [ RunTime:0.000057s ]
INFO: [ template_filter ] --END-- [ RunTime:0.000111s ]
INFO: Run Behavior\ParseTemplateBehavior [ RunTime:0.086597s ]
INFO: [ view_parse ] --END-- [ RunTime:0.086656s ]
INFO: [ view_filter ] --START--
INFO: Run Behavior\WriteHtmlCacheBehavior [ RunTime:0.005858s ]
INFO: [ view_filter ] --END-- [ RunTime:0.005906s ]
INFO: [ app_end ] --START--
INFO: Run Behavior\ShowPageTraceBehavior [ RunTime:0.005979s ]
INFO: [ app_end ] --END-- [ RunTime:0.006028s ]

[ 2016-08-18T19:00:00+08:00 ] ::1 /weibo/Login/verify.html
INFO: [ app_init ] --START--
INFO: Run Behavior\BuildLiteBehavior [ RunTime:0.000009s ]
INFO: [ app_init ] --END-- [ RunTime:0.000225s ]
INFO: [ app_begin ] --START--
INFO: Run Behavior\ReadHtmlCacheBehavior [ RunTime:0.000392s ]
INFO: [ app_begin ] --END-- [ RunTime:0.000436s ]
INFO: [ app_end ] --START--
INFO: Run Behavior\ShowPageTraceBehavior [ RunTime:0.000394s ]
INFO: [ app_end ] --END-- [ RunTime:0.000453s ]

[ 2016-08-18T19:00:09+08:00 ] ::1 /weibo/Home/User/checkVerify
INFO: [ app_init ] --START--
INFO: Run Behavior\BuildLiteBehavior [ RunTime:0.000030s ]
INFO: [ app_init ] --END-- [ RunTime:0.000261s ]
INFO: [ app_begin ] --START--
INFO: Run Behavior\ReadHtmlCacheBehavior [ RunTime:0.000290s ]
INFO: [ app_begin ] --END-- [ RunTime:0.000325s ]
SQL: DESCRIBE weibo_user [ RunTime:0.018340s ]
NOTIC: [2] sha1() expects at least 1 parameter, 0 given G:\php\www\weibo\ThinkPHP\Library\Think\Model.class.php 第 1013 行.
INFO: [ app_end ] --START--
INFO: Run Behavior\ShowPageTraceBehavior [ RunTime:0.000388s ]
INFO: [ app_end ] --END-- [ RunTime:0.000426s ]

[ 2016-08-18T19:00:10+08:00 ] ::1 /weibo/Home/User/login
INFO: [ app_init ] --START--
INFO: Run Behavior\BuildLiteBehavior [ RunTime:0.000021s ]
INFO: [ app_init ] --END-- [ RunTime:0.000490s ]
INFO: [ app_begin ] --START--
INFO: Run Behavior\ReadHtmlCacheBehavior [ RunTime:0.000377s ]
INFO: [ app_begin ] --END-- [ RunTime:0.000431s ]
SQL: DESCRIBE weibo_user [ RunTime:0.010154s ]
SQL: SELECT `id`,`username`,`password` FROM `weibo_user` WHERE `username` = '路飞1' LIMIT 1   [ RunTime:0.000685s ]
SQL: UPDATE `weibo_user` SET `last_login`=1471518010,`last_ip`=0 WHERE `id` = 18 [ RunTime:0.210980s ]
INFO: [ app_end ] --START--
INFO: Run Behavior\ShowPageTraceBehavior [ RunTime:0.000422s ]
INFO: [ app_end ] --END-- [ RunTime:0.000458s ]

[ 2016-08-18T19:00:12+08:00 ] ::1 /weibo/Login
INFO: [ app_init ] --START--
INFO: Run Behavior\BuildLiteBehavior [ RunTime:0.000015s ]
INFO: [ app_init ] --END-- [ RunTime:0.000388s ]
INFO: [ app_begin ] --START--
INFO: Run Behavior\ReadHtmlCacheBehavior [ RunTime:0.000315s ]
INFO: [ app_begin ] --END-- [ RunTime:0.000354s ]

[ 2016-08-18T19:00:12+08:00 ] ::1 /weibo/Index/index.html
INFO: [ app_init ] --START--
INFO: Run Behavior\BuildLiteBehavior [ RunTime:0.000011s ]
INFO: [ app_init ] --END-- [ RunTime:0.000232s ]
INFO: [ app_begin ] --START--
INFO: Run Behavior\ReadHtmlCacheBehavior [ RunTime:0.000287s ]
INFO: [ app_begin ] --END-- [ RunTime:0.000323s ]
INFO: [ view_parse ] --START--
INFO: [ template_filter ] --START--
INFO: Run Behavior\ContentReplaceBehavior [ RunTime:0.000068s ]
INFO: [ template_filter ] --END-- [ RunTime:0.000113s ]
INFO: Run Behavior\ParseTemplateBehavior [ RunTime:0.038681s ]
INFO: [ view_parse ] --END-- [ RunTime:0.038731s ]
INFO: [ view_filter ] --START--
INFO: Run Behavior\WriteHtmlCacheBehavior [ RunTime:0.000221s ]
INFO: [ view_filter ] --END-- [ RunTime:0.000250s ]
INFO: [ app_end ] --START--
INFO: Run Behavior\ShowPageTraceBehavior [ RunTime:0.000302s ]
INFO: [ app_end ] --END-- [ RunTime:0.000333s ]

[ 2016-08-18T19:01:02+08:00 ] ::1 /weibo/Index/index.html
INFO: [ app_init ] --START--
INFO: Run Behavior\BuildLiteBehavior [ RunTime:0.000016s ]
INFO: [ app_init ] --END-- [ RunTime:0.000417s ]
INFO: [ app_begin ] --START--
INFO: Run Behavior\ReadHtmlCacheBehavior [ RunTime:0.000416s ]
INFO: [ app_begin ] --END-- [ RunTime:0.000465s ]
INFO: [ view_parse ] --START--
INFO: [ template_filter ] --START--
INFO: Run Behavior\ContentReplaceBehavior [ RunTime:0.000067s ]
INFO: [ template_filter ] --END-- [ RunTime:0.000112s ]
INFO: Run Behavior\ParseTemplateBehavior [ RunTime:0.008908s ]
INFO: [ view_parse ] --END-- [ RunTime:0.008953s ]
INFO: [ view_filter ] --START--
INFO: Run Behavior\WriteHtmlCacheBehavior [ RunTime:0.000238s ]
INFO: [ view_filter ] --END-- [ RunTime:0.000267s ]
INFO: [ app_end ] --START--
INFO: Run Behavior\ShowPageTraceBehavior [ RunTime:0.000398s ]
INFO: [ app_end ] --END-- [ RunTime:0.000439s ]

[ 2016-08-18T19:02:10+08:00 ] ::1 /weibo/Index/index.html
INFO: [ app_init ] --START--
INFO: Run Behavior\BuildLiteBehavior [ RunTime:0.000011s ]
INFO: [ app_init ] --END-- [ RunTime:0.000264s ]
INFO: [ app_begin ] --START--
INFO: Run Behavior\ReadHtmlCacheBehavior [ RunTime:0.000360s ]
INFO: [ app_begin ] --END-- [ RunTime:0.000398s ]
INFO: [ view_parse ] --START--
INFO: [ template_filter ] --START--
INFO: Run Behavior\ContentReplaceBehavior [ RunTime:0.000079s ]
INFO: [ template_filter ] --END-- [ RunTime:0.000122s ]
INFO: Run Behavior\ParseTemplateBehavior [ RunTime:0.005992s ]
INFO: [ view_parse ] --END-- [ RunTime:0.006037s ]
INFO: [ view_filter ] --START--
INFO: Run Behavior\WriteHtmlCacheBehavior [ RunTime:0.000296s ]
INFO: [ view_filter ] --END-- [ RunTime:0.000335s ]
INFO: [ app_end ] --START--
INFO: Run Behavior\ShowPageTraceBehavior [ RunTime:0.000353s ]
INFO: [ app_end ] --END-- [ RunTime:0.000384s ]

[ 2016-08-18T19:03:21+08:00 ] ::1 /weibo/Index/index.html
INFO: [ app_init ] --START--
INFO: Run Behavior\BuildLiteBehavior [ RunTime:0.000014s ]
INFO: [ app_init ] --END-- [ RunTime:0.000291s ]
INFO: [ app_begin ] --START--
INFO: Run Behavior\ReadHtmlCacheBehavior [ RunTime:0.000488s ]
INFO: [ app_begin ] --END-- [ RunTime:0.000536s ]
INFO: [ view_parse ] --START--
INFO: [ template_filter ] --START--
INFO: Run Behavior\ContentReplaceBehavior [ RunTime:0.000117s ]
INFO: [ template_filter ] --END-- [ RunTime:0.000195s ]
INFO: Run Behavior\ParseTemplateBehavior [ RunTime:0.009807s ]
INFO: [ view_parse ] --END-- [ RunTime:0.009870s ]
INFO: [ view_filter ] --START--
INFO: Run Behavior\WriteHtmlCacheBehavior [ RunTime:0.000258s ]
INFO: [ view_filter ] --END-- [ RunTime:0.000314s ]
INFO: [ app_end ] --START--
INFO: Run Behavior\ShowPageTraceBehavior [ RunTime:0.001567s ]
INFO: [ app_end ] --END-- [ RunTime:0.001665s ]

[ 2016-08-18T19:03:26+08:00 ] ::1 /weibo/Index/index.html
INFO: [ app_init ] --START--
INFO: Run Behavior\BuildLiteBehavior [ RunTime:0.000010s ]
INFO: [ app_init ] --END-- [ RunTime:0.000258s ]
INFO: [ app_begin ] --START--
INFO: Run Behavior\ReadHtmlCacheBehavior [ RunTime:0.000385s ]
INFO: [ app_begin ] --END-- [ RunTime:0.000423s ]
INFO: [ view_parse ] --START--
INFO: [ template_filter ] --START--
INFO: Run Behavior\ContentReplaceBehavior [ RunTime:0.000066s ]
INFO: [ template_filter ] --END-- [ RunTime:0.000108s ]
INFO: Run Behavior\ParseTemplateBehavior [ RunTime:0.006083s ]
INFO: [ view_parse ] --END-- [ RunTime:0.006142s ]
INFO: [ view_filter ] --START--
INFO: Run Behavior\WriteHtmlCacheBehavior [ RunTime:0.000292s ]
INFO: [ view_filter ] --END-- [ RunTime:0.000341s ]
INFO: [ app_end ] --START--
INFO: Run Behavior\ShowPageTraceBehavior [ RunTime:0.000385s ]
INFO: [ app_end ] --END-- [ RunTime:0.000417s ]

[ 2016-08-18T19:03:27+08:00 ] ::1 /weibo/Index/index.html
INFO: [ app_init ] --START--
INFO: Run Behavior\BuildLiteBehavior [ RunTime:0.000010s ]
INFO: [ app_init ] --END-- [ RunTime:0.000282s ]
INFO: [ app_begin ] --START--
INFO: Run Behavior\ReadHtmlCacheBehavior [ RunTime:0.000357s ]
INFO: [ app_begin ] --END-- [ RunTime:0.000394s ]
INFO: [ view_parse ] --START--
INFO: [ template_filter ] --START--
INFO: Run Behavior\ContentReplaceBehavior [ RunTime:0.000066s ]
INFO: [ template_filter ] --END-- [ RunTime:0.000108s ]
INFO: Run Behavior\ParseTemplateBehavior [ RunTime:0.006264s ]
INFO: [ view_parse ] --END-- [ RunTime:0.006311s ]
INFO: [ view_filter ] --START--
INFO: Run Behavior\WriteHtmlCacheBehavior [ RunTime:0.000251s ]
INFO: [ view_filter ] --END-- [ RunTime:0.000280s ]
INFO: [ app_end ] --START--
INFO: Run Behavior\ShowPageTraceBehavior [ RunTime:0.000353s ]
INFO: [ app_end ] --END-- [ RunTime:0.000385s ]

[ 2016-08-18T19:03:55+08:00 ] ::1 /weibo/Index/index.html
INFO: [ app_init ] --START--
INFO: Run Behavior\BuildLiteBehavior [ RunTime:0.000016s ]
INFO: [ app_init ] --END-- [ RunTime:0.000356s ]
INFO: [ app_begin ] --START--
INFO: Run Behavior\ReadHtmlCacheBehavior [ RunTime:0.000316s ]
INFO: [ app_begin ] --END-- [ RunTime:0.000360s ]
INFO: [ view_parse ] --START--
INFO: [ template_filter ] --START--
INFO: Run Behavior\ContentReplaceBehavior [ RunTime:0.000092s ]
INFO: [ template_filter ] --END-- [ RunTime:0.000159s ]
INFO: Run Behavior\ParseTemplateBehavior [ RunTime:0.010317s ]
INFO: [ view_parse ] --END-- [ RunTime:0.010382s ]
INFO: [ view_filter ] --START--
INFO: Run Behavior\WriteHtmlCacheBehavior [ RunTime:0.000238s ]
INFO: [ view_filter ] --END-- [ RunTime:0.000267s ]
INFO: [ app_end ] --START--
INFO: Run Behavior\ShowPageTraceBehavior [ RunTime:0.000386s ]
INFO: [ app_end ] --END-- [ RunTime:0.000427s ]

[ 2016-08-18T19:03:55+08:00 ] ::1 /weibo/Index/index.html
INFO: [ app_init ] --START--
INFO: Run Behavior\BuildLiteBehavior [ RunTime:0.000009s ]
INFO: [ app_init ] --END-- [ RunTime:0.000260s ]
INFO: [ app_begin ] --START--
INFO: Run Behavior\ReadHtmlCacheBehavior [ RunTime:0.000292s ]
INFO: [ app_begin ] --END-- [ RunTime:0.000329s ]
INFO: [ view_parse ] --START--
INFO: [ template_filter ] --START--
INFO: Run Behavior\ContentReplaceBehavior [ RunTime:0.000085s ]
INFO: [ template_filter ] --END-- [ RunTime:0.000151s ]
INFO: Run Behavior\ParseTemplateBehavior [ RunTime:0.006392s ]
INFO: [ view_parse ] --END-- [ RunTime:0.006453s ]
INFO: [ view_filter ] --START--
INFO: Run Behavior\WriteHtmlCacheBehavior [ RunTime:0.000220s ]
INFO: [ view_filter ] --END-- [ RunTime:0.000248s ]
INFO: [ app_end ] --START--
INFO: Run Behavior\ShowPageTraceBehavior [ RunTime:0.000304s ]
INFO: [ app_end ] --END-- [ RunTime:0.000335s ]

[ 2016-08-18T19:04:55+08:00 ] ::1 /weibo/Index/index.html
INFO: [ app_init ] --START--
INFO: Run Behavior\BuildLiteBehavior [ RunTime:0.000021s ]
INFO: [ app_init ] --END-- [ RunTime:0.000642s ]
INFO: [ app_begin ] --START--
INFO: Run Behavior\ReadHtmlCacheBehavior [ RunTime:0.000351s ]
INFO: [ app_begin ] --END-- [ RunTime:0.000412s ]
INFO: [ view_parse ] --START--
INFO: [ template_filter ] --START--
INFO: Run Behavior\ContentReplaceBehavior [ RunTime:0.000070s ]
INFO: [ template_filter ] --END-- [ RunTime:0.000113s ]
INFO: Run Behavior\ParseTemplateBehavior [ RunTime:0.005908s ]
INFO: [ view_parse ] --END-- [ RunTime:0.005954s ]
INFO: [ view_filter ] --START--
INFO: Run Behavior\WriteHtmlCacheBehavior [ RunTime:0.000230s ]
INFO: [ view_filter ] --END-- [ RunTime:0.000261s ]
INFO: [ app_end ] --START--
INFO: Run Behavior\ShowPageTraceBehavior [ RunTime:0.000339s ]
INFO: [ app_end ] --END-- [ RunTime:0.000392s ]

[ 2016-08-18T19:04:55+08:00 ] ::1 /weibo/Index/index.html
INFO: [ app_init ] --START--
INFO: Run Behavior\BuildLiteBehavior [ RunTime:0.000015s ]
INFO: [ app_init ] --END-- [ RunTime:0.000417s ]
INFO: [ app_begin ] --START--
INFO: Run Behavior\ReadHtmlCacheBehavior [ RunTime:0.000563s ]
INFO: [ app_begin ] --END-- [ RunTime:0.000627s ]
INFO: [ view_parse ] --START--
INFO: [ template_filter ] --START--
INFO: Run Behavior\ContentReplaceBehavior [ RunTime:0.000070s ]
INFO: [ template_filter ] --END-- [ RunTime:0.000118s ]
INFO: Run Behavior\ParseTemplateBehavior [ RunTime:0.006882s ]
INFO: [ view_parse ] --END-- [ RunTime:0.006937s ]
INFO: [ view_filter ] --START--
INFO: Run Behavior\WriteHtmlCacheBehavior [ RunTime:0.000278s ]
INFO: [ view_filter ] --END-- [ RunTime:0.000308s ]
INFO: [ app_end ] --START--
INFO: Run Behavior\ShowPageTraceBehavior [ RunTime:0.000353s ]
INFO: [ app_end ] --END-- [ RunTime:0.000385s ]

[ 2016-08-18T19:04:55+08:00 ] ::1 /weibo/Index/index.html
INFO: [ app_init ] --START--
INFO: Run Behavior\BuildLiteBehavior [ RunTime:0.000016s ]
INFO: [ app_init ] --END-- [ RunTime:0.000410s ]
INFO: [ app_begin ] --START--
INFO: Run Behavior\ReadHtmlCacheBehavior [ RunTime:0.000378s ]
INFO: [ app_begin ] --END-- [ RunTime:0.000423s ]
INFO: [ view_parse ] --START--
INFO: [ template_filter ] --START--
INFO: Run Behavior\ContentReplaceBehavior [ RunTime:0.000071s ]
INFO: [ template_filter ] --END-- [ RunTime:0.000120s ]
INFO: Run Behavior\ParseTemplateBehavior [ RunTime:0.006048s ]
INFO: [ view_parse ] --END-- [ RunTime:0.006097s ]
INFO: [ view_filter ] --START--
INFO: Run Behavior\WriteHtmlCacheBehavior [ RunTime:0.000246s ]
INFO: [ view_filter ] --END-- [ RunTime:0.000276s ]
INFO: [ app_end ] --START--
INFO: Run Behavior\ShowPageTraceBehavior [ RunTime:0.000586s ]
INFO: [ app_end ] --END-- [ RunTime:0.000689s ]

[ 2016-08-18T19:04:56+08:00 ] ::1 /weibo/Index/index.html
INFO: [ app_init ] --START--
INFO: Run Behavior\BuildLiteBehavior [ RunTime:0.000011s ]
INFO: [ app_init ] --END-- [ RunTime:0.000289s ]
INFO: [ app_begin ] --START--
INFO: Run Behavior\ReadHtmlCacheBehavior [ RunTime:0.000320s ]
INFO: [ app_begin ] --END-- [ RunTime:0.000357s ]
INFO: [ view_parse ] --START--
INFO: [ template_filter ] --START--
INFO: Run Behavior\ContentReplaceBehavior [ RunTime:0.000066s ]
INFO: [ template_filter ] --END-- [ RunTime:0.000104s ]
INFO: Run Behavior\ParseTemplateBehavior [ RunTime:0.005644s ]
INFO: [ view_parse ] --END-- [ RunTime:0.005713s ]
INFO: [ view_filter ] --START--
INFO: Run Behavior\WriteHtmlCacheBehavior [ RunTime:0.000462s ]
INFO: [ view_filter ] --END-- [ RunTime:0.000502s ]
INFO: [ app_end ] --START--
INFO: Run Behavior\ShowPageTraceBehavior [ RunTime:0.000323s ]
INFO: [ app_end ] --END-- [ RunTime:0.000363s ]

[ 2016-08-18T19:04:56+08:00 ] ::1 /weibo/Index/index.html
INFO: [ app_init ] --START--
INFO: Run Behavior\BuildLiteBehavior [ RunTime:0.000025s ]
INFO: [ app_init ] --END-- [ RunTime:0.000280s ]
INFO: [ app_begin ] --START--
INFO: Run Behavior\ReadHtmlCacheBehavior [ RunTime:0.000298s ]
INFO: [ app_begin ] --END-- [ RunTime:0.000335s ]
INFO: [ view_parse ] --START--
INFO: [ template_filter ] --START--
INFO: Run Behavior\ContentReplaceBehavior [ RunTime:0.000066s ]
INFO: [ template_filter ] --END-- [ RunTime:0.000104s ]
INFO: Run Behavior\ParseTemplateBehavior [ RunTime:0.005553s ]
INFO: [ view_parse ] --END-- [ RunTime:0.005596s ]
INFO: [ view_filter ] --START--
INFO: Run Behavior\WriteHtmlCacheBehavior [ RunTime:0.000217s ]
INFO: [ view_filter ] --END-- [ RunTime:0.000246s ]
INFO: [ app_end ] --START--
INFO: Run Behavior\ShowPageTraceBehavior [ RunTime:0.000352s ]
INFO: [ app_end ] --END-- [ RunTime:0.000383s ]

[ 2016-08-18T19:05:07+08:00 ] ::1 /weibo/Index/index.html
INFO: [ app_init ] --START--
INFO: Run Behavior\BuildLiteBehavior [ RunTime:0.000011s ]
INFO: [ app_init ] --END-- [ RunTime:0.000246s ]
INFO: [ app_begin ] --START--
INFO: Run Behavior\ReadHtmlCacheBehavior [ RunTime:0.000308s ]
INFO: [ app_begin ] --END-- [ RunTime:0.000351s ]
INFO: [ view_parse ] --START--
INFO: [ template_filter ] --START--
INFO: Run Behavior\ContentReplaceBehavior [ RunTime:0.000065s ]
INFO: [ template_filter ] --END-- [ RunTime:0.000105s ]
INFO: Run Behavior\ParseTemplateBehavior [ RunTime:0.005659s ]
INFO: [ view_parse ] --END-- [ RunTime:0.005703s ]
INFO: [ view_filter ] --START--
INFO: Run Behavior\WriteHtmlCacheBehavior [ RunTime:0.000219s ]
INFO: [ view_filter ] --END-- [ RunTime:0.000248s ]
INFO: [ app_end ] --START--
INFO: Run Behavior\ShowPageTraceBehavior [ RunTime:0.000301s ]
INFO: [ app_end ] --END-- [ RunTime:0.000332s ]

[ 2016-08-18T19:06:34+08:00 ] ::1 /weibo/Index/index.html
INFO: [ app_init ] --START--
INFO: Run Behavior\BuildLiteBehavior [ RunTime:0.000018s ]
INFO: [ app_init ] --END-- [ RunTime:0.000442s ]
INFO: [ app_begin ] --START--
INFO: Run Behavior\ReadHtmlCacheBehavior [ RunTime:0.000795s ]
INFO: [ app_begin ] --END-- [ RunTime:0.000904s ]
INFO: [ view_parse ] --START--
INFO: [ template_filter ] --START--
INFO: Run Behavior\ContentReplaceBehavior [ RunTime:0.000107s ]
INFO: [ template_filter ] --END-- [ RunTime:0.000183s ]
INFO: Run Behavior\ParseTemplateBehavior [ RunTime:0.010152s ]
INFO: [ view_parse ] --END-- [ RunTime:0.010227s ]
INFO: [ view_filter ] --START--
INFO: Run Behavior\WriteHtmlCacheBehavior [ RunTime:0.000351s ]
INFO: [ view_filter ] --END-- [ RunTime:0.000396s ]
INFO: [ app_end ] --START--
INFO: Run Behavior\ShowPageTraceBehavior [ RunTime:0.000439s ]
INFO: [ app_end ] --END-- [ RunTime:0.000481s ]

[ 2016-08-18T19:28:43+08:00 ] ::1 /weibo/Index/index.html
INFO: [ app_init ] --START--
INFO: Run Behavior\BuildLiteBehavior [ RunTime:0.000009s ]
INFO: [ app_init ] --END-- [ RunTime:0.000259s ]
INFO: [ app_begin ] --START--
INFO: Run Behavior\ReadHtmlCacheBehavior [ RunTime:0.000359s ]
INFO: [ app_begin ] --END-- [ RunTime:0.000397s ]
INFO: [ view_parse ] --START--
INFO: [ template_filter ] --START--
INFO: Run Behavior\ContentReplaceBehavior [ RunTime:0.000069s ]
INFO: [ template_filter ] --END-- [ RunTime:0.000113s ]
INFO: Run Behavior\ParseTemplateBehavior [ RunTime:0.023283s ]
INFO: [ view_parse ] --END-- [ RunTime:0.023340s ]
INFO: [ view_filter ] --START--
INFO: Run Behavior\WriteHtmlCacheBehavior [ RunTime:0.000291s ]
INFO: [ view_filter ] --END-- [ RunTime:0.000326s ]
INFO: [ app_end ] --START--
INFO: Run Behavior\ShowPageTraceBehavior [ RunTime:0.000464s ]
INFO: [ app_end ] --END-- [ RunTime:0.000499s ]

[ 2016-08-18T19:28:48+08:00 ] ::1 /weibo/HomeTopic/publish
INFO: [ app_init ] --START--
INFO: Run Behavior\BuildLiteBehavior [ RunTime:0.000009s ]
INFO: [ app_init ] --END-- [ RunTime:0.000252s ]
INFO: [ app_begin ] --START--
INFO: Run Behavior\ReadHtmlCacheBehavior [ RunTime:0.000352s ]
INFO: [ app_begin ] --END-- [ RunTime:0.000389s ]
ERR: 无法加载控制器:HomeTopic

[ 2016-08-18T19:30:17+08:00 ] ::1 /weibo/Index/index.html
INFO: [ app_init ] --START--
INFO: Run Behavior\BuildLiteBehavior [ RunTime:0.000016s ]
INFO: [ app_init ] --END-- [ RunTime:0.000323s ]
INFO: [ app_begin ] --START--
INFO: Run Behavior\ReadHtmlCacheBehavior [ RunTime:0.000307s ]
INFO: [ app_begin ] --END-- [ RunTime:0.000348s ]
INFO: [ view_parse ] --START--
INFO: [ template_filter ] --START--
INFO: Run Behavior\ContentReplaceBehavior [ RunTime:0.000069s ]
INFO: [ template_filter ] --END-- [ RunTime:0.000112s ]
INFO: Run Behavior\ParseTemplateBehavior [ RunTime:0.006979s ]
INFO: [ view_parse ] --END-- [ RunTime:0.007053s ]
INFO: [ view_filter ] --START--
INFO: Run Behavior\WriteHtmlCacheBehavior [ RunTime:0.000779s ]
INFO: [ view_filter ] --END-- [ RunTime:0.000836s ]
INFO: [ app_end ] --START--
INFO: Run Behavior\ShowPageTraceBehavior [ RunTime:0.000397s ]
INFO: [ app_end ] --END-- [ RunTime:0.000431s ]

[ 2016-08-18T19:30:17+08:00 ] ::1 /weibo/Index/index.js.map
INFO: [ app_init ] --START--
INFO: Run Behavior\BuildLiteBehavior [ RunTime:0.000012s ]
INFO: [ app_init ] --END-- [ RunTime:0.000291s ]
INFO: [ app_begin ] --START--
INFO: Run Behavior\ReadHtmlCacheBehavior [ RunTime:0.000527s ]
INFO: [ app_begin ] --END-- [ RunTime:0.000586s ]
ERR: 非法操作:index.js.map

[ 2016-08-18T19:30:19+08:00 ] ::1 /weibo/Home/Topic/publish
INFO: [ app_init ] --START--
INFO: Run Behavior\BuildLiteBehavior [ RunTime:0.000010s ]
INFO: [ app_init ] --END-- [ RunTime:0.000222s ]
INFO: [ app_begin ] --START--
INFO: Run Behavior\ReadHtmlCacheBehavior [ RunTime:0.000281s ]
INFO: [ app_begin ] --END-- [ RunTime:0.000313s ]
INFO: [ app_end ] --START--
INFO: Run Behavior\ShowPageTraceBehavior [ RunTime:0.000330s ]
INFO: [ app_end ] --END-- [ RunTime:0.000363s ]

[ 2016-08-18T19:40:32+08:00 ] ::1 /weibo/Index/index.html
INFO: [ app_init ] --START--
INFO: Run Behavior\BuildLiteBehavior [ RunTime:0.000012s ]
INFO: [ app_init ] --END-- [ RunTime:0.000301s ]
INFO: [ app_begin ] --START--
INFO: Run Behavior\ReadHtmlCacheBehavior [ RunTime:0.000471s ]
INFO: [ app_begin ] --END-- [ RunTime:0.000532s ]
INFO: [ view_parse ] --START--
INFO: [ template_filter ] --START--
INFO: Run Behavior\ContentReplaceBehavior [ RunTime:0.000399s ]
INFO: [ template_filter ] --END-- [ RunTime:0.000786s ]
INFO: Run Behavior\ParseTemplateBehavior [ RunTime:0.027935s ]
INFO: [ view_parse ] --END-- [ RunTime:0.027992s ]
INFO: [ view_filter ] --START--
INFO: Run Behavior\WriteHtmlCacheBehavior [ RunTime:0.000276s ]
INFO: [ view_filter ] --END-- [ RunTime:0.000307s ]
INFO: [ app_end ] --START--
INFO: Run Behavior\ShowPageTraceBehavior [ RunTime:0.000370s ]
INFO: [ app_end ] --END-- [ RunTime:0.000403s ]

[ 2016-08-18T19:40:32+08:00 ] ::1 /weibo/Index/index.js.map
INFO: [ app_init ] --START--
INFO: Run Behavior\BuildLiteBehavior [ RunTime:0.000012s ]
INFO: [ app_init ] --END-- [ RunTime:0.000275s ]
INFO: [ app_begin ] --START--
INFO: Run Behavior\ReadHtmlCacheBehavior [ RunTime:0.000371s ]
INFO: [ app_begin ] --END-- [ RunTime:0.000411s ]
ERR: 非法操作:index.js.map

[ 2016-08-18T19:40:32+08:00 ] ::1 /weibo/Index/index.html
INFO: [ app_init ] --START--
INFO: Run Behavior\BuildLiteBehavior [ RunTime:0.000012s ]
INFO: [ app_init ] --END-- [ RunTime:0.000256s ]
INFO: [ app_begin ] --START--
INFO: Run Behavior\ReadHtmlCacheBehavior [ RunTime:0.000329s ]
INFO: [ app_begin ] --END-- [ RunTime:0.000375s ]
INFO: [ view_parse ] --START--
INFO: [ template_filter ] --START--
INFO: Run Behavior\ContentReplaceBehavior [ RunTime:0.000070s ]
INFO: [ template_filter ] --END-- [ RunTime:0.000115s ]
INFO: Run Behavior\ParseTemplateBehavior [ RunTime:0.006813s ]
INFO: [ view_parse ] --END-- [ RunTime:0.006856s ]
INFO: [ view_filter ] --START--
INFO: Run Behavior\WriteHtmlCacheBehavior [ RunTime:0.000236s ]
INFO: [ view_filter ] --END-- [ RunTime:0.000265s ]
INFO: [ app_end ] --START--
INFO: Run Behavior\ShowPageTraceBehavior [ RunTime:0.000396s ]
INFO: [ app_end ] --END-- [ RunTime:0.000437s ]

[ 2016-08-18T19:40:32+08:00 ] ::1 /weibo/Index/index.js.map
INFO: [ app_init ] --START--
INFO: Run Behavior\BuildLiteBehavior [ RunTime:0.000009s ]
INFO: [ app_init ] --END-- [ RunTime:0.000234s ]
INFO: [ app_begin ] --START--
INFO: Run Behavior\ReadHtmlCacheBehavior [ RunTime:0.000303s ]
INFO: [ app_begin ] --END-- [ RunTime:0.000341s ]
ERR: 非法操作:index.js.map

[ 2016-08-18T19:40:43+08:00 ] ::1 /weibo/Home/Topic/publish
INFO: [ app_init ] --START--
INFO: Run Behavior\BuildLiteBehavior [ RunTime:0.000015s ]
INFO: [ app_init ] --END-- [ RunTime:0.000334s ]
INFO: [ app_begin ] --START--
INFO: Run Behavior\ReadHtmlCacheBehavior [ RunTime:0.000315s ]
INFO: [ app_begin ] --END-- [ RunTime:0.000355s ]
SQL: DESCRIBE weibo_topic [ RunTime:0.010001s ]
ERR: Think\Model:pubish方法不存在！

[ 2016-08-18T19:41:33+08:00 ] ::1 /weibo/Index/index.html
INFO: [ app_init ] --START--
INFO: Run Behavior\BuildLiteBehavior [ RunTime:0.000019s ]
INFO: [ app_init ] --END-- [ RunTime:0.000436s ]
INFO: [ app_begin ] --START--
INFO: Run Behavior\ReadHtmlCacheBehavior [ RunTime:0.000635s ]
INFO: [ app_begin ] --END-- [ RunTime:0.000778s ]
INFO: [ view_parse ] --START--
INFO: [ template_filter ] --START--
INFO: Run Behavior\ContentReplaceBehavior [ RunTime:0.000069s ]
INFO: [ template_filter ] --END-- [ RunTime:0.000117s ]
INFO: Run Behavior\ParseTemplateBehavior [ RunTime:0.009543s ]
INFO: [ view_parse ] --END-- [ RunTime:0.009600s ]
INFO: [ view_filter ] --START--
INFO: Run Behavior\WriteHtmlCacheBehavior [ RunTime:0.000242s ]
INFO: [ view_filter ] --END-- [ RunTime:0.000286s ]
INFO: [ app_end ] --START--
INFO: Run Behavior\ShowPageTraceBehavior [ RunTime:0.000331s ]
INFO: [ app_end ] --END-- [ RunTime:0.000374s ]

[ 2016-08-18T19:41:34+08:00 ] ::1 /weibo/Index/index.js.map
INFO: [ app_init ] --START--
INFO: Run Behavior\BuildLiteBehavior [ RunTime:0.000012s ]
INFO: [ app_init ] --END-- [ RunTime:0.000244s ]
INFO: [ app_begin ] --START--
INFO: Run Behavior\ReadHtmlCacheBehavior [ RunTime:0.000638s ]
INFO: [ app_begin ] --END-- [ RunTime:0.000758s ]
ERR: 非法操作:index.js.map

[ 2016-08-18T19:41:35+08:00 ] ::1 /weibo/Home/Topic/publish
INFO: [ app_init ] --START--
INFO: Run Behavior\BuildLiteBehavior [ RunTime:0.000015s ]
INFO: [ app_init ] --END-- [ RunTime:0.000327s ]
INFO: [ app_begin ] --START--
INFO: Run Behavior\ReadHtmlCacheBehavior [ RunTime:0.000398s ]
INFO: [ app_begin ] --END-- [ RunTime:0.000438s ]
SQL: DESCRIBE weibo_topic [ RunTime:0.009009s ]
ERR: Think\Model:pubish方法不存在！

[ 2016-08-18T19:44:01+08:00 ] ::1 /weibo/Index/index.html
INFO: [ app_init ] --START--
INFO: Run Behavior\BuildLiteBehavior [ RunTime:0.000023s ]
INFO: [ app_init ] --END-- [ RunTime:0.000600s ]
INFO: [ app_begin ] --START--
INFO: Run Behavior\ReadHtmlCacheBehavior [ RunTime:0.000474s ]
INFO: [ app_begin ] --END-- [ RunTime:0.000524s ]
INFO: [ view_parse ] --START--
INFO: [ template_filter ] --START--
INFO: Run Behavior\ContentReplaceBehavior [ RunTime:0.000068s ]
INFO: [ template_filter ] --END-- [ RunTime:0.000112s ]
INFO: Run Behavior\ParseTemplateBehavior [ RunTime:0.006156s ]
INFO: [ view_parse ] --END-- [ RunTime:0.006204s ]
INFO: [ view_filter ] --START--
INFO: Run Behavior\WriteHtmlCacheBehavior [ RunTime:0.000251s ]
INFO: [ view_filter ] --END-- [ RunTime:0.000284s ]
INFO: [ app_end ] --START--
INFO: Run Behavior\ShowPageTraceBehavior [ RunTime:0.000365s ]
INFO: [ app_end ] --END-- [ RunTime:0.000398s ]

[ 2016-08-18T19:44:01+08:00 ] ::1 /weibo/Index/index.js.map
INFO: [ app_init ] --START--
INFO: Run Behavior\BuildLiteBehavior [ RunTime:0.000011s ]
INFO: [ app_init ] --END-- [ RunTime:0.000272s ]
INFO: [ app_begin ] --START--
INFO: Run Behavior\ReadHtmlCacheBehavior [ RunTime:0.001100s ]
INFO: [ app_begin ] --END-- [ RunTime:0.001202s ]
ERR: 非法操作:index.js.map

[ 2016-08-18T19:44:04+08:00 ] ::1 /weibo/Home/Topic/publish
INFO: [ app_init ] --START--
INFO: Run Behavior\BuildLiteBehavior [ RunTime:0.000013s ]
INFO: [ app_init ] --END-- [ RunTime:0.000268s ]
INFO: [ app_begin ] --START--
INFO: Run Behavior\ReadHtmlCacheBehavior [ RunTime:0.000284s ]
INFO: [ app_begin ] --END-- [ RunTime:0.000317s ]
SQL: DESCRIBE weibo_topic [ RunTime:0.030859s ]
INFO: [ app_end ] --START--
INFO: Run Behavior\ShowPageTraceBehavior [ RunTime:0.000428s ]
INFO: [ app_end ] --END-- [ RunTime:0.000464s ]

[ 2016-08-18T19:59:37+08:00 ] ::1 /weibo/Index/index.html
INFO: [ app_init ] --START--
INFO: Run Behavior\BuildLiteBehavior [ RunTime:0.000021s ]
INFO: [ app_init ] --END-- [ RunTime:0.000579s ]
INFO: [ app_begin ] --START--
INFO: Run Behavior\ReadHtmlCacheBehavior [ RunTime:0.000661s ]
INFO: [ app_begin ] --END-- [ RunTime:0.000736s ]
INFO: [ view_parse ] --START--
INFO: [ template_filter ] --START--
INFO: Run Behavior\ContentReplaceBehavior [ RunTime:0.000069s ]
INFO: [ template_filter ] --END-- [ RunTime:0.000114s ]
INFO: Run Behavior\ParseTemplateBehavior [ RunTime:0.006150s ]
INFO: [ view_parse ] --END-- [ RunTime:0.006211s ]
INFO: [ view_filter ] --START--
INFO: Run Behavior\WriteHtmlCacheBehavior [ RunTime:0.000283s ]
INFO: [ view_filter ] --END-- [ RunTime:0.000319s ]
INFO: [ app_end ] --START--
INFO: Run Behavior\ShowPageTraceBehavior [ RunTime:0.000389s ]
INFO: [ app_end ] --END-- [ RunTime:0.000424s ]

[ 2016-08-18T19:59:37+08:00 ] ::1 /weibo/Index/index.js.map
INFO: [ app_init ] --START--
INFO: Run Behavior\BuildLiteBehavior [ RunTime:0.000010s ]
INFO: [ app_init ] --END-- [ RunTime:0.000260s ]
INFO: [ app_begin ] --START--
INFO: Run Behavior\ReadHtmlCacheBehavior [ RunTime:0.000375s ]
INFO: [ app_begin ] --END-- [ RunTime:0.000415s ]
ERR: 非法操作:index.js.map

[ 2016-08-18T19:59:50+08:00 ] ::1 /weibo/Home/Topic/publish
INFO: [ app_init ] --START--
INFO: Run Behavior\BuildLiteBehavior [ RunTime:0.000011s ]
INFO: [ app_init ] --END-- [ RunTime:0.000262s ]
INFO: [ app_begin ] --START--
INFO: Run Behavior\ReadHtmlCacheBehavior [ RunTime:0.000296s ]
INFO: [ app_begin ] --END-- [ RunTime:0.000341s ]
SQL: DESCRIBE weibo_topic [ RunTime:0.016483s ]
INFO: [ app_end ] --START--
INFO: Run Behavior\ShowPageTraceBehavior [ RunTime:0.000428s ]
INFO: [ app_end ] --END-- [ RunTime:0.000464s ]

[ 2016-08-18T20:04:17+08:00 ] ::1 /weibo/Index/index.html
INFO: [ app_init ] --START--
INFO: Run Behavior\BuildLiteBehavior [ RunTime:0.000023s ]
INFO: [ app_init ] --END-- [ RunTime:0.000635s ]
INFO: [ app_begin ] --START--
INFO: Run Behavior\ReadHtmlCacheBehavior [ RunTime:0.000392s ]
INFO: [ app_begin ] --END-- [ RunTime:0.000441s ]
INFO: [ view_parse ] --START--
INFO: [ template_filter ] --START--
INFO: Run Behavior\ContentReplaceBehavior [ RunTime:0.000113s ]
INFO: [ template_filter ] --END-- [ RunTime:0.000188s ]
INFO: Run Behavior\ParseTemplateBehavior [ RunTime:0.008149s ]
INFO: [ view_parse ] --END-- [ RunTime:0.008211s ]
INFO: [ view_filter ] --START--
INFO: Run Behavior\WriteHtmlCacheBehavior [ RunTime:0.001967s ]
INFO: [ view_filter ] --END-- [ RunTime:0.002144s ]
INFO: [ app_end ] --START--
INFO: Run Behavior\ShowPageTraceBehavior [ RunTime:0.000728s ]
INFO: [ app_end ] --END-- [ RunTime:0.000800s ]

[ 2016-08-18T20:04:18+08:00 ] ::1 /weibo/Index/index.js.map
INFO: [ app_init ] --START--
INFO: Run Behavior\BuildLiteBehavior [ RunTime:0.000019s ]
INFO: [ app_init ] --END-- [ RunTime:0.000471s ]
INFO: [ app_begin ] --START--
INFO: Run Behavior\ReadHtmlCacheBehavior [ RunTime:0.000594s ]
INFO: [ app_begin ] --END-- [ RunTime:0.000669s ]
ERR: 非法操作:index.js.map

[ 2016-08-18T20:04:28+08:00 ] ::1 /weibo/Home/Topic/publish
INFO: [ app_init ] --START--
INFO: Run Behavior\BuildLiteBehavior [ RunTime:0.000009s ]
INFO: [ app_init ] --END-- [ RunTime:0.000248s ]
INFO: [ app_begin ] --START--
INFO: Run Behavior\ReadHtmlCacheBehavior [ RunTime:0.000295s ]
INFO: [ app_begin ] --END-- [ RunTime:0.000373s ]
SQL: DESCRIBE weibo_topic [ RunTime:0.015979s ]
SQL: INSERT INTO `weibo_topic` (`content`,`uid`,`ip`,`create`) VALUES ('$content$content$content$content$content$content$content$content$content$content$content$content$content$content$content$content$content$content$content$content$content$content$content$content$content$content$content$content$content$content$content',18,0,1471521868) [ RunTime:0.080284s ]
INFO: [ app_end ] --START--
INFO: Run Behavior\ShowPageTraceBehavior [ RunTime:0.000468s ]
INFO: [ app_end ] --END-- [ RunTime:0.000505s ]

[ 2016-08-18T20:11:06+08:00 ] ::1 /weibo/Index/index.html
INFO: [ app_init ] --START--
INFO: Run Behavior\BuildLiteBehavior [ RunTime:0.000012s ]
INFO: [ app_init ] --END-- [ RunTime:0.000295s ]
INFO: [ app_begin ] --START--
INFO: Run Behavior\ReadHtmlCacheBehavior [ RunTime:0.000383s ]
INFO: [ app_begin ] --END-- [ RunTime:0.000424s ]
INFO: [ view_parse ] --START--
INFO: [ template_filter ] --START--
INFO: Run Behavior\ContentReplaceBehavior [ RunTime:0.000074s ]
INFO: [ template_filter ] --END-- [ RunTime:0.000125s ]
INFO: Run Behavior\ParseTemplateBehavior [ RunTime:0.026604s ]
INFO: [ view_parse ] --END-- [ RunTime:0.026655s ]
INFO: [ view_filter ] --START--
INFO: Run Behavior\WriteHtmlCacheBehavior [ RunTime:0.000272s ]
INFO: [ view_filter ] --END-- [ RunTime:0.000305s ]
INFO: [ app_end ] --START--
INFO: Run Behavior\ShowPageTraceBehavior [ RunTime:0.000413s ]
INFO: [ app_end ] --END-- [ RunTime:0.000449s ]

[ 2016-08-18T20:11:06+08:00 ] ::1 /weibo/Index/index.js.map
INFO: [ app_init ] --START--
INFO: Run Behavior\BuildLiteBehavior [ RunTime:0.000013s ]
INFO: [ app_init ] --END-- [ RunTime:0.000347s ]
INFO: [ app_begin ] --START--
INFO: Run Behavior\ReadHtmlCacheBehavior [ RunTime:0.000546s ]
INFO: [ app_begin ] --END-- [ RunTime:0.000644s ]
ERR: 非法操作:index.js.map

[ 2016-08-18T20:11:07+08:00 ] ::1 /weibo/Home/Topic/publish
INFO: [ app_init ] --START--
INFO: Run Behavior\BuildLiteBehavior [ RunTime:0.000016s ]
INFO: [ app_init ] --END-- [ RunTime:0.000386s ]
INFO: [ app_begin ] --START--
INFO: Run Behavior\ReadHtmlCacheBehavior [ RunTime:0.000470s ]
INFO: [ app_begin ] --END-- [ RunTime:0.000538s ]
SQL: DESCRIBE weibo_topic [ RunTime:0.031089s ]
INFO: [ app_end ] --START--
INFO: Run Behavior\ShowPageTraceBehavior [ RunTime:0.000469s ]
INFO: [ app_end ] --END-- [ RunTime:0.000514s ]

[ 2016-08-18T20:11:46+08:00 ] ::1 /weibo/Index/index.html
INFO: [ app_init ] --START--
INFO: Run Behavior\BuildLiteBehavior [ RunTime:0.000012s ]
INFO: [ app_init ] --END-- [ RunTime:0.000261s ]
INFO: [ app_begin ] --START--
INFO: Run Behavior\ReadHtmlCacheBehavior [ RunTime:0.000529s ]
INFO: [ app_begin ] --END-- [ RunTime:0.000638s ]
INFO: [ view_parse ] --START--
INFO: [ template_filter ] --START--
INFO: Run Behavior\ContentReplaceBehavior [ RunTime:0.000075s ]
INFO: [ template_filter ] --END-- [ RunTime:0.000125s ]
INFO: Run Behavior\ParseTemplateBehavior [ RunTime:0.007346s ]
INFO: [ view_parse ] --END-- [ RunTime:0.007396s ]
INFO: [ view_filter ] --START--
INFO: Run Behavior\WriteHtmlCacheBehavior [ RunTime:0.000243s ]
INFO: [ view_filter ] --END-- [ RunTime:0.000272s ]
INFO: [ app_end ] --START--
INFO: Run Behavior\ShowPageTraceBehavior [ RunTime:0.000319s ]
INFO: [ app_end ] --END-- [ RunTime:0.000367s ]

[ 2016-08-18T20:11:46+08:00 ] ::1 /weibo/Index/index.js.map
INFO: [ app_init ] --START--
INFO: Run Behavior\BuildLiteBehavior [ RunTime:0.000019s ]
INFO: [ app_init ] --END-- [ RunTime:0.000470s ]
INFO: [ app_begin ] --START--
INFO: Run Behavior\ReadHtmlCacheBehavior [ RunTime:0.000693s ]
INFO: [ app_begin ] --END-- [ RunTime:0.000785s ]
ERR: 非法操作:index.js.map

[ 2016-08-18T20:11:47+08:00 ] ::1 /weibo/Home/Topic/publish
INFO: [ app_init ] --START--
INFO: Run Behavior\BuildLiteBehavior [ RunTime:0.000011s ]
INFO: [ app_init ] --END-- [ RunTime:0.000258s ]
INFO: [ app_begin ] --START--
INFO: Run Behavior\ReadHtmlCacheBehavior [ RunTime:0.000282s ]
INFO: [ app_begin ] --END-- [ RunTime:0.000315s ]
SQL: DESCRIBE weibo_topic [ RunTime:0.009975s ]
INFO: [ app_end ] --START--
INFO: Run Behavior\ShowPageTraceBehavior [ RunTime:0.000510s ]
INFO: [ app_end ] --END-- [ RunTime:0.000557s ]

[ 2016-08-18T20:14:41+08:00 ] ::1 /weibo/Index/index.html
INFO: [ app_init ] --START--
INFO: Run Behavior\BuildLiteBehavior [ RunTime:0.000011s ]
INFO: [ app_init ] --END-- [ RunTime:0.000283s ]
INFO: [ app_begin ] --START--
INFO: Run Behavior\ReadHtmlCacheBehavior [ RunTime:0.000384s ]
INFO: [ app_begin ] --END-- [ RunTime:0.000422s ]
INFO: [ view_parse ] --START--
INFO: [ template_filter ] --START--
INFO: Run Behavior\ContentReplaceBehavior [ RunTime:0.000073s ]
INFO: [ template_filter ] --END-- [ RunTime:0.000121s ]
INFO: Run Behavior\ParseTemplateBehavior [ RunTime:0.007887s ]
INFO: [ view_parse ] --END-- [ RunTime:0.007945s ]
INFO: [ view_filter ] --START--
INFO: Run Behavior\WriteHtmlCacheBehavior [ RunTime:0.000349s ]
INFO: [ view_filter ] --END-- [ RunTime:0.000398s ]
INFO: [ app_end ] --START--
INFO: Run Behavior\ShowPageTraceBehavior [ RunTime:0.000543s ]
INFO: [ app_end ] --END-- [ RunTime:0.000593s ]

[ 2016-08-18T20:14:42+08:00 ] ::1 /weibo/Index/index.js.map
INFO: [ app_init ] --START--
INFO: Run Behavior\BuildLiteBehavior [ RunTime:0.000011s ]
INFO: [ app_init ] --END-- [ RunTime:0.000270s ]
INFO: [ app_begin ] --START--
INFO: Run Behavior\ReadHtmlCacheBehavior [ RunTime:0.000380s ]
INFO: [ app_begin ] --END-- [ RunTime:0.000424s ]
ERR: 非法操作:index.js.map

[ 2016-08-18T20:14:42+08:00 ] ::1 /weibo/Home/Topic/publish
INFO: [ app_init ] --START--
INFO: Run Behavior\BuildLiteBehavior [ RunTime:0.000015s ]
INFO: [ app_init ] --END-- [ RunTime:0.000354s ]
INFO: [ app_begin ] --START--
INFO: Run Behavior\ReadHtmlCacheBehavior [ RunTime:0.000286s ]
INFO: [ app_begin ] --END-- [ RunTime:0.000317s ]
SQL: DESCRIBE weibo_topic [ RunTime:0.014918s ]
INFO: [ app_end ] --START--
INFO: Run Behavior\ShowPageTraceBehavior [ RunTime:0.000432s ]
INFO: [ app_end ] --END-- [ RunTime:0.000469s ]

[ 2016-08-18T20:19:34+08:00 ] ::1 /weibo/Index/index.html
INFO: [ app_init ] --START--
INFO: Run Behavior\BuildLiteBehavior [ RunTime:0.000010s ]
INFO: [ app_init ] --END-- [ RunTime:0.000258s ]
INFO: [ app_begin ] --START--
INFO: Run Behavior\ReadHtmlCacheBehavior [ RunTime:0.000362s ]
INFO: [ app_begin ] --END-- [ RunTime:0.000404s ]
INFO: [ view_parse ] --START--
INFO: [ template_filter ] --START--
INFO: Run Behavior\ContentReplaceBehavior [ RunTime:0.000074s ]
INFO: [ template_filter ] --END-- [ RunTime:0.000126s ]
INFO: Run Behavior\ParseTemplateBehavior [ RunTime:0.007900s ]
INFO: [ view_parse ] --END-- [ RunTime:0.008036s ]
INFO: [ view_filter ] --START--
INFO: Run Behavior\WriteHtmlCacheBehavior [ RunTime:0.000392s ]
INFO: [ view_filter ] --END-- [ RunTime:0.000441s ]
INFO: [ app_end ] --START--
INFO: Run Behavior\ShowPageTraceBehavior [ RunTime:0.000422s ]
INFO: [ app_end ] --END-- [ RunTime:0.000466s ]

[ 2016-08-18T20:19:34+08:00 ] ::1 /weibo/Index/index.js.map
INFO: [ app_init ] --START--
INFO: Run Behavior\BuildLiteBehavior [ RunTime:0.000013s ]
INFO: [ app_init ] --END-- [ RunTime:0.000360s ]
INFO: [ app_begin ] --START--
INFO: Run Behavior\ReadHtmlCacheBehavior [ RunTime:0.000458s ]
INFO: [ app_begin ] --END-- [ RunTime:0.000515s ]
ERR: 非法操作:index.js.map

[ 2016-08-18T20:19:35+08:00 ] ::1 /weibo/Home/Topic/publish
INFO: [ app_init ] --START--
INFO: Run Behavior\BuildLiteBehavior [ RunTime:0.000015s ]
INFO: [ app_init ] --END-- [ RunTime:0.000265s ]
INFO: [ app_begin ] --START--
INFO: Run Behavior\ReadHtmlCacheBehavior [ RunTime:0.000471s ]
INFO: [ app_begin ] --END-- [ RunTime:0.000554s ]
SQL: DESCRIBE weibo_topic [ RunTime:0.011097s ]
INFO: [ app_end ] --START--
INFO: Run Behavior\ShowPageTraceBehavior [ RunTime:0.000479s ]
INFO: [ app_end ] --END-- [ RunTime:0.000527s ]

[ 2016-08-18T20:20:28+08:00 ] ::1 /weibo/Index/index.html
INFO: [ app_init ] --START--
INFO: Run Behavior\BuildLiteBehavior [ RunTime:0.000018s ]
INFO: [ app_init ] --END-- [ RunTime:0.000416s ]
INFO: [ app_begin ] --START--
INFO: Run Behavior\ReadHtmlCacheBehavior [ RunTime:0.000609s ]
INFO: [ app_begin ] --END-- [ RunTime:0.000690s ]
INFO: [ view_parse ] --START--
INFO: [ template_filter ] --START--
INFO: Run Behavior\ContentReplaceBehavior [ RunTime:0.000075s ]
INFO: [ template_filter ] --END-- [ RunTime:0.000125s ]
INFO: Run Behavior\ParseTemplateBehavior [ RunTime:0.009885s ]
INFO: [ view_parse ] --END-- [ RunTime:0.009972s ]
INFO: [ view_filter ] --START--
INFO: Run Behavior\WriteHtmlCacheBehavior [ RunTime:0.000426s ]
INFO: [ view_filter ] --END-- [ RunTime:0.000486s ]
INFO: [ app_end ] --START--
INFO: Run Behavior\ShowPageTraceBehavior [ RunTime:0.000380s ]
INFO: [ app_end ] --END-- [ RunTime:0.000427s ]

[ 2016-08-18T20:20:28+08:00 ] ::1 /weibo/Index/index.js.map
INFO: [ app_init ] --START--
INFO: Run Behavior\BuildLiteBehavior [ RunTime:0.000017s ]
INFO: [ app_init ] --END-- [ RunTime:0.000481s ]
INFO: [ app_begin ] --START--
INFO: Run Behavior\ReadHtmlCacheBehavior [ RunTime:0.000388s ]
INFO: [ app_begin ] --END-- [ RunTime:0.000436s ]
ERR: 非法操作:index.js.map

[ 2016-08-18T20:20:29+08:00 ] ::1 /weibo/Home/Topic/publish
INFO: [ app_init ] --START--
INFO: Run Behavior\BuildLiteBehavior [ RunTime:0.000011s ]
INFO: [ app_init ] --END-- [ RunTime:0.000278s ]
INFO: [ app_begin ] --START--
INFO: Run Behavior\ReadHtmlCacheBehavior [ RunTime:0.000668s ]
INFO: [ app_begin ] --END-- [ RunTime:0.000790s ]
SQL: DESCRIBE weibo_topic [ RunTime:0.011113s ]
INFO: [ app_end ] --START--
INFO: Run Behavior\ShowPageTraceBehavior [ RunTime:0.000494s ]
INFO: [ app_end ] --END-- [ RunTime:0.000536s ]

[ 2016-08-18T21:59:46+08:00 ] ::1 /weibo/Login
INFO: [ app_init ] --START--
INFO: Run Behavior\BuildLiteBehavior [ RunTime:0.000019s ]
INFO: [ app_init ] --END-- [ RunTime:0.009091s ]
INFO: [ app_begin ] --START--
INFO: Run Behavior\ReadHtmlCacheBehavior [ RunTime:0.009310s ]
INFO: [ app_begin ] --END-- [ RunTime:0.009382s ]
INFO: [ view_parse ] --START--
INFO: [ template_filter ] --START--
INFO: Run Behavior\ContentReplaceBehavior [ RunTime:0.000064s ]
INFO: [ template_filter ] --END-- [ RunTime:0.000141s ]
INFO: Run Behavior\ParseTemplateBehavior [ RunTime:0.118475s ]
INFO: [ view_parse ] --END-- [ RunTime:0.118538s ]
INFO: [ view_filter ] --START--
INFO: Run Behavior\WriteHtmlCacheBehavior [ RunTime:0.005159s ]
INFO: [ view_filter ] --END-- [ RunTime:0.005210s ]
INFO: [ app_end ] --START--
INFO: Run Behavior\ShowPageTraceBehavior [ RunTime:0.006172s ]
INFO: [ app_end ] --END-- [ RunTime:0.006244s ]

[ 2016-08-18T21:59:47+08:00 ] ::1 /weibo/Login/verify.html
INFO: [ app_init ] --START--
INFO: Run Behavior\BuildLiteBehavior [ RunTime:0.000018s ]
INFO: [ app_init ] --END-- [ RunTime:0.000379s ]
INFO: [ app_begin ] --START--
INFO: Run Behavior\ReadHtmlCacheBehavior [ RunTime:0.000484s ]
INFO: [ app_begin ] --END-- [ RunTime:0.000548s ]
INFO: [ app_end ] --START--
INFO: Run Behavior\ShowPageTraceBehavior [ RunTime:0.000773s ]
INFO: [ app_end ] --END-- [ RunTime:0.000884s ]

[ 2016-08-18T22:00:01+08:00 ] ::1 /weibo/Home/User/checkVerify
INFO: [ app_init ] --START--
INFO: Run Behavior\BuildLiteBehavior [ RunTime:0.000023s ]
INFO: [ app_init ] --END-- [ RunTime:0.000350s ]
INFO: [ app_begin ] --START--
INFO: Run Behavior\ReadHtmlCacheBehavior [ RunTime:0.000370s ]
INFO: [ app_begin ] --END-- [ RunTime:0.000419s ]
ERR: SQLSTATE[HY000] [2002] Ŀܾ޷ӡ


[ 2016-08-18T22:00:11+08:00 ] ::1 /weibo/Login
INFO: [ app_init ] --START--
INFO: Run Behavior\BuildLiteBehavior [ RunTime:0.000015s ]
INFO: [ app_init ] --END-- [ RunTime:0.000264s ]
INFO: [ app_begin ] --START--
INFO: Run Behavior\ReadHtmlCacheBehavior [ RunTime:0.000461s ]
INFO: [ app_begin ] --END-- [ RunTime:0.000510s ]
INFO: [ view_parse ] --START--
INFO: [ template_filter ] --START--
INFO: Run Behavior\ContentReplaceBehavior [ RunTime:0.000095s ]
INFO: [ template_filter ] --END-- [ RunTime:0.000158s ]
INFO: Run Behavior\ParseTemplateBehavior [ RunTime:0.007354s ]
INFO: [ view_parse ] --END-- [ RunTime:0.007424s ]
INFO: [ view_filter ] --START--
INFO: Run Behavior\WriteHtmlCacheBehavior [ RunTime:0.000275s ]
INFO: [ view_filter ] --END-- [ RunTime:0.000312s ]
INFO: [ app_end ] --START--
INFO: Run Behavior\ShowPageTraceBehavior [ RunTime:0.000382s ]
INFO: [ app_end ] --END-- [ RunTime:0.000414s ]

[ 2016-08-18T22:00:11+08:00 ] ::1 /weibo/Login/verify.html
INFO: [ app_init ] --START--
INFO: Run Behavior\BuildLiteBehavior [ RunTime:0.000016s ]
INFO: [ app_init ] --END-- [ RunTime:0.000408s ]
INFO: [ app_begin ] --START--
INFO: Run Behavior\ReadHtmlCacheBehavior [ RunTime:0.000568s ]
INFO: [ app_begin ] --END-- [ RunTime:0.000630s ]
INFO: [ app_end ] --START--
INFO: Run Behavior\ShowPageTraceBehavior [ RunTime:0.000712s ]
INFO: [ app_end ] --END-- [ RunTime:0.000817s ]

[ 2016-08-18T22:03:49+08:00 ] ::1 /weibo/Home/User/checkVerify
INFO: [ app_init ] --START--
INFO: Run Behavior\BuildLiteBehavior [ RunTime:0.000010s ]
INFO: [ app_init ] --END-- [ RunTime:0.000264s ]
INFO: [ app_begin ] --START--
INFO: Run Behavior\ReadHtmlCacheBehavior [ RunTime:0.000359s ]
INFO: [ app_begin ] --END-- [ RunTime:0.000393s ]
ERR: SQLSTATE[HY000] [2002] Ŀܾ޷ӡ


[ 2016-08-18T22:04:24+08:00 ] ::1 /weibo/Login
INFO: [ app_init ] --START--
INFO: Run Behavior\BuildLiteBehavior [ RunTime:0.000011s ]
INFO: [ app_init ] --END-- [ RunTime:0.000258s ]
INFO: [ app_begin ] --START--
INFO: Run Behavior\ReadHtmlCacheBehavior [ RunTime:0.000334s ]
INFO: [ app_begin ] --END-- [ RunTime:0.000370s ]
INFO: [ view_parse ] --START--
INFO: [ template_filter ] --START--
INFO: Run Behavior\ContentReplaceBehavior [ RunTime:0.000053s ]
INFO: [ template_filter ] --END-- [ RunTime:0.000092s ]
INFO: Run Behavior\ParseTemplateBehavior [ RunTime:0.021423s ]
INFO: [ view_parse ] --END-- [ RunTime:0.021469s ]
INFO: [ view_filter ] --START--
INFO: Run Behavior\WriteHtmlCacheBehavior [ RunTime:0.000244s ]
INFO: [ view_filter ] --END-- [ RunTime:0.000272s ]
INFO: [ app_end ] --START--
INFO: Run Behavior\ShowPageTraceBehavior [ RunTime:0.000386s ]
INFO: [ app_end ] --END-- [ RunTime:0.000417s ]

[ 2016-08-18T22:04:24+08:00 ] ::1 /weibo/Login/verify.html
INFO: [ app_init ] --START--
INFO: Run Behavior\BuildLiteBehavior [ RunTime:0.000017s ]
INFO: [ app_init ] --END-- [ RunTime:0.000432s ]
INFO: [ app_begin ] --START--
INFO: Run Behavior\ReadHtmlCacheBehavior [ RunTime:0.000490s ]
INFO: [ app_begin ] --END-- [ RunTime:0.000552s ]
INFO: [ app_end ] --START--
INFO: Run Behavior\ShowPageTraceBehavior [ RunTime:0.000756s ]
INFO: [ app_end ] --END-- [ RunTime:0.000859s ]

[ 2016-08-18T22:04:24+08:00 ] ::1 /weibo/Login
INFO: [ app_init ] --START--
INFO: Run Behavior\BuildLiteBehavior [ RunTime:0.000009s ]
INFO: [ app_init ] --END-- [ RunTime:0.000225s ]
INFO: [ app_begin ] --START--
INFO: Run Behavior\ReadHtmlCacheBehavior [ RunTime:0.000293s ]
INFO: [ app_begin ] --END-- [ RunTime:0.000328s ]
INFO: [ view_parse ] --START--
INFO: [ template_filter ] --START--
INFO: Run Behavior\ContentReplaceBehavior [ RunTime:0.000050s ]
INFO: [ template_filter ] --END-- [ RunTime:0.000087s ]
INFO: Run Behavior\ParseTemplateBehavior [ RunTime:0.004310s ]
INFO: [ view_parse ] --END-- [ RunTime:0.004351s ]
INFO: [ view_filter ] --START--
INFO: Run Behavior\WriteHtmlCacheBehavior [ RunTime:0.000280s ]
INFO: [ view_filter ] --END-- [ RunTime:0.000310s ]
INFO: [ app_end ] --START--
INFO: Run Behavior\ShowPageTraceBehavior [ RunTime:0.000347s ]
INFO: [ app_end ] --END-- [ RunTime:0.000388s ]

[ 2016-08-18T22:04:25+08:00 ] ::1 /weibo/Login/verify.html
INFO: [ app_init ] --START--
INFO: Run Behavior\BuildLiteBehavior [ RunTime:0.000018s ]
INFO: [ app_init ] --END-- [ RunTime:0.000428s ]
INFO: [ app_begin ] --START--
INFO: Run Behavior\ReadHtmlCacheBehavior [ RunTime:0.000635s ]
INFO: [ app_begin ] --END-- [ RunTime:0.000709s ]
INFO: [ app_end ] --START--
INFO: Run Behavior\ShowPageTraceBehavior [ RunTime:0.001002s ]
INFO: [ app_end ] --END-- [ RunTime:0.001127s ]

[ 2016-08-18T22:04:25+08:00 ] ::1 /weibo/Login
INFO: [ app_init ] --START--
INFO: Run Behavior\BuildLiteBehavior [ RunTime:0.000010s ]
INFO: [ app_init ] --END-- [ RunTime:0.000228s ]
INFO: [ app_begin ] --START--
INFO: Run Behavior\ReadHtmlCacheBehavior [ RunTime:0.000290s ]
INFO: [ app_begin ] --END-- [ RunTime:0.000327s ]
INFO: [ view_parse ] --START--
INFO: [ template_filter ] --START--
INFO: Run Behavior\ContentReplaceBehavior [ RunTime:0.000076s ]
INFO: [ template_filter ] --END-- [ RunTime:0.000122s ]
INFO: Run Behavior\ParseTemplateBehavior [ RunTime:0.004671s ]
INFO: [ view_parse ] --END-- [ RunTime:0.004714s ]
INFO: [ view_filter ] --START--
INFO: Run Behavior\WriteHtmlCacheBehavior [ RunTime:0.000212s ]
INFO: [ view_filter ] --END-- [ RunTime:0.000240s ]
INFO: [ app_end ] --START--
INFO: Run Behavior\ShowPageTraceBehavior [ RunTime:0.000303s ]
INFO: [ app_end ] --END-- [ RunTime:0.000333s ]

[ 2016-08-18T22:04:25+08:00 ] ::1 /weibo/Login/verify.html
INFO: [ app_init ] --START--
INFO: Run Behavior\BuildLiteBehavior [ RunTime:0.000013s ]
INFO: [ app_init ] --END-- [ RunTime:0.000414s ]
INFO: [ app_begin ] --START--
INFO: Run Behavior\ReadHtmlCacheBehavior [ RunTime:0.000430s ]
INFO: [ app_begin ] --END-- [ RunTime:0.000488s ]
INFO: [ app_end ] --START--
INFO: Run Behavior\ShowPageTraceBehavior [ RunTime:0.000658s ]
INFO: [ app_end ] --END-- [ RunTime:0.000755s ]

[ 2016-08-18T22:04:30+08:00 ] ::1 /weibo/Index
INFO: [ app_init ] --START--
INFO: Run Behavior\BuildLiteBehavior [ RunTime:0.000016s ]
INFO: [ app_init ] --END-- [ RunTime:0.000372s ]
INFO: [ app_begin ] --START--
INFO: Run Behavior\ReadHtmlCacheBehavior [ RunTime:0.000309s ]
INFO: [ app_begin ] --END-- [ RunTime:0.000353s ]
NOTIC: [8] Undefined offset: 1 G:\php\www\weibo\App\Home\Controller\HomeController.class.php 第 18 行.

[ 2016-08-18T22:04:30+08:00 ] ::1 /weibo/Login/index.html
INFO: [ app_init ] --START--
INFO: Run Behavior\BuildLiteBehavior [ RunTime:0.000010s ]
INFO: [ app_init ] --END-- [ RunTime:0.000243s ]
INFO: [ app_begin ] --START--
INFO: Run Behavior\ReadHtmlCacheBehavior [ RunTime:0.000283s ]
INFO: [ app_begin ] --END-- [ RunTime:0.000317s ]
INFO: [ view_parse ] --START--
INFO: [ template_filter ] --START--
INFO: Run Behavior\ContentReplaceBehavior [ RunTime:0.000056s ]
INFO: [ template_filter ] --END-- [ RunTime:0.000099s ]
INFO: Run Behavior\ParseTemplateBehavior [ RunTime:0.004586s ]
INFO: [ view_parse ] --END-- [ RunTime:0.004658s ]
INFO: [ view_filter ] --START--
INFO: Run Behavior\WriteHtmlCacheBehavior [ RunTime:0.000372s ]
INFO: [ view_filter ] --END-- [ RunTime:0.000420s ]
INFO: [ app_end ] --START--
INFO: Run Behavior\ShowPageTraceBehavior [ RunTime:0.000519s ]
INFO: [ app_end ] --END-- [ RunTime:0.000559s ]

[ 2016-08-18T22:04:30+08:00 ] ::1 /weibo/Login/verify.html
INFO: [ app_init ] --START--
INFO: Run Behavior\BuildLiteBehavior [ RunTime:0.000011s ]
INFO: [ app_init ] --END-- [ RunTime:0.000251s ]
INFO: [ app_begin ] --START--
INFO: Run Behavior\ReadHtmlCacheBehavior [ RunTime:0.000317s ]
INFO: [ app_begin ] --END-- [ RunTime:0.000362s ]
INFO: [ app_end ] --START--
INFO: Run Behavior\ShowPageTraceBehavior [ RunTime:0.000394s ]
INFO: [ app_end ] --END-- [ RunTime:0.000456s ]

[ 2016-08-18T22:04:50+08:00 ] ::1 /weibo/Login/index.html
INFO: [ app_init ] --START--
INFO: Run Behavior\BuildLiteBehavior [ RunTime:0.000017s ]
INFO: [ app_init ] --END-- [ RunTime:0.000419s ]
INFO: [ app_begin ] --START--
INFO: Run Behavior\ReadHtmlCacheBehavior [ RunTime:0.000379s ]
INFO: [ app_begin ] --END-- [ RunTime:0.000447s ]
INFO: [ view_parse ] --START--
INFO: [ template_filter ] --START--
INFO: Run Behavior\ContentReplaceBehavior [ RunTime:0.000062s ]
INFO: [ template_filter ] --END-- [ RunTime:0.000118s ]
INFO: Run Behavior\ParseTemplateBehavior [ RunTime:0.005667s ]
INFO: [ view_parse ] --END-- [ RunTime:0.005717s ]
INFO: [ view_filter ] --START--
INFO: Run Behavior\WriteHtmlCacheBehavior [ RunTime:0.000156s ]
INFO: [ view_filter ] --END-- [ RunTime:0.000183s ]
INFO: [ app_end ] --START--
INFO: Run Behavior\ShowPageTraceBehavior [ RunTime:0.000301s ]
INFO: [ app_end ] --END-- [ RunTime:0.000330s ]

[ 2016-08-18T22:04:50+08:00 ] ::1 /weibo/Login/verify.html
INFO: [ app_init ] --START--
INFO: Run Behavior\BuildLiteBehavior [ RunTime:0.000017s ]
INFO: [ app_init ] --END-- [ RunTime:0.000398s ]
INFO: [ app_begin ] --START--
INFO: Run Behavior\ReadHtmlCacheBehavior [ RunTime:0.000467s ]
INFO: [ app_begin ] --END-- [ RunTime:0.000527s ]
INFO: [ app_end ] --START--
INFO: Run Behavior\ShowPageTraceBehavior [ RunTime:0.000555s ]
INFO: [ app_end ] --END-- [ RunTime:0.000643s ]

[ 2016-08-18T22:04:50+08:00 ] ::1 /weibo/Login/index.html
INFO: [ app_init ] --START--
INFO: Run Behavior\BuildLiteBehavior [ RunTime:0.000010s ]
INFO: [ app_init ] --END-- [ RunTime:0.000254s ]
INFO: [ app_begin ] --START--
INFO: Run Behavior\ReadHtmlCacheBehavior [ RunTime:0.000323s ]
INFO: [ app_begin ] --END-- [ RunTime:0.000360s ]
INFO: [ view_parse ] --START--
INFO: [ template_filter ] --START--
INFO: Run Behavior\ContentReplaceBehavior [ RunTime:0.000054s ]
INFO: [ template_filter ] --END-- [ RunTime:0.000096s ]
INFO: Run Behavior\ParseTemplateBehavior [ RunTime:0.004241s ]
INFO: [ view_parse ] --END-- [ RunTime:0.004283s ]
INFO: [ view_filter ] --START--
INFO: Run Behavior\WriteHtmlCacheBehavior [ RunTime:0.000152s ]
INFO: [ view_filter ] --END-- [ RunTime:0.000181s ]
INFO: [ app_end ] --START--
INFO: Run Behavior\ShowPageTraceBehavior [ RunTime:0.000343s ]
INFO: [ app_end ] --END-- [ RunTime:0.000373s ]

[ 2016-08-18T22:04:50+08:00 ] ::1 /weibo/Login/verify.html
INFO: [ app_init ] --START--
INFO: Run Behavior\BuildLiteBehavior [ RunTime:0.000011s ]
INFO: [ app_init ] --END-- [ RunTime:0.000249s ]
INFO: [ app_begin ] --START--
INFO: Run Behavior\ReadHtmlCacheBehavior [ RunTime:0.000417s ]
INFO: [ app_begin ] --END-- [ RunTime:0.000456s ]
INFO: [ app_end ] --START--
INFO: Run Behavior\ShowPageTraceBehavior [ RunTime:0.000499s ]
INFO: [ app_end ] --END-- [ RunTime:0.000574s ]

[ 2016-08-18T22:05:00+08:00 ] ::1 /weibo/Home/User/checkVerify
INFO: [ app_init ] --START--
INFO: Run Behavior\BuildLiteBehavior [ RunTime:0.000010s ]
INFO: [ app_init ] --END-- [ RunTime:0.000231s ]
INFO: [ app_begin ] --START--
INFO: Run Behavior\ReadHtmlCacheBehavior [ RunTime:0.000304s ]
INFO: [ app_begin ] --END-- [ RunTime:0.000361s ]
ERR: SQLSTATE[HY000] [2002] Ŀܾ޷ӡ


[ 2016-08-18T22:05:02+08:00 ] ::1 /weibo/Login/index.html
INFO: [ app_init ] --START--
INFO: Run Behavior\BuildLiteBehavior [ RunTime:0.000020s ]
INFO: [ app_init ] --END-- [ RunTime:0.000264s ]
INFO: [ app_begin ] --START--
INFO: Run Behavior\ReadHtmlCacheBehavior [ RunTime:0.000300s ]
INFO: [ app_begin ] --END-- [ RunTime:0.000340s ]
INFO: [ view_parse ] --START--
INFO: [ template_filter ] --START--
INFO: Run Behavior\ContentReplaceBehavior [ RunTime:0.000054s ]
INFO: [ template_filter ] --END-- [ RunTime:0.000153s ]
INFO: Run Behavior\ParseTemplateBehavior [ RunTime:0.004580s ]
INFO: [ view_parse ] --END-- [ RunTime:0.004624s ]
INFO: [ view_filter ] --START--
INFO: Run Behavior\WriteHtmlCacheBehavior [ RunTime:0.000238s ]
INFO: [ view_filter ] --END-- [ RunTime:0.000269s ]
INFO: [ app_end ] --START--
INFO: Run Behavior\ShowPageTraceBehavior [ RunTime:0.000318s ]
INFO: [ app_end ] --END-- [ RunTime:0.000349s ]

[ 2016-08-18T22:05:02+08:00 ] ::1 /weibo/Login/verify.html
INFO: [ app_init ] --START--
INFO: Run Behavior\BuildLiteBehavior [ RunTime:0.000012s ]
INFO: [ app_init ] --END-- [ RunTime:0.000292s ]
INFO: [ app_begin ] --START--
INFO: Run Behavior\ReadHtmlCacheBehavior [ RunTime:0.000390s ]
INFO: [ app_begin ] --END-- [ RunTime:0.000433s ]
INFO: [ app_end ] --START--
INFO: Run Behavior\ShowPageTraceBehavior [ RunTime:0.000773s ]
INFO: [ app_end ] --END-- [ RunTime:0.000885s ]

[ 2016-08-18T22:05:03+08:00 ] ::1 /weibo/Login/index.html
INFO: [ app_init ] --START--
INFO: Run Behavior\BuildLiteBehavior [ RunTime:0.000016s ]
INFO: [ app_init ] --END-- [ RunTime:0.000396s ]
INFO: [ app_begin ] --START--
INFO: Run Behavior\ReadHtmlCacheBehavior [ RunTime:0.000311s ]
INFO: [ app_begin ] --END-- [ RunTime:0.000350s ]
INFO: [ view_parse ] --START--
INFO: [ template_filter ] --START--
INFO: Run Behavior\ContentReplaceBehavior [ RunTime:0.000055s ]
INFO: [ template_filter ] --END-- [ RunTime:0.000102s ]
INFO: Run Behavior\ParseTemplateBehavior [ RunTime:0.005021s ]
INFO: [ view_parse ] --END-- [ RunTime:0.005064s ]
INFO: [ view_filter ] --START--
INFO: Run Behavior\WriteHtmlCacheBehavior [ RunTime:0.000220s ]
INFO: [ view_filter ] --END-- [ RunTime:0.000248s ]
INFO: [ app_end ] --START--
INFO: Run Behavior\ShowPageTraceBehavior [ RunTime:0.000302s ]
INFO: [ app_end ] --END-- [ RunTime:0.000332s ]

[ 2016-08-18T22:05:03+08:00 ] ::1 /weibo/Login/verify.html
INFO: [ app_init ] --START--
INFO: Run Behavior\BuildLiteBehavior [ RunTime:0.000011s ]
INFO: [ app_init ] --END-- [ RunTime:0.000240s ]
INFO: [ app_begin ] --START--
INFO: Run Behavior\ReadHtmlCacheBehavior [ RunTime:0.000310s ]
INFO: [ app_begin ] --END-- [ RunTime:0.000350s ]
INFO: [ app_end ] --START--
INFO: Run Behavior\ShowPageTraceBehavior [ RunTime:0.000616s ]
INFO: [ app_end ] --END-- [ RunTime:0.000722s ]

[ 2016-08-18T22:05:37+08:00 ] ::1 /weibo/Login/index.html
INFO: [ app_init ] --START--
INFO: Run Behavior\BuildLiteBehavior [ RunTime:0.000010s ]
INFO: [ app_init ] --END-- [ RunTime:0.000242s ]
INFO: [ app_begin ] --START--
INFO: Run Behavior\ReadHtmlCacheBehavior [ RunTime:0.000298s ]
INFO: [ app_begin ] --END-- [ RunTime:0.000336s ]
INFO: [ view_parse ] --START--
INFO: [ template_filter ] --START--
INFO: Run Behavior\ContentReplaceBehavior [ RunTime:0.000053s ]
INFO: [ template_filter ] --END-- [ RunTime:0.000096s ]
INFO: Run Behavior\ParseTemplateBehavior [ RunTime:0.004342s ]
INFO: [ view_parse ] --END-- [ RunTime:0.004382s ]
INFO: [ view_filter ] --START--
INFO: Run Behavior\WriteHtmlCacheBehavior [ RunTime:0.000190s ]
INFO: [ view_filter ] --END-- [ RunTime:0.000228s ]
INFO: [ app_end ] --START--
INFO: Run Behavior\ShowPageTraceBehavior [ RunTime:0.000298s ]
INFO: [ app_end ] --END-- [ RunTime:0.000329s ]

[ 2016-08-18T22:05:37+08:00 ] ::1 /weibo/Login/verify.html
INFO: [ app_init ] --START--
INFO: Run Behavior\BuildLiteBehavior [ RunTime:0.000018s ]
INFO: [ app_init ] --END-- [ RunTime:0.000391s ]
INFO: [ app_begin ] --START--
INFO: Run Behavior\ReadHtmlCacheBehavior [ RunTime:0.000511s ]
INFO: [ app_begin ] --END-- [ RunTime:0.000585s ]
INFO: [ app_end ] --START--
INFO: Run Behavior\ShowPageTraceBehavior [ RunTime:0.000387s ]
INFO: [ app_end ] --END-- [ RunTime:0.000449s ]

[ 2016-08-18T22:05:40+08:00 ] ::1 /weibo/Login/index.html
INFO: [ app_init ] --START--
INFO: Run Behavior\BuildLiteBehavior [ RunTime:0.000021s ]
INFO: [ app_init ] --END-- [ RunTime:0.000377s ]
INFO: [ app_begin ] --START--
INFO: Run Behavior\ReadHtmlCacheBehavior [ RunTime:0.000522s ]
INFO: [ app_begin ] --END-- [ RunTime:0.000623s ]
INFO: [ view_parse ] --START--
INFO: [ template_filter ] --START--
INFO: Run Behavior\ContentReplaceBehavior [ RunTime:0.000082s ]
INFO: [ template_filter ] --END-- [ RunTime:0.000167s ]
INFO: Run Behavior\ParseTemplateBehavior [ RunTime:0.007601s ]
INFO: [ view_parse ] --END-- [ RunTime:0.007668s ]
INFO: [ view_filter ] --START--
INFO: Run Behavior\WriteHtmlCacheBehavior [ RunTime:0.000250s ]
INFO: [ view_filter ] --END-- [ RunTime:0.000281s ]
INFO: [ app_end ] --START--
INFO: Run Behavior\ShowPageTraceBehavior [ RunTime:0.000447s ]
INFO: [ app_end ] --END-- [ RunTime:0.000494s ]

[ 2016-08-18T22:05:40+08:00 ] ::1 /weibo/Login/verify.html
INFO: [ app_init ] --START--
INFO: Run Behavior\BuildLiteBehavior [ RunTime:0.000017s ]
INFO: [ app_init ] --END-- [ RunTime:0.000354s ]
INFO: [ app_begin ] --START--
INFO: Run Behavior\ReadHtmlCacheBehavior [ RunTime:0.000357s ]
INFO: [ app_begin ] --END-- [ RunTime:0.000401s ]
INFO: [ app_end ] --START--
INFO: Run Behavior\ShowPageTraceBehavior [ RunTime:0.000402s ]
INFO: [ app_end ] --END-- [ RunTime:0.000474s ]

[ 2016-08-18T22:05:40+08:00 ] ::1 /weibo/Login/index.js.map
INFO: [ app_init ] --START--
INFO: Run Behavior\BuildLiteBehavior [ RunTime:0.000010s ]
INFO: [ app_init ] --END-- [ RunTime:0.000261s ]
INFO: [ app_begin ] --START--
INFO: Run Behavior\ReadHtmlCacheBehavior [ RunTime:0.000329s ]
INFO: [ app_begin ] --END-- [ RunTime:0.000367s ]
ERR: 非法操作:index.js.map

[ 2016-08-18T22:05:51+08:00 ] ::1 /weibo/Home/User/checkVerify
INFO: [ app_init ] --START--
INFO: Run Behavior\BuildLiteBehavior [ RunTime:0.000010s ]
INFO: [ app_init ] --END-- [ RunTime:0.000228s ]
INFO: [ app_begin ] --START--
INFO: Run Behavior\ReadHtmlCacheBehavior [ RunTime:0.000285s ]
INFO: [ app_begin ] --END-- [ RunTime:0.000317s ]
ERR: SQLSTATE[HY000] [2002] Ŀܾ޷ӡ


[ 2016-08-18T22:06:18+08:00 ] ::1 /weibo/Home/User/checkVerify
INFO: [ app_init ] --START--
INFO: Run Behavior\BuildLiteBehavior [ RunTime:0.000010s ]
INFO: [ app_init ] --END-- [ RunTime:0.000229s ]
INFO: [ app_begin ] --START--
INFO: Run Behavior\ReadHtmlCacheBehavior [ RunTime:0.000291s ]
INFO: [ app_begin ] --END-- [ RunTime:0.000336s ]
ERR: SQLSTATE[HY000] [2002] Ŀܾ޷ӡ


[ 2016-08-18T22:06:20+08:00 ] ::1 /weibo/Home/User/checkVerify
INFO: [ app_init ] --START--
INFO: Run Behavior\BuildLiteBehavior [ RunTime:0.000011s ]
INFO: [ app_init ] --END-- [ RunTime:0.000278s ]
INFO: [ app_begin ] --START--
INFO: Run Behavior\ReadHtmlCacheBehavior [ RunTime:0.000331s ]
INFO: [ app_begin ] --END-- [ RunTime:0.000370s ]
ERR: SQLSTATE[HY000] [2002] Ŀܾ޷ӡ


[ 2016-08-18T22:06:22+08:00 ] ::1 /weibo/Home/User/checkVerify
INFO: [ app_init ] --START--
INFO: Run Behavior\BuildLiteBehavior [ RunTime:0.000019s ]
INFO: [ app_init ] --END-- [ RunTime:0.000422s ]
INFO: [ app_begin ] --START--
INFO: Run Behavior\ReadHtmlCacheBehavior [ RunTime:0.000402s ]
INFO: [ app_begin ] --END-- [ RunTime:0.000461s ]
ERR: SQLSTATE[HY000] [2002] Ŀܾ޷ӡ


[ 2016-08-18T22:06:24+08:00 ] ::1 /weibo/Home/User/checkVerify
INFO: [ app_init ] --START--
INFO: Run Behavior\BuildLiteBehavior [ RunTime:0.000009s ]
INFO: [ app_init ] --END-- [ RunTime:0.000227s ]
INFO: [ app_begin ] --START--
INFO: Run Behavior\ReadHtmlCacheBehavior [ RunTime:0.000289s ]
INFO: [ app_begin ] --END-- [ RunTime:0.000323s ]
ERR: SQLSTATE[HY000] [2002] Ŀܾ޷ӡ


[ 2016-08-18T22:06:26+08:00 ] ::1 /weibo/Home/User/checkVerify
INFO: [ app_init ] --START--
INFO: Run Behavior\BuildLiteBehavior [ RunTime:0.000011s ]
INFO: [ app_init ] --END-- [ RunTime:0.000283s ]
INFO: [ app_begin ] --START--
INFO: Run Behavior\ReadHtmlCacheBehavior [ RunTime:0.000426s ]
INFO: [ app_begin ] --END-- [ RunTime:0.000465s ]
ERR: SQLSTATE[HY000] [2002] Ŀܾ޷ӡ


[ 2016-08-18T22:07:28+08:00 ] ::1 /weibo/Login/index.html
INFO: [ app_init ] --START--
INFO: Run Behavior\BuildLiteBehavior [ RunTime:0.000012s ]
INFO: [ app_init ] --END-- [ RunTime:0.000286s ]
INFO: [ app_begin ] --START--
INFO: Run Behavior\ReadHtmlCacheBehavior [ RunTime:0.000542s ]
INFO: [ app_begin ] --END-- [ RunTime:0.000588s ]
INFO: [ view_parse ] --START--
INFO: [ template_filter ] --START--
INFO: Run Behavior\ContentReplaceBehavior [ RunTime:0.000060s ]
INFO: [ template_filter ] --END-- [ RunTime:0.000114s ]
INFO: Run Behavior\ParseTemplateBehavior [ RunTime:0.006347s ]
INFO: [ view_parse ] --END-- [ RunTime:0.006418s ]
INFO: [ view_filter ] --START--
INFO: Run Behavior\WriteHtmlCacheBehavior [ RunTime:0.000286s ]
INFO: [ view_filter ] --END-- [ RunTime:0.000315s ]
INFO: [ app_end ] --START--
INFO: Run Behavior\ShowPageTraceBehavior [ RunTime:0.000355s ]
INFO: [ app_end ] --END-- [ RunTime:0.000385s ]

[ 2016-08-18T22:07:28+08:00 ] ::1 /weibo/Login/verify.html
INFO: [ app_init ] --START--
INFO: Run Behavior\BuildLiteBehavior [ RunTime:0.000012s ]
INFO: [ app_init ] --END-- [ RunTime:0.000298s ]
INFO: [ app_begin ] --START--
INFO: Run Behavior\ReadHtmlCacheBehavior [ RunTime:0.000386s ]
INFO: [ app_begin ] --END-- [ RunTime:0.000429s ]
INFO: [ app_end ] --START--
INFO: Run Behavior\ShowPageTraceBehavior [ RunTime:0.000582s ]
INFO: [ app_end ] --END-- [ RunTime:0.000671s ]

[ 2016-08-18T22:07:29+08:00 ] ::1 /weibo/Login/index.js.map
INFO: [ app_init ] --START--
INFO: Run Behavior\BuildLiteBehavior [ RunTime:0.000013s ]
INFO: [ app_init ] --END-- [ RunTime:0.000323s ]
INFO: [ app_begin ] --START--
INFO: Run Behavior\ReadHtmlCacheBehavior [ RunTime:0.000859s ]
INFO: [ app_begin ] --END-- [ RunTime:0.000928s ]
ERR: 非法操作:index.js.map

[ 2016-08-18T22:07:47+08:00 ] ::1 /weibo/Home/User/checkVerify
INFO: [ app_init ] --START--
INFO: Run Behavior\BuildLiteBehavior [ RunTime:0.000011s ]
INFO: [ app_init ] --END-- [ RunTime:0.000230s ]
INFO: [ app_begin ] --START--
INFO: Run Behavior\ReadHtmlCacheBehavior [ RunTime:0.000300s ]
INFO: [ app_begin ] --END-- [ RunTime:0.000332s ]
ERR: SQLSTATE[HY000] [2002] Ŀܾ޷ӡ


[ 2016-08-18T22:09:23+08:00 ] ::1 /weibo/Login/index.html
INFO: [ app_init ] --START--
INFO: Run Behavior\BuildLiteBehavior [ RunTime:0.000078s ]
INFO: [ app_init ] --END-- [ RunTime:0.001493s ]
INFO: [ app_begin ] --START--
INFO: Run Behavior\ReadHtmlCacheBehavior [ RunTime:0.000391s ]
INFO: [ app_begin ] --END-- [ RunTime:0.000442s ]
INFO: [ view_parse ] --START--
INFO: [ template_filter ] --START--
INFO: Run Behavior\ContentReplaceBehavior [ RunTime:0.000057s ]
INFO: [ template_filter ] --END-- [ RunTime:0.000105s ]
INFO: Run Behavior\ParseTemplateBehavior [ RunTime:0.007429s ]
INFO: [ view_parse ] --END-- [ RunTime:0.007484s ]
INFO: [ view_filter ] --START--
INFO: Run Behavior\WriteHtmlCacheBehavior [ RunTime:0.000246s ]
INFO: [ view_filter ] --END-- [ RunTime:0.000278s ]
INFO: [ app_end ] --START--
INFO: Run Behavior\ShowPageTraceBehavior [ RunTime:0.000309s ]
INFO: [ app_end ] --END-- [ RunTime:0.000341s ]

[ 2016-08-18T22:09:23+08:00 ] ::1 /weibo/Login/verify.html
INFO: [ app_init ] --START--
INFO: Run Behavior\BuildLiteBehavior [ RunTime:0.000013s ]
INFO: [ app_init ] --END-- [ RunTime:0.000294s ]
INFO: [ app_begin ] --START--
INFO: Run Behavior\ReadHtmlCacheBehavior [ RunTime:0.001177s ]
INFO: [ app_begin ] --END-- [ RunTime:0.001255s ]
INFO: [ app_end ] --START--
INFO: Run Behavior\ShowPageTraceBehavior [ RunTime:0.000812s ]
INFO: [ app_end ] --END-- [ RunTime:0.000901s ]

[ 2016-08-18T22:09:24+08:00 ] ::1 /weibo/Login/index.js.map
INFO: [ app_init ] --START--
INFO: Run Behavior\BuildLiteBehavior [ RunTime:0.000016s ]
INFO: [ app_init ] --END-- [ RunTime:0.000344s ]
INFO: [ app_begin ] --START--
INFO: Run Behavior\ReadHtmlCacheBehavior [ RunTime:0.000330s ]
INFO: [ app_begin ] --END-- [ RunTime:0.000371s ]
ERR: 非法操作:index.js.map

[ 2016-08-18T22:10:50+08:00 ] ::1 /weibo/Login/index.html
INFO: [ app_init ] --START--
INFO: Run Behavior\BuildLiteBehavior [ RunTime:0.000009s ]
INFO: [ app_init ] --END-- [ RunTime:0.000231s ]
INFO: [ app_begin ] --START--
INFO: Run Behavior\ReadHtmlCacheBehavior [ RunTime:0.000292s ]
INFO: [ app_begin ] --END-- [ RunTime:0.000326s ]
INFO: [ view_parse ] --START--
INFO: [ template_filter ] --START--
INFO: Run Behavior\ContentReplaceBehavior [ RunTime:0.000056s ]
INFO: [ template_filter ] --END-- [ RunTime:0.000102s ]
INFO: Run Behavior\ParseTemplateBehavior [ RunTime:0.005009s ]
INFO: [ view_parse ] --END-- [ RunTime:0.005071s ]
INFO: [ view_filter ] --START--
INFO: Run Behavior\WriteHtmlCacheBehavior [ RunTime:0.000251s ]
INFO: [ view_filter ] --END-- [ RunTime:0.000294s ]
INFO: [ app_end ] --START--
INFO: Run Behavior\ShowPageTraceBehavior [ RunTime:0.000303s ]
INFO: [ app_end ] --END-- [ RunTime:0.000334s ]

[ 2016-08-18T22:10:50+08:00 ] ::1 /weibo/Login/verify.html
INFO: [ app_init ] --START--
INFO: Run Behavior\BuildLiteBehavior [ RunTime:0.000018s ]
INFO: [ app_init ] --END-- [ RunTime:0.000462s ]
INFO: [ app_begin ] --START--
INFO: Run Behavior\ReadHtmlCacheBehavior [ RunTime:0.000677s ]
INFO: [ app_begin ] --END-- [ RunTime:0.000765s ]
INFO: [ app_end ] --START--
INFO: Run Behavior\ShowPageTraceBehavior [ RunTime:0.000496s ]
INFO: [ app_end ] --END-- [ RunTime:0.000564s ]

[ 2016-08-18T22:11:06+08:00 ] ::1 /weibo/Home/User/checkVerify
INFO: [ app_init ] --START--
INFO: Run Behavior\BuildLiteBehavior [ RunTime:0.000010s ]
INFO: [ app_init ] --END-- [ RunTime:0.000235s ]
INFO: [ app_begin ] --START--
INFO: Run Behavior\ReadHtmlCacheBehavior [ RunTime:0.000399s ]
INFO: [ app_begin ] --END-- [ RunTime:0.000437s ]
ERR: SQLSTATE[HY000] [2002] Ŀܾ޷ӡ


[ 2016-08-18T22:12:09+08:00 ] ::1 /weibo/Login/index.html
INFO: [ app_init ] --START--
INFO: Run Behavior\BuildLiteBehavior [ RunTime:0.000016s ]
INFO: [ app_init ] --END-- [ RunTime:0.000406s ]
INFO: [ app_begin ] --START--
INFO: Run Behavior\ReadHtmlCacheBehavior [ RunTime:0.000557s ]
INFO: [ app_begin ] --END-- [ RunTime:0.000612s ]
INFO: [ view_parse ] --START--
INFO: [ template_filter ] --START--
INFO: Run Behavior\ContentReplaceBehavior [ RunTime:0.000107s ]
INFO: [ template_filter ] --END-- [ RunTime:0.000193s ]
INFO: Run Behavior\ParseTemplateBehavior [ RunTime:0.005090s ]
INFO: [ view_parse ] --END-- [ RunTime:0.005134s ]
INFO: [ view_filter ] --START--
INFO: Run Behavior\WriteHtmlCacheBehavior [ RunTime:0.000236s ]
INFO: [ view_filter ] --END-- [ RunTime:0.000266s ]
INFO: [ app_end ] --START--
INFO: Run Behavior\ShowPageTraceBehavior [ RunTime:0.000351s ]
INFO: [ app_end ] --END-- [ RunTime:0.000381s ]

[ 2016-08-18T22:12:09+08:00 ] ::1 /weibo/Login/index.html
INFO: [ app_init ] --START--
INFO: Run Behavior\BuildLiteBehavior [ RunTime:0.000014s ]
INFO: [ app_init ] --END-- [ RunTime:0.000374s ]
INFO: [ app_begin ] --START--
INFO: Run Behavior\ReadHtmlCacheBehavior [ RunTime:0.000558s ]
INFO: [ app_begin ] --END-- [ RunTime:0.000615s ]
INFO: [ view_parse ] --START--
INFO: [ template_filter ] --START--
INFO: Run Behavior\ContentReplaceBehavior [ RunTime:0.000054s ]
INFO: [ template_filter ] --END-- [ RunTime:0.000097s ]
INFO: Run Behavior\ParseTemplateBehavior [ RunTime:0.004685s ]
INFO: [ view_parse ] --END-- [ RunTime:0.004737s ]
INFO: [ view_filter ] --START--
INFO: Run Behavior\WriteHtmlCacheBehavior [ RunTime:0.000155s ]
INFO: [ view_filter ] --END-- [ RunTime:0.000182s ]
INFO: [ app_end ] --START--
INFO: Run Behavior\ShowPageTraceBehavior [ RunTime:0.000366s ]
INFO: [ app_end ] --END-- [ RunTime:0.000396s ]

[ 2016-08-18T22:12:09+08:00 ] ::1 /weibo/Login/verify.html
INFO: [ app_init ] --START--
INFO: Run Behavior\BuildLiteBehavior [ RunTime:0.000011s ]
INFO: [ app_init ] --END-- [ RunTime:0.000280s ]
INFO: [ app_begin ] --START--
INFO: Run Behavior\ReadHtmlCacheBehavior [ RunTime:0.000338s ]
INFO: [ app_begin ] --END-- [ RunTime:0.000395s ]
INFO: [ app_end ] --START--
INFO: Run Behavior\ShowPageTraceBehavior [ RunTime:0.000374s ]
INFO: [ app_end ] --END-- [ RunTime:0.000433s ]

[ 2016-08-18T22:12:10+08:00 ] ::1 /weibo/Login/index.html
INFO: [ app_init ] --START--
INFO: Run Behavior\BuildLiteBehavior [ RunTime:0.000010s ]
INFO: [ app_init ] --END-- [ RunTime:0.000233s ]
INFO: [ app_begin ] --START--
INFO: Run Behavior\ReadHtmlCacheBehavior [ RunTime:0.000294s ]
INFO: [ app_begin ] --END-- [ RunTime:0.000332s ]
INFO: [ view_parse ] --START--
INFO: [ template_filter ] --START--
INFO: Run Behavior\ContentReplaceBehavior [ RunTime:0.000053s ]
INFO: [ template_filter ] --END-- [ RunTime:0.000092s ]
INFO: Run Behavior\ParseTemplateBehavior [ RunTime:0.004540s ]
INFO: [ view_parse ] --END-- [ RunTime:0.004581s ]
INFO: [ view_filter ] --START--
INFO: Run Behavior\WriteHtmlCacheBehavior [ RunTime:0.000240s ]
INFO: [ view_filter ] --END-- [ RunTime:0.000268s ]
INFO: [ app_end ] --START--
INFO: Run Behavior\ShowPageTraceBehavior [ RunTime:0.000304s ]
INFO: [ app_end ] --END-- [ RunTime:0.000336s ]

[ 2016-08-18T22:12:10+08:00 ] ::1 /weibo/Login/verify.html
INFO: [ app_init ] --START--
INFO: Run Behavior\BuildLiteBehavior [ RunTime:0.000013s ]
INFO: [ app_init ] --END-- [ RunTime:0.000258s ]
INFO: [ app_begin ] --START--
INFO: Run Behavior\ReadHtmlCacheBehavior [ RunTime:0.000558s ]
INFO: [ app_begin ] --END-- [ RunTime:0.000640s ]
INFO: [ app_end ] --START--
INFO: Run Behavior\ShowPageTraceBehavior [ RunTime:0.000547s ]
INFO: [ app_end ] --END-- [ RunTime:0.000620s ]

[ 2016-08-18T22:12:11+08:00 ] ::1 /weibo/Login/index.html
INFO: [ app_init ] --START--
INFO: Run Behavior\BuildLiteBehavior [ RunTime:0.000011s ]
INFO: [ app_init ] --END-- [ RunTime:0.000264s ]
INFO: [ app_begin ] --START--
INFO: Run Behavior\ReadHtmlCacheBehavior [ RunTime:0.000295s ]
INFO: [ app_begin ] --END-- [ RunTime:0.000331s ]
INFO: [ view_parse ] --START--
INFO: [ template_filter ] --START--
INFO: Run Behavior\ContentReplaceBehavior [ RunTime:0.000052s ]
INFO: [ template_filter ] --END-- [ RunTime:0.000089s ]
INFO: Run Behavior\ParseTemplateBehavior [ RunTime:0.004286s ]
INFO: [ view_parse ] --END-- [ RunTime:0.004329s ]
INFO: [ view_filter ] --START--
INFO: Run Behavior\WriteHtmlCacheBehavior [ RunTime:0.000236s ]
INFO: [ view_filter ] --END-- [ RunTime:0.000275s ]
INFO: [ app_end ] --START--
INFO: Run Behavior\ShowPageTraceBehavior [ RunTime:0.000301s ]
INFO: [ app_end ] --END-- [ RunTime:0.000331s ]

[ 2016-08-18T22:12:11+08:00 ] ::1 /weibo/Login/verify.html
INFO: [ app_init ] --START--
INFO: Run Behavior\BuildLiteBehavior [ RunTime:0.000016s ]
INFO: [ app_init ] --END-- [ RunTime:0.000360s ]
INFO: [ app_begin ] --START--
INFO: Run Behavior\ReadHtmlCacheBehavior [ RunTime:0.000473s ]
INFO: [ app_begin ] --END-- [ RunTime:0.000529s ]
INFO: [ app_end ] --START--
INFO: Run Behavior\ShowPageTraceBehavior [ RunTime:0.000402s ]
INFO: [ app_end ] --END-- [ RunTime:0.000464s ]

[ 2016-08-18T22:12:11+08:00 ] ::1 /weibo/Login/index.html
INFO: [ app_init ] --START--
INFO: Run Behavior\BuildLiteBehavior [ RunTime:0.000010s ]
INFO: [ app_init ] --END-- [ RunTime:0.000260s ]
INFO: [ app_begin ] --START--
INFO: Run Behavior\ReadHtmlCacheBehavior [ RunTime:0.000318s ]
INFO: [ app_begin ] --END-- [ RunTime:0.000359s ]
INFO: [ view_parse ] --START--
INFO: [ template_filter ] --START--
INFO: Run Behavior\ContentReplaceBehavior [ RunTime:0.000074s ]
INFO: [ template_filter ] --END-- [ RunTime:0.000118s ]
INFO: Run Behavior\ParseTemplateBehavior [ RunTime:0.004174s ]
INFO: [ view_parse ] --END-- [ RunTime:0.004226s ]
INFO: [ view_filter ] --START--
INFO: Run Behavior\WriteHtmlCacheBehavior [ RunTime:0.000248s ]
INFO: [ view_filter ] --END-- [ RunTime:0.000285s ]
INFO: [ app_end ] --START--
INFO: Run Behavior\ShowPageTraceBehavior [ RunTime:0.000299s ]
INFO: [ app_end ] --END-- [ RunTime:0.000329s ]

[ 2016-08-18T22:12:11+08:00 ] ::1 /weibo/Login/verify.html
INFO: [ app_init ] --START--
INFO: Run Behavior\BuildLiteBehavior [ RunTime:0.000011s ]
INFO: [ app_init ] --END-- [ RunTime:0.000248s ]
INFO: [ app_begin ] --START--
INFO: Run Behavior\ReadHtmlCacheBehavior [ RunTime:0.000326s ]
INFO: [ app_begin ] --END-- [ RunTime:0.000368s ]
INFO: [ app_end ] --START--
INFO: Run Behavior\ShowPageTraceBehavior [ RunTime:0.000604s ]
INFO: [ app_end ] --END-- [ RunTime:0.000689s ]

[ 2016-08-18T22:12:29+08:00 ] ::1 /weibo/Home/User/checkVerify
INFO: [ app_init ] --START--
INFO: Run Behavior\BuildLiteBehavior [ RunTime:0.000010s ]
INFO: [ app_init ] --END-- [ RunTime:0.000257s ]
INFO: [ app_begin ] --START--
INFO: Run Behavior\ReadHtmlCacheBehavior [ RunTime:0.000296s ]
INFO: [ app_begin ] --END-- [ RunTime:0.000331s ]
ERR: SQLSTATE[HY000] [2002] Ŀܾ޷ӡ


[ 2016-08-18T22:12:32+08:00 ] ::1 /weibo/Login/index.html
INFO: [ app_init ] --START--
INFO: Run Behavior\BuildLiteBehavior [ RunTime:0.000009s ]
INFO: [ app_init ] --END-- [ RunTime:0.000240s ]
INFO: [ app_begin ] --START--
INFO: Run Behavior\ReadHtmlCacheBehavior [ RunTime:0.000331s ]
INFO: [ app_begin ] --END-- [ RunTime:0.000367s ]
INFO: [ view_parse ] --START--
INFO: [ template_filter ] --START--
INFO: Run Behavior\ContentReplaceBehavior [ RunTime:0.000051s ]
INFO: [ template_filter ] --END-- [ RunTime:0.000102s ]
INFO: Run Behavior\ParseTemplateBehavior [ RunTime:0.004243s ]
INFO: [ view_parse ] --END-- [ RunTime:0.004294s ]
INFO: [ view_filter ] --START--
INFO: Run Behavior\WriteHtmlCacheBehavior [ RunTime:0.000152s ]
INFO: [ view_filter ] --END-- [ RunTime:0.000179s ]
INFO: [ app_end ] --START--
INFO: Run Behavior\ShowPageTraceBehavior [ RunTime:0.000304s ]
INFO: [ app_end ] --END-- [ RunTime:0.000334s ]

[ 2016-08-18T22:12:32+08:00 ] ::1 /weibo/Login/verify.html
INFO: [ app_init ] --START--
INFO: Run Behavior\BuildLiteBehavior [ RunTime:0.000018s ]
INFO: [ app_init ] --END-- [ RunTime:0.000435s ]
INFO: [ app_begin ] --START--
INFO: Run Behavior\ReadHtmlCacheBehavior [ RunTime:0.000674s ]
INFO: [ app_begin ] --END-- [ RunTime:0.000757s ]
INFO: [ app_end ] --START--
INFO: Run Behavior\ShowPageTraceBehavior [ RunTime:0.000715s ]
INFO: [ app_end ] --END-- [ RunTime:0.000835s ]

[ 2016-08-18T22:12:45+08:00 ] ::1 /weibo/Login
INFO: [ app_init ] --START--
INFO: Run Behavior\BuildLiteBehavior [ RunTime:0.000011s ]
INFO: [ app_init ] --END-- [ RunTime:0.000267s ]
INFO: [ app_begin ] --START--
INFO: Run Behavior\ReadHtmlCacheBehavior [ RunTime:0.000369s ]
INFO: [ app_begin ] --END-- [ RunTime:0.000409s ]
INFO: [ view_parse ] --START--
INFO: [ template_filter ] --START--
INFO: Run Behavior\ContentReplaceBehavior [ RunTime:0.000088s ]
INFO: [ template_filter ] --END-- [ RunTime:0.000156s ]
INFO: Run Behavior\ParseTemplateBehavior [ RunTime:0.005290s ]
INFO: [ view_parse ] --END-- [ RunTime:0.005340s ]
INFO: [ view_filter ] --START--
INFO: Run Behavior\WriteHtmlCacheBehavior [ RunTime:0.000229s ]
INFO: [ view_filter ] --END-- [ RunTime:0.000260s ]
INFO: [ app_end ] --START--
INFO: Run Behavior\ShowPageTraceBehavior [ RunTime:0.000368s ]
INFO: [ app_end ] --END-- [ RunTime:0.000401s ]

[ 2016-08-18T22:12:45+08:00 ] ::1 /weibo/Login/verify.html
INFO: [ app_init ] --START--
INFO: Run Behavior\BuildLiteBehavior [ RunTime:0.000020s ]
INFO: [ app_init ] --END-- [ RunTime:0.000418s ]
INFO: [ app_begin ] --START--
INFO: Run Behavior\ReadHtmlCacheBehavior [ RunTime:0.000546s ]
INFO: [ app_begin ] --END-- [ RunTime:0.000626s ]
INFO: [ app_end ] --START--
INFO: Run Behavior\ShowPageTraceBehavior [ RunTime:0.000567s ]
INFO: [ app_end ] --END-- [ RunTime:0.000660s ]

[ 2016-08-18T22:12:59+08:00 ] ::1 /weibo/Home/User/checkVerify
INFO: [ app_init ] --START--
INFO: Run Behavior\BuildLiteBehavior [ RunTime:0.000010s ]
INFO: [ app_init ] --END-- [ RunTime:0.000230s ]
INFO: [ app_begin ] --START--
INFO: Run Behavior\ReadHtmlCacheBehavior [ RunTime:0.000301s ]
INFO: [ app_begin ] --END-- [ RunTime:0.000345s ]
ERR: SQLSTATE[HY000] [2002] Ŀܾ޷ӡ


[ 2016-08-18T22:18:14+08:00 ] ::1 /weibo/Login
INFO: [ app_init ] --START--
INFO: Run Behavior\BuildLiteBehavior [ RunTime:0.000012s ]
INFO: [ app_init ] --END-- [ RunTime:0.000299s ]
INFO: [ app_begin ] --START--
INFO: Run Behavior\ReadHtmlCacheBehavior [ RunTime:0.000386s ]
INFO: [ app_begin ] --END-- [ RunTime:0.000428s ]
INFO: [ view_parse ] --START--
INFO: [ template_filter ] --START--
INFO: Run Behavior\ContentReplaceBehavior [ RunTime:0.000056s ]
INFO: [ template_filter ] --END-- [ RunTime:0.000102s ]
INFO: Run Behavior\ParseTemplateBehavior [ RunTime:0.005550s ]
INFO: [ view_parse ] --END-- [ RunTime:0.005605s ]
INFO: [ view_filter ] --START--
INFO: Run Behavior\WriteHtmlCacheBehavior [ RunTime:0.000222s ]
INFO: [ view_filter ] --END-- [ RunTime:0.000259s ]
INFO: [ app_end ] --START--
INFO: Run Behavior\ShowPageTraceBehavior [ RunTime:0.000374s ]
INFO: [ app_end ] --END-- [ RunTime:0.000406s ]

[ 2016-08-18T22:18:14+08:00 ] ::1 /weibo/Login/verify.html
INFO: [ app_init ] --START--
INFO: Run Behavior\BuildLiteBehavior [ RunTime:0.000011s ]
INFO: [ app_init ] --END-- [ RunTime:0.000287s ]
INFO: [ app_begin ] --START--
INFO: Run Behavior\ReadHtmlCacheBehavior [ RunTime:0.000597s ]
INFO: [ app_begin ] --END-- [ RunTime:0.000653s ]
INFO: [ app_end ] --START--
INFO: Run Behavior\ShowPageTraceBehavior [ RunTime:0.000441s ]
INFO: [ app_end ] --END-- [ RunTime:0.000503s ]

[ 2016-08-18T22:18:14+08:00 ] ::1 /weibo/index.js.map
INFO: [ app_init ] --START--
INFO: Run Behavior\BuildLiteBehavior [ RunTime:0.000011s ]
INFO: [ app_init ] --END-- [ RunTime:0.000253s ]
INFO: [ app_begin ] --START--
INFO: Run Behavior\ReadHtmlCacheBehavior [ RunTime:0.000315s ]
INFO: [ app_begin ] --END-- [ RunTime:0.000356s ]
ERR: 无法加载控制器:Index.js.map

[ 2016-08-18T22:19:25+08:00 ] ::1 /weibo/Login
INFO: [ app_init ] --START--
INFO: Run Behavior\BuildLiteBehavior [ RunTime:0.000010s ]
INFO: [ app_init ] --END-- [ RunTime:0.000248s ]
INFO: [ app_begin ] --START--
INFO: Run Behavior\ReadHtmlCacheBehavior [ RunTime:0.000310s ]
INFO: [ app_begin ] --END-- [ RunTime:0.000345s ]
INFO: [ view_parse ] --START--
INFO: [ template_filter ] --START--
INFO: Run Behavior\ContentReplaceBehavior [ RunTime:0.000053s ]
INFO: [ template_filter ] --END-- [ RunTime:0.000091s ]
INFO: Run Behavior\ParseTemplateBehavior [ RunTime:0.004499s ]
INFO: [ view_parse ] --END-- [ RunTime:0.004564s ]
INFO: [ view_filter ] --START--
INFO: Run Behavior\WriteHtmlCacheBehavior [ RunTime:0.000265s ]
INFO: [ view_filter ] --END-- [ RunTime:0.000296s ]
INFO: [ app_end ] --START--
INFO: Run Behavior\ShowPageTraceBehavior [ RunTime:0.000574s ]
INFO: [ app_end ] --END-- [ RunTime:0.000614s ]

[ 2016-08-18T22:19:25+08:00 ] ::1 /weibo/Login/verify.html
INFO: [ app_init ] --START--
INFO: Run Behavior\BuildLiteBehavior [ RunTime:0.000018s ]
INFO: [ app_init ] --END-- [ RunTime:0.000348s ]
INFO: [ app_begin ] --START--
INFO: Run Behavior\ReadHtmlCacheBehavior [ RunTime:0.000399s ]
INFO: [ app_begin ] --END-- [ RunTime:0.000440s ]
INFO: [ app_end ] --START--
INFO: Run Behavior\ShowPageTraceBehavior [ RunTime:0.000498s ]
INFO: [ app_end ] --END-- [ RunTime:0.000579s ]

[ 2016-08-18T22:19:25+08:00 ] ::1 /weibo/index.js.map
INFO: [ app_init ] --START--
INFO: Run Behavior\BuildLiteBehavior [ RunTime:0.000017s ]
INFO: [ app_init ] --END-- [ RunTime:0.000369s ]
INFO: [ app_begin ] --START--
INFO: Run Behavior\ReadHtmlCacheBehavior [ RunTime:0.000457s ]
INFO: [ app_begin ] --END-- [ RunTime:0.000517s ]
ERR: 无法加载控制器:Index.js.map

[ 2016-08-18T22:19:36+08:00 ] ::1 /weibo/Home/User/checkVerify
INFO: [ app_init ] --START--
INFO: Run Behavior\BuildLiteBehavior [ RunTime:0.000011s ]
INFO: [ app_init ] --END-- [ RunTime:0.000230s ]
INFO: [ app_begin ] --START--
INFO: Run Behavior\ReadHtmlCacheBehavior [ RunTime:0.000288s ]
INFO: [ app_begin ] --END-- [ RunTime:0.000320s ]
SQL: DESCRIBE weibo_user [ RunTime:0.115214s ]
NOTIC: [2] sha1() expects at least 1 parameter, 0 given G:\php\www\weibo\ThinkPHP\Library\Think\Model.class.php 第 1013 行.
INFO: [ app_end ] --START--
INFO: Run Behavior\ShowPageTraceBehavior [ RunTime:0.000423s ]
INFO: [ app_end ] --END-- [ RunTime:0.000458s ]

[ 2016-08-18T22:19:37+08:00 ] ::1 /weibo/Home/User/login
INFO: [ app_init ] --START--
INFO: Run Behavior\BuildLiteBehavior [ RunTime:0.000029s ]
INFO: [ app_init ] --END-- [ RunTime:0.000547s ]
INFO: [ app_begin ] --START--
INFO: Run Behavior\ReadHtmlCacheBehavior [ RunTime:0.000421s ]
INFO: [ app_begin ] --END-- [ RunTime:0.000501s ]
SQL: DESCRIBE weibo_user [ RunTime:0.015576s ]
SQL: SELECT `id`,`username`,`password` FROM `weibo_user` WHERE `username` = '路飞1' LIMIT 1   [ RunTime:0.085311s ]
SQL: UPDATE `weibo_user` SET `last_login`=1471529977,`last_ip`=0 WHERE `id` = 18 [ RunTime:0.110035s ]
INFO: [ app_end ] --START--
INFO: Run Behavior\ShowPageTraceBehavior [ RunTime:0.000406s ]
INFO: [ app_end ] --END-- [ RunTime:0.000441s ]

[ 2016-08-18T22:19:39+08:00 ] ::1 /weibo/Login
INFO: [ app_init ] --START--
INFO: Run Behavior\BuildLiteBehavior [ RunTime:0.000016s ]
INFO: [ app_init ] --END-- [ RunTime:0.000347s ]
INFO: [ app_begin ] --START--
INFO: Run Behavior\ReadHtmlCacheBehavior [ RunTime:0.000319s ]
INFO: [ app_begin ] --END-- [ RunTime:0.000364s ]

[ 2016-08-18T22:19:39+08:00 ] ::1 /weibo/Index/index.html
INFO: [ app_init ] --START--
INFO: Run Behavior\BuildLiteBehavior [ RunTime:0.000016s ]
INFO: [ app_init ] --END-- [ RunTime:0.000382s ]
INFO: [ app_begin ] --START--
INFO: Run Behavior\ReadHtmlCacheBehavior [ RunTime:0.000335s ]
INFO: [ app_begin ] --END-- [ RunTime:0.000371s ]
INFO: [ view_parse ] --START--
INFO: [ template_filter ] --START--
INFO: Run Behavior\ContentReplaceBehavior [ RunTime:0.000068s ]
INFO: [ template_filter ] --END-- [ RunTime:0.000111s ]
INFO: Run Behavior\ParseTemplateBehavior [ RunTime:0.034789s ]
INFO: [ view_parse ] --END-- [ RunTime:0.034843s ]
INFO: [ view_filter ] --START--
INFO: Run Behavior\WriteHtmlCacheBehavior [ RunTime:0.000295s ]
INFO: [ view_filter ] --END-- [ RunTime:0.000332s ]
INFO: [ app_end ] --START--
INFO: Run Behavior\ShowPageTraceBehavior [ RunTime:0.000308s ]
INFO: [ app_end ] --END-- [ RunTime:0.000339s ]

