[ 2016-08-26T06:49:34+08:00 ] ::1 /weibo/
INFO: [ app_init ] --START--
INFO: Run Behavior\BuildLiteBehavior [ RunTime:0.000014s ]
INFO: [ app_init ] --END-- [ RunTime:0.008802s ]
INFO: [ app_begin ] --START--
INFO: Run Behavior\ReadHtmlCacheBehavior [ RunTime:0.008351s ]
INFO: [ app_begin ] --END-- [ RunTime:0.008408s ]
NOTIC: [8] Undefined offset: 1 G:\php\www\weibo\App\Home\Controller\HomeController.class.php 第 18 行.

[ 2016-08-26T06:49:34+08:00 ] ::1 /weibo/Login/index.html
INFO: [ app_init ] --START--
INFO: Run Behavior\BuildLiteBehavior [ RunTime:0.000010s ]
INFO: [ app_init ] --END-- [ RunTime:0.000235s ]
INFO: [ app_begin ] --START--
INFO: Run Behavior\ReadHtmlCacheBehavior [ RunTime:0.000318s ]
INFO: [ app_begin ] --END-- [ RunTime:0.000351s ]
INFO: [ view_parse ] --START--
INFO: [ template_filter ] --START--
INFO: Run Behavior\ContentReplaceBehavior [ RunTime:0.000057s ]
INFO: [ template_filter ] --END-- [ RunTime:0.000103s ]
INFO: Run Behavior\ParseTemplateBehavior [ RunTime:0.105259s ]
INFO: [ view_parse ] --END-- [ RunTime:0.105313s ]
INFO: [ view_filter ] --START--
INFO: Run Behavior\WriteHtmlCacheBehavior [ RunTime:0.016768s ]
INFO: [ view_filter ] --END-- [ RunTime:0.016813s ]
INFO: [ app_end ] --START--
INFO: Run Behavior\ShowPageTraceBehavior [ RunTime:0.029644s ]
INFO: [ app_end ] --END-- [ RunTime:0.029695s ]

[ 2016-08-26T06:49:35+08:00 ] ::1 /weibo/Login/verify.html
INFO: [ app_init ] --START--
INFO: Run Behavior\BuildLiteBehavior [ RunTime:0.000012s ]
INFO: [ app_init ] --END-- [ RunTime:0.000242s ]
INFO: [ app_begin ] --START--
INFO: Run Behavior\ReadHtmlCacheBehavior [ RunTime:0.000364s ]
INFO: [ app_begin ] --END-- [ RunTime:0.000404s ]
INFO: [ app_end ] --START--
INFO: Run Behavior\ShowPageTraceBehavior [ RunTime:0.000424s ]
INFO: [ app_end ] --END-- [ RunTime:0.000493s ]

[ 2016-08-26T06:49:44+08:00 ] ::1 /weibo/Home/User/checkVerify
INFO: [ app_init ] --START--
INFO: Run Behavior\BuildLiteBehavior [ RunTime:0.000012s ]
INFO: [ app_init ] --END-- [ RunTime:0.000284s ]
INFO: [ app_begin ] --START--
INFO: Run Behavior\ReadHtmlCacheBehavior [ RunTime:0.000331s ]
INFO: [ app_begin ] --END-- [ RunTime:0.000371s ]
SQL: DESCRIBE weibo_user [ RunTime:0.013741s ]
NOTIC: [2] sha1() expects at least 1 parameter, 0 given G:\php\www\weibo\ThinkPHP\Library\Think\Model.class.php 第 1013 行.
INFO: [ app_end ] --START--
INFO: Run Behavior\ShowPageTraceBehavior [ RunTime:0.000445s ]
INFO: [ app_end ] --END-- [ RunTime:0.000483s ]

[ 2016-08-26T06:49:48+08:00 ] ::1 /weibo/Home/User/login
INFO: [ app_init ] --START--
INFO: Run Behavior\BuildLiteBehavior [ RunTime:0.000020s ]
INFO: [ app_init ] --END-- [ RunTime:0.000562s ]
INFO: [ app_begin ] --START--
INFO: Run Behavior\ReadHtmlCacheBehavior [ RunTime:0.001340s ]
INFO: [ app_begin ] --END-- [ RunTime:0.001435s ]
SQL: DESCRIBE weibo_user [ RunTime:0.637827s ]
SQL: SELECT `id`,`username`,`password` FROM `weibo_user` WHERE `username` = '路飞1' LIMIT 1   [ RunTime:0.000297s ]
SQL: UPDATE `weibo_user` SET `last_login`=1472165384,`last_ip`=0 WHERE `id` = '18' [ RunTime:0.255249s ]
INFO: [ app_end ] --START--
INFO: Run Behavior\ShowPageTraceBehavior [ RunTime:0.000393s ]
INFO: [ app_end ] --END-- [ RunTime:0.000439s ]

[ 2016-08-26T06:49:56+08:00 ] ::1 /weibo/Login/index.html
INFO: [ app_init ] --START--
INFO: Run Behavior\BuildLiteBehavior [ RunTime:0.000012s ]
INFO: [ app_init ] --END-- [ RunTime:0.000264s ]
INFO: [ app_begin ] --START--
INFO: Run Behavior\ReadHtmlCacheBehavior [ RunTime:0.000299s ]
INFO: [ app_begin ] --END-- [ RunTime:0.000336s ]

[ 2016-08-26T06:49:56+08:00 ] ::1 /weibo/Index/index.html
INFO: [ app_init ] --START--
INFO: Run Behavior\BuildLiteBehavior [ RunTime:0.000011s ]
INFO: [ app_init ] --END-- [ RunTime:0.000236s ]
INFO: [ app_begin ] --START--
INFO: Run Behavior\ReadHtmlCacheBehavior [ RunTime:0.000327s ]
INFO: [ app_begin ] --END-- [ RunTime:0.000363s ]
SQL: DESCRIBE weibo_topic [ RunTime:0.011166s ]
SQL: DESCRIBE weibo_topic [ RunTime:0.004089s ]
SQL: SELECT a.id,a.content,a.content_over,a.create,b.username FROM weibo_topic a,weibo_user b WHERE ( a.uid=b.id ) ORDER BY a.create DESC LIMIT 0,10   [ RunTime:0.000390s ]
SQL: DESCRIBE weibo_image [ RunTime:0.008455s ]
SQL: SELECT `data` FROM `weibo_image` WHERE ( 1=1 AND tid='35' )  [ RunTime:0.000315s ]
SQL: SELECT `data` FROM `weibo_image` WHERE ( 1=1 AND tid='34' )  [ RunTime:0.000235s ]
SQL: SELECT `data` FROM `weibo_image` WHERE ( 1=1 AND tid='33' )  [ RunTime:0.000256s ]
SQL: SELECT `data` FROM `weibo_image` WHERE ( 1=1 AND tid='32' )  [ RunTime:0.000213s ]
SQL: SELECT `data` FROM `weibo_image` WHERE ( 1=1 AND tid='31' )  [ RunTime:0.000199s ]
SQL: SELECT `data` FROM `weibo_image` WHERE ( 1=1 AND tid='30' )  [ RunTime:0.000247s ]
SQL: SELECT `data` FROM `weibo_image` WHERE ( 1=1 AND tid='29' )  [ RunTime:0.000202s ]
SQL: SELECT `data` FROM `weibo_image` WHERE ( 1=1 AND tid='28' )  [ RunTime:0.000227s ]
SQL: SELECT `data` FROM `weibo_image` WHERE ( 1=1 AND tid='27' )  [ RunTime:0.000210s ]
SQL: SELECT `data` FROM `weibo_image` WHERE ( 1=1 AND tid='26' )  [ RunTime:0.000186s ]
INFO: [ view_parse ] --START--
INFO: [ template_filter ] --START--
INFO: Run Behavior\ContentReplaceBehavior [ RunTime:0.000169s ]
INFO: [ template_filter ] --END-- [ RunTime:0.000213s ]
INFO: Run Behavior\ParseTemplateBehavior [ RunTime:0.130439s ]
INFO: [ view_parse ] --END-- [ RunTime:0.130489s ]
INFO: [ view_filter ] --START--
INFO: Run Behavior\WriteHtmlCacheBehavior [ RunTime:0.000265s ]
INFO: [ view_filter ] --END-- [ RunTime:0.000296s ]
INFO: [ app_end ] --START--
INFO: Run Behavior\ShowPageTraceBehavior [ RunTime:0.000690s ]
INFO: [ app_end ] --END-- [ RunTime:0.000874s ]

[ 2016-08-26T06:49:57+08:00 ] ::1 /weibo/
INFO: [ app_init ] --START--
INFO: Run Behavior\BuildLiteBehavior [ RunTime:0.000011s ]
INFO: [ app_init ] --END-- [ RunTime:0.000263s ]
INFO: [ app_begin ] --START--
INFO: Run Behavior\ReadHtmlCacheBehavior [ RunTime:0.000362s ]
INFO: [ app_begin ] --END-- [ RunTime:0.000401s ]
SQL: DESCRIBE weibo_topic [ RunTime:0.034018s ]
SQL: DESCRIBE weibo_topic [ RunTime:0.041393s ]
SQL: SELECT a.id,a.content,a.content_over,a.create,b.username FROM weibo_topic a,weibo_user b WHERE ( a.uid=b.id ) ORDER BY a.create DESC LIMIT 0,10   [ RunTime:0.000469s ]
SQL: DESCRIBE weibo_image [ RunTime:0.143826s ]
SQL: SELECT `data` FROM `weibo_image` WHERE ( 1=1 AND tid='35' )  [ RunTime:0.000267s ]
SQL: SELECT `data` FROM `weibo_image` WHERE ( 1=1 AND tid='34' )  [ RunTime:0.000201s ]
SQL: SELECT `data` FROM `weibo_image` WHERE ( 1=1 AND tid='33' )  [ RunTime:0.000196s ]
SQL: SELECT `data` FROM `weibo_image` WHERE ( 1=1 AND tid='32' )  [ RunTime:0.000198s ]
SQL: SELECT `data` FROM `weibo_image` WHERE ( 1=1 AND tid='31' )  [ RunTime:0.000216s ]
SQL: SELECT `data` FROM `weibo_image` WHERE ( 1=1 AND tid='30' )  [ RunTime:0.000202s ]
SQL: SELECT `data` FROM `weibo_image` WHERE ( 1=1 AND tid='29' )  [ RunTime:0.000183s ]
SQL: SELECT `data` FROM `weibo_image` WHERE ( 1=1 AND tid='28' )  [ RunTime:0.000202s ]
SQL: SELECT `data` FROM `weibo_image` WHERE ( 1=1 AND tid='27' )  [ RunTime:0.000199s ]
SQL: SELECT `data` FROM `weibo_image` WHERE ( 1=1 AND tid='26' )  [ RunTime:0.000200s ]
INFO: [ view_parse ] --START--
INFO: [ template_filter ] --START--
INFO: Run Behavior\ContentReplaceBehavior [ RunTime:0.000157s ]
INFO: [ template_filter ] --END-- [ RunTime:0.000198s ]
INFO: Run Behavior\ParseTemplateBehavior [ RunTime:0.121555s ]
INFO: [ view_parse ] --END-- [ RunTime:0.121602s ]
INFO: [ view_filter ] --START--
INFO: Run Behavior\WriteHtmlCacheBehavior [ RunTime:0.000279s ]
INFO: [ view_filter ] --END-- [ RunTime:0.000308s ]
INFO: [ app_end ] --START--
INFO: Run Behavior\ShowPageTraceBehavior [ RunTime:0.000545s ]
INFO: [ app_end ] --END-- [ RunTime:0.000596s ]

[ 2016-08-26T06:49:58+08:00 ] ::1 /weibo/Home/Topic/ajaxCount
INFO: [ app_init ] --START--
INFO: Run Behavior\BuildLiteBehavior [ RunTime:0.000011s ]
INFO: [ app_init ] --END-- [ RunTime:0.000275s ]
INFO: [ app_begin ] --START--
INFO: Run Behavior\ReadHtmlCacheBehavior [ RunTime:0.000364s ]
INFO: [ app_begin ] --END-- [ RunTime:0.000403s ]
SQL: DESCRIBE weibo_topic [ RunTime:0.014707s ]
SQL: SELECT COUNT(*) AS tp_count FROM `weibo_topic` WHERE ( 1=1 ) LIMIT 1   [ RunTime:0.000219s ]
INFO: [ app_end ] --START--
INFO: Run Behavior\ShowPageTraceBehavior [ RunTime:0.000438s ]
INFO: [ app_end ] --END-- [ RunTime:0.000472s ]

[ 2016-08-26T06:50:03+08:00 ] ::1 /weibo/Setting/index.html
INFO: [ app_init ] --START--
INFO: Run Behavior\BuildLiteBehavior [ RunTime:0.000013s ]
INFO: [ app_init ] --END-- [ RunTime:0.000277s ]
INFO: [ app_begin ] --START--
INFO: Run Behavior\ReadHtmlCacheBehavior [ RunTime:0.000335s ]
INFO: [ app_begin ] --END-- [ RunTime:0.000387s ]
SQL: DESCRIBE weibo_user [ RunTime:0.009669s ]
SQL: SELECT `id`,`username`,`email` FROM `weibo_user` WHERE `id` = 18 LIMIT 1   [ RunTime:0.000306s ]
SQL: DESCRIBE weibo_user_extent [ RunTime:0.003554s ]
ERR: 1146:Table 'weibo.weibo_user_extent' doesn't exist
 [ SQL语句 ] : DESCRIBE weibo_user_extent
SQL: SELECT `intro` FROM `weibo_user_extent` WHERE ( 1=1 AND uid='18' ) LIMIT 1   [ RunTime:0.000351s ]
ERR: 1146:Table 'weibo.weibo_user_extent' doesn't exist
 [ SQL语句 ] : SELECT `intro` FROM `weibo_user_extent` WHERE ( 1=1 AND uid='18' ) LIMIT 1  
INFO: [ view_parse ] --START--
INFO: [ template_filter ] --START--
INFO: Run Behavior\ContentReplaceBehavior [ RunTime:0.000111s ]
INFO: [ template_filter ] --END-- [ RunTime:0.000186s ]
INFO: Run Behavior\ParseTemplateBehavior [ RunTime:0.017895s ]
INFO: [ view_parse ] --END-- [ RunTime:0.017970s ]
INFO: [ view_filter ] --START--
INFO: Run Behavior\WriteHtmlCacheBehavior [ RunTime:0.000395s ]
INFO: [ view_filter ] --END-- [ RunTime:0.000445s ]
INFO: [ app_end ] --START--
INFO: Run Behavior\ShowPageTraceBehavior [ RunTime:0.000396s ]
INFO: [ app_end ] --END-- [ RunTime:0.000444s ]

[ 2016-08-26T06:51:26+08:00 ] ::1 /weibo/Setting/index.html
INFO: [ app_init ] --START--
INFO: Run Behavior\BuildLiteBehavior [ RunTime:0.000011s ]
INFO: [ app_init ] --END-- [ RunTime:0.000353s ]
INFO: [ app_begin ] --START--
INFO: Run Behavior\ReadHtmlCacheBehavior [ RunTime:0.000409s ]
INFO: [ app_begin ] --END-- [ RunTime:0.000450s ]
SQL: DESCRIBE weibo_user [ RunTime:0.022588s ]
SQL: SELECT `id`,`username`,`email` FROM `weibo_user` WHERE `id` = 18 LIMIT 1   [ RunTime:0.000282s ]
SQL: DESCRIBE weibo_user_extend [ RunTime:0.007617s ]
SQL: SELECT `intro` FROM `weibo_user_extend` WHERE ( 1=1 AND uid='18' ) LIMIT 1   [ RunTime:0.000272s ]
INFO: [ view_parse ] --START--
INFO: [ template_filter ] --START--
INFO: Run Behavior\ContentReplaceBehavior [ RunTime:0.000067s ]
INFO: [ template_filter ] --END-- [ RunTime:0.000108s ]
INFO: Run Behavior\ParseTemplateBehavior [ RunTime:0.015523s ]
INFO: [ view_parse ] --END-- [ RunTime:0.015574s ]
INFO: [ view_filter ] --START--
INFO: Run Behavior\WriteHtmlCacheBehavior [ RunTime:0.000267s ]
INFO: [ view_filter ] --END-- [ RunTime:0.000300s ]
INFO: [ app_end ] --START--
INFO: Run Behavior\ShowPageTraceBehavior [ RunTime:0.000363s ]
INFO: [ app_end ] --END-- [ RunTime:0.000394s ]

[ 2016-08-26T07:12:38+08:00 ] ::1 /weibo/Setting/index.html
INFO: [ app_init ] --START--
INFO: Run Behavior\BuildLiteBehavior [ RunTime:0.000013s ]
INFO: [ app_init ] --END-- [ RunTime:0.000355s ]
INFO: [ app_begin ] --START--
INFO: Run Behavior\ReadHtmlCacheBehavior [ RunTime:0.000376s ]
INFO: [ app_begin ] --END-- [ RunTime:0.000414s ]
SQL: DESCRIBE weibo_user [ RunTime:0.008839s ]
SQL: SELECT `id`,`username`,`email` FROM `weibo_user` WHERE `id` = 18 LIMIT 1   [ RunTime:0.000271s ]
SQL: DESCRIBE weibo_user_extend [ RunTime:0.008574s ]
SQL: SELECT `intro` FROM `weibo_user_extend` WHERE ( 1=1 AND uid='18' ) LIMIT 1   [ RunTime:0.000300s ]
INFO: [ view_parse ] --START--
INFO: [ template_filter ] --START--
INFO: Run Behavior\ContentReplaceBehavior [ RunTime:0.000065s ]
INFO: [ template_filter ] --END-- [ RunTime:0.000105s ]
INFO: Run Behavior\ParseTemplateBehavior [ RunTime:0.014770s ]
INFO: [ view_parse ] --END-- [ RunTime:0.014821s ]
INFO: [ view_filter ] --START--
INFO: Run Behavior\WriteHtmlCacheBehavior [ RunTime:0.000279s ]
INFO: [ view_filter ] --END-- [ RunTime:0.000311s ]
INFO: [ app_end ] --START--
INFO: Run Behavior\ShowPageTraceBehavior [ RunTime:0.000366s ]
INFO: [ app_end ] --END-- [ RunTime:0.000431s ]

[ 2016-08-26T07:12:39+08:00 ] ::1 /weibo/Home/Setting/updateUser
INFO: [ app_init ] --START--
INFO: Run Behavior\BuildLiteBehavior [ RunTime:0.000011s ]
INFO: [ app_init ] --END-- [ RunTime:0.000277s ]
INFO: [ app_begin ] --START--
INFO: Run Behavior\ReadHtmlCacheBehavior [ RunTime:0.000383s ]
INFO: [ app_begin ] --END-- [ RunTime:0.000433s ]
SQL: DESCRIBE weibo_user [ RunTime:0.015468s ]
NOTIC: [8] Undefined offset: 0 G:\php\www\weibo\ThinkPHP\Library\Think\Db.class.php 第 281 行.
SQL: UPDATE `weibo_user` SET `email`='lufei1@163.com' WHERE `id` = 18 [ RunTime:0.064063s ]
NOTIC: [8] Undefined index: mapping_name G:\php\www\weibo\ThinkPHP\Library\Think\Model\RelationModel.class.php 第 259 行.
SQL: DESCRIBE weibo_user_extend [ RunTime:0.099063s ]
SQL: UPDATE `weibo_user_extend` SET `intro`='我是路飞，多多指教' WHERE `uid` = 18 [ RunTime:0.040049s ]
INFO: [ app_end ] --START--
INFO: Run Behavior\ShowPageTraceBehavior [ RunTime:0.000486s ]
INFO: [ app_end ] --END-- [ RunTime:0.000518s ]

[ 2016-08-26T07:12:46+08:00 ] ::1 /weibo/Setting/index.html
INFO: [ app_init ] --START--
INFO: Run Behavior\BuildLiteBehavior [ RunTime:0.000011s ]
INFO: [ app_init ] --END-- [ RunTime:0.000263s ]
INFO: [ app_begin ] --START--
INFO: Run Behavior\ReadHtmlCacheBehavior [ RunTime:0.000348s ]
INFO: [ app_begin ] --END-- [ RunTime:0.000400s ]
SQL: DESCRIBE weibo_user [ RunTime:0.011459s ]
SQL: SELECT `id`,`username`,`email` FROM `weibo_user` WHERE `id` = 18 LIMIT 1   [ RunTime:0.000292s ]
SQL: DESCRIBE weibo_user_extend [ RunTime:0.005449s ]
SQL: SELECT `intro` FROM `weibo_user_extend` WHERE ( 1=1 AND uid='18' ) LIMIT 1   [ RunTime:0.000281s ]
INFO: [ view_parse ] --START--
INFO: [ template_filter ] --START--
INFO: Run Behavior\ContentReplaceBehavior [ RunTime:0.000065s ]
INFO: [ template_filter ] --END-- [ RunTime:0.000102s ]
INFO: Run Behavior\ParseTemplateBehavior [ RunTime:0.006109s ]
INFO: [ view_parse ] --END-- [ RunTime:0.006151s ]
INFO: [ view_filter ] --START--
INFO: Run Behavior\WriteHtmlCacheBehavior [ RunTime:0.000246s ]
INFO: [ view_filter ] --END-- [ RunTime:0.000285s ]
INFO: [ app_end ] --START--
INFO: Run Behavior\ShowPageTraceBehavior [ RunTime:0.000373s ]
INFO: [ app_end ] --END-- [ RunTime:0.000421s ]

[ 2016-08-26T07:12:54+08:00 ] ::1 /weibo/Home/Setting/updateUser
INFO: [ app_init ] --START--
INFO: Run Behavior\BuildLiteBehavior [ RunTime:0.000010s ]
INFO: [ app_init ] --END-- [ RunTime:0.000264s ]
INFO: [ app_begin ] --START--
INFO: Run Behavior\ReadHtmlCacheBehavior [ RunTime:0.000390s ]
INFO: [ app_begin ] --END-- [ RunTime:0.000436s ]
SQL: DESCRIBE weibo_user [ RunTime:0.011413s ]
NOTIC: [8] Undefined offset: 0 G:\php\www\weibo\ThinkPHP\Library\Think\Db.class.php 第 281 行.
SQL: UPDATE `weibo_user` SET `email`='lufei1@163.com' WHERE `id` = 18 [ RunTime:0.046732s ]
NOTIC: [8] Undefined index: mapping_name G:\php\www\weibo\ThinkPHP\Library\Think\Model\RelationModel.class.php 第 259 行.
SQL: DESCRIBE weibo_user_extend [ RunTime:0.005603s ]
SQL: UPDATE `weibo_user_extend` SET `intro`='我是路飞1，多多指教' WHERE `uid` = 18 [ RunTime:0.215682s ]
INFO: [ app_end ] --START--
INFO: Run Behavior\ShowPageTraceBehavior [ RunTime:0.000388s ]
INFO: [ app_end ] --END-- [ RunTime:0.000430s ]

[ 2016-08-26T07:25:05+08:00 ] ::1 /weibo/Setting/index.html
INFO: [ app_init ] --START--
INFO: Run Behavior\BuildLiteBehavior [ RunTime:0.000011s ]
INFO: [ app_init ] --END-- [ RunTime:0.000280s ]
INFO: [ app_begin ] --START--
INFO: Run Behavior\ReadHtmlCacheBehavior [ RunTime:0.000387s ]
INFO: [ app_begin ] --END-- [ RunTime:0.000436s ]
SQL: DESCRIBE weibo_user [ RunTime:0.013966s ]
SQL: SELECT `id`,`username`,`email` FROM `weibo_user` WHERE `id` = 18 LIMIT 1   [ RunTime:0.000435s ]
SQL: DESCRIBE weibo_user_extend [ RunTime:0.007547s ]
SQL: SELECT `intro` FROM `weibo_user_extend` WHERE ( 1=1 AND uid='18' ) LIMIT 1   [ RunTime:0.000335s ]
INFO: [ view_parse ] --START--
INFO: [ template_filter ] --START--
INFO: Run Behavior\ContentReplaceBehavior [ RunTime:0.000068s ]
INFO: [ template_filter ] --END-- [ RunTime:0.000111s ]
INFO: Run Behavior\ParseTemplateBehavior [ RunTime:0.016960s ]
INFO: [ view_parse ] --END-- [ RunTime:0.017031s ]
INFO: [ view_filter ] --START--
INFO: Run Behavior\WriteHtmlCacheBehavior [ RunTime:0.000400s ]
INFO: [ view_filter ] --END-- [ RunTime:0.000451s ]
INFO: [ app_end ] --START--
INFO: Run Behavior\ShowPageTraceBehavior [ RunTime:0.000419s ]
INFO: [ app_end ] --END-- [ RunTime:0.000456s ]

[ 2016-08-26T07:25:06+08:00 ] ::1 /weibo/Setting/index.html
INFO: [ app_init ] --START--
INFO: Run Behavior\BuildLiteBehavior [ RunTime:0.000010s ]
INFO: [ app_init ] --END-- [ RunTime:0.000256s ]
INFO: [ app_begin ] --START--
INFO: Run Behavior\ReadHtmlCacheBehavior [ RunTime:0.000413s ]
INFO: [ app_begin ] --END-- [ RunTime:0.000457s ]
SQL: DESCRIBE weibo_user [ RunTime:0.010863s ]
SQL: SELECT `id`,`username`,`email` FROM `weibo_user` WHERE `id` = 18 LIMIT 1   [ RunTime:0.000265s ]
SQL: DESCRIBE weibo_user_extend [ RunTime:0.006103s ]
SQL: SELECT `intro` FROM `weibo_user_extend` WHERE ( 1=1 AND uid='18' ) LIMIT 1   [ RunTime:0.000265s ]
INFO: [ view_parse ] --START--
INFO: [ template_filter ] --START--
INFO: Run Behavior\ContentReplaceBehavior [ RunTime:0.000066s ]
INFO: [ template_filter ] --END-- [ RunTime:0.000104s ]
INFO: Run Behavior\ParseTemplateBehavior [ RunTime:0.006163s ]
INFO: [ view_parse ] --END-- [ RunTime:0.006219s ]
INFO: [ view_filter ] --START--
INFO: Run Behavior\WriteHtmlCacheBehavior [ RunTime:0.000245s ]
INFO: [ view_filter ] --END-- [ RunTime:0.000276s ]
INFO: [ app_end ] --START--
INFO: Run Behavior\ShowPageTraceBehavior [ RunTime:0.000356s ]
INFO: [ app_end ] --END-- [ RunTime:0.000386s ]

[ 2016-08-26T07:25:15+08:00 ] ::1 /weibo/Index/index.html
INFO: [ app_init ] --START--
INFO: Run Behavior\BuildLiteBehavior [ RunTime:0.000010s ]
INFO: [ app_init ] --END-- [ RunTime:0.000259s ]
INFO: [ app_begin ] --START--
INFO: Run Behavior\ReadHtmlCacheBehavior [ RunTime:0.000363s ]
INFO: [ app_begin ] --END-- [ RunTime:0.000399s ]
SQL: DESCRIBE weibo_topic [ RunTime:0.062090s ]
SQL: DESCRIBE weibo_topic [ RunTime:0.074305s ]
SQL: SELECT a.id,a.content,a.content_over,a.create,b.username FROM weibo_topic a,weibo_user b WHERE ( a.uid=b.id ) ORDER BY a.create DESC LIMIT 0,10   [ RunTime:0.000387s ]
SQL: DESCRIBE weibo_image [ RunTime:0.005598s ]
SQL: SELECT `data` FROM `weibo_image` WHERE ( 1=1 AND tid='35' )  [ RunTime:0.000276s ]
SQL: SELECT `data` FROM `weibo_image` WHERE ( 1=1 AND tid='34' )  [ RunTime:0.000199s ]
SQL: SELECT `data` FROM `weibo_image` WHERE ( 1=1 AND tid='33' )  [ RunTime:0.000197s ]
SQL: SELECT `data` FROM `weibo_image` WHERE ( 1=1 AND tid='32' )  [ RunTime:0.000207s ]
SQL: SELECT `data` FROM `weibo_image` WHERE ( 1=1 AND tid='31' )  [ RunTime:0.000198s ]
SQL: SELECT `data` FROM `weibo_image` WHERE ( 1=1 AND tid='30' )  [ RunTime:0.000203s ]
SQL: SELECT `data` FROM `weibo_image` WHERE ( 1=1 AND tid='29' )  [ RunTime:0.000202s ]
SQL: SELECT `data` FROM `weibo_image` WHERE ( 1=1 AND tid='28' )  [ RunTime:0.000223s ]
SQL: SELECT `data` FROM `weibo_image` WHERE ( 1=1 AND tid='27' )  [ RunTime:0.000199s ]
SQL: SELECT `data` FROM `weibo_image` WHERE ( 1=1 AND tid='26' )  [ RunTime:0.000202s ]
INFO: [ view_parse ] --START--
INFO: [ template_filter ] --START--
INFO: Run Behavior\ContentReplaceBehavior [ RunTime:0.000155s ]
INFO: [ template_filter ] --END-- [ RunTime:0.000193s ]
INFO: Run Behavior\ParseTemplateBehavior [ RunTime:0.055252s ]
INFO: [ view_parse ] --END-- [ RunTime:0.055299s ]
INFO: [ view_filter ] --START--
INFO: Run Behavior\WriteHtmlCacheBehavior [ RunTime:0.000281s ]
INFO: [ view_filter ] --END-- [ RunTime:0.000307s ]
INFO: [ app_end ] --START--
INFO: Run Behavior\ShowPageTraceBehavior [ RunTime:0.000620s ]
INFO: [ app_end ] --END-- [ RunTime:0.000689s ]

[ 2016-08-26T07:25:15+08:00 ] ::1 /weibo/
INFO: [ app_init ] --START--
INFO: Run Behavior\BuildLiteBehavior [ RunTime:0.000018s ]
INFO: [ app_init ] --END-- [ RunTime:0.000372s ]
INFO: [ app_begin ] --START--
INFO: Run Behavior\ReadHtmlCacheBehavior [ RunTime:0.000335s ]
INFO: [ app_begin ] --END-- [ RunTime:0.000384s ]
SQL: DESCRIBE weibo_topic [ RunTime:0.012089s ]
SQL: DESCRIBE weibo_topic [ RunTime:0.004723s ]
SQL: SELECT a.id,a.content,a.content_over,a.create,b.username FROM weibo_topic a,weibo_user b WHERE ( a.uid=b.id ) ORDER BY a.create DESC LIMIT 0,10   [ RunTime:0.000367s ]
SQL: DESCRIBE weibo_image [ RunTime:0.005592s ]
SQL: SELECT `data` FROM `weibo_image` WHERE ( 1=1 AND tid='35' )  [ RunTime:0.000254s ]
SQL: SELECT `data` FROM `weibo_image` WHERE ( 1=1 AND tid='34' )  [ RunTime:0.000181s ]
SQL: SELECT `data` FROM `weibo_image` WHERE ( 1=1 AND tid='33' )  [ RunTime:0.000179s ]
SQL: SELECT `data` FROM `weibo_image` WHERE ( 1=1 AND tid='32' )  [ RunTime:0.000183s ]
SQL: SELECT `data` FROM `weibo_image` WHERE ( 1=1 AND tid='31' )  [ RunTime:0.000167s ]
SQL: SELECT `data` FROM `weibo_image` WHERE ( 1=1 AND tid='30' )  [ RunTime:0.000172s ]
SQL: SELECT `data` FROM `weibo_image` WHERE ( 1=1 AND tid='29' )  [ RunTime:0.000232s ]
SQL: SELECT `data` FROM `weibo_image` WHERE ( 1=1 AND tid='28' )  [ RunTime:0.000198s ]
SQL: SELECT `data` FROM `weibo_image` WHERE ( 1=1 AND tid='27' )  [ RunTime:0.000163s ]
SQL: SELECT `data` FROM `weibo_image` WHERE ( 1=1 AND tid='26' )  [ RunTime:0.000194s ]
INFO: [ view_parse ] --START--
INFO: [ template_filter ] --START--
INFO: Run Behavior\ContentReplaceBehavior [ RunTime:0.000170s ]
INFO: [ template_filter ] --END-- [ RunTime:0.000220s ]
INFO: Run Behavior\ParseTemplateBehavior [ RunTime:0.095222s ]
INFO: [ view_parse ] --END-- [ RunTime:0.095273s ]
INFO: [ view_filter ] --START--
INFO: Run Behavior\WriteHtmlCacheBehavior [ RunTime:0.000278s ]
INFO: [ view_filter ] --END-- [ RunTime:0.000309s ]
INFO: [ app_end ] --START--
INFO: Run Behavior\ShowPageTraceBehavior [ RunTime:0.000544s ]
INFO: [ app_end ] --END-- [ RunTime:0.000603s ]

[ 2016-08-26T07:25:15+08:00 ] ::1 /weibo/Home/Topic/ajaxCount
INFO: [ app_init ] --START--
INFO: Run Behavior\BuildLiteBehavior [ RunTime:0.000011s ]
INFO: [ app_init ] --END-- [ RunTime:0.000257s ]
INFO: [ app_begin ] --START--
INFO: Run Behavior\ReadHtmlCacheBehavior [ RunTime:0.000481s ]
INFO: [ app_begin ] --END-- [ RunTime:0.000547s ]
SQL: DESCRIBE weibo_topic [ RunTime:0.050067s ]
SQL: SELECT COUNT(*) AS tp_count FROM `weibo_topic` WHERE ( 1=1 ) LIMIT 1   [ RunTime:0.000207s ]
INFO: [ app_end ] --START--
INFO: Run Behavior\ShowPageTraceBehavior [ RunTime:0.000399s ]
INFO: [ app_end ] --END-- [ RunTime:0.000433s ]

[ 2016-08-26T07:25:18+08:00 ] ::1 /weibo/Setting/index.html
INFO: [ app_init ] --START--
INFO: Run Behavior\BuildLiteBehavior [ RunTime:0.000022s ]
INFO: [ app_init ] --END-- [ RunTime:0.000276s ]
INFO: [ app_begin ] --START--
INFO: Run Behavior\ReadHtmlCacheBehavior [ RunTime:0.000300s ]
INFO: [ app_begin ] --END-- [ RunTime:0.000337s ]
SQL: DESCRIBE weibo_user [ RunTime:0.010106s ]
SQL: SELECT `id`,`username`,`email` FROM `weibo_user` WHERE `id` = 18 LIMIT 1   [ RunTime:0.000328s ]
SQL: DESCRIBE weibo_user_extend [ RunTime:0.006213s ]
SQL: SELECT `intro` FROM `weibo_user_extend` WHERE ( 1=1 AND uid='18' ) LIMIT 1   [ RunTime:0.000290s ]
SQL: DESCRIBE weibo_user_extend [ RunTime:0.004572s ]
SQL: INSERT INTO `weibo_user_extend` (`uid`) VALUES (18) [ RunTime:0.070329s ]
INFO: [ view_parse ] --START--
INFO: [ template_filter ] --START--
INFO: Run Behavior\ContentReplaceBehavior [ RunTime:0.000068s ]
INFO: [ template_filter ] --END-- [ RunTime:0.000107s ]
INFO: Run Behavior\ParseTemplateBehavior [ RunTime:0.006130s ]
INFO: [ view_parse ] --END-- [ RunTime:0.006179s ]
INFO: [ view_filter ] --START--
INFO: Run Behavior\WriteHtmlCacheBehavior [ RunTime:0.000242s ]
INFO: [ view_filter ] --END-- [ RunTime:0.000269s ]
INFO: [ app_end ] --START--
INFO: Run Behavior\ShowPageTraceBehavior [ RunTime:0.000300s ]
INFO: [ app_end ] --END-- [ RunTime:0.000338s ]

[ 2016-08-26T07:25:29+08:00 ] ::1 /weibo/Home/Setting/updateUser
INFO: [ app_init ] --START--
INFO: Run Behavior\BuildLiteBehavior [ RunTime:0.000010s ]
INFO: [ app_init ] --END-- [ RunTime:0.000254s ]
INFO: [ app_begin ] --START--
INFO: Run Behavior\ReadHtmlCacheBehavior [ RunTime:0.000309s ]
INFO: [ app_begin ] --END-- [ RunTime:0.000346s ]
SQL: DESCRIBE weibo_user [ RunTime:0.016082s ]
NOTIC: [8] Undefined offset: 0 G:\php\www\weibo\ThinkPHP\Library\Think\Db.class.php 第 281 行.
SQL: UPDATE `weibo_user` SET `email`='lufei1@163.com' WHERE `id` = 18 [ RunTime:0.077978s ]
NOTIC: [8] Undefined index: mapping_name G:\php\www\weibo\ThinkPHP\Library\Think\Model\RelationModel.class.php 第 259 行.
SQL: DESCRIBE weibo_user_extend [ RunTime:0.005634s ]
SQL: UPDATE `weibo_user_extend` SET `intro`='xxx' WHERE `uid` = 18 [ RunTime:0.056715s ]
INFO: [ app_end ] --START--
INFO: Run Behavior\ShowPageTraceBehavior [ RunTime:0.000391s ]
INFO: [ app_end ] --END-- [ RunTime:0.000422s ]

[ 2016-08-26T07:27:26+08:00 ] ::1 /weibo/Setting/index.html
INFO: [ app_init ] --START--
INFO: Run Behavior\BuildLiteBehavior [ RunTime:0.000009s ]
INFO: [ app_init ] --END-- [ RunTime:0.000280s ]
INFO: [ app_begin ] --START--
INFO: Run Behavior\ReadHtmlCacheBehavior [ RunTime:0.000414s ]
INFO: [ app_begin ] --END-- [ RunTime:0.000461s ]
SQL: DESCRIBE weibo_user [ RunTime:0.008539s ]
SQL: SELECT `id`,`username`,`email` FROM `weibo_user` WHERE `id` = 18 LIMIT 1   [ RunTime:0.000347s ]
SQL: DESCRIBE weibo_user_extend [ RunTime:0.005959s ]
SQL: SELECT `intro` FROM `weibo_user_extend` WHERE ( 1=1 AND uid='18' ) LIMIT 1   [ RunTime:0.000249s ]
INFO: [ view_parse ] --START--
INFO: [ template_filter ] --START--
INFO: Run Behavior\ContentReplaceBehavior [ RunTime:0.000080s ]
INFO: [ template_filter ] --END-- [ RunTime:0.000135s ]
INFO: Run Behavior\ParseTemplateBehavior [ RunTime:0.006241s ]
INFO: [ view_parse ] --END-- [ RunTime:0.006287s ]
INFO: [ view_filter ] --START--
INFO: Run Behavior\WriteHtmlCacheBehavior [ RunTime:0.000257s ]
INFO: [ view_filter ] --END-- [ RunTime:0.000290s ]
INFO: [ app_end ] --START--
INFO: Run Behavior\ShowPageTraceBehavior [ RunTime:0.000383s ]
INFO: [ app_end ] --END-- [ RunTime:0.000413s ]

[ 2016-08-26T07:27:42+08:00 ] ::1 /weibo/Home/Setting/updateUser
INFO: [ app_init ] --START--
INFO: Run Behavior\BuildLiteBehavior [ RunTime:0.000011s ]
INFO: [ app_init ] --END-- [ RunTime:0.000261s ]
INFO: [ app_begin ] --START--
INFO: Run Behavior\ReadHtmlCacheBehavior [ RunTime:0.000361s ]
INFO: [ app_begin ] --END-- [ RunTime:0.000397s ]
SQL: DESCRIBE weibo_user [ RunTime:0.009801s ]
NOTIC: [8] Undefined offset: 0 G:\php\www\weibo\ThinkPHP\Library\Think\Db.class.php 第 281 行.
SQL: UPDATE `weibo_user` SET `email`='lufei1@163.com' WHERE `id` = 18 [ RunTime:0.055188s ]
NOTIC: [8] Undefined index: mapping_name G:\php\www\weibo\ThinkPHP\Library\Think\Model\RelationModel.class.php 第 259 行.
SQL: DESCRIBE weibo_user_extend [ RunTime:0.006186s ]
SQL: UPDATE `weibo_user_extend` SET `intro`='我是路飞，多多指教' WHERE `uid` = 18 [ RunTime:0.059853s ]
INFO: [ app_end ] --START--
INFO: Run Behavior\ShowPageTraceBehavior [ RunTime:0.000524s ]
INFO: [ app_end ] --END-- [ RunTime:0.000555s ]

[ 2016-08-26T07:27:49+08:00 ] ::1 /weibo/Setting/index.html
INFO: [ app_init ] --START--
INFO: Run Behavior\BuildLiteBehavior [ RunTime:0.000010s ]
INFO: [ app_init ] --END-- [ RunTime:0.000252s ]
INFO: [ app_begin ] --START--
INFO: Run Behavior\ReadHtmlCacheBehavior [ RunTime:0.000360s ]
INFO: [ app_begin ] --END-- [ RunTime:0.000403s ]
SQL: DESCRIBE weibo_user [ RunTime:0.015700s ]
SQL: SELECT `id`,`username`,`email` FROM `weibo_user` WHERE `id` = 18 LIMIT 1   [ RunTime:0.000286s ]
SQL: DESCRIBE weibo_user_extend [ RunTime:0.005662s ]
SQL: SELECT `intro` FROM `weibo_user_extend` WHERE ( 1=1 AND uid='18' ) LIMIT 1   [ RunTime:0.000265s ]
INFO: [ view_parse ] --START--
INFO: [ template_filter ] --START--
INFO: Run Behavior\ContentReplaceBehavior [ RunTime:0.000114s ]
INFO: [ template_filter ] --END-- [ RunTime:0.000158s ]
INFO: Run Behavior\ParseTemplateBehavior [ RunTime:0.006523s ]
INFO: [ view_parse ] --END-- [ RunTime:0.006568s ]
INFO: [ view_filter ] --START--
INFO: Run Behavior\WriteHtmlCacheBehavior [ RunTime:0.000244s ]
INFO: [ view_filter ] --END-- [ RunTime:0.000275s ]
INFO: [ app_end ] --START--
INFO: Run Behavior\ShowPageTraceBehavior [ RunTime:0.000415s ]
INFO: [ app_end ] --END-- [ RunTime:0.000447s ]

[ 2016-08-26T07:27:50+08:00 ] ::1 /weibo/Setting/index.html
INFO: [ app_init ] --START--
INFO: Run Behavior\BuildLiteBehavior [ RunTime:0.000010s ]
INFO: [ app_init ] --END-- [ RunTime:0.000274s ]
INFO: [ app_begin ] --START--
INFO: Run Behavior\ReadHtmlCacheBehavior [ RunTime:0.000397s ]
INFO: [ app_begin ] --END-- [ RunTime:0.000439s ]
SQL: DESCRIBE weibo_user [ RunTime:0.015465s ]
SQL: SELECT `id`,`username`,`email` FROM `weibo_user` WHERE `id` = 18 LIMIT 1   [ RunTime:0.000265s ]
SQL: DESCRIBE weibo_user_extend [ RunTime:0.006517s ]
SQL: SELECT `intro` FROM `weibo_user_extend` WHERE ( 1=1 AND uid='18' ) LIMIT 1   [ RunTime:0.000239s ]
INFO: [ view_parse ] --START--
INFO: [ template_filter ] --START--
INFO: Run Behavior\ContentReplaceBehavior [ RunTime:0.000098s ]
INFO: [ template_filter ] --END-- [ RunTime:0.000139s ]
INFO: Run Behavior\ParseTemplateBehavior [ RunTime:0.006719s ]
INFO: [ view_parse ] --END-- [ RunTime:0.006764s ]
INFO: [ view_filter ] --START--
INFO: Run Behavior\WriteHtmlCacheBehavior [ RunTime:0.000246s ]
INFO: [ view_filter ] --END-- [ RunTime:0.000274s ]
INFO: [ app_end ] --START--
INFO: Run Behavior\ShowPageTraceBehavior [ RunTime:0.000408s ]
INFO: [ app_end ] --END-- [ RunTime:0.000438s ]

