[ 2016-08-31T06:38:34+08:00 ] ::1 /weibo/
INFO: [ app_init ] --START--
INFO: Run Behavior\BuildLiteBehavior [ RunTime:0.000014s ]
INFO: [ app_init ] --END-- [ RunTime:0.048736s ]
INFO: [ app_begin ] --START--
INFO: Run Behavior\ReadHtmlCacheBehavior [ RunTime:0.065076s ]
INFO: [ app_begin ] --END-- [ RunTime:0.065163s ]
NOTIC: [8] Undefined offset: 1 G:\php\www\weibo\App\Home\Controller\HomeController.class.php 第 18 行.

[ 2016-08-31T06:38:34+08:00 ] ::1 /weibo/Login/index.html
INFO: [ app_init ] --START--
INFO: Run Behavior\BuildLiteBehavior [ RunTime:0.000010s ]
INFO: [ app_init ] --END-- [ RunTime:0.000229s ]
INFO: [ app_begin ] --START--
INFO: Run Behavior\ReadHtmlCacheBehavior [ RunTime:0.000451s ]
INFO: [ app_begin ] --END-- [ RunTime:0.000487s ]
INFO: [ view_parse ] --START--
INFO: [ template_filter ] --START--
INFO: Run Behavior\ContentReplaceBehavior [ RunTime:0.000087s ]
INFO: [ template_filter ] --END-- [ RunTime:0.000171s ]
INFO: Run Behavior\ParseTemplateBehavior [ RunTime:0.146515s ]
INFO: [ view_parse ] --END-- [ RunTime:0.146568s ]
INFO: [ view_filter ] --START--
INFO: Run Behavior\WriteHtmlCacheBehavior [ RunTime:0.020274s ]
INFO: [ view_filter ] --END-- [ RunTime:0.020320s ]
INFO: [ app_end ] --START--
INFO: Run Behavior\ShowPageTraceBehavior [ RunTime:0.040189s ]
INFO: [ app_end ] --END-- [ RunTime:0.040235s ]

[ 2016-08-31T06:38:36+08:00 ] ::1 /weibo/Login/verify.html
INFO: [ app_init ] --START--
INFO: Run Behavior\BuildLiteBehavior [ RunTime:0.000016s ]
INFO: [ app_init ] --END-- [ RunTime:0.000376s ]
INFO: [ app_begin ] --START--
INFO: Run Behavior\ReadHtmlCacheBehavior [ RunTime:0.000768s ]
INFO: [ app_begin ] --END-- [ RunTime:0.000833s ]
INFO: [ app_end ] --START--
INFO: Run Behavior\ShowPageTraceBehavior [ RunTime:0.000505s ]
INFO: [ app_end ] --END-- [ RunTime:0.000570s ]

[ 2016-08-31T06:38:46+08:00 ] ::1 /weibo/Home/User/checkVerify
INFO: [ app_init ] --START--
INFO: Run Behavior\BuildLiteBehavior [ RunTime:0.000013s ]
INFO: [ app_init ] --END-- [ RunTime:0.000327s ]
INFO: [ app_begin ] --START--
INFO: Run Behavior\ReadHtmlCacheBehavior [ RunTime:0.000464s ]
INFO: [ app_begin ] --END-- [ RunTime:0.000507s ]
SQL: DESCRIBE weibo_user [ RunTime:0.026912s ]
NOTIC: [2] sha1() expects at least 1 parameter, 0 given G:\php\www\weibo\ThinkPHP\Library\Think\Model.class.php 第 1013 行.
INFO: [ app_end ] --START--
INFO: Run Behavior\ShowPageTraceBehavior [ RunTime:0.000526s ]
INFO: [ app_end ] --END-- [ RunTime:0.000561s ]

[ 2016-08-31T06:38:47+08:00 ] ::1 /weibo/Home/User/login
INFO: [ app_init ] --START--
INFO: Run Behavior\BuildLiteBehavior [ RunTime:0.000012s ]
INFO: [ app_init ] --END-- [ RunTime:0.000264s ]
INFO: [ app_begin ] --START--
INFO: Run Behavior\ReadHtmlCacheBehavior [ RunTime:0.000493s ]
INFO: [ app_begin ] --END-- [ RunTime:0.000539s ]
SQL: DESCRIBE weibo_user [ RunTime:0.039041s ]
SQL: SELECT `id`,`username`,`password`,`face` FROM `weibo_user` WHERE `username` = '路飞1' LIMIT 1   [ RunTime:0.000426s ]
SQL: UPDATE `weibo_user` SET `last_login`=1472596727,`last_ip`=0 WHERE `id` = '18' [ RunTime:0.093718s ]
INFO: [ app_end ] --START--
INFO: Run Behavior\ShowPageTraceBehavior [ RunTime:0.000842s ]
INFO: [ app_end ] --END-- [ RunTime:0.000902s ]

[ 2016-08-31T06:38:48+08:00 ] ::1 /weibo/Login/index.html
INFO: [ app_init ] --START--
INFO: Run Behavior\BuildLiteBehavior [ RunTime:0.000022s ]
INFO: [ app_init ] --END-- [ RunTime:0.000700s ]
INFO: [ app_begin ] --START--
INFO: Run Behavior\ReadHtmlCacheBehavior [ RunTime:0.000795s ]
INFO: [ app_begin ] --END-- [ RunTime:0.000881s ]

[ 2016-08-31T06:38:49+08:00 ] ::1 /weibo/Index/index.html
INFO: [ app_init ] --START--
INFO: Run Behavior\BuildLiteBehavior [ RunTime:0.000020s ]
INFO: [ app_init ] --END-- [ RunTime:0.000439s ]
INFO: [ app_begin ] --START--
INFO: Run Behavior\ReadHtmlCacheBehavior [ RunTime:0.002149s ]
INFO: [ app_begin ] --END-- [ RunTime:0.002418s ]
SQL: DESCRIBE weibo_topic [ RunTime:0.074473s ]
SQL: DESCRIBE weibo_topic [ RunTime:0.009248s ]
SQL: SELECT a.id,a.content,a.content_over,a.create,a.uid,a.reid,a.recount,b.username,b.face,b.domain FROM weibo_topic a,weibo_user b WHERE ( a.uid=b.id ) ORDER BY a.create DESC LIMIT 0,10   [ RunTime:0.000551s ]
SQL: DESCRIBE weibo_image [ RunTime:0.024943s ]
SQL: SELECT `data` FROM `weibo_image` WHERE ( 1=1 AND tid='49' )  [ RunTime:0.000326s ]
SQL: SELECT `data` FROM `weibo_image` WHERE ( 1=1 AND tid='48' )  [ RunTime:0.000278s ]
SQL: SELECT `data` FROM `weibo_image` WHERE ( 1=1 AND tid='47' )  [ RunTime:0.000210s ]
SQL: SELECT `data` FROM `weibo_image` WHERE ( 1=1 AND tid='46' )  [ RunTime:0.000177s ]
SQL: SELECT `data` FROM `weibo_image` WHERE ( 1=1 AND tid='45' )  [ RunTime:0.000181s ]
SQL: SELECT `data` FROM `weibo_image` WHERE ( 1=1 AND tid='44' )  [ RunTime:0.000158s ]
SQL: SELECT `data` FROM `weibo_image` WHERE ( 1=1 AND tid='43' )  [ RunTime:0.000163s ]
SQL: SELECT `data` FROM `weibo_image` WHERE ( 1=1 AND tid='42' )  [ RunTime:0.000190s ]
SQL: SELECT `data` FROM `weibo_image` WHERE ( 1=1 AND tid='41' )  [ RunTime:0.000171s ]
SQL: SELECT `data` FROM `weibo_image` WHERE ( 1=1 AND tid='40' )  [ RunTime:0.000163s ]
SQL: DESCRIBE weibo_topic [ RunTime:0.010260s ]
SQL: SELECT a.id,a.content,a.content_over,a.create,a.uid,a.reid,a.recount,b.username,b.face,b.domain FROM weibo_topic a,weibo_user b WHERE ( a.uid=b.id AND a.id=37 ) LIMIT 1   [ RunTime:0.000430s ]
SQL: SELECT `data` FROM `weibo_image` WHERE ( 1=1 AND tid='37' )  [ RunTime:0.000267s ]
NOTIC: [8] Trying to get property of non-object G:\php\www\weibo\App\Home\Model\TopicModel.class.php 第 152 行.
SQL: DESCRIBE weibo_topic [ RunTime:0.019951s ]
SQL: SELECT a.id,a.content,a.content_over,a.create,a.uid,a.reid,a.recount,b.username,b.face,b.domain FROM weibo_topic a,weibo_user b WHERE ( a.uid=b.id AND a.id=37 ) LIMIT 1   [ RunTime:0.000404s ]
SQL: SELECT `data` FROM `weibo_image` WHERE ( 1=1 AND tid='37' )  [ RunTime:0.000235s ]
NOTIC: [8] Trying to get property of non-object G:\php\www\weibo\App\Home\Model\TopicModel.class.php 第 152 行.
SQL: DESCRIBE weibo_topic [ RunTime:0.006219s ]
SQL: SELECT a.id,a.content,a.content_over,a.create,a.uid,a.reid,a.recount,b.username,b.face,b.domain FROM weibo_topic a,weibo_user b WHERE ( a.uid=b.id AND a.id=37 ) LIMIT 1   [ RunTime:0.000385s ]
SQL: SELECT `data` FROM `weibo_image` WHERE ( 1=1 AND tid='37' )  [ RunTime:0.000210s ]
NOTIC: [8] Trying to get property of non-object G:\php\www\weibo\App\Home\Model\TopicModel.class.php 第 152 行.
SQL: DESCRIBE weibo_topic [ RunTime:0.018936s ]
SQL: SELECT a.id,a.content,a.content_over,a.create,a.uid,a.reid,a.recount,b.username,b.face,b.domain FROM weibo_topic a,weibo_user b WHERE ( a.uid=b.id AND a.id=43 ) LIMIT 1   [ RunTime:0.000424s ]
SQL: SELECT `data` FROM `weibo_image` WHERE ( 1=1 AND tid='43' )  [ RunTime:0.000318s ]
NOTIC: [8] Trying to get property of non-object G:\php\www\weibo\App\Home\Model\TopicModel.class.php 第 152 行.
NOTIC: [8] Trying to get property of non-object G:\php\www\weibo\App\Home\Model\TopicModel.class.php 第 152 行.
SQL: DESCRIBE weibo_topic [ RunTime:0.027304s ]
SQL: SELECT a.id,a.content,a.content_over,a.create,a.uid,a.reid,a.recount,b.username,b.face,b.domain FROM weibo_topic a,weibo_user b WHERE ( a.uid=b.id AND a.id=37 ) LIMIT 1   [ RunTime:0.000398s ]
SQL: SELECT `data` FROM `weibo_image` WHERE ( 1=1 AND tid='37' )  [ RunTime:0.000279s ]
NOTIC: [8] Trying to get property of non-object G:\php\www\weibo\App\Home\Model\TopicModel.class.php 第 152 行.
NOTIC: [8] Trying to get property of non-object G:\php\www\weibo\App\Home\Model\TopicModel.class.php 第 152 行.
INFO: [ view_parse ] --START--
INFO: [ template_filter ] --START--
INFO: Run Behavior\ContentReplaceBehavior [ RunTime:0.000432s ]
INFO: [ template_filter ] --END-- [ RunTime:0.000513s ]
INFO: Run Behavior\ParseTemplateBehavior [ RunTime:0.539061s ]
INFO: [ view_parse ] --END-- [ RunTime:0.539153s ]
INFO: [ view_filter ] --START--
INFO: Run Behavior\WriteHtmlCacheBehavior [ RunTime:0.001623s ]
INFO: [ view_filter ] --END-- [ RunTime:0.001708s ]
INFO: [ app_end ] --START--
INFO: Run Behavior\ShowPageTraceBehavior [ RunTime:0.001879s ]
INFO: [ app_end ] --END-- [ RunTime:0.002113s ]

[ 2016-08-31T06:38:50+08:00 ] ::1 /weibo/
INFO: [ app_init ] --START--
INFO: Run Behavior\BuildLiteBehavior [ RunTime:0.000010s ]
INFO: [ app_init ] --END-- [ RunTime:0.000274s ]
INFO: [ app_begin ] --START--
INFO: Run Behavior\ReadHtmlCacheBehavior [ RunTime:0.000638s ]
INFO: [ app_begin ] --END-- [ RunTime:0.000761s ]
SQL: DESCRIBE weibo_topic [ RunTime:0.049461s ]
SQL: DESCRIBE weibo_topic [ RunTime:0.033683s ]
SQL: SELECT a.id,a.content,a.content_over,a.create,a.uid,a.reid,a.recount,b.username,b.face,b.domain FROM weibo_topic a,weibo_user b WHERE ( a.uid=b.id ) ORDER BY a.create DESC LIMIT 0,10   [ RunTime:0.000432s ]
SQL: DESCRIBE weibo_image [ RunTime:0.007180s ]
SQL: SELECT `data` FROM `weibo_image` WHERE ( 1=1 AND tid='49' )  [ RunTime:0.000260s ]
SQL: SELECT `data` FROM `weibo_image` WHERE ( 1=1 AND tid='48' )  [ RunTime:0.000183s ]
SQL: SELECT `data` FROM `weibo_image` WHERE ( 1=1 AND tid='47' )  [ RunTime:0.000175s ]
SQL: SELECT `data` FROM `weibo_image` WHERE ( 1=1 AND tid='46' )  [ RunTime:0.000200s ]
SQL: SELECT `data` FROM `weibo_image` WHERE ( 1=1 AND tid='45' )  [ RunTime:0.000198s ]
SQL: SELECT `data` FROM `weibo_image` WHERE ( 1=1 AND tid='44' )  [ RunTime:0.000182s ]
SQL: SELECT `data` FROM `weibo_image` WHERE ( 1=1 AND tid='43' )  [ RunTime:0.000197s ]
SQL: SELECT `data` FROM `weibo_image` WHERE ( 1=1 AND tid='42' )  [ RunTime:0.000230s ]
SQL: SELECT `data` FROM `weibo_image` WHERE ( 1=1 AND tid='41' )  [ RunTime:0.000181s ]
SQL: SELECT `data` FROM `weibo_image` WHERE ( 1=1 AND tid='40' )  [ RunTime:0.000193s ]
SQL: DESCRIBE weibo_topic [ RunTime:0.013638s ]
SQL: SELECT a.id,a.content,a.content_over,a.create,a.uid,a.reid,a.recount,b.username,b.face,b.domain FROM weibo_topic a,weibo_user b WHERE ( a.uid=b.id AND a.id=37 ) LIMIT 1   [ RunTime:0.000424s ]
SQL: SELECT `data` FROM `weibo_image` WHERE ( 1=1 AND tid='37' )  [ RunTime:0.000266s ]
NOTIC: [8] Trying to get property of non-object G:\php\www\weibo\App\Home\Model\TopicModel.class.php 第 152 行.
SQL: DESCRIBE weibo_topic [ RunTime:0.026288s ]
SQL: SELECT a.id,a.content,a.content_over,a.create,a.uid,a.reid,a.recount,b.username,b.face,b.domain FROM weibo_topic a,weibo_user b WHERE ( a.uid=b.id AND a.id=37 ) LIMIT 1   [ RunTime:0.000386s ]
SQL: SELECT `data` FROM `weibo_image` WHERE ( 1=1 AND tid='37' )  [ RunTime:0.000231s ]
NOTIC: [8] Trying to get property of non-object G:\php\www\weibo\App\Home\Model\TopicModel.class.php 第 152 行.
SQL: DESCRIBE weibo_topic [ RunTime:0.036496s ]
SQL: SELECT a.id,a.content,a.content_over,a.create,a.uid,a.reid,a.recount,b.username,b.face,b.domain FROM weibo_topic a,weibo_user b WHERE ( a.uid=b.id AND a.id=37 ) LIMIT 1   [ RunTime:0.000421s ]
SQL: SELECT `data` FROM `weibo_image` WHERE ( 1=1 AND tid='37' )  [ RunTime:0.000305s ]
NOTIC: [8] Trying to get property of non-object G:\php\www\weibo\App\Home\Model\TopicModel.class.php 第 152 行.
SQL: DESCRIBE weibo_topic [ RunTime:0.027871s ]
SQL: SELECT a.id,a.content,a.content_over,a.create,a.uid,a.reid,a.recount,b.username,b.face,b.domain FROM weibo_topic a,weibo_user b WHERE ( a.uid=b.id AND a.id=43 ) LIMIT 1   [ RunTime:0.000471s ]
SQL: SELECT `data` FROM `weibo_image` WHERE ( 1=1 AND tid='43' )  [ RunTime:0.000253s ]
NOTIC: [8] Trying to get property of non-object G:\php\www\weibo\App\Home\Model\TopicModel.class.php 第 152 行.
NOTIC: [8] Trying to get property of non-object G:\php\www\weibo\App\Home\Model\TopicModel.class.php 第 152 行.
SQL: DESCRIBE weibo_topic [ RunTime:0.053445s ]
SQL: SELECT a.id,a.content,a.content_over,a.create,a.uid,a.reid,a.recount,b.username,b.face,b.domain FROM weibo_topic a,weibo_user b WHERE ( a.uid=b.id AND a.id=37 ) LIMIT 1   [ RunTime:0.000347s ]
SQL: SELECT `data` FROM `weibo_image` WHERE ( 1=1 AND tid='37' )  [ RunTime:0.000214s ]
NOTIC: [8] Trying to get property of non-object G:\php\www\weibo\App\Home\Model\TopicModel.class.php 第 152 行.
NOTIC: [8] Trying to get property of non-object G:\php\www\weibo\App\Home\Model\TopicModel.class.php 第 152 行.
INFO: [ view_parse ] --START--
INFO: [ template_filter ] --START--
INFO: Run Behavior\ContentReplaceBehavior [ RunTime:0.000239s ]
INFO: [ template_filter ] --END-- [ RunTime:0.000281s ]
INFO: Run Behavior\ParseTemplateBehavior [ RunTime:0.250545s ]
INFO: [ view_parse ] --END-- [ RunTime:0.250592s ]
INFO: [ view_filter ] --START--
INFO: Run Behavior\WriteHtmlCacheBehavior [ RunTime:0.000392s ]
INFO: [ view_filter ] --END-- [ RunTime:0.000421s ]
INFO: [ app_end ] --START--
INFO: Run Behavior\ShowPageTraceBehavior [ RunTime:0.000634s ]
INFO: [ app_end ] --END-- [ RunTime:0.000678s ]

[ 2016-08-31T06:38:51+08:00 ] ::1 /weibo/Home/Topic/ajaxCount
INFO: [ app_init ] --START--
INFO: Run Behavior\BuildLiteBehavior [ RunTime:0.000012s ]
INFO: [ app_init ] --END-- [ RunTime:0.000281s ]
INFO: [ app_begin ] --START--
INFO: Run Behavior\ReadHtmlCacheBehavior [ RunTime:0.000401s ]
INFO: [ app_begin ] --END-- [ RunTime:0.000441s ]
SQL: DESCRIBE weibo_topic [ RunTime:0.014188s ]
SQL: SELECT COUNT(*) AS tp_count FROM `weibo_topic` WHERE ( 1=1 ) LIMIT 1   [ RunTime:0.000277s ]
INFO: [ app_end ] --START--
INFO: Run Behavior\ShowPageTraceBehavior [ RunTime:0.000681s ]
INFO: [ app_end ] --END-- [ RunTime:0.000732s ]

[ 2016-08-31T06:38:51+08:00 ] ::1 /weibo/Home/Space/setUrl
INFO: [ app_init ] --START--
INFO: Run Behavior\BuildLiteBehavior [ RunTime:0.000011s ]
INFO: [ app_init ] --END-- [ RunTime:0.000247s ]
INFO: [ app_begin ] --START--
INFO: Run Behavior\ReadHtmlCacheBehavior [ RunTime:0.000449s ]
INFO: [ app_begin ] --END-- [ RunTime:0.000493s ]
SQL: DESCRIBE weibo_user [ RunTime:0.026395s ]
SQL: SELECT `id`,`domain` FROM `weibo_user` WHERE `username` = '路飞1' LIMIT 1   [ RunTime:0.000284s ]
SQL: DESCRIBE weibo_user_extend [ RunTime:0.007884s ]
SQL: SELECT `intro` FROM `weibo_user_extend` WHERE ( 1=1 AND uid='18' ) LIMIT 1   [ RunTime:0.000265s ]
INFO: [ app_end ] --START--
INFO: Run Behavior\ShowPageTraceBehavior [ RunTime:0.000546s ]
INFO: [ app_end ] --END-- [ RunTime:0.000579s ]

[ 2016-08-31T06:38:51+08:00 ] ::1 /weibo/Home/Space/setUrl
INFO: [ app_init ] --START--
INFO: Run Behavior\BuildLiteBehavior [ RunTime:0.000015s ]
INFO: [ app_init ] --END-- [ RunTime:0.000323s ]
INFO: [ app_begin ] --START--
INFO: Run Behavior\ReadHtmlCacheBehavior [ RunTime:0.000606s ]
INFO: [ app_begin ] --END-- [ RunTime:0.000649s ]
SQL: DESCRIBE weibo_user [ RunTime:0.023659s ]
SQL: SELECT `id`,`domain` FROM `weibo_user` WHERE `username` = '炎日' LIMIT 1   [ RunTime:0.000235s ]
SQL: DESCRIBE weibo_user_extend [ RunTime:0.009496s ]
SQL: SELECT `intro` FROM `weibo_user_extend` WHERE ( 1=1 AND uid='16' ) LIMIT 1   [ RunTime:0.000243s ]
INFO: [ app_end ] --START--
INFO: Run Behavior\ShowPageTraceBehavior [ RunTime:0.000526s ]
INFO: [ app_end ] --END-- [ RunTime:0.000558s ]

[ 2016-08-31T06:38:51+08:00 ] ::1 /weibo/Home/Space/setUrl
INFO: [ app_init ] --START--
INFO: Run Behavior\BuildLiteBehavior [ RunTime:0.000010s ]
INFO: [ app_init ] --END-- [ RunTime:0.000238s ]
INFO: [ app_begin ] --START--
INFO: Run Behavior\ReadHtmlCacheBehavior [ RunTime:0.000461s ]
INFO: [ app_begin ] --END-- [ RunTime:0.000497s ]
SQL: DESCRIBE weibo_user [ RunTime:0.026972s ]
SQL: SELECT `id`,`domain` FROM `weibo_user` WHERE `username` = '山治' LIMIT 1   [ RunTime:0.000307s ]
SQL: DESCRIBE weibo_user_extend [ RunTime:0.018239s ]
SQL: SELECT `intro` FROM `weibo_user_extend` WHERE ( 1=1 AND uid='17' ) LIMIT 1   [ RunTime:0.000291s ]
INFO: [ app_end ] --START--
INFO: Run Behavior\ShowPageTraceBehavior [ RunTime:0.000528s ]
INFO: [ app_end ] --END-- [ RunTime:0.000560s ]

[ 2016-08-31T06:38:51+08:00 ] ::1 /weibo/Home/Space/setUrl
INFO: [ app_init ] --START--
INFO: Run Behavior\BuildLiteBehavior [ RunTime:0.000009s ]
INFO: [ app_init ] --END-- [ RunTime:0.000236s ]
INFO: [ app_begin ] --START--
INFO: Run Behavior\ReadHtmlCacheBehavior [ RunTime:0.000429s ]
INFO: [ app_begin ] --END-- [ RunTime:0.000479s ]
SQL: DESCRIBE weibo_user [ RunTime:0.067003s ]
SQL: SELECT `id`,`domain` FROM `weibo_user` WHERE `username` = '路飞1' LIMIT 1   [ RunTime:0.000382s ]
SQL: DESCRIBE weibo_user_extend [ RunTime:0.009760s ]
SQL: SELECT `intro` FROM `weibo_user_extend` WHERE ( 1=1 AND uid='18' ) LIMIT 1   [ RunTime:0.000358s ]
INFO: [ app_end ] --START--
INFO: Run Behavior\ShowPageTraceBehavior [ RunTime:0.000920s ]
INFO: [ app_end ] --END-- [ RunTime:0.000989s ]

[ 2016-08-31T06:38:52+08:00 ] ::1 /weibo/Home/Space/setUrl
INFO: [ app_init ] --START--
INFO: Run Behavior\BuildLiteBehavior [ RunTime:0.000009s ]
INFO: [ app_init ] --END-- [ RunTime:0.000228s ]
INFO: [ app_begin ] --START--
INFO: Run Behavior\ReadHtmlCacheBehavior [ RunTime:0.000427s ]
INFO: [ app_begin ] --END-- [ RunTime:0.000462s ]
SQL: DESCRIBE weibo_user [ RunTime:0.428507s ]
SQL: SELECT `id`,`domain` FROM `weibo_user` WHERE `username` = '炎日:' LIMIT 1   [ RunTime:0.000283s ]
INFO: [ app_end ] --START--
INFO: Run Behavior\ShowPageTraceBehavior [ RunTime:0.000859s ]
INFO: [ app_end ] --END-- [ RunTime:0.000930s ]

[ 2016-08-31T06:38:52+08:00 ] ::1 /weibo/Home/Space/setUrl
INFO: [ app_init ] --START--
INFO: Run Behavior\BuildLiteBehavior [ RunTime:0.000011s ]
INFO: [ app_init ] --END-- [ RunTime:0.000242s ]
INFO: [ app_begin ] --START--
INFO: Run Behavior\ReadHtmlCacheBehavior [ RunTime:0.000458s ]
INFO: [ app_begin ] --END-- [ RunTime:0.000496s ]
SQL: DESCRIBE weibo_user [ RunTime:0.025332s ]
SQL: SELECT `id`,`domain` FROM `weibo_user` WHERE `username` = '炎日' LIMIT 1   [ RunTime:0.000228s ]
SQL: DESCRIBE weibo_user_extend [ RunTime:0.044740s ]
SQL: SELECT `intro` FROM `weibo_user_extend` WHERE ( 1=1 AND uid='16' ) LIMIT 1   [ RunTime:0.000285s ]
INFO: [ app_end ] --START--
INFO: Run Behavior\ShowPageTraceBehavior [ RunTime:0.000533s ]
INFO: [ app_end ] --END-- [ RunTime:0.000566s ]

[ 2016-08-31T06:38:52+08:00 ] ::1 /weibo/Home/Space/setUrl
INFO: [ app_init ] --START--
INFO: Run Behavior\BuildLiteBehavior [ RunTime:0.000021s ]
INFO: [ app_init ] --END-- [ RunTime:0.000277s ]
INFO: [ app_begin ] --START--
INFO: Run Behavior\ReadHtmlCacheBehavior [ RunTime:0.000481s ]
INFO: [ app_begin ] --END-- [ RunTime:0.000517s ]
SQL: DESCRIBE weibo_user [ RunTime:0.033023s ]
SQL: SELECT `id`,`domain` FROM `weibo_user` WHERE `username` = '路飞1' LIMIT 1   [ RunTime:0.000333s ]
SQL: DESCRIBE weibo_user_extend [ RunTime:0.041833s ]
SQL: SELECT `intro` FROM `weibo_user_extend` WHERE ( 1=1 AND uid='18' ) LIMIT 1   [ RunTime:0.000370s ]
INFO: [ app_end ] --START--
INFO: Run Behavior\ShowPageTraceBehavior [ RunTime:0.000903s ]
INFO: [ app_end ] --END-- [ RunTime:0.000968s ]

