[ 2016-10-15T21:40:44+08:00 ] ::1 /weibo/Home/Home/getRefer
INFO: [ app_init ] --START--
INFO: Run Behavior\BuildLiteBehavior [ RunTime:0.000017s ]
INFO: [ app_init ] --END-- [ RunTime:0.000348s ]
INFO: [ app_begin ] --START--
INFO: Run Behavior\ReadHtmlCacheBehavior [ RunTime:0.000823s ]
INFO: [ app_begin ] --END-- [ RunTime:0.000901s ]
INFO: [ app_end ] --START--
INFO: Run Behavior\ShowPageTraceBehavior [ RunTime:0.000950s ]
INFO: [ app_end ] --END-- [ RunTime:0.001035s ]

[ 2016-10-15T21:40:55+08:00 ] ::1 /weibo/Home/Home/getRefer
INFO: [ app_init ] --START--
INFO: Run Behavior\BuildLiteBehavior [ RunTime:0.000012s ]
INFO: [ app_init ] --END-- [ RunTime:0.000243s ]
INFO: [ app_begin ] --START--
INFO: Run Behavior\ReadHtmlCacheBehavior [ RunTime:0.000306s ]
INFO: [ app_begin ] --END-- [ RunTime:0.000339s ]
INFO: [ app_end ] --START--
INFO: Run Behavior\ShowPageTraceBehavior [ RunTime:0.000616s ]
INFO: [ app_end ] --END-- [ RunTime:0.000679s ]

[ 2016-10-15T21:40:55+08:00 ] ::1 /weibo/Home/Index/getWeibo
INFO: [ app_init ] --START--
INFO: Run Behavior\BuildLiteBehavior [ RunTime:0.000010s ]
INFO: [ app_init ] --END-- [ RunTime:0.000278s ]
INFO: [ app_begin ] --START--
INFO: Run Behavior\ReadHtmlCacheBehavior [ RunTime:0.000523s ]
INFO: [ app_begin ] --END-- [ RunTime:0.000577s ]
NOTIC: [2] array_merge(): Argument #1 is not an array G:\php\www\weibo\App\Home\Controller\IndexController.class.php 第 20 行.
NOTIC: [2] Invalid argument supplied for foreach() G:\php\www\weibo\App\Home\Controller\IndexController.class.php 第 21 行.

[ 2016-10-15T21:41:06+08:00 ] ::1 /weibo/Home/Home/getRefer
INFO: [ app_init ] --START--
INFO: Run Behavior\BuildLiteBehavior [ RunTime:0.000014s ]
INFO: [ app_init ] --END-- [ RunTime:0.000321s ]
INFO: [ app_begin ] --START--
INFO: Run Behavior\ReadHtmlCacheBehavior [ RunTime:0.000348s ]
INFO: [ app_begin ] --END-- [ RunTime:0.000384s ]
INFO: [ app_end ] --START--
INFO: Run Behavior\ShowPageTraceBehavior [ RunTime:0.000718s ]
INFO: [ app_end ] --END-- [ RunTime:0.000798s ]

[ 2016-10-15T21:41:06+08:00 ] ::1 /weibo/Home/Index/getWeibo
INFO: [ app_init ] --START--
INFO: Run Behavior\BuildLiteBehavior [ RunTime:0.000010s ]
INFO: [ app_init ] --END-- [ RunTime:0.000239s ]
INFO: [ app_begin ] --START--
INFO: Run Behavior\ReadHtmlCacheBehavior [ RunTime:0.000360s ]
INFO: [ app_begin ] --END-- [ RunTime:0.000403s ]
NOTIC: [2] array_merge(): Argument #1 is not an array G:\php\www\weibo\App\Home\Controller\IndexController.class.php 第 20 行.
NOTIC: [2] Invalid argument supplied for foreach() G:\php\www\weibo\App\Home\Controller\IndexController.class.php 第 21 行.

[ 2016-10-15T21:41:17+08:00 ] ::1 /weibo/Home/Home/getRefer
INFO: [ app_init ] --START--
INFO: Run Behavior\BuildLiteBehavior [ RunTime:0.000011s ]
INFO: [ app_init ] --END-- [ RunTime:0.000238s ]
INFO: [ app_begin ] --START--
INFO: Run Behavior\ReadHtmlCacheBehavior [ RunTime:0.000305s ]
INFO: [ app_begin ] --END-- [ RunTime:0.000338s ]
INFO: [ app_end ] --START--
INFO: Run Behavior\ShowPageTraceBehavior [ RunTime:0.000556s ]
INFO: [ app_end ] --END-- [ RunTime:0.000623s ]

[ 2016-10-15T21:41:17+08:00 ] ::1 /weibo/Home/Index/getWeibo
INFO: [ app_init ] --START--
INFO: Run Behavior\BuildLiteBehavior [ RunTime:0.000013s ]
INFO: [ app_init ] --END-- [ RunTime:0.000245s ]
INFO: [ app_begin ] --START--
INFO: Run Behavior\ReadHtmlCacheBehavior [ RunTime:0.000305s ]
INFO: [ app_begin ] --END-- [ RunTime:0.000340s ]
NOTIC: [2] array_merge(): Argument #1 is not an array G:\php\www\weibo\App\Home\Controller\IndexController.class.php 第 20 行.
NOTIC: [2] Invalid argument supplied for foreach() G:\php\www\weibo\App\Home\Controller\IndexController.class.php 第 21 行.

[ 2016-10-15T21:41:28+08:00 ] ::1 /weibo/Home/Home/getRefer
INFO: [ app_init ] --START--
INFO: Run Behavior\BuildLiteBehavior [ RunTime:0.000018s ]
INFO: [ app_init ] --END-- [ RunTime:0.000244s ]
INFO: [ app_begin ] --START--
INFO: Run Behavior\ReadHtmlCacheBehavior [ RunTime:0.000291s ]
INFO: [ app_begin ] --END-- [ RunTime:0.000326s ]
INFO: [ app_end ] --START--
INFO: Run Behavior\ShowPageTraceBehavior [ RunTime:0.000437s ]
INFO: [ app_end ] --END-- [ RunTime:0.000497s ]

[ 2016-10-15T21:41:28+08:00 ] ::1 /weibo/Home/Index/getWeibo
INFO: [ app_init ] --START--
INFO: Run Behavior\BuildLiteBehavior [ RunTime:0.000009s ]
INFO: [ app_init ] --END-- [ RunTime:0.000238s ]
INFO: [ app_begin ] --START--
INFO: Run Behavior\ReadHtmlCacheBehavior [ RunTime:0.000320s ]
INFO: [ app_begin ] --END-- [ RunTime:0.000357s ]
NOTIC: [2] array_merge(): Argument #1 is not an array G:\php\www\weibo\App\Home\Controller\IndexController.class.php 第 20 行.
NOTIC: [2] Invalid argument supplied for foreach() G:\php\www\weibo\App\Home\Controller\IndexController.class.php 第 21 行.

[ 2016-10-15T21:41:39+08:00 ] ::1 /weibo/Home/Home/getRefer
INFO: [ app_init ] --START--
INFO: Run Behavior\BuildLiteBehavior [ RunTime:0.000016s ]
INFO: [ app_init ] --END-- [ RunTime:0.000411s ]
INFO: [ app_begin ] --START--
INFO: Run Behavior\ReadHtmlCacheBehavior [ RunTime:0.000512s ]
INFO: [ app_begin ] --END-- [ RunTime:0.000575s ]
INFO: [ app_end ] --START--
INFO: Run Behavior\ShowPageTraceBehavior [ RunTime:0.000610s ]
INFO: [ app_end ] --END-- [ RunTime:0.000692s ]

[ 2016-10-15T21:41:39+08:00 ] ::1 /weibo/Home/Index/getWeibo
INFO: [ app_init ] --START--
INFO: Run Behavior\BuildLiteBehavior [ RunTime:0.000018s ]
INFO: [ app_init ] --END-- [ RunTime:0.000409s ]
INFO: [ app_begin ] --START--
INFO: Run Behavior\ReadHtmlCacheBehavior [ RunTime:0.000513s ]
INFO: [ app_begin ] --END-- [ RunTime:0.000574s ]
NOTIC: [2] array_merge(): Argument #1 is not an array G:\php\www\weibo\App\Home\Controller\IndexController.class.php 第 20 行.
NOTIC: [2] Invalid argument supplied for foreach() G:\php\www\weibo\App\Home\Controller\IndexController.class.php 第 21 行.

[ 2016-10-15T21:41:50+08:00 ] ::1 /weibo/Home/Home/getRefer
INFO: [ app_init ] --START--
INFO: Run Behavior\BuildLiteBehavior [ RunTime:0.000010s ]
INFO: [ app_init ] --END-- [ RunTime:0.000267s ]
INFO: [ app_begin ] --START--
INFO: Run Behavior\ReadHtmlCacheBehavior [ RunTime:0.000308s ]
INFO: [ app_begin ] --END-- [ RunTime:0.000341s ]
INFO: [ app_end ] --START--
INFO: Run Behavior\ShowPageTraceBehavior [ RunTime:0.000539s ]
INFO: [ app_end ] --END-- [ RunTime:0.000609s ]

[ 2016-10-15T21:41:50+08:00 ] ::1 /weibo/Home/Index/getWeibo
INFO: [ app_init ] --START--
INFO: Run Behavior\BuildLiteBehavior [ RunTime:0.000010s ]
INFO: [ app_init ] --END-- [ RunTime:0.000247s ]
INFO: [ app_begin ] --START--
INFO: Run Behavior\ReadHtmlCacheBehavior [ RunTime:0.000330s ]
INFO: [ app_begin ] --END-- [ RunTime:0.000366s ]
NOTIC: [2] array_merge(): Argument #1 is not an array G:\php\www\weibo\App\Home\Controller\IndexController.class.php 第 20 行.
NOTIC: [2] Invalid argument supplied for foreach() G:\php\www\weibo\App\Home\Controller\IndexController.class.php 第 21 行.

[ 2016-10-15T21:42:01+08:00 ] ::1 /weibo/Home/Home/getRefer
INFO: [ app_init ] --START--
INFO: Run Behavior\BuildLiteBehavior [ RunTime:0.000011s ]
INFO: [ app_init ] --END-- [ RunTime:0.000238s ]
INFO: [ app_begin ] --START--
INFO: Run Behavior\ReadHtmlCacheBehavior [ RunTime:0.000309s ]
INFO: [ app_begin ] --END-- [ RunTime:0.000342s ]
INFO: [ app_end ] --START--
INFO: Run Behavior\ShowPageTraceBehavior [ RunTime:0.000550s ]
INFO: [ app_end ] --END-- [ RunTime:0.000631s ]

[ 2016-10-15T21:42:01+08:00 ] ::1 /weibo/Home/Index/getWeibo
INFO: [ app_init ] --START--
INFO: Run Behavior\BuildLiteBehavior [ RunTime:0.000009s ]
INFO: [ app_init ] --END-- [ RunTime:0.000236s ]
INFO: [ app_begin ] --START--
INFO: Run Behavior\ReadHtmlCacheBehavior [ RunTime:0.000312s ]
INFO: [ app_begin ] --END-- [ RunTime:0.000351s ]
NOTIC: [2] array_merge(): Argument #1 is not an array G:\php\www\weibo\App\Home\Controller\IndexController.class.php 第 20 行.
NOTIC: [2] Invalid argument supplied for foreach() G:\php\www\weibo\App\Home\Controller\IndexController.class.php 第 21 行.

[ 2016-10-15T21:42:12+08:00 ] ::1 /weibo/Home/Index/getWeibo
INFO: [ app_init ] --START--
INFO: Run Behavior\BuildLiteBehavior [ RunTime:0.000010s ]
INFO: [ app_init ] --END-- [ RunTime:0.000253s ]
INFO: [ app_begin ] --START--
INFO: Run Behavior\ReadHtmlCacheBehavior [ RunTime:0.000313s ]
INFO: [ app_begin ] --END-- [ RunTime:0.000356s ]
NOTIC: [2] array_merge(): Argument #1 is not an array G:\php\www\weibo\App\Home\Controller\IndexController.class.php 第 20 行.
NOTIC: [2] Invalid argument supplied for foreach() G:\php\www\weibo\App\Home\Controller\IndexController.class.php 第 21 行.

[ 2016-10-15T21:42:12+08:00 ] ::1 /weibo/Home/Home/getRefer
INFO: [ app_init ] --START--
INFO: Run Behavior\BuildLiteBehavior [ RunTime:0.000010s ]
INFO: [ app_init ] --END-- [ RunTime:0.000265s ]
INFO: [ app_begin ] --START--
INFO: Run Behavior\ReadHtmlCacheBehavior [ RunTime:0.000463s ]
INFO: [ app_begin ] --END-- [ RunTime:0.000519s ]
INFO: [ app_end ] --START--
INFO: Run Behavior\ShowPageTraceBehavior [ RunTime:0.000629s ]
INFO: [ app_end ] --END-- [ RunTime:0.000712s ]

[ 2016-10-15T21:42:23+08:00 ] ::1 /weibo/Home/Index/getWeibo
INFO: [ app_init ] --START--
INFO: Run Behavior\BuildLiteBehavior [ RunTime:0.000011s ]
INFO: [ app_init ] --END-- [ RunTime:0.000248s ]
INFO: [ app_begin ] --START--
INFO: Run Behavior\ReadHtmlCacheBehavior [ RunTime:0.000297s ]
INFO: [ app_begin ] --END-- [ RunTime:0.000329s ]
NOTIC: [2] array_merge(): Argument #1 is not an array G:\php\www\weibo\App\Home\Controller\IndexController.class.php 第 20 行.
NOTIC: [2] Invalid argument supplied for foreach() G:\php\www\weibo\App\Home\Controller\IndexController.class.php 第 21 行.

[ 2016-10-15T21:42:23+08:00 ] ::1 /weibo/Home/Home/getRefer
INFO: [ app_init ] --START--
INFO: Run Behavior\BuildLiteBehavior [ RunTime:0.000010s ]
INFO: [ app_init ] --END-- [ RunTime:0.000260s ]
INFO: [ app_begin ] --START--
INFO: Run Behavior\ReadHtmlCacheBehavior [ RunTime:0.000318s ]
INFO: [ app_begin ] --END-- [ RunTime:0.000354s ]
INFO: [ app_end ] --START--
INFO: Run Behavior\ShowPageTraceBehavior [ RunTime:0.000609s ]
INFO: [ app_end ] --END-- [ RunTime:0.000694s ]

[ 2016-10-15T21:42:34+08:00 ] ::1 /weibo/Home/Index/getWeibo
INFO: [ app_init ] --START--
INFO: Run Behavior\BuildLiteBehavior [ RunTime:0.000011s ]
INFO: [ app_init ] --END-- [ RunTime:0.000293s ]
INFO: [ app_begin ] --START--
INFO: Run Behavior\ReadHtmlCacheBehavior [ RunTime:0.000379s ]
INFO: [ app_begin ] --END-- [ RunTime:0.000414s ]
NOTIC: [2] array_merge(): Argument #1 is not an array G:\php\www\weibo\App\Home\Controller\IndexController.class.php 第 20 行.
NOTIC: [2] Invalid argument supplied for foreach() G:\php\www\weibo\App\Home\Controller\IndexController.class.php 第 21 行.

[ 2016-10-15T21:42:34+08:00 ] ::1 /weibo/Home/Home/getRefer
INFO: [ app_init ] --START--
INFO: Run Behavior\BuildLiteBehavior [ RunTime:0.000010s ]
INFO: [ app_init ] --END-- [ RunTime:0.000241s ]
INFO: [ app_begin ] --START--
INFO: Run Behavior\ReadHtmlCacheBehavior [ RunTime:0.000421s ]
INFO: [ app_begin ] --END-- [ RunTime:0.000458s ]
INFO: [ app_end ] --START--
INFO: Run Behavior\ShowPageTraceBehavior [ RunTime:0.000612s ]
INFO: [ app_end ] --END-- [ RunTime:0.000735s ]

[ 2016-10-15T21:42:45+08:00 ] ::1 /weibo/Home/Index/getWeibo
INFO: [ app_init ] --START--
INFO: Run Behavior\BuildLiteBehavior [ RunTime:0.000011s ]
INFO: [ app_init ] --END-- [ RunTime:0.000269s ]
INFO: [ app_begin ] --START--
INFO: Run Behavior\ReadHtmlCacheBehavior [ RunTime:0.000326s ]
INFO: [ app_begin ] --END-- [ RunTime:0.000362s ]
NOTIC: [2] array_merge(): Argument #1 is not an array G:\php\www\weibo\App\Home\Controller\IndexController.class.php 第 20 行.
NOTIC: [2] Invalid argument supplied for foreach() G:\php\www\weibo\App\Home\Controller\IndexController.class.php 第 21 行.

[ 2016-10-15T21:42:45+08:00 ] ::1 /weibo/Home/Home/getRefer
INFO: [ app_init ] --START--
INFO: Run Behavior\BuildLiteBehavior [ RunTime:0.000010s ]
INFO: [ app_init ] --END-- [ RunTime:0.000230s ]
INFO: [ app_begin ] --START--
INFO: Run Behavior\ReadHtmlCacheBehavior [ RunTime:0.000341s ]
INFO: [ app_begin ] --END-- [ RunTime:0.000376s ]
INFO: [ app_end ] --START--
INFO: Run Behavior\ShowPageTraceBehavior [ RunTime:0.000594s ]
INFO: [ app_end ] --END-- [ RunTime:0.000675s ]

[ 2016-10-15T21:42:56+08:00 ] ::1 /weibo/Home/Index/getWeibo
INFO: [ app_init ] --START--
INFO: Run Behavior\BuildLiteBehavior [ RunTime:0.000017s ]
INFO: [ app_init ] --END-- [ RunTime:0.000349s ]
INFO: [ app_begin ] --START--
INFO: Run Behavior\ReadHtmlCacheBehavior [ RunTime:0.000439s ]
INFO: [ app_begin ] --END-- [ RunTime:0.000491s ]
NOTIC: [2] array_merge(): Argument #1 is not an array G:\php\www\weibo\App\Home\Controller\IndexController.class.php 第 20 行.
NOTIC: [2] Invalid argument supplied for foreach() G:\php\www\weibo\App\Home\Controller\IndexController.class.php 第 21 行.

[ 2016-10-15T21:42:56+08:00 ] ::1 /weibo/Home/Home/getRefer
INFO: [ app_init ] --START--
INFO: Run Behavior\BuildLiteBehavior [ RunTime:0.000016s ]
INFO: [ app_init ] --END-- [ RunTime:0.000446s ]
INFO: [ app_begin ] --START--
INFO: Run Behavior\ReadHtmlCacheBehavior [ RunTime:0.000760s ]
INFO: [ app_begin ] --END-- [ RunTime:0.000868s ]
INFO: [ app_end ] --START--
INFO: Run Behavior\ShowPageTraceBehavior [ RunTime:0.000624s ]
INFO: [ app_end ] --END-- [ RunTime:0.000711s ]

[ 2016-10-15T21:43:07+08:00 ] ::1 /weibo/Home/Home/getRefer
INFO: [ app_init ] --START--
INFO: Run Behavior\BuildLiteBehavior [ RunTime:0.000010s ]
INFO: [ app_init ] --END-- [ RunTime:0.000246s ]
INFO: [ app_begin ] --START--
INFO: Run Behavior\ReadHtmlCacheBehavior [ RunTime:0.000301s ]
INFO: [ app_begin ] --END-- [ RunTime:0.000337s ]
INFO: [ app_end ] --START--
INFO: Run Behavior\ShowPageTraceBehavior [ RunTime:0.000598s ]
INFO: [ app_end ] --END-- [ RunTime:0.000663s ]

[ 2016-10-15T21:43:07+08:00 ] ::1 /weibo/Home/Index/getWeibo
INFO: [ app_init ] --START--
INFO: Run Behavior\BuildLiteBehavior [ RunTime:0.000010s ]
INFO: [ app_init ] --END-- [ RunTime:0.000237s ]
INFO: [ app_begin ] --START--
INFO: Run Behavior\ReadHtmlCacheBehavior [ RunTime:0.000302s ]
INFO: [ app_begin ] --END-- [ RunTime:0.000338s ]
NOTIC: [2] array_merge(): Argument #1 is not an array G:\php\www\weibo\App\Home\Controller\IndexController.class.php 第 20 行.
NOTIC: [2] Invalid argument supplied for foreach() G:\php\www\weibo\App\Home\Controller\IndexController.class.php 第 21 行.

[ 2016-10-15T21:43:18+08:00 ] ::1 /weibo/Home/Home/getRefer
INFO: [ app_init ] --START--
INFO: Run Behavior\BuildLiteBehavior [ RunTime:0.000010s ]
INFO: [ app_init ] --END-- [ RunTime:0.000246s ]
INFO: [ app_begin ] --START--
INFO: Run Behavior\ReadHtmlCacheBehavior [ RunTime:0.000304s ]
INFO: [ app_begin ] --END-- [ RunTime:0.000338s ]
INFO: [ app_end ] --START--
INFO: Run Behavior\ShowPageTraceBehavior [ RunTime:0.000676s ]
INFO: [ app_end ] --END-- [ RunTime:0.000751s ]

[ 2016-10-15T21:43:18+08:00 ] ::1 /weibo/Home/Index/getWeibo
INFO: [ app_init ] --START--
INFO: Run Behavior\BuildLiteBehavior [ RunTime:0.000010s ]
INFO: [ app_init ] --END-- [ RunTime:0.000239s ]
INFO: [ app_begin ] --START--
INFO: Run Behavior\ReadHtmlCacheBehavior [ RunTime:0.000311s ]
INFO: [ app_begin ] --END-- [ RunTime:0.000348s ]
NOTIC: [2] array_merge(): Argument #1 is not an array G:\php\www\weibo\App\Home\Controller\IndexController.class.php 第 20 行.
NOTIC: [2] Invalid argument supplied for foreach() G:\php\www\weibo\App\Home\Controller\IndexController.class.php 第 21 行.

[ 2016-10-15T21:43:29+08:00 ] ::1 /weibo/Home/Home/getRefer
INFO: [ app_init ] --START--
INFO: Run Behavior\BuildLiteBehavior [ RunTime:0.000010s ]
INFO: [ app_init ] --END-- [ RunTime:0.000238s ]
INFO: [ app_begin ] --START--
INFO: Run Behavior\ReadHtmlCacheBehavior [ RunTime:0.000305s ]
INFO: [ app_begin ] --END-- [ RunTime:0.000339s ]
INFO: [ app_end ] --START--
INFO: Run Behavior\ShowPageTraceBehavior [ RunTime:0.000577s ]
INFO: [ app_end ] --END-- [ RunTime:0.000653s ]

[ 2016-10-15T21:43:29+08:00 ] ::1 /weibo/Home/Index/getWeibo
INFO: [ app_init ] --START--
INFO: Run Behavior\BuildLiteBehavior [ RunTime:0.000010s ]
INFO: [ app_init ] --END-- [ RunTime:0.000240s ]
INFO: [ app_begin ] --START--
INFO: Run Behavior\ReadHtmlCacheBehavior [ RunTime:0.000312s ]
INFO: [ app_begin ] --END-- [ RunTime:0.000347s ]
NOTIC: [2] array_merge(): Argument #1 is not an array G:\php\www\weibo\App\Home\Controller\IndexController.class.php 第 20 行.
NOTIC: [2] Invalid argument supplied for foreach() G:\php\www\weibo\App\Home\Controller\IndexController.class.php 第 21 行.

[ 2016-10-15T21:43:40+08:00 ] ::1 /weibo/Home/Home/getRefer
INFO: [ app_init ] --START--
INFO: Run Behavior\BuildLiteBehavior [ RunTime:0.000010s ]
INFO: [ app_init ] --END-- [ RunTime:0.000248s ]
INFO: [ app_begin ] --START--
INFO: Run Behavior\ReadHtmlCacheBehavior [ RunTime:0.000460s ]
INFO: [ app_begin ] --END-- [ RunTime:0.000508s ]
INFO: [ app_end ] --START--
INFO: Run Behavior\ShowPageTraceBehavior [ RunTime:0.000475s ]
INFO: [ app_end ] --END-- [ RunTime:0.000539s ]

[ 2016-10-15T21:43:40+08:00 ] ::1 /weibo/Home/Index/getWeibo
INFO: [ app_init ] --START--
INFO: Run Behavior\BuildLiteBehavior [ RunTime:0.000009s ]
INFO: [ app_init ] --END-- [ RunTime:0.000252s ]
INFO: [ app_begin ] --START--
INFO: Run Behavior\ReadHtmlCacheBehavior [ RunTime:0.000441s ]
INFO: [ app_begin ] --END-- [ RunTime:0.000494s ]
NOTIC: [2] array_merge(): Argument #1 is not an array G:\php\www\weibo\App\Home\Controller\IndexController.class.php 第 20 行.
NOTIC: [2] Invalid argument supplied for foreach() G:\php\www\weibo\App\Home\Controller\IndexController.class.php 第 21 行.

[ 2016-10-15T21:43:51+08:00 ] ::1 /weibo/Home/Home/getRefer
INFO: [ app_init ] --START--
INFO: Run Behavior\BuildLiteBehavior [ RunTime:0.000011s ]
INFO: [ app_init ] --END-- [ RunTime:0.000239s ]
INFO: [ app_begin ] --START--
INFO: Run Behavior\ReadHtmlCacheBehavior [ RunTime:0.000306s ]
INFO: [ app_begin ] --END-- [ RunTime:0.000341s ]
INFO: [ app_end ] --START--
INFO: Run Behavior\ShowPageTraceBehavior [ RunTime:0.000461s ]
INFO: [ app_end ] --END-- [ RunTime:0.000539s ]

[ 2016-10-15T21:43:51+08:00 ] ::1 /weibo/Home/Index/getWeibo
INFO: [ app_init ] --START--
INFO: Run Behavior\BuildLiteBehavior [ RunTime:0.000010s ]
INFO: [ app_init ] --END-- [ RunTime:0.000237s ]
INFO: [ app_begin ] --START--
INFO: Run Behavior\ReadHtmlCacheBehavior [ RunTime:0.000303s ]
INFO: [ app_begin ] --END-- [ RunTime:0.000339s ]
NOTIC: [2] array_merge(): Argument #1 is not an array G:\php\www\weibo\App\Home\Controller\IndexController.class.php 第 20 行.
NOTIC: [2] Invalid argument supplied for foreach() G:\php\www\weibo\App\Home\Controller\IndexController.class.php 第 21 行.

[ 2016-10-15T21:44:02+08:00 ] ::1 /weibo/Home/Home/getRefer
INFO: [ app_init ] --START--
INFO: Run Behavior\BuildLiteBehavior [ RunTime:0.000011s ]
INFO: [ app_init ] --END-- [ RunTime:0.000247s ]
INFO: [ app_begin ] --START--
INFO: Run Behavior\ReadHtmlCacheBehavior [ RunTime:0.000309s ]
INFO: [ app_begin ] --END-- [ RunTime:0.000343s ]
INFO: [ app_end ] --START--
INFO: Run Behavior\ShowPageTraceBehavior [ RunTime:0.000483s ]
INFO: [ app_end ] --END-- [ RunTime:0.000550s ]

[ 2016-10-15T21:44:02+08:00 ] ::1 /weibo/Home/Index/getWeibo
INFO: [ app_init ] --START--
INFO: Run Behavior\BuildLiteBehavior [ RunTime:0.000010s ]
INFO: [ app_init ] --END-- [ RunTime:0.000250s ]
INFO: [ app_begin ] --START--
INFO: Run Behavior\ReadHtmlCacheBehavior [ RunTime:0.000318s ]
INFO: [ app_begin ] --END-- [ RunTime:0.000355s ]
NOTIC: [2] array_merge(): Argument #1 is not an array G:\php\www\weibo\App\Home\Controller\IndexController.class.php 第 20 行.
NOTIC: [2] Invalid argument supplied for foreach() G:\php\www\weibo\App\Home\Controller\IndexController.class.php 第 21 行.

[ 2016-10-15T21:44:13+08:00 ] ::1 /weibo/Home/Index/getWeibo
INFO: [ app_init ] --START--
INFO: Run Behavior\BuildLiteBehavior [ RunTime:0.000016s ]
INFO: [ app_init ] --END-- [ RunTime:0.000353s ]
INFO: [ app_begin ] --START--
INFO: Run Behavior\ReadHtmlCacheBehavior [ RunTime:0.000496s ]
INFO: [ app_begin ] --END-- [ RunTime:0.000550s ]
NOTIC: [2] array_merge(): Argument #1 is not an array G:\php\www\weibo\App\Home\Controller\IndexController.class.php 第 20 行.
NOTIC: [2] Invalid argument supplied for foreach() G:\php\www\weibo\App\Home\Controller\IndexController.class.php 第 21 行.

[ 2016-10-15T21:44:13+08:00 ] ::1 /weibo/Home/Home/getRefer
INFO: [ app_init ] --START--
INFO: Run Behavior\BuildLiteBehavior [ RunTime:0.000013s ]
INFO: [ app_init ] --END-- [ RunTime:0.000366s ]
INFO: [ app_begin ] --START--
INFO: Run Behavior\ReadHtmlCacheBehavior [ RunTime:0.000551s ]
INFO: [ app_begin ] --END-- [ RunTime:0.000606s ]
INFO: [ app_end ] --START--
INFO: Run Behavior\ShowPageTraceBehavior [ RunTime:0.000658s ]
INFO: [ app_end ] --END-- [ RunTime:0.000744s ]

[ 2016-10-15T21:44:24+08:00 ] ::1 /weibo/Home/Index/getWeibo
INFO: [ app_init ] --START--
INFO: Run Behavior\BuildLiteBehavior [ RunTime:0.000010s ]
INFO: [ app_init ] --END-- [ RunTime:0.000490s ]
INFO: [ app_begin ] --START--
INFO: Run Behavior\ReadHtmlCacheBehavior [ RunTime:0.000319s ]
INFO: [ app_begin ] --END-- [ RunTime:0.000362s ]
NOTIC: [2] array_merge(): Argument #1 is not an array G:\php\www\weibo\App\Home\Controller\IndexController.class.php 第 20 行.
NOTIC: [2] Invalid argument supplied for foreach() G:\php\www\weibo\App\Home\Controller\IndexController.class.php 第 21 行.

[ 2016-10-15T21:44:24+08:00 ] ::1 /weibo/Home/Home/getRefer
INFO: [ app_init ] --START--
INFO: Run Behavior\BuildLiteBehavior [ RunTime:0.000010s ]
INFO: [ app_init ] --END-- [ RunTime:0.000485s ]
INFO: [ app_begin ] --START--
INFO: Run Behavior\ReadHtmlCacheBehavior [ RunTime:0.000450s ]
INFO: [ app_begin ] --END-- [ RunTime:0.000490s ]
INFO: [ app_end ] --START--
INFO: Run Behavior\ShowPageTraceBehavior [ RunTime:0.000600s ]
INFO: [ app_end ] --END-- [ RunTime:0.000681s ]

[ 2016-10-15T21:44:35+08:00 ] ::1 /weibo/Home/Index/getWeibo
INFO: [ app_init ] --START--
INFO: Run Behavior\BuildLiteBehavior [ RunTime:0.000011s ]
INFO: [ app_init ] --END-- [ RunTime:0.000325s ]
INFO: [ app_begin ] --START--
INFO: Run Behavior\ReadHtmlCacheBehavior [ RunTime:0.000305s ]
INFO: [ app_begin ] --END-- [ RunTime:0.000345s ]
NOTIC: [2] array_merge(): Argument #1 is not an array G:\php\www\weibo\App\Home\Controller\IndexController.class.php 第 20 行.
NOTIC: [2] Invalid argument supplied for foreach() G:\php\www\weibo\App\Home\Controller\IndexController.class.php 第 21 行.

[ 2016-10-15T21:44:35+08:00 ] ::1 /weibo/Home/Home/getRefer
INFO: [ app_init ] --START--
INFO: Run Behavior\BuildLiteBehavior [ RunTime:0.000016s ]
INFO: [ app_init ] --END-- [ RunTime:0.000410s ]
INFO: [ app_begin ] --START--
INFO: Run Behavior\ReadHtmlCacheBehavior [ RunTime:0.000392s ]
INFO: [ app_begin ] --END-- [ RunTime:0.000435s ]
INFO: [ app_end ] --START--
INFO: Run Behavior\ShowPageTraceBehavior [ RunTime:0.000624s ]
INFO: [ app_end ] --END-- [ RunTime:0.000705s ]

[ 2016-10-15T21:44:46+08:00 ] ::1 /weibo/Home/Home/getRefer
INFO: [ app_init ] --START--
INFO: Run Behavior\BuildLiteBehavior [ RunTime:0.000016s ]
INFO: [ app_init ] --END-- [ RunTime:0.000364s ]
INFO: [ app_begin ] --START--
INFO: Run Behavior\ReadHtmlCacheBehavior [ RunTime:0.000436s ]
INFO: [ app_begin ] --END-- [ RunTime:0.000486s ]
INFO: [ app_end ] --START--
INFO: Run Behavior\ShowPageTraceBehavior [ RunTime:0.000592s ]
INFO: [ app_end ] --END-- [ RunTime:0.000680s ]

[ 2016-10-15T21:44:46+08:00 ] ::1 /weibo/Home/Index/getWeibo
INFO: [ app_init ] --START--
INFO: Run Behavior\BuildLiteBehavior [ RunTime:0.000015s ]
INFO: [ app_init ] --END-- [ RunTime:0.000339s ]
INFO: [ app_begin ] --START--
INFO: Run Behavior\ReadHtmlCacheBehavior [ RunTime:0.000464s ]
INFO: [ app_begin ] --END-- [ RunTime:0.000520s ]
NOTIC: [2] array_merge(): Argument #1 is not an array G:\php\www\weibo\App\Home\Controller\IndexController.class.php 第 20 行.
NOTIC: [2] Invalid argument supplied for foreach() G:\php\www\weibo\App\Home\Controller\IndexController.class.php 第 21 行.

[ 2016-10-15T21:44:57+08:00 ] ::1 /weibo/Home/Index/getWeibo
INFO: [ app_init ] --START--
INFO: Run Behavior\BuildLiteBehavior [ RunTime:0.000011s ]
INFO: [ app_init ] --END-- [ RunTime:0.000314s ]
INFO: [ app_begin ] --START--
INFO: Run Behavior\ReadHtmlCacheBehavior [ RunTime:0.000330s ]
INFO: [ app_begin ] --END-- [ RunTime:0.000367s ]
NOTIC: [2] array_merge(): Argument #1 is not an array G:\php\www\weibo\App\Home\Controller\IndexController.class.php 第 20 行.
NOTIC: [2] Invalid argument supplied for foreach() G:\php\www\weibo\App\Home\Controller\IndexController.class.php 第 21 行.

[ 2016-10-15T21:44:57+08:00 ] ::1 /weibo/Home/Home/getRefer
INFO: [ app_init ] --START--
INFO: Run Behavior\BuildLiteBehavior [ RunTime:0.000009s ]
INFO: [ app_init ] --END-- [ RunTime:0.000259s ]
INFO: [ app_begin ] --START--
INFO: Run Behavior\ReadHtmlCacheBehavior [ RunTime:0.000452s ]
INFO: [ app_begin ] --END-- [ RunTime:0.000490s ]
INFO: [ app_end ] --START--
INFO: Run Behavior\ShowPageTraceBehavior [ RunTime:0.000617s ]
INFO: [ app_end ] --END-- [ RunTime:0.000695s ]

[ 2016-10-15T21:45:08+08:00 ] ::1 /weibo/Home/Index/getWeibo
INFO: [ app_init ] --START--
INFO: Run Behavior\BuildLiteBehavior [ RunTime:0.000010s ]
INFO: [ app_init ] --END-- [ RunTime:0.000235s ]
INFO: [ app_begin ] --START--
INFO: Run Behavior\ReadHtmlCacheBehavior [ RunTime:0.000304s ]
INFO: [ app_begin ] --END-- [ RunTime:0.000336s ]
NOTIC: [2] array_merge(): Argument #1 is not an array G:\php\www\weibo\App\Home\Controller\IndexController.class.php 第 20 行.
NOTIC: [2] Invalid argument supplied for foreach() G:\php\www\weibo\App\Home\Controller\IndexController.class.php 第 21 行.

[ 2016-10-15T21:45:08+08:00 ] ::1 /weibo/Home/Home/getRefer
INFO: [ app_init ] --START--
INFO: Run Behavior\BuildLiteBehavior [ RunTime:0.000010s ]
INFO: [ app_init ] --END-- [ RunTime:0.000235s ]
INFO: [ app_begin ] --START--
INFO: Run Behavior\ReadHtmlCacheBehavior [ RunTime:0.000313s ]
INFO: [ app_begin ] --END-- [ RunTime:0.000353s ]
INFO: [ app_end ] --START--
INFO: Run Behavior\ShowPageTraceBehavior [ RunTime:0.000615s ]
INFO: [ app_end ] --END-- [ RunTime:0.000700s ]

[ 2016-10-15T21:45:19+08:00 ] ::1 /weibo/Home/Index/getWeibo
INFO: [ app_init ] --START--
INFO: Run Behavior\BuildLiteBehavior [ RunTime:0.000011s ]
INFO: [ app_init ] --END-- [ RunTime:0.000242s ]
INFO: [ app_begin ] --START--
INFO: Run Behavior\ReadHtmlCacheBehavior [ RunTime:0.000304s ]
INFO: [ app_begin ] --END-- [ RunTime:0.000341s ]
NOTIC: [2] array_merge(): Argument #1 is not an array G:\php\www\weibo\App\Home\Controller\IndexController.class.php 第 20 行.
NOTIC: [2] Invalid argument supplied for foreach() G:\php\www\weibo\App\Home\Controller\IndexController.class.php 第 21 行.

[ 2016-10-15T21:45:19+08:00 ] ::1 /weibo/Home/Home/getRefer
INFO: [ app_init ] --START--
INFO: Run Behavior\BuildLiteBehavior [ RunTime:0.000010s ]
INFO: [ app_init ] --END-- [ RunTime:0.000238s ]
INFO: [ app_begin ] --START--
INFO: Run Behavior\ReadHtmlCacheBehavior [ RunTime:0.000312s ]
INFO: [ app_begin ] --END-- [ RunTime:0.000349s ]
INFO: [ app_end ] --START--
INFO: Run Behavior\ShowPageTraceBehavior [ RunTime:0.000821s ]
INFO: [ app_end ] --END-- [ RunTime:0.000904s ]

[ 2016-10-15T21:45:30+08:00 ] ::1 /weibo/Home/Index/getWeibo
INFO: [ app_init ] --START--
INFO: Run Behavior\BuildLiteBehavior [ RunTime:0.000014s ]
INFO: [ app_init ] --END-- [ RunTime:0.000332s ]
INFO: [ app_begin ] --START--
INFO: Run Behavior\ReadHtmlCacheBehavior [ RunTime:0.000305s ]
INFO: [ app_begin ] --END-- [ RunTime:0.000339s ]
NOTIC: [2] array_merge(): Argument #1 is not an array G:\php\www\weibo\App\Home\Controller\IndexController.class.php 第 20 行.
NOTIC: [2] Invalid argument supplied for foreach() G:\php\www\weibo\App\Home\Controller\IndexController.class.php 第 21 行.

[ 2016-10-15T21:45:30+08:00 ] ::1 /weibo/Home/Home/getRefer
INFO: [ app_init ] --START--
INFO: Run Behavior\BuildLiteBehavior [ RunTime:0.000010s ]
INFO: [ app_init ] --END-- [ RunTime:0.000239s ]
INFO: [ app_begin ] --START--
INFO: Run Behavior\ReadHtmlCacheBehavior [ RunTime:0.000318s ]
INFO: [ app_begin ] --END-- [ RunTime:0.000354s ]
INFO: [ app_end ] --START--
INFO: Run Behavior\ShowPageTraceBehavior [ RunTime:0.000603s ]
INFO: [ app_end ] --END-- [ RunTime:0.000685s ]

[ 2016-10-15T21:45:41+08:00 ] ::1 /weibo/Home/Index/getWeibo
INFO: [ app_init ] --START--
INFO: Run Behavior\BuildLiteBehavior [ RunTime:0.000010s ]
INFO: [ app_init ] --END-- [ RunTime:0.000241s ]
INFO: [ app_begin ] --START--
INFO: Run Behavior\ReadHtmlCacheBehavior [ RunTime:0.000315s ]
INFO: [ app_begin ] --END-- [ RunTime:0.000357s ]
NOTIC: [2] array_merge(): Argument #1 is not an array G:\php\www\weibo\App\Home\Controller\IndexController.class.php 第 20 行.
NOTIC: [2] Invalid argument supplied for foreach() G:\php\www\weibo\App\Home\Controller\IndexController.class.php 第 21 行.

[ 2016-10-15T21:45:41+08:00 ] ::1 /weibo/Home/Home/getRefer
INFO: [ app_init ] --START--
INFO: Run Behavior\BuildLiteBehavior [ RunTime:0.000009s ]
INFO: [ app_init ] --END-- [ RunTime:0.000234s ]
INFO: [ app_begin ] --START--
INFO: Run Behavior\ReadHtmlCacheBehavior [ RunTime:0.000317s ]
INFO: [ app_begin ] --END-- [ RunTime:0.000360s ]
INFO: [ app_end ] --START--
INFO: Run Behavior\ShowPageTraceBehavior [ RunTime:0.000767s ]
INFO: [ app_end ] --END-- [ RunTime:0.000856s ]

[ 2016-10-15T21:45:52+08:00 ] ::1 /weibo/Home/Index/getWeibo
INFO: [ app_init ] --START--
INFO: Run Behavior\BuildLiteBehavior [ RunTime:0.000012s ]
INFO: [ app_init ] --END-- [ RunTime:0.000247s ]
INFO: [ app_begin ] --START--
INFO: Run Behavior\ReadHtmlCacheBehavior [ RunTime:0.000331s ]
INFO: [ app_begin ] --END-- [ RunTime:0.000369s ]
NOTIC: [2] array_merge(): Argument #1 is not an array G:\php\www\weibo\App\Home\Controller\IndexController.class.php 第 20 行.
NOTIC: [2] Invalid argument supplied for foreach() G:\php\www\weibo\App\Home\Controller\IndexController.class.php 第 21 行.

[ 2016-10-15T21:45:52+08:00 ] ::1 /weibo/Home/Home/getRefer
INFO: [ app_init ] --START--
INFO: Run Behavior\BuildLiteBehavior [ RunTime:0.000011s ]
INFO: [ app_init ] --END-- [ RunTime:0.000254s ]
INFO: [ app_begin ] --START--
INFO: Run Behavior\ReadHtmlCacheBehavior [ RunTime:0.000352s ]
INFO: [ app_begin ] --END-- [ RunTime:0.000388s ]
INFO: [ app_end ] --START--
INFO: Run Behavior\ShowPageTraceBehavior [ RunTime:0.000645s ]
INFO: [ app_end ] --END-- [ RunTime:0.000732s ]

[ 2016-10-15T21:46:03+08:00 ] ::1 /weibo/Home/Home/getRefer
INFO: [ app_init ] --START--
INFO: Run Behavior\BuildLiteBehavior [ RunTime:0.000010s ]
INFO: [ app_init ] --END-- [ RunTime:0.000246s ]
INFO: [ app_begin ] --START--
INFO: Run Behavior\ReadHtmlCacheBehavior [ RunTime:0.000308s ]
INFO: [ app_begin ] --END-- [ RunTime:0.000342s ]
INFO: [ app_end ] --START--
INFO: Run Behavior\ShowPageTraceBehavior [ RunTime:0.000757s ]
INFO: [ app_end ] --END-- [ RunTime:0.000824s ]

[ 2016-10-15T21:46:03+08:00 ] ::1 /weibo/Home/Index/getWeibo
INFO: [ app_init ] --START--
INFO: Run Behavior\BuildLiteBehavior [ RunTime:0.000010s ]
INFO: [ app_init ] --END-- [ RunTime:0.000244s ]
INFO: [ app_begin ] --START--
INFO: Run Behavior\ReadHtmlCacheBehavior [ RunTime:0.000315s ]
INFO: [ app_begin ] --END-- [ RunTime:0.000350s ]
NOTIC: [2] array_merge(): Argument #1 is not an array G:\php\www\weibo\App\Home\Controller\IndexController.class.php 第 20 行.
NOTIC: [2] Invalid argument supplied for foreach() G:\php\www\weibo\App\Home\Controller\IndexController.class.php 第 21 行.

[ 2016-10-15T21:46:14+08:00 ] ::1 /weibo/Home/Index/getWeibo
INFO: [ app_init ] --START--
INFO: Run Behavior\BuildLiteBehavior [ RunTime:0.000010s ]
INFO: [ app_init ] --END-- [ RunTime:0.000258s ]
INFO: [ app_begin ] --START--
INFO: Run Behavior\ReadHtmlCacheBehavior [ RunTime:0.000308s ]
INFO: [ app_begin ] --END-- [ RunTime:0.000341s ]
NOTIC: [2] array_merge(): Argument #1 is not an array G:\php\www\weibo\App\Home\Controller\IndexController.class.php 第 20 行.
NOTIC: [2] Invalid argument supplied for foreach() G:\php\www\weibo\App\Home\Controller\IndexController.class.php 第 21 行.

[ 2016-10-15T21:46:14+08:00 ] ::1 /weibo/Home/Home/getRefer
INFO: [ app_init ] --START--
INFO: Run Behavior\BuildLiteBehavior [ RunTime:0.000011s ]
INFO: [ app_init ] --END-- [ RunTime:0.000296s ]
INFO: [ app_begin ] --START--
INFO: Run Behavior\ReadHtmlCacheBehavior [ RunTime:0.000731s ]
INFO: [ app_begin ] --END-- [ RunTime:0.000835s ]
INFO: [ app_end ] --START--
INFO: Run Behavior\ShowPageTraceBehavior [ RunTime:0.000624s ]
INFO: [ app_end ] --END-- [ RunTime:0.000705s ]

[ 2016-10-15T21:46:25+08:00 ] ::1 /weibo/Home/Index/getWeibo
INFO: [ app_init ] --START--
INFO: Run Behavior\BuildLiteBehavior [ RunTime:0.000016s ]
INFO: [ app_init ] --END-- [ RunTime:0.000354s ]
INFO: [ app_begin ] --START--
INFO: Run Behavior\ReadHtmlCacheBehavior [ RunTime:0.000455s ]
INFO: [ app_begin ] --END-- [ RunTime:0.000501s ]
NOTIC: [2] array_merge(): Argument #1 is not an array G:\php\www\weibo\App\Home\Controller\IndexController.class.php 第 20 行.
NOTIC: [2] Invalid argument supplied for foreach() G:\php\www\weibo\App\Home\Controller\IndexController.class.php 第 21 行.

[ 2016-10-15T21:46:25+08:00 ] ::1 /weibo/Home/Home/getRefer
INFO: [ app_init ] --START--
INFO: Run Behavior\BuildLiteBehavior [ RunTime:0.000013s ]
INFO: [ app_init ] --END-- [ RunTime:0.000318s ]
INFO: [ app_begin ] --START--
INFO: Run Behavior\ReadHtmlCacheBehavior [ RunTime:0.000446s ]
INFO: [ app_begin ] --END-- [ RunTime:0.000495s ]
INFO: [ app_end ] --START--
INFO: Run Behavior\ShowPageTraceBehavior [ RunTime:0.000599s ]
INFO: [ app_end ] --END-- [ RunTime:0.000684s ]

[ 2016-10-15T21:46:36+08:00 ] ::1 /weibo/Home/Home/getRefer
INFO: [ app_init ] --START--
INFO: Run Behavior\BuildLiteBehavior [ RunTime:0.000011s ]
INFO: [ app_init ] --END-- [ RunTime:0.000243s ]
INFO: [ app_begin ] --START--
INFO: Run Behavior\ReadHtmlCacheBehavior [ RunTime:0.000364s ]
INFO: [ app_begin ] --END-- [ RunTime:0.000463s ]
INFO: [ app_end ] --START--
INFO: Run Behavior\ShowPageTraceBehavior [ RunTime:0.000588s ]
INFO: [ app_end ] --END-- [ RunTime:0.000672s ]

[ 2016-10-15T21:46:36+08:00 ] ::1 /weibo/Home/Index/getWeibo
INFO: [ app_init ] --START--
INFO: Run Behavior\BuildLiteBehavior [ RunTime:0.000015s ]
INFO: [ app_init ] --END-- [ RunTime:0.000338s ]
INFO: [ app_begin ] --START--
INFO: Run Behavior\ReadHtmlCacheBehavior [ RunTime:0.000339s ]
INFO: [ app_begin ] --END-- [ RunTime:0.000380s ]
NOTIC: [2] array_merge(): Argument #1 is not an array G:\php\www\weibo\App\Home\Controller\IndexController.class.php 第 20 行.
NOTIC: [2] Invalid argument supplied for foreach() G:\php\www\weibo\App\Home\Controller\IndexController.class.php 第 21 行.

[ 2016-10-15T21:46:47+08:00 ] ::1 /weibo/Home/Home/getRefer
INFO: [ app_init ] --START--
INFO: Run Behavior\BuildLiteBehavior [ RunTime:0.000015s ]
INFO: [ app_init ] --END-- [ RunTime:0.000312s ]
INFO: [ app_begin ] --START--
INFO: Run Behavior\ReadHtmlCacheBehavior [ RunTime:0.000362s ]
INFO: [ app_begin ] --END-- [ RunTime:0.000406s ]
INFO: [ app_end ] --START--
INFO: Run Behavior\ShowPageTraceBehavior [ RunTime:0.000597s ]
INFO: [ app_end ] --END-- [ RunTime:0.000682s ]

[ 2016-10-15T21:46:47+08:00 ] ::1 /weibo/Home/Index/getWeibo
INFO: [ app_init ] --START--
INFO: Run Behavior\BuildLiteBehavior [ RunTime:0.000013s ]
INFO: [ app_init ] --END-- [ RunTime:0.000348s ]
INFO: [ app_begin ] --START--
INFO: Run Behavior\ReadHtmlCacheBehavior [ RunTime:0.000362s ]
INFO: [ app_begin ] --END-- [ RunTime:0.000402s ]
NOTIC: [2] array_merge(): Argument #1 is not an array G:\php\www\weibo\App\Home\Controller\IndexController.class.php 第 20 行.
NOTIC: [2] Invalid argument supplied for foreach() G:\php\www\weibo\App\Home\Controller\IndexController.class.php 第 21 行.

[ 2016-10-15T21:46:58+08:00 ] ::1 /weibo/Home/Index/getWeibo
INFO: [ app_init ] --START--
INFO: Run Behavior\BuildLiteBehavior [ RunTime:0.000012s ]
INFO: [ app_init ] --END-- [ RunTime:0.000288s ]
INFO: [ app_begin ] --START--
INFO: Run Behavior\ReadHtmlCacheBehavior [ RunTime:0.000313s ]
INFO: [ app_begin ] --END-- [ RunTime:0.000350s ]
NOTIC: [2] array_merge(): Argument #1 is not an array G:\php\www\weibo\App\Home\Controller\IndexController.class.php 第 20 行.
NOTIC: [2] Invalid argument supplied for foreach() G:\php\www\weibo\App\Home\Controller\IndexController.class.php 第 21 行.

[ 2016-10-15T21:46:58+08:00 ] ::1 /weibo/Home/Home/getRefer
INFO: [ app_init ] --START--
INFO: Run Behavior\BuildLiteBehavior [ RunTime:0.000015s ]
INFO: [ app_init ] --END-- [ RunTime:0.000405s ]
INFO: [ app_begin ] --START--
INFO: Run Behavior\ReadHtmlCacheBehavior [ RunTime:0.000743s ]
INFO: [ app_begin ] --END-- [ RunTime:0.000816s ]
INFO: [ app_end ] --START--
INFO: Run Behavior\ShowPageTraceBehavior [ RunTime:0.000607s ]
INFO: [ app_end ] --END-- [ RunTime:0.000685s ]

[ 2016-10-15T21:47:09+08:00 ] ::1 /weibo/Home/Index/getWeibo
INFO: [ app_init ] --START--
INFO: Run Behavior\BuildLiteBehavior [ RunTime:0.000013s ]
INFO: [ app_init ] --END-- [ RunTime:0.000251s ]
INFO: [ app_begin ] --START--
INFO: Run Behavior\ReadHtmlCacheBehavior [ RunTime:0.000300s ]
INFO: [ app_begin ] --END-- [ RunTime:0.000333s ]
NOTIC: [2] array_merge(): Argument #1 is not an array G:\php\www\weibo\App\Home\Controller\IndexController.class.php 第 20 行.
NOTIC: [2] Invalid argument supplied for foreach() G:\php\www\weibo\App\Home\Controller\IndexController.class.php 第 21 行.

[ 2016-10-15T21:47:09+08:00 ] ::1 /weibo/Home/Home/getRefer
INFO: [ app_init ] --START--
INFO: Run Behavior\BuildLiteBehavior [ RunTime:0.000010s ]
INFO: [ app_init ] --END-- [ RunTime:0.000238s ]
INFO: [ app_begin ] --START--
INFO: Run Behavior\ReadHtmlCacheBehavior [ RunTime:0.000438s ]
INFO: [ app_begin ] --END-- [ RunTime:0.000481s ]
INFO: [ app_end ] --START--
INFO: Run Behavior\ShowPageTraceBehavior [ RunTime:0.000773s ]
INFO: [ app_end ] --END-- [ RunTime:0.000876s ]

[ 2016-10-15T21:47:20+08:00 ] ::1 /weibo/Home/Index/getWeibo
INFO: [ app_init ] --START--
INFO: Run Behavior\BuildLiteBehavior [ RunTime:0.000011s ]
INFO: [ app_init ] --END-- [ RunTime:0.000307s ]
INFO: [ app_begin ] --START--
INFO: Run Behavior\ReadHtmlCacheBehavior [ RunTime:0.000486s ]
INFO: [ app_begin ] --END-- [ RunTime:0.000544s ]
NOTIC: [2] array_merge(): Argument #1 is not an array G:\php\www\weibo\App\Home\Controller\IndexController.class.php 第 20 行.
NOTIC: [2] Invalid argument supplied for foreach() G:\php\www\weibo\App\Home\Controller\IndexController.class.php 第 21 行.

[ 2016-10-15T21:47:20+08:00 ] ::1 /weibo/Home/Home/getRefer
INFO: [ app_init ] --START--
INFO: Run Behavior\BuildLiteBehavior [ RunTime:0.000015s ]
INFO: [ app_init ] --END-- [ RunTime:0.000388s ]
INFO: [ app_begin ] --START--
INFO: Run Behavior\ReadHtmlCacheBehavior [ RunTime:0.000490s ]
INFO: [ app_begin ] --END-- [ RunTime:0.000573s ]
INFO: [ app_end ] --START--
INFO: Run Behavior\ShowPageTraceBehavior [ RunTime:0.000605s ]
INFO: [ app_end ] --END-- [ RunTime:0.000683s ]

[ 2016-10-15T21:47:31+08:00 ] ::1 /weibo/Home/Home/getRefer
INFO: [ app_init ] --START--
INFO: Run Behavior\BuildLiteBehavior [ RunTime:0.000011s ]
INFO: [ app_init ] --END-- [ RunTime:0.000243s ]
INFO: [ app_begin ] --START--
INFO: Run Behavior\ReadHtmlCacheBehavior [ RunTime:0.000341s ]
INFO: [ app_begin ] --END-- [ RunTime:0.000375s ]
INFO: [ app_end ] --START--
INFO: Run Behavior\ShowPageTraceBehavior [ RunTime:0.000738s ]
INFO: [ app_end ] --END-- [ RunTime:0.000822s ]

[ 2016-10-15T21:47:31+08:00 ] ::1 /weibo/Home/Index/getWeibo
INFO: [ app_init ] --START--
INFO: Run Behavior\BuildLiteBehavior [ RunTime:0.000010s ]
INFO: [ app_init ] --END-- [ RunTime:0.000240s ]
INFO: [ app_begin ] --START--
INFO: Run Behavior\ReadHtmlCacheBehavior [ RunTime:0.000307s ]
INFO: [ app_begin ] --END-- [ RunTime:0.000344s ]
NOTIC: [2] array_merge(): Argument #1 is not an array G:\php\www\weibo\App\Home\Controller\IndexController.class.php 第 20 行.
NOTIC: [2] Invalid argument supplied for foreach() G:\php\www\weibo\App\Home\Controller\IndexController.class.php 第 21 行.

[ 2016-10-15T21:47:42+08:00 ] ::1 /weibo/Home/Home/getRefer
INFO: [ app_init ] --START--
INFO: Run Behavior\BuildLiteBehavior [ RunTime:0.000011s ]
INFO: [ app_init ] --END-- [ RunTime:0.000263s ]
INFO: [ app_begin ] --START--
INFO: Run Behavior\ReadHtmlCacheBehavior [ RunTime:0.000319s ]
INFO: [ app_begin ] --END-- [ RunTime:0.000354s ]
INFO: [ app_end ] --START--
INFO: Run Behavior\ShowPageTraceBehavior [ RunTime:0.000647s ]
INFO: [ app_end ] --END-- [ RunTime:0.000716s ]

[ 2016-10-15T21:47:42+08:00 ] ::1 /weibo/Home/Index/getWeibo
INFO: [ app_init ] --START--
INFO: Run Behavior\BuildLiteBehavior [ RunTime:0.000014s ]
INFO: [ app_init ] --END-- [ RunTime:0.000336s ]
INFO: [ app_begin ] --START--
INFO: Run Behavior\ReadHtmlCacheBehavior [ RunTime:0.000335s ]
INFO: [ app_begin ] --END-- [ RunTime:0.000372s ]
NOTIC: [2] array_merge(): Argument #1 is not an array G:\php\www\weibo\App\Home\Controller\IndexController.class.php 第 20 行.
NOTIC: [2] Invalid argument supplied for foreach() G:\php\www\weibo\App\Home\Controller\IndexController.class.php 第 21 行.

[ 2016-10-15T21:47:53+08:00 ] ::1 /weibo/Home/Home/getRefer
INFO: [ app_init ] --START--
INFO: Run Behavior\BuildLiteBehavior [ RunTime:0.000010s ]
INFO: [ app_init ] --END-- [ RunTime:0.000265s ]
INFO: [ app_begin ] --START--
INFO: Run Behavior\ReadHtmlCacheBehavior [ RunTime:0.000310s ]
INFO: [ app_begin ] --END-- [ RunTime:0.000342s ]
INFO: [ app_end ] --START--
INFO: Run Behavior\ShowPageTraceBehavior [ RunTime:0.000573s ]
INFO: [ app_end ] --END-- [ RunTime:0.000652s ]

[ 2016-10-15T21:47:53+08:00 ] ::1 /weibo/Home/Index/getWeibo
INFO: [ app_init ] --START--
INFO: Run Behavior\BuildLiteBehavior [ RunTime:0.000009s ]
INFO: [ app_init ] --END-- [ RunTime:0.000236s ]
INFO: [ app_begin ] --START--
INFO: Run Behavior\ReadHtmlCacheBehavior [ RunTime:0.000306s ]
INFO: [ app_begin ] --END-- [ RunTime:0.000341s ]
NOTIC: [2] array_merge(): Argument #1 is not an array G:\php\www\weibo\App\Home\Controller\IndexController.class.php 第 20 行.
NOTIC: [2] Invalid argument supplied for foreach() G:\php\www\weibo\App\Home\Controller\IndexController.class.php 第 21 行.

[ 2016-10-15T21:48:04+08:00 ] ::1 /weibo/Home/Home/getRefer
INFO: [ app_init ] --START--
INFO: Run Behavior\BuildLiteBehavior [ RunTime:0.000011s ]
INFO: [ app_init ] --END-- [ RunTime:0.000323s ]
INFO: [ app_begin ] --START--
INFO: Run Behavior\ReadHtmlCacheBehavior [ RunTime:0.000410s ]
INFO: [ app_begin ] --END-- [ RunTime:0.000456s ]
INFO: [ app_end ] --START--
INFO: Run Behavior\ShowPageTraceBehavior [ RunTime:0.000695s ]
INFO: [ app_end ] --END-- [ RunTime:0.000771s ]

[ 2016-10-15T21:48:04+08:00 ] ::1 /weibo/Home/Index/getWeibo
INFO: [ app_init ] --START--
INFO: Run Behavior\BuildLiteBehavior [ RunTime:0.000012s ]
INFO: [ app_init ] --END-- [ RunTime:0.000320s ]
INFO: [ app_begin ] --START--
INFO: Run Behavior\ReadHtmlCacheBehavior [ RunTime:0.000356s ]
INFO: [ app_begin ] --END-- [ RunTime:0.000405s ]
NOTIC: [2] array_merge(): Argument #1 is not an array G:\php\www\weibo\App\Home\Controller\IndexController.class.php 第 20 行.
NOTIC: [2] Invalid argument supplied for foreach() G:\php\www\weibo\App\Home\Controller\IndexController.class.php 第 21 行.

[ 2016-10-15T21:48:15+08:00 ] ::1 /weibo/Home/Home/getRefer
INFO: [ app_init ] --START--
INFO: Run Behavior\BuildLiteBehavior [ RunTime:0.000011s ]
INFO: [ app_init ] --END-- [ RunTime:0.000244s ]
INFO: [ app_begin ] --START--
INFO: Run Behavior\ReadHtmlCacheBehavior [ RunTime:0.000313s ]
INFO: [ app_begin ] --END-- [ RunTime:0.000346s ]
INFO: [ app_end ] --START--
INFO: Run Behavior\ShowPageTraceBehavior [ RunTime:0.000556s ]
INFO: [ app_end ] --END-- [ RunTime:0.000628s ]

[ 2016-10-15T21:48:15+08:00 ] ::1 /weibo/Home/Index/getWeibo
INFO: [ app_init ] --START--
INFO: Run Behavior\BuildLiteBehavior [ RunTime:0.000011s ]
INFO: [ app_init ] --END-- [ RunTime:0.000289s ]
INFO: [ app_begin ] --START--
INFO: Run Behavior\ReadHtmlCacheBehavior [ RunTime:0.000801s ]
INFO: [ app_begin ] --END-- [ RunTime:0.000918s ]
NOTIC: [2] array_merge(): Argument #1 is not an array G:\php\www\weibo\App\Home\Controller\IndexController.class.php 第 20 行.
NOTIC: [2] Invalid argument supplied for foreach() G:\php\www\weibo\App\Home\Controller\IndexController.class.php 第 21 行.

[ 2016-10-15T21:48:26+08:00 ] ::1 /weibo/Home/Index/getWeibo
INFO: [ app_init ] --START--
INFO: Run Behavior\BuildLiteBehavior [ RunTime:0.000012s ]
INFO: [ app_init ] --END-- [ RunTime:0.000343s ]
INFO: [ app_begin ] --START--
INFO: Run Behavior\ReadHtmlCacheBehavior [ RunTime:0.000325s ]
INFO: [ app_begin ] --END-- [ RunTime:0.000362s ]
NOTIC: [2] array_merge(): Argument #1 is not an array G:\php\www\weibo\App\Home\Controller\IndexController.class.php 第 20 行.
NOTIC: [2] Invalid argument supplied for foreach() G:\php\www\weibo\App\Home\Controller\IndexController.class.php 第 21 行.

[ 2016-10-15T21:48:26+08:00 ] ::1 /weibo/Home/Home/getRefer
INFO: [ app_init ] --START--
INFO: Run Behavior\BuildLiteBehavior [ RunTime:0.000012s ]
INFO: [ app_init ] --END-- [ RunTime:0.000330s ]
INFO: [ app_begin ] --START--
INFO: Run Behavior\ReadHtmlCacheBehavior [ RunTime:0.000329s ]
INFO: [ app_begin ] --END-- [ RunTime:0.000364s ]
INFO: [ app_end ] --START--
INFO: Run Behavior\ShowPageTraceBehavior [ RunTime:0.000613s ]
INFO: [ app_end ] --END-- [ RunTime:0.000692s ]

[ 2016-10-15T21:48:41+08:00 ] ::1 /weibo/Home/Home/getRefer
INFO: [ app_init ] --START--
INFO: Run Behavior\BuildLiteBehavior [ RunTime:0.000017s ]
INFO: [ app_init ] --END-- [ RunTime:0.000382s ]
INFO: [ app_begin ] --START--
INFO: Run Behavior\ReadHtmlCacheBehavior [ RunTime:0.000685s ]
INFO: [ app_begin ] --END-- [ RunTime:0.000758s ]
INFO: [ app_end ] --START--
INFO: Run Behavior\ShowPageTraceBehavior [ RunTime:0.000675s ]
INFO: [ app_end ] --END-- [ RunTime:0.000766s ]

[ 2016-10-15T21:48:41+08:00 ] ::1 /weibo/Home/Index/getWeibo
INFO: [ app_init ] --START--
INFO: Run Behavior\BuildLiteBehavior [ RunTime:0.000014s ]
INFO: [ app_init ] --END-- [ RunTime:0.000334s ]
INFO: [ app_begin ] --START--
INFO: Run Behavior\ReadHtmlCacheBehavior [ RunTime:0.000788s ]
INFO: [ app_begin ] --END-- [ RunTime:0.000860s ]
NOTIC: [2] array_merge(): Argument #1 is not an array G:\php\www\weibo\App\Home\Controller\IndexController.class.php 第 20 行.
NOTIC: [2] Invalid argument supplied for foreach() G:\php\www\weibo\App\Home\Controller\IndexController.class.php 第 21 行.

[ 2016-10-15T21:48:52+08:00 ] ::1 /weibo/Home/Index/getWeibo
INFO: [ app_init ] --START--
INFO: Run Behavior\BuildLiteBehavior [ RunTime:0.000011s ]
INFO: [ app_init ] --END-- [ RunTime:0.000249s ]
INFO: [ app_begin ] --START--
INFO: Run Behavior\ReadHtmlCacheBehavior [ RunTime:0.000343s ]
INFO: [ app_begin ] --END-- [ RunTime:0.000378s ]
NOTIC: [2] array_merge(): Argument #1 is not an array G:\php\www\weibo\App\Home\Controller\IndexController.class.php 第 20 行.
NOTIC: [2] Invalid argument supplied for foreach() G:\php\www\weibo\App\Home\Controller\IndexController.class.php 第 21 行.

[ 2016-10-15T21:48:52+08:00 ] ::1 /weibo/Home/Home/getRefer
INFO: [ app_init ] --START--
INFO: Run Behavior\BuildLiteBehavior [ RunTime:0.000014s ]
INFO: [ app_init ] --END-- [ RunTime:0.000325s ]
INFO: [ app_begin ] --START--
INFO: Run Behavior\ReadHtmlCacheBehavior [ RunTime:0.000316s ]
INFO: [ app_begin ] --END-- [ RunTime:0.000353s ]
INFO: [ app_end ] --START--
INFO: Run Behavior\ShowPageTraceBehavior [ RunTime:0.000630s ]
INFO: [ app_end ] --END-- [ RunTime:0.000772s ]

[ 2016-10-15T21:49:03+08:00 ] ::1 /weibo/Home/Home/getRefer
INFO: [ app_init ] --START--
INFO: Run Behavior\BuildLiteBehavior [ RunTime:0.000019s ]
INFO: [ app_init ] --END-- [ RunTime:0.000361s ]
INFO: [ app_begin ] --START--
INFO: Run Behavior\ReadHtmlCacheBehavior [ RunTime:0.000483s ]
INFO: [ app_begin ] --END-- [ RunTime:0.000548s ]
INFO: [ app_end ] --START--
INFO: Run Behavior\ShowPageTraceBehavior [ RunTime:0.000595s ]
INFO: [ app_end ] --END-- [ RunTime:0.000665s ]

[ 2016-10-15T21:49:03+08:00 ] ::1 /weibo/Home/Index/getWeibo
INFO: [ app_init ] --START--
INFO: Run Behavior\BuildLiteBehavior [ RunTime:0.000016s ]
INFO: [ app_init ] --END-- [ RunTime:0.000423s ]
INFO: [ app_begin ] --START--
INFO: Run Behavior\ReadHtmlCacheBehavior [ RunTime:0.000645s ]
INFO: [ app_begin ] --END-- [ RunTime:0.000706s ]
NOTIC: [2] array_merge(): Argument #1 is not an array G:\php\www\weibo\App\Home\Controller\IndexController.class.php 第 20 行.
NOTIC: [2] Invalid argument supplied for foreach() G:\php\www\weibo\App\Home\Controller\IndexController.class.php 第 21 行.

[ 2016-10-15T21:49:14+08:00 ] ::1 /weibo/Home/Home/getRefer
INFO: [ app_init ] --START--
INFO: Run Behavior\BuildLiteBehavior [ RunTime:0.000012s ]
INFO: [ app_init ] --END-- [ RunTime:0.000251s ]
INFO: [ app_begin ] --START--
INFO: Run Behavior\ReadHtmlCacheBehavior [ RunTime:0.000531s ]
INFO: [ app_begin ] --END-- [ RunTime:0.000633s ]
INFO: [ app_end ] --START--
INFO: Run Behavior\ShowPageTraceBehavior [ RunTime:0.000570s ]
INFO: [ app_end ] --END-- [ RunTime:0.000648s ]

[ 2016-10-15T21:49:14+08:00 ] ::1 /weibo/Home/Index/getWeibo
INFO: [ app_init ] --START--
INFO: Run Behavior\BuildLiteBehavior [ RunTime:0.000019s ]
INFO: [ app_init ] --END-- [ RunTime:0.000444s ]
INFO: [ app_begin ] --START--
INFO: Run Behavior\ReadHtmlCacheBehavior [ RunTime:0.000320s ]
INFO: [ app_begin ] --END-- [ RunTime:0.000363s ]
NOTIC: [2] array_merge(): Argument #1 is not an array G:\php\www\weibo\App\Home\Controller\IndexController.class.php 第 20 行.
NOTIC: [2] Invalid argument supplied for foreach() G:\php\www\weibo\App\Home\Controller\IndexController.class.php 第 21 行.

[ 2016-10-15T21:49:25+08:00 ] ::1 /weibo/Home/Home/getRefer
INFO: [ app_init ] --START--
INFO: Run Behavior\BuildLiteBehavior [ RunTime:0.000010s ]
INFO: [ app_init ] --END-- [ RunTime:0.000243s ]
INFO: [ app_begin ] --START--
INFO: Run Behavior\ReadHtmlCacheBehavior [ RunTime:0.000317s ]
INFO: [ app_begin ] --END-- [ RunTime:0.000351s ]
INFO: [ app_end ] --START--
INFO: Run Behavior\ShowPageTraceBehavior [ RunTime:0.000457s ]
INFO: [ app_end ] --END-- [ RunTime:0.000515s ]

[ 2016-10-15T21:49:25+08:00 ] ::1 /weibo/Home/Index/getWeibo
INFO: [ app_init ] --START--
INFO: Run Behavior\BuildLiteBehavior [ RunTime:0.000009s ]
INFO: [ app_init ] --END-- [ RunTime:0.000240s ]
INFO: [ app_begin ] --START--
INFO: Run Behavior\ReadHtmlCacheBehavior [ RunTime:0.000303s ]
INFO: [ app_begin ] --END-- [ RunTime:0.000339s ]
NOTIC: [2] array_merge(): Argument #1 is not an array G:\php\www\weibo\App\Home\Controller\IndexController.class.php 第 20 行.
NOTIC: [2] Invalid argument supplied for foreach() G:\php\www\weibo\App\Home\Controller\IndexController.class.php 第 21 行.

[ 2016-10-15T21:49:36+08:00 ] ::1 /weibo/Home/Home/getRefer
INFO: [ app_init ] --START--
INFO: Run Behavior\BuildLiteBehavior [ RunTime:0.000011s ]
INFO: [ app_init ] --END-- [ RunTime:0.000304s ]
INFO: [ app_begin ] --START--
INFO: Run Behavior\ReadHtmlCacheBehavior [ RunTime:0.000317s ]
INFO: [ app_begin ] --END-- [ RunTime:0.000350s ]
INFO: [ app_end ] --START--
INFO: Run Behavior\ShowPageTraceBehavior [ RunTime:0.000646s ]
INFO: [ app_end ] --END-- [ RunTime:0.000723s ]

[ 2016-10-15T21:49:36+08:00 ] ::1 /weibo/Home/Index/getWeibo
INFO: [ app_init ] --START--
INFO: Run Behavior\BuildLiteBehavior [ RunTime:0.000010s ]
INFO: [ app_init ] --END-- [ RunTime:0.000283s ]
INFO: [ app_begin ] --START--
INFO: Run Behavior\ReadHtmlCacheBehavior [ RunTime:0.000323s ]
INFO: [ app_begin ] --END-- [ RunTime:0.000359s ]
NOTIC: [2] array_merge(): Argument #1 is not an array G:\php\www\weibo\App\Home\Controller\IndexController.class.php 第 20 行.
NOTIC: [2] Invalid argument supplied for foreach() G:\php\www\weibo\App\Home\Controller\IndexController.class.php 第 21 行.

[ 2016-10-15T21:49:47+08:00 ] ::1 /weibo/Home/Home/getRefer
INFO: [ app_init ] --START--
INFO: Run Behavior\BuildLiteBehavior [ RunTime:0.000011s ]
INFO: [ app_init ] --END-- [ RunTime:0.000254s ]
INFO: [ app_begin ] --START--
INFO: Run Behavior\ReadHtmlCacheBehavior [ RunTime:0.000376s ]
INFO: [ app_begin ] --END-- [ RunTime:0.000419s ]
INFO: [ app_end ] --START--
INFO: Run Behavior\ShowPageTraceBehavior [ RunTime:0.000526s ]
INFO: [ app_end ] --END-- [ RunTime:0.000600s ]

[ 2016-10-15T21:49:47+08:00 ] ::1 /weibo/Home/Index/getWeibo
INFO: [ app_init ] --START--
INFO: Run Behavior\BuildLiteBehavior [ RunTime:0.000015s ]
INFO: [ app_init ] --END-- [ RunTime:0.000360s ]
INFO: [ app_begin ] --START--
INFO: Run Behavior\ReadHtmlCacheBehavior [ RunTime:0.000871s ]
INFO: [ app_begin ] --END-- [ RunTime:0.000969s ]
NOTIC: [2] array_merge(): Argument #1 is not an array G:\php\www\weibo\App\Home\Controller\IndexController.class.php 第 20 行.
NOTIC: [2] Invalid argument supplied for foreach() G:\php\www\weibo\App\Home\Controller\IndexController.class.php 第 21 行.

[ 2016-10-15T21:49:58+08:00 ] ::1 /weibo/Home/Home/getRefer
INFO: [ app_init ] --START--
INFO: Run Behavior\BuildLiteBehavior [ RunTime:0.000015s ]
INFO: [ app_init ] --END-- [ RunTime:0.000349s ]
INFO: [ app_begin ] --START--
INFO: Run Behavior\ReadHtmlCacheBehavior [ RunTime:0.000454s ]
INFO: [ app_begin ] --END-- [ RunTime:0.000504s ]
INFO: [ app_end ] --START--
INFO: Run Behavior\ShowPageTraceBehavior [ RunTime:0.000569s ]
INFO: [ app_end ] --END-- [ RunTime:0.000642s ]

[ 2016-10-15T21:49:58+08:00 ] ::1 /weibo/Home/Index/getWeibo
INFO: [ app_init ] --START--
INFO: Run Behavior\BuildLiteBehavior [ RunTime:0.000010s ]
INFO: [ app_init ] --END-- [ RunTime:0.000253s ]
INFO: [ app_begin ] --START--
INFO: Run Behavior\ReadHtmlCacheBehavior [ RunTime:0.000510s ]
INFO: [ app_begin ] --END-- [ RunTime:0.000569s ]
NOTIC: [2] array_merge(): Argument #1 is not an array G:\php\www\weibo\App\Home\Controller\IndexController.class.php 第 20 行.
NOTIC: [2] Invalid argument supplied for foreach() G:\php\www\weibo\App\Home\Controller\IndexController.class.php 第 21 行.

[ 2016-10-15T21:50:09+08:00 ] ::1 /weibo/Home/Home/getRefer
INFO: [ app_init ] --START--
INFO: Run Behavior\BuildLiteBehavior [ RunTime:0.000011s ]
INFO: [ app_init ] --END-- [ RunTime:0.000313s ]
INFO: [ app_begin ] --START--
INFO: Run Behavior\ReadHtmlCacheBehavior [ RunTime:0.000329s ]
INFO: [ app_begin ] --END-- [ RunTime:0.000363s ]
INFO: [ app_end ] --START--
INFO: Run Behavior\ShowPageTraceBehavior [ RunTime:0.000681s ]
INFO: [ app_end ] --END-- [ RunTime:0.000758s ]

[ 2016-10-15T21:50:09+08:00 ] ::1 /weibo/Home/Index/getWeibo
INFO: [ app_init ] --START--
INFO: Run Behavior\BuildLiteBehavior [ RunTime:0.000010s ]
INFO: [ app_init ] --END-- [ RunTime:0.000288s ]
INFO: [ app_begin ] --START--
INFO: Run Behavior\ReadHtmlCacheBehavior [ RunTime:0.000350s ]
INFO: [ app_begin ] --END-- [ RunTime:0.000386s ]
NOTIC: [2] array_merge(): Argument #1 is not an array G:\php\www\weibo\App\Home\Controller\IndexController.class.php 第 20 行.
NOTIC: [2] Invalid argument supplied for foreach() G:\php\www\weibo\App\Home\Controller\IndexController.class.php 第 21 行.

[ 2016-10-15T21:50:20+08:00 ] ::1 /weibo/Home/Home/getRefer
INFO: [ app_init ] --START--
INFO: Run Behavior\BuildLiteBehavior [ RunTime:0.000015s ]
INFO: [ app_init ] --END-- [ RunTime:0.000252s ]
INFO: [ app_begin ] --START--
INFO: Run Behavior\ReadHtmlCacheBehavior [ RunTime:0.000301s ]
INFO: [ app_begin ] --END-- [ RunTime:0.000339s ]
INFO: [ app_end ] --START--
INFO: Run Behavior\ShowPageTraceBehavior [ RunTime:0.000566s ]
INFO: [ app_end ] --END-- [ RunTime:0.000641s ]

[ 2016-10-15T21:50:20+08:00 ] ::1 /weibo/Home/Index/getWeibo
INFO: [ app_init ] --START--
INFO: Run Behavior\BuildLiteBehavior [ RunTime:0.000015s ]
INFO: [ app_init ] --END-- [ RunTime:0.000320s ]
INFO: [ app_begin ] --START--
INFO: Run Behavior\ReadHtmlCacheBehavior [ RunTime:0.000829s ]
INFO: [ app_begin ] --END-- [ RunTime:0.000985s ]
NOTIC: [2] array_merge(): Argument #1 is not an array G:\php\www\weibo\App\Home\Controller\IndexController.class.php 第 20 行.
NOTIC: [2] Invalid argument supplied for foreach() G:\php\www\weibo\App\Home\Controller\IndexController.class.php 第 21 行.

[ 2016-10-15T21:50:31+08:00 ] ::1 /weibo/Home/Home/getRefer
INFO: [ app_init ] --START--
INFO: Run Behavior\BuildLiteBehavior [ RunTime:0.000012s ]
INFO: [ app_init ] --END-- [ RunTime:0.000241s ]
INFO: [ app_begin ] --START--
INFO: Run Behavior\ReadHtmlCacheBehavior [ RunTime:0.000319s ]
INFO: [ app_begin ] --END-- [ RunTime:0.000361s ]
INFO: [ app_end ] --START--
INFO: Run Behavior\ShowPageTraceBehavior [ RunTime:0.000463s ]
INFO: [ app_end ] --END-- [ RunTime:0.000531s ]

[ 2016-10-15T21:50:31+08:00 ] ::1 /weibo/Home/Index/getWeibo
INFO: [ app_init ] --START--
INFO: Run Behavior\BuildLiteBehavior [ RunTime:0.000010s ]
INFO: [ app_init ] --END-- [ RunTime:0.000304s ]
INFO: [ app_begin ] --START--
INFO: Run Behavior\ReadHtmlCacheBehavior [ RunTime:0.000345s ]
INFO: [ app_begin ] --END-- [ RunTime:0.000384s ]
NOTIC: [2] array_merge(): Argument #1 is not an array G:\php\www\weibo\App\Home\Controller\IndexController.class.php 第 20 行.
NOTIC: [2] Invalid argument supplied for foreach() G:\php\www\weibo\App\Home\Controller\IndexController.class.php 第 21 行.

[ 2016-10-15T21:50:42+08:00 ] ::1 /weibo/Home/Home/getRefer
INFO: [ app_init ] --START--
INFO: Run Behavior\BuildLiteBehavior [ RunTime:0.000009s ]
INFO: [ app_init ] --END-- [ RunTime:0.000238s ]
INFO: [ app_begin ] --START--
INFO: Run Behavior\ReadHtmlCacheBehavior [ RunTime:0.000434s ]
INFO: [ app_begin ] --END-- [ RunTime:0.000477s ]
INFO: [ app_end ] --START--
INFO: Run Behavior\ShowPageTraceBehavior [ RunTime:0.000601s ]
INFO: [ app_end ] --END-- [ RunTime:0.000681s ]

[ 2016-10-15T21:50:42+08:00 ] ::1 /weibo/Home/Index/getWeibo
INFO: [ app_init ] --START--
INFO: Run Behavior\BuildLiteBehavior [ RunTime:0.000010s ]
INFO: [ app_init ] --END-- [ RunTime:0.000250s ]
INFO: [ app_begin ] --START--
INFO: Run Behavior\ReadHtmlCacheBehavior [ RunTime:0.000345s ]
INFO: [ app_begin ] --END-- [ RunTime:0.000392s ]
NOTIC: [2] array_merge(): Argument #1 is not an array G:\php\www\weibo\App\Home\Controller\IndexController.class.php 第 20 行.
NOTIC: [2] Invalid argument supplied for foreach() G:\php\www\weibo\App\Home\Controller\IndexController.class.php 第 21 行.

[ 2016-10-15T21:50:53+08:00 ] ::1 /weibo/Home/Home/getRefer
INFO: [ app_init ] --START--
INFO: Run Behavior\BuildLiteBehavior [ RunTime:0.000011s ]
INFO: [ app_init ] --END-- [ RunTime:0.000295s ]
INFO: [ app_begin ] --START--
INFO: Run Behavior\ReadHtmlCacheBehavior [ RunTime:0.000307s ]
INFO: [ app_begin ] --END-- [ RunTime:0.000341s ]
INFO: [ app_end ] --START--
INFO: Run Behavior\ShowPageTraceBehavior [ RunTime:0.000587s ]
INFO: [ app_end ] --END-- [ RunTime:0.000662s ]

[ 2016-10-15T21:50:53+08:00 ] ::1 /weibo/Home/Index/getWeibo
INFO: [ app_init ] --START--
INFO: Run Behavior\BuildLiteBehavior [ RunTime:0.000010s ]
INFO: [ app_init ] --END-- [ RunTime:0.000289s ]
INFO: [ app_begin ] --START--
INFO: Run Behavior\ReadHtmlCacheBehavior [ RunTime:0.000312s ]
INFO: [ app_begin ] --END-- [ RunTime:0.000349s ]
NOTIC: [2] array_merge(): Argument #1 is not an array G:\php\www\weibo\App\Home\Controller\IndexController.class.php 第 20 行.
NOTIC: [2] Invalid argument supplied for foreach() G:\php\www\weibo\App\Home\Controller\IndexController.class.php 第 21 行.

[ 2016-10-15T21:51:04+08:00 ] ::1 /weibo/Home/Index/getWeibo
INFO: [ app_init ] --START--
INFO: Run Behavior\BuildLiteBehavior [ RunTime:0.000010s ]
INFO: [ app_init ] --END-- [ RunTime:0.000247s ]
INFO: [ app_begin ] --START--
INFO: Run Behavior\ReadHtmlCacheBehavior [ RunTime:0.000322s ]
INFO: [ app_begin ] --END-- [ RunTime:0.000358s ]
NOTIC: [2] array_merge(): Argument #1 is not an array G:\php\www\weibo\App\Home\Controller\IndexController.class.php 第 20 行.
NOTIC: [2] Invalid argument supplied for foreach() G:\php\www\weibo\App\Home\Controller\IndexController.class.php 第 21 行.

[ 2016-10-15T21:51:04+08:00 ] ::1 /weibo/Home/Home/getRefer
INFO: [ app_init ] --START--
INFO: Run Behavior\BuildLiteBehavior [ RunTime:0.000010s ]
INFO: [ app_init ] --END-- [ RunTime:0.000277s ]
INFO: [ app_begin ] --START--
INFO: Run Behavior\ReadHtmlCacheBehavior [ RunTime:0.000604s ]
INFO: [ app_begin ] --END-- [ RunTime:0.000661s ]
INFO: [ app_end ] --START--
INFO: Run Behavior\ShowPageTraceBehavior [ RunTime:0.000598s ]
INFO: [ app_end ] --END-- [ RunTime:0.000677s ]

[ 2016-10-15T21:51:15+08:00 ] ::1 /weibo/Home/Home/getRefer
INFO: [ app_init ] --START--
INFO: Run Behavior\BuildLiteBehavior [ RunTime:0.000011s ]
INFO: [ app_init ] --END-- [ RunTime:0.000244s ]
INFO: [ app_begin ] --START--
INFO: Run Behavior\ReadHtmlCacheBehavior [ RunTime:0.000314s ]
INFO: [ app_begin ] --END-- [ RunTime:0.000350s ]
INFO: [ app_end ] --START--
INFO: Run Behavior\ShowPageTraceBehavior [ RunTime:0.000544s ]
INFO: [ app_end ] --END-- [ RunTime:0.000617s ]

[ 2016-10-15T21:51:15+08:00 ] ::1 /weibo/Home/Index/getWeibo
INFO: [ app_init ] --START--
INFO: Run Behavior\BuildLiteBehavior [ RunTime:0.000010s ]
INFO: [ app_init ] --END-- [ RunTime:0.000234s ]
INFO: [ app_begin ] --START--
INFO: Run Behavior\ReadHtmlCacheBehavior [ RunTime:0.000306s ]
INFO: [ app_begin ] --END-- [ RunTime:0.000340s ]
NOTIC: [2] array_merge(): Argument #1 is not an array G:\php\www\weibo\App\Home\Controller\IndexController.class.php 第 20 行.
NOTIC: [2] Invalid argument supplied for foreach() G:\php\www\weibo\App\Home\Controller\IndexController.class.php 第 21 行.

[ 2016-10-15T21:51:26+08:00 ] ::1 /weibo/Home/Home/getRefer
INFO: [ app_init ] --START--
INFO: Run Behavior\BuildLiteBehavior [ RunTime:0.000017s ]
INFO: [ app_init ] --END-- [ RunTime:0.000368s ]
INFO: [ app_begin ] --START--
INFO: Run Behavior\ReadHtmlCacheBehavior [ RunTime:0.000479s ]
INFO: [ app_begin ] --END-- [ RunTime:0.000545s ]
INFO: [ app_end ] --START--
INFO: Run Behavior\ShowPageTraceBehavior [ RunTime:0.000585s ]
INFO: [ app_end ] --END-- [ RunTime:0.000666s ]

[ 2016-10-15T21:51:26+08:00 ] ::1 /weibo/Home/Index/getWeibo
INFO: [ app_init ] --START--
INFO: Run Behavior\BuildLiteBehavior [ RunTime:0.000016s ]
INFO: [ app_init ] --END-- [ RunTime:0.000365s ]
INFO: [ app_begin ] --START--
INFO: Run Behavior\ReadHtmlCacheBehavior [ RunTime:0.000470s ]
INFO: [ app_begin ] --END-- [ RunTime:0.000531s ]
NOTIC: [2] array_merge(): Argument #1 is not an array G:\php\www\weibo\App\Home\Controller\IndexController.class.php 第 20 行.
NOTIC: [2] Invalid argument supplied for foreach() G:\php\www\weibo\App\Home\Controller\IndexController.class.php 第 21 行.

[ 2016-10-15T21:51:37+08:00 ] ::1 /weibo/Home/Home/getRefer
INFO: [ app_init ] --START--
INFO: Run Behavior\BuildLiteBehavior [ RunTime:0.000017s ]
INFO: [ app_init ] --END-- [ RunTime:0.000345s ]
INFO: [ app_begin ] --START--
INFO: Run Behavior\ReadHtmlCacheBehavior [ RunTime:0.000452s ]
INFO: [ app_begin ] --END-- [ RunTime:0.000502s ]
INFO: [ app_end ] --START--
INFO: Run Behavior\ShowPageTraceBehavior [ RunTime:0.000668s ]
INFO: [ app_end ] --END-- [ RunTime:0.000740s ]

[ 2016-10-15T21:51:37+08:00 ] ::1 /weibo/Home/Index/getWeibo
INFO: [ app_init ] --START--
INFO: Run Behavior\BuildLiteBehavior [ RunTime:0.000016s ]
INFO: [ app_init ] --END-- [ RunTime:0.000391s ]
INFO: [ app_begin ] --START--
INFO: Run Behavior\ReadHtmlCacheBehavior [ RunTime:0.000450s ]
INFO: [ app_begin ] --END-- [ RunTime:0.000506s ]
NOTIC: [2] array_merge(): Argument #1 is not an array G:\php\www\weibo\App\Home\Controller\IndexController.class.php 第 20 行.
NOTIC: [2] Invalid argument supplied for foreach() G:\php\www\weibo\App\Home\Controller\IndexController.class.php 第 21 行.

[ 2016-10-15T21:51:48+08:00 ] ::1 /weibo/Home/Index/getWeibo
INFO: [ app_init ] --START--
INFO: Run Behavior\BuildLiteBehavior [ RunTime:0.000010s ]
INFO: [ app_init ] --END-- [ RunTime:0.000246s ]
INFO: [ app_begin ] --START--
INFO: Run Behavior\ReadHtmlCacheBehavior [ RunTime:0.000307s ]
INFO: [ app_begin ] --END-- [ RunTime:0.000344s ]
NOTIC: [2] array_merge(): Argument #1 is not an array G:\php\www\weibo\App\Home\Controller\IndexController.class.php 第 20 行.
NOTIC: [2] Invalid argument supplied for foreach() G:\php\www\weibo\App\Home\Controller\IndexController.class.php 第 21 行.

[ 2016-10-15T21:51:48+08:00 ] ::1 /weibo/Home/Home/getRefer
INFO: [ app_init ] --START--
INFO: Run Behavior\BuildLiteBehavior [ RunTime:0.000011s ]
INFO: [ app_init ] --END-- [ RunTime:0.000246s ]
INFO: [ app_begin ] --START--
INFO: Run Behavior\ReadHtmlCacheBehavior [ RunTime:0.000506s ]
INFO: [ app_begin ] --END-- [ RunTime:0.000572s ]
INFO: [ app_end ] --START--
INFO: Run Behavior\ShowPageTraceBehavior [ RunTime:0.000626s ]
INFO: [ app_end ] --END-- [ RunTime:0.000708s ]

[ 2016-10-15T21:51:59+08:00 ] ::1 /weibo/Home/Index/getWeibo
INFO: [ app_init ] --START--
INFO: Run Behavior\BuildLiteBehavior [ RunTime:0.000015s ]
INFO: [ app_init ] --END-- [ RunTime:0.000329s ]
INFO: [ app_begin ] --START--
INFO: Run Behavior\ReadHtmlCacheBehavior [ RunTime:0.000517s ]
INFO: [ app_begin ] --END-- [ RunTime:0.000554s ]
NOTIC: [2] array_merge(): Argument #1 is not an array G:\php\www\weibo\App\Home\Controller\IndexController.class.php 第 20 行.
NOTIC: [2] Invalid argument supplied for foreach() G:\php\www\weibo\App\Home\Controller\IndexController.class.php 第 21 行.

[ 2016-10-15T21:51:59+08:00 ] ::1 /weibo/Home/Home/getRefer
INFO: [ app_init ] --START--
INFO: Run Behavior\BuildLiteBehavior [ RunTime:0.000013s ]
INFO: [ app_init ] --END-- [ RunTime:0.000310s ]
INFO: [ app_begin ] --START--
INFO: Run Behavior\ReadHtmlCacheBehavior [ RunTime:0.000529s ]
INFO: [ app_begin ] --END-- [ RunTime:0.000567s ]
INFO: [ app_end ] --START--
INFO: Run Behavior\ShowPageTraceBehavior [ RunTime:0.000618s ]
INFO: [ app_end ] --END-- [ RunTime:0.000788s ]

[ 2016-10-15T21:52:10+08:00 ] ::1 /weibo/Home/Index/getWeibo
INFO: [ app_init ] --START--
INFO: Run Behavior\BuildLiteBehavior [ RunTime:0.000014s ]
INFO: [ app_init ] --END-- [ RunTime:0.000373s ]
INFO: [ app_begin ] --START--
INFO: Run Behavior\ReadHtmlCacheBehavior [ RunTime:0.000313s ]
INFO: [ app_begin ] --END-- [ RunTime:0.000348s ]
NOTIC: [2] array_merge(): Argument #1 is not an array G:\php\www\weibo\App\Home\Controller\IndexController.class.php 第 20 行.
NOTIC: [2] Invalid argument supplied for foreach() G:\php\www\weibo\App\Home\Controller\IndexController.class.php 第 21 行.

[ 2016-10-15T21:52:10+08:00 ] ::1 /weibo/Home/Home/getRefer
INFO: [ app_init ] --START--
INFO: Run Behavior\BuildLiteBehavior [ RunTime:0.000046s ]
INFO: [ app_init ] --END-- [ RunTime:0.000412s ]
INFO: [ app_begin ] --START--
INFO: Run Behavior\ReadHtmlCacheBehavior [ RunTime:0.000335s ]
INFO: [ app_begin ] --END-- [ RunTime:0.000372s ]
INFO: [ app_end ] --START--
INFO: Run Behavior\ShowPageTraceBehavior [ RunTime:0.000708s ]
INFO: [ app_end ] --END-- [ RunTime:0.000787s ]

[ 2016-10-15T21:52:21+08:00 ] ::1 /weibo/Home/Index/getWeibo
INFO: [ app_init ] --START--
INFO: Run Behavior\BuildLiteBehavior [ RunTime:0.000011s ]
INFO: [ app_init ] --END-- [ RunTime:0.000257s ]
INFO: [ app_begin ] --START--
INFO: Run Behavior\ReadHtmlCacheBehavior [ RunTime:0.000310s ]
INFO: [ app_begin ] --END-- [ RunTime:0.000343s ]
NOTIC: [2] array_merge(): Argument #1 is not an array G:\php\www\weibo\App\Home\Controller\IndexController.class.php 第 20 行.
NOTIC: [2] Invalid argument supplied for foreach() G:\php\www\weibo\App\Home\Controller\IndexController.class.php 第 21 行.

[ 2016-10-15T21:52:21+08:00 ] ::1 /weibo/Home/Home/getRefer
INFO: [ app_init ] --START--
INFO: Run Behavior\BuildLiteBehavior [ RunTime:0.000010s ]
INFO: [ app_init ] --END-- [ RunTime:0.000272s ]
INFO: [ app_begin ] --START--
INFO: Run Behavior\ReadHtmlCacheBehavior [ RunTime:0.000529s ]
INFO: [ app_begin ] --END-- [ RunTime:0.000597s ]
INFO: [ app_end ] --START--
INFO: Run Behavior\ShowPageTraceBehavior [ RunTime:0.000600s ]
INFO: [ app_end ] --END-- [ RunTime:0.000685s ]

[ 2016-10-15T21:52:32+08:00 ] ::1 /weibo/Home/Index/getWeibo
INFO: [ app_init ] --START--
INFO: Run Behavior\BuildLiteBehavior [ RunTime:0.000010s ]
INFO: [ app_init ] --END-- [ RunTime:0.000236s ]
INFO: [ app_begin ] --START--
INFO: Run Behavior\ReadHtmlCacheBehavior [ RunTime:0.000299s ]
INFO: [ app_begin ] --END-- [ RunTime:0.000332s ]
NOTIC: [2] array_merge(): Argument #1 is not an array G:\php\www\weibo\App\Home\Controller\IndexController.class.php 第 20 行.
NOTIC: [2] Invalid argument supplied for foreach() G:\php\www\weibo\App\Home\Controller\IndexController.class.php 第 21 行.

[ 2016-10-15T21:52:32+08:00 ] ::1 /weibo/Home/Home/getRefer
INFO: [ app_init ] --START--
INFO: Run Behavior\BuildLiteBehavior [ RunTime:0.000010s ]
INFO: [ app_init ] --END-- [ RunTime:0.000239s ]
INFO: [ app_begin ] --START--
INFO: Run Behavior\ReadHtmlCacheBehavior [ RunTime:0.000312s ]
INFO: [ app_begin ] --END-- [ RunTime:0.000348s ]
INFO: [ app_end ] --START--
INFO: Run Behavior\ShowPageTraceBehavior [ RunTime:0.000601s ]
INFO: [ app_end ] --END-- [ RunTime:0.000682s ]

[ 2016-10-15T21:52:43+08:00 ] ::1 /weibo/Home/Home/getRefer
INFO: [ app_init ] --START--
INFO: Run Behavior\BuildLiteBehavior [ RunTime:0.000012s ]
INFO: [ app_init ] --END-- [ RunTime:0.000246s ]
INFO: [ app_begin ] --START--
INFO: Run Behavior\ReadHtmlCacheBehavior [ RunTime:0.000315s ]
INFO: [ app_begin ] --END-- [ RunTime:0.000351s ]
INFO: [ app_end ] --START--
INFO: Run Behavior\ShowPageTraceBehavior [ RunTime:0.000552s ]
INFO: [ app_end ] --END-- [ RunTime:0.000627s ]

[ 2016-10-15T21:52:43+08:00 ] ::1 /weibo/Home/Index/getWeibo
INFO: [ app_init ] --START--
INFO: Run Behavior\BuildLiteBehavior [ RunTime:0.000016s ]
INFO: [ app_init ] --END-- [ RunTime:0.000363s ]
INFO: [ app_begin ] --START--
INFO: Run Behavior\ReadHtmlCacheBehavior [ RunTime:0.000460s ]
INFO: [ app_begin ] --END-- [ RunTime:0.000518s ]
NOTIC: [2] array_merge(): Argument #1 is not an array G:\php\www\weibo\App\Home\Controller\IndexController.class.php 第 20 行.
NOTIC: [2] Invalid argument supplied for foreach() G:\php\www\weibo\App\Home\Controller\IndexController.class.php 第 21 行.

[ 2016-10-15T21:52:54+08:00 ] ::1 /weibo/Home/Home/getRefer
INFO: [ app_init ] --START--
INFO: Run Behavior\BuildLiteBehavior [ RunTime:0.000016s ]
INFO: [ app_init ] --END-- [ RunTime:0.000339s ]
INFO: [ app_begin ] --START--
INFO: Run Behavior\ReadHtmlCacheBehavior [ RunTime:0.000459s ]
INFO: [ app_begin ] --END-- [ RunTime:0.000507s ]
INFO: [ app_end ] --START--
INFO: Run Behavior\ShowPageTraceBehavior [ RunTime:0.000555s ]
INFO: [ app_end ] --END-- [ RunTime:0.000625s ]

[ 2016-10-15T21:52:54+08:00 ] ::1 /weibo/Home/Index/getWeibo
INFO: [ app_init ] --START--
INFO: Run Behavior\BuildLiteBehavior [ RunTime:0.000013s ]
INFO: [ app_init ] --END-- [ RunTime:0.000351s ]
INFO: [ app_begin ] --START--
INFO: Run Behavior\ReadHtmlCacheBehavior [ RunTime:0.000446s ]
INFO: [ app_begin ] --END-- [ RunTime:0.000494s ]
NOTIC: [2] array_merge(): Argument #1 is not an array G:\php\www\weibo\App\Home\Controller\IndexController.class.php 第 20 行.
NOTIC: [2] Invalid argument supplied for foreach() G:\php\www\weibo\App\Home\Controller\IndexController.class.php 第 21 行.

[ 2016-10-15T21:53:05+08:00 ] ::1 /weibo/Home/Home/getRefer
INFO: [ app_init ] --START--
INFO: Run Behavior\BuildLiteBehavior [ RunTime:0.000011s ]
INFO: [ app_init ] --END-- [ RunTime:0.000256s ]
INFO: [ app_begin ] --START--
INFO: Run Behavior\ReadHtmlCacheBehavior [ RunTime:0.000307s ]
INFO: [ app_begin ] --END-- [ RunTime:0.000341s ]
INFO: [ app_end ] --START--
INFO: Run Behavior\ShowPageTraceBehavior [ RunTime:0.000554s ]
INFO: [ app_end ] --END-- [ RunTime:0.000620s ]

[ 2016-10-15T21:53:05+08:00 ] ::1 /weibo/Home/Index/getWeibo
INFO: [ app_init ] --START--
INFO: Run Behavior\BuildLiteBehavior [ RunTime:0.000010s ]
INFO: [ app_init ] --END-- [ RunTime:0.000271s ]
INFO: [ app_begin ] --START--
INFO: Run Behavior\ReadHtmlCacheBehavior [ RunTime:0.000662s ]
INFO: [ app_begin ] --END-- [ RunTime:0.000725s ]
NOTIC: [2] array_merge(): Argument #1 is not an array G:\php\www\weibo\App\Home\Controller\IndexController.class.php 第 20 行.
NOTIC: [2] Invalid argument supplied for foreach() G:\php\www\weibo\App\Home\Controller\IndexController.class.php 第 21 行.

[ 2016-10-15T21:53:16+08:00 ] ::1 /weibo/Home/Home/getRefer
INFO: [ app_init ] --START--
INFO: Run Behavior\BuildLiteBehavior [ RunTime:0.000013s ]
INFO: [ app_init ] --END-- [ RunTime:0.000333s ]
INFO: [ app_begin ] --START--
INFO: Run Behavior\ReadHtmlCacheBehavior [ RunTime:0.000432s ]
INFO: [ app_begin ] --END-- [ RunTime:0.000478s ]
INFO: [ app_end ] --START--
INFO: Run Behavior\ShowPageTraceBehavior [ RunTime:0.000433s ]
INFO: [ app_end ] --END-- [ RunTime:0.000524s ]

[ 2016-10-15T21:53:16+08:00 ] ::1 /weibo/Home/Index/getWeibo
INFO: [ app_init ] --START--
INFO: Run Behavior\BuildLiteBehavior [ RunTime:0.000013s ]
INFO: [ app_init ] --END-- [ RunTime:0.000320s ]
INFO: [ app_begin ] --START--
INFO: Run Behavior\ReadHtmlCacheBehavior [ RunTime:0.000444s ]
INFO: [ app_begin ] --END-- [ RunTime:0.000493s ]
NOTIC: [2] array_merge(): Argument #1 is not an array G:\php\www\weibo\App\Home\Controller\IndexController.class.php 第 20 行.
NOTIC: [2] Invalid argument supplied for foreach() G:\php\www\weibo\App\Home\Controller\IndexController.class.php 第 21 行.

[ 2016-10-15T21:53:27+08:00 ] ::1 /weibo/Home/Home/getRefer
INFO: [ app_init ] --START--
INFO: Run Behavior\BuildLiteBehavior [ RunTime:0.000010s ]
INFO: [ app_init ] --END-- [ RunTime:0.000247s ]
INFO: [ app_begin ] --START--
INFO: Run Behavior\ReadHtmlCacheBehavior [ RunTime:0.000303s ]
INFO: [ app_begin ] --END-- [ RunTime:0.000335s ]
INFO: [ app_end ] --START--
INFO: Run Behavior\ShowPageTraceBehavior [ RunTime:0.000548s ]
INFO: [ app_end ] --END-- [ RunTime:0.000608s ]

[ 2016-10-15T21:53:27+08:00 ] ::1 /weibo/Home/Index/getWeibo
INFO: [ app_init ] --START--
INFO: Run Behavior\BuildLiteBehavior [ RunTime:0.000011s ]
INFO: [ app_init ] --END-- [ RunTime:0.000245s ]
INFO: [ app_begin ] --START--
INFO: Run Behavior\ReadHtmlCacheBehavior [ RunTime:0.000320s ]
INFO: [ app_begin ] --END-- [ RunTime:0.000355s ]
NOTIC: [2] array_merge(): Argument #1 is not an array G:\php\www\weibo\App\Home\Controller\IndexController.class.php 第 20 行.
NOTIC: [2] Invalid argument supplied for foreach() G:\php\www\weibo\App\Home\Controller\IndexController.class.php 第 21 行.

[ 2016-10-15T21:53:38+08:00 ] ::1 /weibo/Home/Home/getRefer
INFO: [ app_init ] --START--
INFO: Run Behavior\BuildLiteBehavior [ RunTime:0.000010s ]
INFO: [ app_init ] --END-- [ RunTime:0.000245s ]
INFO: [ app_begin ] --START--
INFO: Run Behavior\ReadHtmlCacheBehavior [ RunTime:0.000301s ]
INFO: [ app_begin ] --END-- [ RunTime:0.000335s ]
INFO: [ app_end ] --START--
INFO: Run Behavior\ShowPageTraceBehavior [ RunTime:0.000564s ]
INFO: [ app_end ] --END-- [ RunTime:0.000634s ]

[ 2016-10-15T21:53:38+08:00 ] ::1 /weibo/Home/Index/getWeibo
INFO: [ app_init ] --START--
INFO: Run Behavior\BuildLiteBehavior [ RunTime:0.000010s ]
INFO: [ app_init ] --END-- [ RunTime:0.000235s ]
INFO: [ app_begin ] --START--
INFO: Run Behavior\ReadHtmlCacheBehavior [ RunTime:0.000313s ]
INFO: [ app_begin ] --END-- [ RunTime:0.000349s ]
NOTIC: [2] array_merge(): Argument #1 is not an array G:\php\www\weibo\App\Home\Controller\IndexController.class.php 第 20 行.
NOTIC: [2] Invalid argument supplied for foreach() G:\php\www\weibo\App\Home\Controller\IndexController.class.php 第 21 行.

[ 2016-10-15T21:53:49+08:00 ] ::1 /weibo/Home/Home/getRefer
INFO: [ app_init ] --START--
INFO: Run Behavior\BuildLiteBehavior [ RunTime:0.000011s ]
INFO: [ app_init ] --END-- [ RunTime:0.000256s ]
INFO: [ app_begin ] --START--
INFO: Run Behavior\ReadHtmlCacheBehavior [ RunTime:0.000304s ]
INFO: [ app_begin ] --END-- [ RunTime:0.000337s ]
INFO: [ app_end ] --START--
INFO: Run Behavior\ShowPageTraceBehavior [ RunTime:0.000465s ]
INFO: [ app_end ] --END-- [ RunTime:0.000514s ]

[ 2016-10-15T21:53:49+08:00 ] ::1 /weibo/Home/Index/getWeibo
INFO: [ app_init ] --START--
INFO: Run Behavior\BuildLiteBehavior [ RunTime:0.000010s ]
INFO: [ app_init ] --END-- [ RunTime:0.000257s ]
INFO: [ app_begin ] --START--
INFO: Run Behavior\ReadHtmlCacheBehavior [ RunTime:0.000312s ]
INFO: [ app_begin ] --END-- [ RunTime:0.000348s ]
NOTIC: [2] array_merge(): Argument #1 is not an array G:\php\www\weibo\App\Home\Controller\IndexController.class.php 第 20 行.
NOTIC: [2] Invalid argument supplied for foreach() G:\php\www\weibo\App\Home\Controller\IndexController.class.php 第 21 行.

[ 2016-10-15T21:54:00+08:00 ] ::1 /weibo/Home/Home/getRefer
INFO: [ app_init ] --START--
INFO: Run Behavior\BuildLiteBehavior [ RunTime:0.000010s ]
INFO: [ app_init ] --END-- [ RunTime:0.000239s ]
INFO: [ app_begin ] --START--
INFO: Run Behavior\ReadHtmlCacheBehavior [ RunTime:0.000300s ]
INFO: [ app_begin ] --END-- [ RunTime:0.000333s ]
INFO: [ app_end ] --START--
INFO: Run Behavior\ShowPageTraceBehavior [ RunTime:0.000525s ]
INFO: [ app_end ] --END-- [ RunTime:0.000593s ]

[ 2016-10-15T21:54:00+08:00 ] ::1 /weibo/Home/Index/getWeibo
INFO: [ app_init ] --START--
INFO: Run Behavior\BuildLiteBehavior [ RunTime:0.000010s ]
INFO: [ app_init ] --END-- [ RunTime:0.000256s ]
INFO: [ app_begin ] --START--
INFO: Run Behavior\ReadHtmlCacheBehavior [ RunTime:0.000320s ]
INFO: [ app_begin ] --END-- [ RunTime:0.000356s ]
NOTIC: [2] array_merge(): Argument #1 is not an array G:\php\www\weibo\App\Home\Controller\IndexController.class.php 第 20 行.
NOTIC: [2] Invalid argument supplied for foreach() G:\php\www\weibo\App\Home\Controller\IndexController.class.php 第 21 行.

[ 2016-10-15T21:54:11+08:00 ] ::1 /weibo/Home/Home/getRefer
INFO: [ app_init ] --START--
INFO: Run Behavior\BuildLiteBehavior [ RunTime:0.000011s ]
INFO: [ app_init ] --END-- [ RunTime:0.000252s ]
INFO: [ app_begin ] --START--
INFO: Run Behavior\ReadHtmlCacheBehavior [ RunTime:0.000305s ]
INFO: [ app_begin ] --END-- [ RunTime:0.000344s ]
INFO: [ app_end ] --START--
INFO: Run Behavior\ShowPageTraceBehavior [ RunTime:0.000560s ]
INFO: [ app_end ] --END-- [ RunTime:0.000637s ]

[ 2016-10-15T21:54:11+08:00 ] ::1 /weibo/Home/Index/getWeibo
INFO: [ app_init ] --START--
INFO: Run Behavior\BuildLiteBehavior [ RunTime:0.000010s ]
INFO: [ app_init ] --END-- [ RunTime:0.000236s ]
INFO: [ app_begin ] --START--
INFO: Run Behavior\ReadHtmlCacheBehavior [ RunTime:0.000302s ]
INFO: [ app_begin ] --END-- [ RunTime:0.000338s ]
NOTIC: [2] array_merge(): Argument #1 is not an array G:\php\www\weibo\App\Home\Controller\IndexController.class.php 第 20 行.
NOTIC: [2] Invalid argument supplied for foreach() G:\php\www\weibo\App\Home\Controller\IndexController.class.php 第 21 行.

[ 2016-10-15T21:54:22+08:00 ] ::1 /weibo/Home/Home/getRefer
INFO: [ app_init ] --START--
INFO: Run Behavior\BuildLiteBehavior [ RunTime:0.000017s ]
INFO: [ app_init ] --END-- [ RunTime:0.000360s ]
INFO: [ app_begin ] --START--
INFO: Run Behavior\ReadHtmlCacheBehavior [ RunTime:0.000474s ]
INFO: [ app_begin ] --END-- [ RunTime:0.000530s ]
INFO: [ app_end ] --START--
INFO: Run Behavior\ShowPageTraceBehavior [ RunTime:0.000506s ]
INFO: [ app_end ] --END-- [ RunTime:0.000577s ]

[ 2016-10-15T21:54:22+08:00 ] ::1 /weibo/Home/Index/getWeibo
INFO: [ app_init ] --START--
INFO: Run Behavior\BuildLiteBehavior [ RunTime:0.000011s ]
INFO: [ app_init ] --END-- [ RunTime:0.000327s ]
INFO: [ app_begin ] --START--
INFO: Run Behavior\ReadHtmlCacheBehavior [ RunTime:0.000425s ]
INFO: [ app_begin ] --END-- [ RunTime:0.000475s ]
NOTIC: [2] array_merge(): Argument #1 is not an array G:\php\www\weibo\App\Home\Controller\IndexController.class.php 第 20 行.
NOTIC: [2] Invalid argument supplied for foreach() G:\php\www\weibo\App\Home\Controller\IndexController.class.php 第 21 行.

[ 2016-10-15T21:54:33+08:00 ] ::1 /weibo/Home/Home/getRefer
INFO: [ app_init ] --START--
INFO: Run Behavior\BuildLiteBehavior [ RunTime:0.000011s ]
INFO: [ app_init ] --END-- [ RunTime:0.000246s ]
INFO: [ app_begin ] --START--
INFO: Run Behavior\ReadHtmlCacheBehavior [ RunTime:0.000312s ]
INFO: [ app_begin ] --END-- [ RunTime:0.000347s ]
INFO: [ app_end ] --START--
INFO: Run Behavior\ShowPageTraceBehavior [ RunTime:0.000473s ]
INFO: [ app_end ] --END-- [ RunTime:0.000531s ]

[ 2016-10-15T21:54:33+08:00 ] ::1 /weibo/Home/Index/getWeibo
INFO: [ app_init ] --START--
INFO: Run Behavior\BuildLiteBehavior [ RunTime:0.000009s ]
INFO: [ app_init ] --END-- [ RunTime:0.000248s ]
INFO: [ app_begin ] --START--
INFO: Run Behavior\ReadHtmlCacheBehavior [ RunTime:0.000318s ]
INFO: [ app_begin ] --END-- [ RunTime:0.000354s ]
NOTIC: [2] array_merge(): Argument #1 is not an array G:\php\www\weibo\App\Home\Controller\IndexController.class.php 第 20 行.
NOTIC: [2] Invalid argument supplied for foreach() G:\php\www\weibo\App\Home\Controller\IndexController.class.php 第 21 行.

[ 2016-10-15T21:54:44+08:00 ] ::1 /weibo/Home/Home/getRefer
INFO: [ app_init ] --START--
INFO: Run Behavior\BuildLiteBehavior [ RunTime:0.000010s ]
INFO: [ app_init ] --END-- [ RunTime:0.000310s ]
INFO: [ app_begin ] --START--
INFO: Run Behavior\ReadHtmlCacheBehavior [ RunTime:0.000324s ]
INFO: [ app_begin ] --END-- [ RunTime:0.000358s ]
INFO: [ app_end ] --START--
INFO: Run Behavior\ShowPageTraceBehavior [ RunTime:0.000543s ]
INFO: [ app_end ] --END-- [ RunTime:0.000616s ]

[ 2016-10-15T21:54:44+08:00 ] ::1 /weibo/Home/Index/getWeibo
INFO: [ app_init ] --START--
INFO: Run Behavior\BuildLiteBehavior [ RunTime:0.000010s ]
INFO: [ app_init ] --END-- [ RunTime:0.000298s ]
INFO: [ app_begin ] --START--
INFO: Run Behavior\ReadHtmlCacheBehavior [ RunTime:0.000325s ]
INFO: [ app_begin ] --END-- [ RunTime:0.000363s ]
NOTIC: [2] array_merge(): Argument #1 is not an array G:\php\www\weibo\App\Home\Controller\IndexController.class.php 第 20 行.
NOTIC: [2] Invalid argument supplied for foreach() G:\php\www\weibo\App\Home\Controller\IndexController.class.php 第 21 行.

[ 2016-10-15T21:54:55+08:00 ] ::1 /weibo/Home/Home/getRefer
INFO: [ app_init ] --START--
INFO: Run Behavior\BuildLiteBehavior [ RunTime:0.000010s ]
INFO: [ app_init ] --END-- [ RunTime:0.000243s ]
INFO: [ app_begin ] --START--
INFO: Run Behavior\ReadHtmlCacheBehavior [ RunTime:0.000302s ]
INFO: [ app_begin ] --END-- [ RunTime:0.000334s ]
INFO: [ app_end ] --START--
INFO: Run Behavior\ShowPageTraceBehavior [ RunTime:0.000468s ]
INFO: [ app_end ] --END-- [ RunTime:0.000520s ]

[ 2016-10-15T21:54:55+08:00 ] ::1 /weibo/Home/Index/getWeibo
INFO: [ app_init ] --START--
INFO: Run Behavior\BuildLiteBehavior [ RunTime:0.000010s ]
INFO: [ app_init ] --END-- [ RunTime:0.000242s ]
INFO: [ app_begin ] --START--
INFO: Run Behavior\ReadHtmlCacheBehavior [ RunTime:0.000322s ]
INFO: [ app_begin ] --END-- [ RunTime:0.000358s ]
NOTIC: [2] array_merge(): Argument #1 is not an array G:\php\www\weibo\App\Home\Controller\IndexController.class.php 第 20 行.
NOTIC: [2] Invalid argument supplied for foreach() G:\php\www\weibo\App\Home\Controller\IndexController.class.php 第 21 行.

[ 2016-10-15T21:55:06+08:00 ] ::1 /weibo/Home/Index/getWeibo
INFO: [ app_init ] --START--
INFO: Run Behavior\BuildLiteBehavior [ RunTime:0.000010s ]
INFO: [ app_init ] --END-- [ RunTime:0.000267s ]
INFO: [ app_begin ] --START--
INFO: Run Behavior\ReadHtmlCacheBehavior [ RunTime:0.000313s ]
INFO: [ app_begin ] --END-- [ RunTime:0.000349s ]
NOTIC: [2] array_merge(): Argument #1 is not an array G:\php\www\weibo\App\Home\Controller\IndexController.class.php 第 20 行.
NOTIC: [2] Invalid argument supplied for foreach() G:\php\www\weibo\App\Home\Controller\IndexController.class.php 第 21 行.

[ 2016-10-15T21:55:06+08:00 ] ::1 /weibo/Home/Home/getRefer
INFO: [ app_init ] --START--
INFO: Run Behavior\BuildLiteBehavior [ RunTime:0.000010s ]
INFO: [ app_init ] --END-- [ RunTime:0.000262s ]
INFO: [ app_begin ] --START--
INFO: Run Behavior\ReadHtmlCacheBehavior [ RunTime:0.000403s ]
INFO: [ app_begin ] --END-- [ RunTime:0.000438s ]
INFO: [ app_end ] --START--
INFO: Run Behavior\ShowPageTraceBehavior [ RunTime:0.000604s ]
INFO: [ app_end ] --END-- [ RunTime:0.000684s ]

[ 2016-10-15T21:55:17+08:00 ] ::1 /weibo/Home/Index/getWeibo
INFO: [ app_init ] --START--
INFO: Run Behavior\BuildLiteBehavior [ RunTime:0.000010s ]
INFO: [ app_init ] --END-- [ RunTime:0.000237s ]
INFO: [ app_begin ] --START--
INFO: Run Behavior\ReadHtmlCacheBehavior [ RunTime:0.000336s ]
INFO: [ app_begin ] --END-- [ RunTime:0.000370s ]
NOTIC: [2] array_merge(): Argument #1 is not an array G:\php\www\weibo\App\Home\Controller\IndexController.class.php 第 20 行.
NOTIC: [2] Invalid argument supplied for foreach() G:\php\www\weibo\App\Home\Controller\IndexController.class.php 第 21 行.

[ 2016-10-15T21:55:17+08:00 ] ::1 /weibo/Home/Home/getRefer
INFO: [ app_init ] --START--
INFO: Run Behavior\BuildLiteBehavior [ RunTime:0.000013s ]
INFO: [ app_init ] --END-- [ RunTime:0.000246s ]
INFO: [ app_begin ] --START--
INFO: Run Behavior\ReadHtmlCacheBehavior [ RunTime:0.000340s ]
INFO: [ app_begin ] --END-- [ RunTime:0.000379s ]
INFO: [ app_end ] --START--
INFO: Run Behavior\ShowPageTraceBehavior [ RunTime:0.000603s ]
INFO: [ app_end ] --END-- [ RunTime:0.000685s ]

[ 2016-10-15T21:55:28+08:00 ] ::1 /weibo/Home/Home/getRefer
INFO: [ app_init ] --START--
INFO: Run Behavior\BuildLiteBehavior [ RunTime:0.000015s ]
INFO: [ app_init ] --END-- [ RunTime:0.000338s ]
INFO: [ app_begin ] --START--
INFO: Run Behavior\ReadHtmlCacheBehavior [ RunTime:0.000442s ]
INFO: [ app_begin ] --END-- [ RunTime:0.000492s ]
INFO: [ app_end ] --START--
INFO: Run Behavior\ShowPageTraceBehavior [ RunTime:0.000479s ]
INFO: [ app_end ] --END-- [ RunTime:0.000537s ]

[ 2016-10-15T21:55:28+08:00 ] ::1 /weibo/Home/Index/getWeibo
INFO: [ app_init ] --START--
INFO: Run Behavior\BuildLiteBehavior [ RunTime:0.000012s ]
INFO: [ app_init ] --END-- [ RunTime:0.000324s ]
INFO: [ app_begin ] --START--
INFO: Run Behavior\ReadHtmlCacheBehavior [ RunTime:0.000457s ]
INFO: [ app_begin ] --END-- [ RunTime:0.000503s ]
NOTIC: [2] array_merge(): Argument #1 is not an array G:\php\www\weibo\App\Home\Controller\IndexController.class.php 第 20 行.
NOTIC: [2] Invalid argument supplied for foreach() G:\php\www\weibo\App\Home\Controller\IndexController.class.php 第 21 行.

[ 2016-10-15T21:55:39+08:00 ] ::1 /weibo/Home/Home/getRefer
INFO: [ app_init ] --START--
INFO: Run Behavior\BuildLiteBehavior [ RunTime:0.000011s ]
INFO: [ app_init ] --END-- [ RunTime:0.000290s ]
INFO: [ app_begin ] --START--
INFO: Run Behavior\ReadHtmlCacheBehavior [ RunTime:0.000309s ]
INFO: [ app_begin ] --END-- [ RunTime:0.000342s ]
INFO: [ app_end ] --START--
INFO: Run Behavior\ShowPageTraceBehavior [ RunTime:0.000475s ]
INFO: [ app_end ] --END-- [ RunTime:0.000527s ]

[ 2016-10-15T21:55:39+08:00 ] ::1 /weibo/Home/Index/getWeibo
INFO: [ app_init ] --START--
INFO: Run Behavior\BuildLiteBehavior [ RunTime:0.000011s ]
INFO: [ app_init ] --END-- [ RunTime:0.000236s ]
INFO: [ app_begin ] --START--
INFO: Run Behavior\ReadHtmlCacheBehavior [ RunTime:0.000306s ]
INFO: [ app_begin ] --END-- [ RunTime:0.000341s ]
NOTIC: [2] array_merge(): Argument #1 is not an array G:\php\www\weibo\App\Home\Controller\IndexController.class.php 第 20 行.
NOTIC: [2] Invalid argument supplied for foreach() G:\php\www\weibo\App\Home\Controller\IndexController.class.php 第 21 行.

[ 2016-10-15T21:55:50+08:00 ] ::1 /weibo/Home/Home/getRefer
INFO: [ app_init ] --START--
INFO: Run Behavior\BuildLiteBehavior [ RunTime:0.000012s ]
INFO: [ app_init ] --END-- [ RunTime:0.000249s ]
INFO: [ app_begin ] --START--
INFO: Run Behavior\ReadHtmlCacheBehavior [ RunTime:0.000362s ]
INFO: [ app_begin ] --END-- [ RunTime:0.000396s ]
INFO: [ app_end ] --START--
INFO: Run Behavior\ShowPageTraceBehavior [ RunTime:0.000573s ]
INFO: [ app_end ] --END-- [ RunTime:0.000643s ]

[ 2016-10-15T21:55:50+08:00 ] ::1 /weibo/Home/Index/getWeibo
INFO: [ app_init ] --START--
INFO: Run Behavior\BuildLiteBehavior [ RunTime:0.000009s ]
INFO: [ app_init ] --END-- [ RunTime:0.000245s ]
INFO: [ app_begin ] --START--
INFO: Run Behavior\ReadHtmlCacheBehavior [ RunTime:0.000341s ]
INFO: [ app_begin ] --END-- [ RunTime:0.000378s ]
NOTIC: [2] array_merge(): Argument #1 is not an array G:\php\www\weibo\App\Home\Controller\IndexController.class.php 第 20 行.
NOTIC: [2] Invalid argument supplied for foreach() G:\php\www\weibo\App\Home\Controller\IndexController.class.php 第 21 行.

[ 2016-10-15T21:56:01+08:00 ] ::1 /weibo/Home/Index/getWeibo
INFO: [ app_init ] --START--
INFO: Run Behavior\BuildLiteBehavior [ RunTime:0.000017s ]
INFO: [ app_init ] --END-- [ RunTime:0.000367s ]
INFO: [ app_begin ] --START--
INFO: Run Behavior\ReadHtmlCacheBehavior [ RunTime:0.000338s ]
INFO: [ app_begin ] --END-- [ RunTime:0.000384s ]
NOTIC: [2] array_merge(): Argument #1 is not an array G:\php\www\weibo\App\Home\Controller\IndexController.class.php 第 20 行.
NOTIC: [2] Invalid argument supplied for foreach() G:\php\www\weibo\App\Home\Controller\IndexController.class.php 第 21 行.

[ 2016-10-15T21:56:01+08:00 ] ::1 /weibo/Home/Home/getRefer
INFO: [ app_init ] --START--
INFO: Run Behavior\BuildLiteBehavior [ RunTime:0.000013s ]
INFO: [ app_init ] --END-- [ RunTime:0.000304s ]
INFO: [ app_begin ] --START--
INFO: Run Behavior\ReadHtmlCacheBehavior [ RunTime:0.000420s ]
INFO: [ app_begin ] --END-- [ RunTime:0.000471s ]
INFO: [ app_end ] --START--
INFO: Run Behavior\ShowPageTraceBehavior [ RunTime:0.000601s ]
INFO: [ app_end ] --END-- [ RunTime:0.000682s ]

[ 2016-10-15T21:56:12+08:00 ] ::1 /weibo/Home/Index/getWeibo
INFO: [ app_init ] --START--
INFO: Run Behavior\BuildLiteBehavior [ RunTime:0.000010s ]
INFO: [ app_init ] --END-- [ RunTime:0.000248s ]
INFO: [ app_begin ] --START--
INFO: Run Behavior\ReadHtmlCacheBehavior [ RunTime:0.000355s ]
INFO: [ app_begin ] --END-- [ RunTime:0.000397s ]
NOTIC: [2] array_merge(): Argument #1 is not an array G:\php\www\weibo\App\Home\Controller\IndexController.class.php 第 20 行.
NOTIC: [2] Invalid argument supplied for foreach() G:\php\www\weibo\App\Home\Controller\IndexController.class.php 第 21 行.

[ 2016-10-15T21:56:12+08:00 ] ::1 /weibo/Home/Home/getRefer
INFO: [ app_init ] --START--
INFO: Run Behavior\BuildLiteBehavior [ RunTime:0.000010s ]
INFO: [ app_init ] --END-- [ RunTime:0.000252s ]
INFO: [ app_begin ] --START--
INFO: Run Behavior\ReadHtmlCacheBehavior [ RunTime:0.000367s ]
INFO: [ app_begin ] --END-- [ RunTime:0.000410s ]
INFO: [ app_end ] --START--
INFO: Run Behavior\ShowPageTraceBehavior [ RunTime:0.000728s ]
INFO: [ app_end ] --END-- [ RunTime:0.000812s ]

[ 2016-10-15T21:56:23+08:00 ] ::1 /weibo/Home/Index/getWeibo
INFO: [ app_init ] --START--
INFO: Run Behavior\BuildLiteBehavior [ RunTime:0.000014s ]
INFO: [ app_init ] --END-- [ RunTime:0.000359s ]
INFO: [ app_begin ] --START--
INFO: Run Behavior\ReadHtmlCacheBehavior [ RunTime:0.000425s ]
INFO: [ app_begin ] --END-- [ RunTime:0.000473s ]
NOTIC: [2] array_merge(): Argument #1 is not an array G:\php\www\weibo\App\Home\Controller\IndexController.class.php 第 20 行.
NOTIC: [2] Invalid argument supplied for foreach() G:\php\www\weibo\App\Home\Controller\IndexController.class.php 第 21 行.

[ 2016-10-15T21:56:23+08:00 ] ::1 /weibo/Home/Home/getRefer
INFO: [ app_init ] --START--
INFO: Run Behavior\BuildLiteBehavior [ RunTime:0.000025s ]
INFO: [ app_init ] --END-- [ RunTime:0.000390s ]
INFO: [ app_begin ] --START--
INFO: Run Behavior\ReadHtmlCacheBehavior [ RunTime:0.000607s ]
INFO: [ app_begin ] --END-- [ RunTime:0.000661s ]
INFO: [ app_end ] --START--
INFO: Run Behavior\ShowPageTraceBehavior [ RunTime:0.000617s ]
INFO: [ app_end ] --END-- [ RunTime:0.000699s ]

[ 2016-10-15T21:56:33+08:00 ] ::1 /weibo/Home/Home/getRefer
INFO: [ app_init ] --START--
INFO: Run Behavior\BuildLiteBehavior [ RunTime:0.000017s ]
INFO: [ app_init ] --END-- [ RunTime:0.000427s ]
INFO: [ app_begin ] --START--
INFO: Run Behavior\ReadHtmlCacheBehavior [ RunTime:0.000509s ]
INFO: [ app_begin ] --END-- [ RunTime:0.000573s ]
INFO: [ app_end ] --START--
INFO: Run Behavior\ShowPageTraceBehavior [ RunTime:0.000659s ]
INFO: [ app_end ] --END-- [ RunTime:0.000755s ]

[ 2016-10-15T21:56:33+08:00 ] ::1 /weibo/Home/Index/getWeibo
INFO: [ app_init ] --START--
INFO: Run Behavior\BuildLiteBehavior [ RunTime:0.000018s ]
INFO: [ app_init ] --END-- [ RunTime:0.000402s ]
INFO: [ app_begin ] --START--
INFO: Run Behavior\ReadHtmlCacheBehavior [ RunTime:0.000543s ]
INFO: [ app_begin ] --END-- [ RunTime:0.000622s ]
NOTIC: [2] array_merge(): Argument #1 is not an array G:\php\www\weibo\App\Home\Controller\IndexController.class.php 第 20 行.
NOTIC: [2] Invalid argument supplied for foreach() G:\php\www\weibo\App\Home\Controller\IndexController.class.php 第 21 行.

