[ 2016-10-17T21:39:53+08:00 ] ::1 /weibo/
INFO: [ app_init ] --START--
INFO: Run Behavior\BuildLiteBehavior [ RunTime:0.000015s ]
INFO: [ app_init ] --END-- [ RunTime:0.008563s ]
INFO: [ app_begin ] --START--
INFO: Run Behavior\ReadHtmlCacheBehavior [ RunTime:0.010942s ]
INFO: [ app_begin ] --END-- [ RunTime:0.010997s ]

[ 2016-10-17T21:39:53+08:00 ] ::1 /weibo/Login/index.html
INFO: [ app_init ] --START--
INFO: Run Behavior\BuildLiteBehavior [ RunTime:0.000009s ]
INFO: [ app_init ] --END-- [ RunTime:0.000231s ]
INFO: [ app_begin ] --START--
INFO: Run Behavior\ReadHtmlCacheBehavior [ RunTime:0.000289s ]
INFO: [ app_begin ] --END-- [ RunTime:0.000324s ]
INFO: [ view_parse ] --START--
INFO: [ template_filter ] --START--
INFO: Run Behavior\ContentReplaceBehavior [ RunTime:0.000057s ]
INFO: [ template_filter ] --END-- [ RunTime:0.000106s ]
INFO: Run Behavior\ParseTemplateBehavior [ RunTime:0.115950s ]
INFO: [ view_parse ] --END-- [ RunTime:0.116001s ]
INFO: [ view_filter ] --START--
INFO: Run Behavior\WriteHtmlCacheBehavior [ RunTime:0.007053s ]
INFO: [ view_filter ] --END-- [ RunTime:0.007095s ]
INFO: [ app_end ] --START--
INFO: Run Behavior\ShowPageTraceBehavior [ RunTime:0.006775s ]
INFO: [ app_end ] --END-- [ RunTime:0.006820s ]

[ 2016-10-17T21:39:54+08:00 ] ::1 /weibo/Login/verify.html
INFO: [ app_init ] --START--
INFO: Run Behavior\BuildLiteBehavior [ RunTime:0.000010s ]
INFO: [ app_init ] --END-- [ RunTime:0.000226s ]
INFO: [ app_begin ] --START--
INFO: Run Behavior\ReadHtmlCacheBehavior [ RunTime:0.000298s ]
INFO: [ app_begin ] --END-- [ RunTime:0.000334s ]
INFO: [ app_end ] --START--
INFO: Run Behavior\ShowPageTraceBehavior [ RunTime:0.000534s ]
INFO: [ app_end ] --END-- [ RunTime:0.000595s ]

[ 2016-10-17T21:40:06+08:00 ] ::1 /weibo/Home/User/checkVerify
INFO: [ app_init ] --START--
INFO: Run Behavior\BuildLiteBehavior [ RunTime:0.000011s ]
INFO: [ app_init ] --END-- [ RunTime:0.000270s ]
INFO: [ app_begin ] --START--
INFO: Run Behavior\ReadHtmlCacheBehavior [ RunTime:0.000495s ]
INFO: [ app_begin ] --END-- [ RunTime:0.000532s ]
SQL: DESCRIBE weibo_user [ RunTime:0.012658s ]
NOTIC: [2] sha1() expects at least 1 parameter, 0 given G:\php\www\weibo\ThinkPHP\Library\Think\Model.class.php 第 1013 行.
INFO: [ app_end ] --START--
INFO: Run Behavior\ShowPageTraceBehavior [ RunTime:0.000601s ]
INFO: [ app_end ] --END-- [ RunTime:0.000635s ]

[ 2016-10-17T21:40:07+08:00 ] ::1 /weibo/Home/User/login
INFO: [ app_init ] --START--
INFO: Run Behavior\BuildLiteBehavior [ RunTime:0.000046s ]
INFO: [ app_init ] --END-- [ RunTime:0.000533s ]
INFO: [ app_begin ] --START--
INFO: Run Behavior\ReadHtmlCacheBehavior [ RunTime:0.000921s ]
INFO: [ app_begin ] --END-- [ RunTime:0.000991s ]
SQL: DESCRIBE weibo_user [ RunTime:0.032416s ]
SQL: SELECT `id`,`username`,`password`,`face` FROM `weibo_user` WHERE `username` = '路飞1' LIMIT 1   [ RunTime:0.000293s ]
SQL: UPDATE `weibo_user` SET `last_login`=1476711606,`last_ip`=0 WHERE `id` = '18' [ RunTime:0.132898s ]
INFO: [ app_end ] --START--
INFO: Run Behavior\ShowPageTraceBehavior [ RunTime:0.000872s ]
INFO: [ app_end ] --END-- [ RunTime:0.000929s ]

[ 2016-10-17T21:40:07+08:00 ] ::1 /weibo/Login/index.html
INFO: [ app_init ] --START--
INFO: Run Behavior\BuildLiteBehavior [ RunTime:0.000011s ]
INFO: [ app_init ] --END-- [ RunTime:0.000299s ]
INFO: [ app_begin ] --START--
INFO: Run Behavior\ReadHtmlCacheBehavior [ RunTime:0.000493s ]
INFO: [ app_begin ] --END-- [ RunTime:0.000532s ]

[ 2016-10-17T21:40:08+08:00 ] ::1 /weibo/Index/index.html
INFO: [ app_init ] --START--
INFO: Run Behavior\BuildLiteBehavior [ RunTime:0.000010s ]
INFO: [ app_init ] --END-- [ RunTime:0.000248s ]
INFO: [ app_begin ] --START--
INFO: Run Behavior\ReadHtmlCacheBehavior [ RunTime:0.000464s ]
INFO: [ app_begin ] --END-- [ RunTime:0.000511s ]
SQL: DESCRIBE weibo_topic [ RunTime:0.081520s ]
SQL: DESCRIBE weibo_topic [ RunTime:0.004520s ]
SQL: SELECT a.id,a.content,a.content_over,a.create,a.uid,a.reid,a.recount,b.username,b.face,b.domain FROM weibo_topic a,weibo_user b WHERE ( a.uid=b.id ) ORDER BY a.create DESC LIMIT 0,10   [ RunTime:0.000451s ]
SQL: DESCRIBE weibo_image [ RunTime:0.010457s ]
SQL: SELECT `data` FROM `weibo_image` WHERE ( 1=1 AND tid='49' )  [ RunTime:0.000294s ]
SQL: SELECT `data` FROM `weibo_image` WHERE ( 1=1 AND tid='48' )  [ RunTime:0.000192s ]
SQL: SELECT `data` FROM `weibo_image` WHERE ( 1=1 AND tid='47' )  [ RunTime:0.000184s ]
SQL: SELECT `data` FROM `weibo_image` WHERE ( 1=1 AND tid='46' )  [ RunTime:0.000190s ]
SQL: SELECT `data` FROM `weibo_image` WHERE ( 1=1 AND tid='45' )  [ RunTime:0.000185s ]
SQL: SELECT `data` FROM `weibo_image` WHERE ( 1=1 AND tid='44' )  [ RunTime:0.000203s ]
SQL: SELECT `data` FROM `weibo_image` WHERE ( 1=1 AND tid='43' )  [ RunTime:0.000204s ]
SQL: SELECT `data` FROM `weibo_image` WHERE ( 1=1 AND tid='42' )  [ RunTime:0.000195s ]
SQL: SELECT `data` FROM `weibo_image` WHERE ( 1=1 AND tid='41' )  [ RunTime:0.000189s ]
SQL: SELECT `data` FROM `weibo_image` WHERE ( 1=1 AND tid='40' )  [ RunTime:0.000194s ]
SQL: DESCRIBE weibo_topic [ RunTime:0.004815s ]
SQL: SELECT a.id,a.content,a.content_over,a.create,a.uid,a.reid,a.recount,b.username,b.face,b.domain FROM weibo_topic a,weibo_user b WHERE ( a.uid=b.id AND a.id=37 ) LIMIT 1   [ RunTime:0.000336s ]
SQL: SELECT `data` FROM `weibo_image` WHERE ( 1=1 AND tid='37' )  [ RunTime:0.000210s ]
NOTIC: [8] Trying to get property of non-object G:\php\www\weibo\App\Home\Model\TopicModel.class.php 第 160 行.
SQL: DESCRIBE weibo_topic [ RunTime:0.005016s ]
SQL: SELECT a.id,a.content,a.content_over,a.create,a.uid,a.reid,a.recount,b.username,b.face,b.domain FROM weibo_topic a,weibo_user b WHERE ( a.uid=b.id AND a.id=37 ) LIMIT 1   [ RunTime:0.000391s ]
SQL: SELECT `data` FROM `weibo_image` WHERE ( 1=1 AND tid='37' )  [ RunTime:0.000236s ]
NOTIC: [8] Trying to get property of non-object G:\php\www\weibo\App\Home\Model\TopicModel.class.php 第 160 行.
SQL: DESCRIBE weibo_topic [ RunTime:0.005453s ]
SQL: SELECT a.id,a.content,a.content_over,a.create,a.uid,a.reid,a.recount,b.username,b.face,b.domain FROM weibo_topic a,weibo_user b WHERE ( a.uid=b.id AND a.id=37 ) LIMIT 1   [ RunTime:0.000383s ]
SQL: SELECT `data` FROM `weibo_image` WHERE ( 1=1 AND tid='37' )  [ RunTime:0.000240s ]
NOTIC: [8] Trying to get property of non-object G:\php\www\weibo\App\Home\Model\TopicModel.class.php 第 160 行.
SQL: DESCRIBE weibo_topic [ RunTime:0.005729s ]
SQL: SELECT a.id,a.content,a.content_over,a.create,a.uid,a.reid,a.recount,b.username,b.face,b.domain FROM weibo_topic a,weibo_user b WHERE ( a.uid=b.id AND a.id=43 ) LIMIT 1   [ RunTime:0.000319s ]
SQL: SELECT `data` FROM `weibo_image` WHERE ( 1=1 AND tid='43' )  [ RunTime:0.000211s ]
NOTIC: [8] Trying to get property of non-object G:\php\www\weibo\App\Home\Model\TopicModel.class.php 第 160 行.
NOTIC: [8] Trying to get property of non-object G:\php\www\weibo\App\Home\Model\TopicModel.class.php 第 160 行.
SQL: DESCRIBE weibo_topic [ RunTime:0.004589s ]
SQL: SELECT a.id,a.content,a.content_over,a.create,a.uid,a.reid,a.recount,b.username,b.face,b.domain FROM weibo_topic a,weibo_user b WHERE ( a.uid=b.id AND a.id=37 ) LIMIT 1   [ RunTime:0.000388s ]
SQL: SELECT `data` FROM `weibo_image` WHERE ( 1=1 AND tid='37' )  [ RunTime:0.000229s ]
NOTIC: [8] Trying to get property of non-object G:\php\www\weibo\App\Home\Model\TopicModel.class.php 第 160 行.
NOTIC: [8] Trying to get property of non-object G:\php\www\weibo\App\Home\Model\TopicModel.class.php 第 160 行.
INFO: [ view_parse ] --START--
INFO: [ template_filter ] --START--
INFO: Run Behavior\ContentReplaceBehavior [ RunTime:0.000244s ]
INFO: [ template_filter ] --END-- [ RunTime:0.000284s ]
NOTIC: [8] Undefined variable: referCount G:\php\www\weibo\App\Runtime\Cache\Home\cdac79174c15306e6d18489b52381cb2.php 第 56 行.
NOTIC: [8] Undefined variable: referCount G:\php\www\weibo\App\Runtime\Cache\Home\cdac79174c15306e6d18489b52381cb2.php 第 70 行.
NOTIC: [8] Undefined variable: referCount G:\php\www\weibo\App\Runtime\Cache\Home\cdac79174c15306e6d18489b52381cb2.php 第 72 行.
INFO: Run Behavior\ParseTemplateBehavior [ RunTime:0.203027s ]
INFO: [ view_parse ] --END-- [ RunTime:0.203114s ]
INFO: [ view_filter ] --START--
INFO: Run Behavior\WriteHtmlCacheBehavior [ RunTime:0.000537s ]
INFO: [ view_filter ] --END-- [ RunTime:0.000594s ]
INFO: [ app_end ] --START--
INFO: Run Behavior\ShowPageTraceBehavior [ RunTime:0.000827s ]
INFO: [ app_end ] --END-- [ RunTime:0.000898s ]

[ 2016-10-17T21:40:08+08:00 ] ::1 /weibo/
INFO: [ app_init ] --START--
INFO: Run Behavior\BuildLiteBehavior [ RunTime:0.000010s ]
INFO: [ app_init ] --END-- [ RunTime:0.000263s ]
INFO: [ app_begin ] --START--
INFO: Run Behavior\ReadHtmlCacheBehavior [ RunTime:0.000582s ]
INFO: [ app_begin ] --END-- [ RunTime:0.000632s ]
SQL: DESCRIBE weibo_topic [ RunTime:0.016729s ]
SQL: DESCRIBE weibo_topic [ RunTime:0.033133s ]
SQL: SELECT a.id,a.content,a.content_over,a.create,a.uid,a.reid,a.recount,b.username,b.face,b.domain FROM weibo_topic a,weibo_user b WHERE ( a.uid=b.id ) ORDER BY a.create DESC LIMIT 0,10   [ RunTime:0.000435s ]
SQL: DESCRIBE weibo_image [ RunTime:0.023396s ]
SQL: SELECT `data` FROM `weibo_image` WHERE ( 1=1 AND tid='49' )  [ RunTime:0.000263s ]
SQL: SELECT `data` FROM `weibo_image` WHERE ( 1=1 AND tid='48' )  [ RunTime:0.000180s ]
SQL: SELECT `data` FROM `weibo_image` WHERE ( 1=1 AND tid='47' )  [ RunTime:0.000202s ]
SQL: SELECT `data` FROM `weibo_image` WHERE ( 1=1 AND tid='46' )  [ RunTime:0.000183s ]
SQL: SELECT `data` FROM `weibo_image` WHERE ( 1=1 AND tid='45' )  [ RunTime:0.000193s ]
SQL: SELECT `data` FROM `weibo_image` WHERE ( 1=1 AND tid='44' )  [ RunTime:0.000181s ]
SQL: SELECT `data` FROM `weibo_image` WHERE ( 1=1 AND tid='43' )  [ RunTime:0.000198s ]
SQL: SELECT `data` FROM `weibo_image` WHERE ( 1=1 AND tid='42' )  [ RunTime:0.000194s ]
SQL: SELECT `data` FROM `weibo_image` WHERE ( 1=1 AND tid='41' )  [ RunTime:0.000179s ]
SQL: SELECT `data` FROM `weibo_image` WHERE ( 1=1 AND tid='40' )  [ RunTime:0.000205s ]
SQL: DESCRIBE weibo_topic [ RunTime:0.022765s ]
SQL: SELECT a.id,a.content,a.content_over,a.create,a.uid,a.reid,a.recount,b.username,b.face,b.domain FROM weibo_topic a,weibo_user b WHERE ( a.uid=b.id AND a.id=37 ) LIMIT 1   [ RunTime:0.000407s ]
SQL: SELECT `data` FROM `weibo_image` WHERE ( 1=1 AND tid='37' )  [ RunTime:0.000207s ]
NOTIC: [8] Trying to get property of non-object G:\php\www\weibo\App\Home\Model\TopicModel.class.php 第 160 行.
SQL: DESCRIBE weibo_topic [ RunTime:0.029707s ]
SQL: SELECT a.id,a.content,a.content_over,a.create,a.uid,a.reid,a.recount,b.username,b.face,b.domain FROM weibo_topic a,weibo_user b WHERE ( a.uid=b.id AND a.id=37 ) LIMIT 1   [ RunTime:0.000615s ]
SQL: SELECT `data` FROM `weibo_image` WHERE ( 1=1 AND tid='37' )  [ RunTime:0.000223s ]
NOTIC: [8] Trying to get property of non-object G:\php\www\weibo\App\Home\Model\TopicModel.class.php 第 160 行.
SQL: DESCRIBE weibo_topic [ RunTime:0.007802s ]
SQL: SELECT a.id,a.content,a.content_over,a.create,a.uid,a.reid,a.recount,b.username,b.face,b.domain FROM weibo_topic a,weibo_user b WHERE ( a.uid=b.id AND a.id=37 ) LIMIT 1   [ RunTime:0.000346s ]
SQL: SELECT `data` FROM `weibo_image` WHERE ( 1=1 AND tid='37' )  [ RunTime:0.000208s ]
NOTIC: [8] Trying to get property of non-object G:\php\www\weibo\App\Home\Model\TopicModel.class.php 第 160 行.
SQL: DESCRIBE weibo_topic [ RunTime:0.021602s ]
SQL: SELECT a.id,a.content,a.content_over,a.create,a.uid,a.reid,a.recount,b.username,b.face,b.domain FROM weibo_topic a,weibo_user b WHERE ( a.uid=b.id AND a.id=43 ) LIMIT 1   [ RunTime:0.000563s ]
SQL: SELECT `data` FROM `weibo_image` WHERE ( 1=1 AND tid='43' )  [ RunTime:0.000184s ]
NOTIC: [8] Trying to get property of non-object G:\php\www\weibo\App\Home\Model\TopicModel.class.php 第 160 行.
NOTIC: [8] Trying to get property of non-object G:\php\www\weibo\App\Home\Model\TopicModel.class.php 第 160 行.
SQL: DESCRIBE weibo_topic [ RunTime:0.005555s ]
SQL: SELECT a.id,a.content,a.content_over,a.create,a.uid,a.reid,a.recount,b.username,b.face,b.domain FROM weibo_topic a,weibo_user b WHERE ( a.uid=b.id AND a.id=37 ) LIMIT 1   [ RunTime:0.000344s ]
SQL: SELECT `data` FROM `weibo_image` WHERE ( 1=1 AND tid='37' )  [ RunTime:0.000239s ]
NOTIC: [8] Trying to get property of non-object G:\php\www\weibo\App\Home\Model\TopicModel.class.php 第 160 行.
NOTIC: [8] Trying to get property of non-object G:\php\www\weibo\App\Home\Model\TopicModel.class.php 第 160 行.
INFO: [ view_parse ] --START--
INFO: [ template_filter ] --START--
INFO: Run Behavior\ContentReplaceBehavior [ RunTime:0.000275s ]
INFO: [ template_filter ] --END-- [ RunTime:0.000340s ]
NOTIC: [8] Undefined variable: referCount G:\php\www\weibo\App\Runtime\Cache\Home\cdac79174c15306e6d18489b52381cb2.php 第 56 行.
NOTIC: [8] Undefined variable: referCount G:\php\www\weibo\App\Runtime\Cache\Home\cdac79174c15306e6d18489b52381cb2.php 第 70 行.
NOTIC: [8] Undefined variable: referCount G:\php\www\weibo\App\Runtime\Cache\Home\cdac79174c15306e6d18489b52381cb2.php 第 72 行.
INFO: Run Behavior\ParseTemplateBehavior [ RunTime:0.204344s ]
INFO: [ view_parse ] --END-- [ RunTime:0.204403s ]
INFO: [ view_filter ] --START--
INFO: Run Behavior\WriteHtmlCacheBehavior [ RunTime:0.000359s ]
INFO: [ view_filter ] --END-- [ RunTime:0.000388s ]
INFO: [ app_end ] --START--
INFO: Run Behavior\ShowPageTraceBehavior [ RunTime:0.000661s ]
INFO: [ app_end ] --END-- [ RunTime:0.000706s ]

[ 2016-10-17T21:40:08+08:00 ] ::1 /weibo/Home/Home/getRefer
INFO: [ app_init ] --START--
INFO: Run Behavior\BuildLiteBehavior [ RunTime:0.000013s ]
INFO: [ app_init ] --END-- [ RunTime:0.000320s ]
INFO: [ app_begin ] --START--
INFO: Run Behavior\ReadHtmlCacheBehavior [ RunTime:0.000540s ]
INFO: [ app_begin ] --END-- [ RunTime:0.000620s ]
INFO: [ app_end ] --START--
INFO: Run Behavior\ShowPageTraceBehavior [ RunTime:0.000875s ]
INFO: [ app_end ] --END-- [ RunTime:0.000971s ]

[ 2016-10-17T21:40:09+08:00 ] ::1 /weibo/Home/Topic/ajaxCount
INFO: [ app_init ] --START--
INFO: Run Behavior\BuildLiteBehavior [ RunTime:0.000012s ]
INFO: [ app_init ] --END-- [ RunTime:0.000285s ]
INFO: [ app_begin ] --START--
INFO: Run Behavior\ReadHtmlCacheBehavior [ RunTime:0.000499s ]
INFO: [ app_begin ] --END-- [ RunTime:0.000537s ]
SQL: DESCRIBE weibo_topic [ RunTime:0.054869s ]
SQL: SELECT COUNT(*) AS tp_count FROM `weibo_topic` WHERE ( 1=1 ) LIMIT 1   [ RunTime:0.000203s ]
INFO: [ app_end ] --START--
INFO: Run Behavior\ShowPageTraceBehavior [ RunTime:0.000583s ]
INFO: [ app_end ] --END-- [ RunTime:0.000617s ]

[ 2016-10-17T21:40:09+08:00 ] ::1 /weibo/Home/Space/setUrl
INFO: [ app_init ] --START--
INFO: Run Behavior\BuildLiteBehavior [ RunTime:0.000010s ]
INFO: [ app_init ] --END-- [ RunTime:0.000285s ]
INFO: [ app_begin ] --START--
INFO: Run Behavior\ReadHtmlCacheBehavior [ RunTime:0.000600s ]
INFO: [ app_begin ] --END-- [ RunTime:0.000665s ]
SQL: DESCRIBE weibo_user [ RunTime:0.026627s ]
SQL: SELECT `id`,`domain` FROM `weibo_user` WHERE `username` = '路飞1' LIMIT 1   [ RunTime:0.000285s ]
SQL: DESCRIBE weibo_user_extend [ RunTime:0.009086s ]
SQL: SELECT `intro` FROM `weibo_user_extend` WHERE ( 1=1 AND uid='18' ) LIMIT 1   [ RunTime:0.000278s ]
INFO: [ app_end ] --START--
INFO: Run Behavior\ShowPageTraceBehavior [ RunTime:0.000643s ]
INFO: [ app_end ] --END-- [ RunTime:0.000679s ]

[ 2016-10-17T21:40:09+08:00 ] ::1 /weibo/Home/Space/setUrl
INFO: [ app_init ] --START--
INFO: Run Behavior\BuildLiteBehavior [ RunTime:0.000009s ]
INFO: [ app_init ] --END-- [ RunTime:0.000266s ]
INFO: [ app_begin ] --START--
INFO: Run Behavior\ReadHtmlCacheBehavior [ RunTime:0.000505s ]
INFO: [ app_begin ] --END-- [ RunTime:0.000542s ]
SQL: DESCRIBE weibo_user [ RunTime:0.004325s ]
SQL: SELECT `id`,`domain` FROM `weibo_user` WHERE `username` = '炎日' LIMIT 1   [ RunTime:0.000246s ]
SQL: DESCRIBE weibo_user_extend [ RunTime:0.004818s ]
SQL: SELECT `intro` FROM `weibo_user_extend` WHERE ( 1=1 AND uid='16' ) LIMIT 1   [ RunTime:0.000232s ]
INFO: [ app_end ] --START--
INFO: Run Behavior\ShowPageTraceBehavior [ RunTime:0.000617s ]
INFO: [ app_end ] --END-- [ RunTime:0.000650s ]

[ 2016-10-17T21:40:09+08:00 ] ::1 /weibo/Home/Space/setUrl
INFO: [ app_init ] --START--
INFO: Run Behavior\BuildLiteBehavior [ RunTime:0.000011s ]
INFO: [ app_init ] --END-- [ RunTime:0.000316s ]
INFO: [ app_begin ] --START--
INFO: Run Behavior\ReadHtmlCacheBehavior [ RunTime:0.000507s ]
INFO: [ app_begin ] --END-- [ RunTime:0.000557s ]
SQL: DESCRIBE weibo_user [ RunTime:0.004456s ]
SQL: SELECT `id`,`domain` FROM `weibo_user` WHERE `username` = '山治' LIMIT 1   [ RunTime:0.000252s ]
SQL: DESCRIBE weibo_user_extend [ RunTime:0.003877s ]
SQL: SELECT `intro` FROM `weibo_user_extend` WHERE ( 1=1 AND uid='17' ) LIMIT 1   [ RunTime:0.000225s ]
INFO: [ app_end ] --START--
INFO: Run Behavior\ShowPageTraceBehavior [ RunTime:0.000628s ]
INFO: [ app_end ] --END-- [ RunTime:0.000661s ]

[ 2016-10-17T21:40:09+08:00 ] ::1 /weibo/Home/Space/setUrl
INFO: [ app_init ] --START--
INFO: Run Behavior\BuildLiteBehavior [ RunTime:0.000011s ]
INFO: [ app_init ] --END-- [ RunTime:0.000278s ]
INFO: [ app_begin ] --START--
INFO: Run Behavior\ReadHtmlCacheBehavior [ RunTime:0.000527s ]
INFO: [ app_begin ] --END-- [ RunTime:0.000564s ]
SQL: DESCRIBE weibo_user [ RunTime:0.004723s ]
SQL: SELECT `id`,`domain` FROM `weibo_user` WHERE `username` = '路飞1' LIMIT 1   [ RunTime:0.000237s ]
SQL: DESCRIBE weibo_user_extend [ RunTime:0.004134s ]
SQL: SELECT `intro` FROM `weibo_user_extend` WHERE ( 1=1 AND uid='18' ) LIMIT 1   [ RunTime:0.000237s ]
INFO: [ app_end ] --START--
INFO: Run Behavior\ShowPageTraceBehavior [ RunTime:0.000604s ]
INFO: [ app_end ] --END-- [ RunTime:0.000637s ]

[ 2016-10-17T21:40:09+08:00 ] ::1 /weibo/Home/Space/setUrl
INFO: [ app_init ] --START--
INFO: Run Behavior\BuildLiteBehavior [ RunTime:0.000009s ]
INFO: [ app_init ] --END-- [ RunTime:0.000267s ]
INFO: [ app_begin ] --START--
INFO: Run Behavior\ReadHtmlCacheBehavior [ RunTime:0.000486s ]
INFO: [ app_begin ] --END-- [ RunTime:0.000524s ]
SQL: DESCRIBE weibo_user [ RunTime:0.004804s ]
SQL: SELECT `id`,`domain` FROM `weibo_user` WHERE `username` = '炎日:' LIMIT 1   [ RunTime:0.000228s ]
INFO: [ app_end ] --START--
INFO: Run Behavior\ShowPageTraceBehavior [ RunTime:0.000610s ]
INFO: [ app_end ] --END-- [ RunTime:0.000643s ]

[ 2016-10-17T21:40:09+08:00 ] ::1 /weibo/Home/Space/setUrl
INFO: [ app_init ] --START--
INFO: Run Behavior\BuildLiteBehavior [ RunTime:0.000010s ]
INFO: [ app_init ] --END-- [ RunTime:0.000279s ]
INFO: [ app_begin ] --START--
INFO: Run Behavior\ReadHtmlCacheBehavior [ RunTime:0.000492s ]
INFO: [ app_begin ] --END-- [ RunTime:0.000530s ]
SQL: DESCRIBE weibo_user [ RunTime:0.004610s ]
SQL: SELECT `id`,`domain` FROM `weibo_user` WHERE `username` = '炎日' LIMIT 1   [ RunTime:0.000313s ]
SQL: DESCRIBE weibo_user_extend [ RunTime:0.055037s ]
SQL: SELECT `intro` FROM `weibo_user_extend` WHERE ( 1=1 AND uid='16' ) LIMIT 1   [ RunTime:0.000221s ]
INFO: [ app_end ] --START--
INFO: Run Behavior\ShowPageTraceBehavior [ RunTime:0.000597s ]
INFO: [ app_end ] --END-- [ RunTime:0.000641s ]

[ 2016-10-17T21:40:09+08:00 ] ::1 /weibo/Home/Space/setUrl
INFO: [ app_init ] --START--
INFO: Run Behavior\BuildLiteBehavior [ RunTime:0.000011s ]
INFO: [ app_init ] --END-- [ RunTime:0.000301s ]
INFO: [ app_begin ] --START--
INFO: Run Behavior\ReadHtmlCacheBehavior [ RunTime:0.000476s ]
INFO: [ app_begin ] --END-- [ RunTime:0.000515s ]
SQL: DESCRIBE weibo_user [ RunTime:0.010051s ]
SQL: SELECT `id`,`domain` FROM `weibo_user` WHERE `username` = '路飞1' LIMIT 1   [ RunTime:0.000266s ]
SQL: DESCRIBE weibo_user_extend [ RunTime:0.003849s ]
SQL: SELECT `intro` FROM `weibo_user_extend` WHERE ( 1=1 AND uid='18' ) LIMIT 1   [ RunTime:0.000257s ]
INFO: [ app_end ] --START--
INFO: Run Behavior\ShowPageTraceBehavior [ RunTime:0.000584s ]
INFO: [ app_end ] --END-- [ RunTime:0.000629s ]

[ 2016-10-17T21:40:09+08:00 ] ::1 /weibo/Home/Index/getWeibo
INFO: [ app_init ] --START--
INFO: Run Behavior\BuildLiteBehavior [ RunTime:0.000017s ]
INFO: [ app_init ] --END-- [ RunTime:0.000370s ]
INFO: [ app_begin ] --START--
INFO: Run Behavior\ReadHtmlCacheBehavior [ RunTime:0.000527s ]
INFO: [ app_begin ] --END-- [ RunTime:0.000585s ]
NOTIC: [2] array_merge(): Argument #1 is not an array G:\php\www\weibo\App\Home\Controller\IndexController.class.php 第 20 行.
NOTIC: [2] Invalid argument supplied for foreach() G:\php\www\weibo\App\Home\Controller\IndexController.class.php 第 21 行.

[ 2016-10-17T21:40:16+08:00 ] ::1 /weibo/getList
INFO: [ app_init ] --START--
INFO: Run Behavior\BuildLiteBehavior [ RunTime:0.000010s ]
INFO: [ app_init ] --END-- [ RunTime:0.000255s ]
INFO: [ app_begin ] --START--
INFO: Run Behavior\ReadHtmlCacheBehavior [ RunTime:0.000491s ]
INFO: [ app_begin ] --END-- [ RunTime:0.000526s ]
ERR: 无法加载控制器:GetList

[ 2016-10-17T21:40:36+08:00 ] ::1 /weibo/Comment
INFO: [ app_init ] --START--
INFO: Run Behavior\BuildLiteBehavior [ RunTime:0.000011s ]
INFO: [ app_init ] --END-- [ RunTime:0.000265s ]
INFO: [ app_begin ] --START--
INFO: Run Behavior\ReadHtmlCacheBehavior [ RunTime:0.000486s ]
INFO: [ app_begin ] --END-- [ RunTime:0.000526s ]
ERR: 非法操作:index

[ 2016-10-17T21:40:58+08:00 ] ::1 /weibo/Comment/getList
INFO: [ app_init ] --START--
INFO: Run Behavior\BuildLiteBehavior [ RunTime:0.000010s ]
INFO: [ app_init ] --END-- [ RunTime:0.000334s ]
INFO: [ app_begin ] --START--
INFO: Run Behavior\ReadHtmlCacheBehavior [ RunTime:0.000466s ]
INFO: [ app_begin ] --END-- [ RunTime:0.000507s ]
INFO: [ view_parse ] --START--
INFO: [ template_filter ] --START--
INFO: Run Behavior\ContentReplaceBehavior [ RunTime:0.000065s ]
INFO: [ template_filter ] --END-- [ RunTime:0.000129s ]
INFO: Run Behavior\ParseTemplateBehavior [ RunTime:0.125273s ]
INFO: [ view_parse ] --END-- [ RunTime:0.125344s ]
INFO: [ view_filter ] --START--
INFO: Run Behavior\WriteHtmlCacheBehavior [ RunTime:0.000339s ]
INFO: [ view_filter ] --END-- [ RunTime:0.000367s ]

[ 2016-10-17T21:41:34+08:00 ] ::1 /weibo/Comment/getList
INFO: [ app_init ] --START--
INFO: Run Behavior\BuildLiteBehavior [ RunTime:0.000009s ]
INFO: [ app_init ] --END-- [ RunTime:0.000250s ]
INFO: [ app_begin ] --START--
INFO: Run Behavior\ReadHtmlCacheBehavior [ RunTime:0.000478s ]
INFO: [ app_begin ] --END-- [ RunTime:0.000514s ]
SQL: DESCRIBE weibo_comment [ RunTime:0.013329s ]
SQL: DESCRIBE weibo_comment [ RunTime:0.004796s ]
SQL: SELECT COUNT(*) AS tp_count FROM weibo_comment a,weibo_user b WHERE ( a.uid=b.id AND a.tid= ) ORDER BY a.create DESC LIMIT 1   [ RunTime:0.043003s ]
ERR: 1064:You have an error in your SQL syntax; check the manual that corresponds to your MySQL server version for the right syntax to use near ') ORDER BY a.create DESC LIMIT 1' at line 1
 [ SQL语句 ] : SELECT COUNT(*) AS tp_count FROM weibo_comment a,weibo_user b WHERE ( a.uid=b.id AND a.tid= ) ORDER BY a.create DESC LIMIT 1  
SQL: DESCRIBE weibo_comment [ RunTime:0.004744s ]
SQL: SELECT a.id,a.content,a.create,a.uid,b.username,b.domain FROM weibo_comment a,weibo_user b WHERE ( a.uid=b.id AND a.tid= ) ORDER BY a.create DESC LIMIT -5,5   [ RunTime:0.000173s ]
ERR: 1064:You have an error in your SQL syntax; check the manual that corresponds to your MySQL server version for the right syntax to use near ') ORDER BY a.create DESC LIMIT -5,5' at line 1
 [ SQL语句 ] : SELECT a.id,a.content,a.create,a.uid,b.username,b.domain FROM weibo_comment a,weibo_user b WHERE ( a.uid=b.id AND a.tid= ) ORDER BY a.create DESC LIMIT -5,5  
NOTIC: [2] Invalid argument supplied for foreach() G:\php\www\weibo\App\Home\Model\CommentModel.class.php 第 71 行.
INFO: [ view_parse ] --START--
INFO: [ template_filter ] --START--
INFO: Run Behavior\ContentReplaceBehavior [ RunTime:0.000038s ]
INFO: [ template_filter ] --END-- [ RunTime:0.000079s ]
INFO: Run Behavior\ParseTemplateBehavior [ RunTime:0.097160s ]
INFO: [ view_parse ] --END-- [ RunTime:0.097220s ]
INFO: [ view_filter ] --START--
INFO: Run Behavior\WriteHtmlCacheBehavior [ RunTime:0.000367s ]
INFO: [ view_filter ] --END-- [ RunTime:0.000398s ]
INFO: [ app_end ] --START--
INFO: Run Behavior\ShowPageTraceBehavior [ RunTime:0.000509s ]
INFO: [ app_end ] --END-- [ RunTime:0.000541s ]

[ 2016-10-17T21:41:35+08:00 ] ::1 /weibo/Comment/getList
INFO: [ app_init ] --START--
INFO: Run Behavior\BuildLiteBehavior [ RunTime:0.000010s ]
INFO: [ app_init ] --END-- [ RunTime:0.000257s ]
INFO: [ app_begin ] --START--
INFO: Run Behavior\ReadHtmlCacheBehavior [ RunTime:0.000494s ]
INFO: [ app_begin ] --END-- [ RunTime:0.000532s ]
SQL: DESCRIBE weibo_comment [ RunTime:0.066156s ]
SQL: DESCRIBE weibo_comment [ RunTime:0.005479s ]
SQL: SELECT COUNT(*) AS tp_count FROM weibo_comment a,weibo_user b WHERE ( a.uid=b.id AND a.tid= ) ORDER BY a.create DESC LIMIT 1   [ RunTime:0.000177s ]
ERR: 1064:You have an error in your SQL syntax; check the manual that corresponds to your MySQL server version for the right syntax to use near ') ORDER BY a.create DESC LIMIT 1' at line 1
 [ SQL语句 ] : SELECT COUNT(*) AS tp_count FROM weibo_comment a,weibo_user b WHERE ( a.uid=b.id AND a.tid= ) ORDER BY a.create DESC LIMIT 1  
SQL: DESCRIBE weibo_comment [ RunTime:0.004644s ]
SQL: SELECT a.id,a.content,a.create,a.uid,b.username,b.domain FROM weibo_comment a,weibo_user b WHERE ( a.uid=b.id AND a.tid= ) ORDER BY a.create DESC LIMIT -5,5   [ RunTime:0.000176s ]
ERR: 1064:You have an error in your SQL syntax; check the manual that corresponds to your MySQL server version for the right syntax to use near ') ORDER BY a.create DESC LIMIT -5,5' at line 1
 [ SQL语句 ] : SELECT a.id,a.content,a.create,a.uid,b.username,b.domain FROM weibo_comment a,weibo_user b WHERE ( a.uid=b.id AND a.tid= ) ORDER BY a.create DESC LIMIT -5,5  
NOTIC: [2] Invalid argument supplied for foreach() G:\php\www\weibo\App\Home\Model\CommentModel.class.php 第 71 行.
INFO: [ view_parse ] --START--
INFO: [ template_filter ] --START--
INFO: Run Behavior\ContentReplaceBehavior [ RunTime:0.000038s ]
INFO: [ template_filter ] --END-- [ RunTime:0.000078s ]
INFO: Run Behavior\ParseTemplateBehavior [ RunTime:0.181299s ]
INFO: [ view_parse ] --END-- [ RunTime:0.181359s ]
INFO: [ view_filter ] --START--
INFO: Run Behavior\WriteHtmlCacheBehavior [ RunTime:0.000366s ]
INFO: [ view_filter ] --END-- [ RunTime:0.000394s ]
INFO: [ app_end ] --START--
INFO: Run Behavior\ShowPageTraceBehavior [ RunTime:0.000483s ]
INFO: [ app_end ] --END-- [ RunTime:0.000514s ]

[ 2016-10-17T21:41:37+08:00 ] ::1 /weibo/Comment/getList
INFO: [ app_init ] --START--
INFO: Run Behavior\BuildLiteBehavior [ RunTime:0.000010s ]
INFO: [ app_init ] --END-- [ RunTime:0.000362s ]
INFO: [ app_begin ] --START--
INFO: Run Behavior\ReadHtmlCacheBehavior [ RunTime:0.000490s ]
INFO: [ app_begin ] --END-- [ RunTime:0.000528s ]
SQL: DESCRIBE weibo_comment [ RunTime:0.010293s ]
SQL: DESCRIBE weibo_comment [ RunTime:0.004789s ]
SQL: SELECT COUNT(*) AS tp_count FROM weibo_comment a,weibo_user b WHERE ( a.uid=b.id AND a.tid= ) ORDER BY a.create DESC LIMIT 1   [ RunTime:0.000188s ]
ERR: 1064:You have an error in your SQL syntax; check the manual that corresponds to your MySQL server version for the right syntax to use near ') ORDER BY a.create DESC LIMIT 1' at line 1
 [ SQL语句 ] : SELECT COUNT(*) AS tp_count FROM weibo_comment a,weibo_user b WHERE ( a.uid=b.id AND a.tid= ) ORDER BY a.create DESC LIMIT 1  
SQL: DESCRIBE weibo_comment [ RunTime:0.004935s ]
SQL: SELECT a.id,a.content,a.create,a.uid,b.username,b.domain FROM weibo_comment a,weibo_user b WHERE ( a.uid=b.id AND a.tid= ) ORDER BY a.create DESC LIMIT -5,5   [ RunTime:0.000157s ]
ERR: 1064:You have an error in your SQL syntax; check the manual that corresponds to your MySQL server version for the right syntax to use near ') ORDER BY a.create DESC LIMIT -5,5' at line 1
 [ SQL语句 ] : SELECT a.id,a.content,a.create,a.uid,b.username,b.domain FROM weibo_comment a,weibo_user b WHERE ( a.uid=b.id AND a.tid= ) ORDER BY a.create DESC LIMIT -5,5  
NOTIC: [2] Invalid argument supplied for foreach() G:\php\www\weibo\App\Home\Model\CommentModel.class.php 第 71 行.
INFO: [ view_parse ] --START--
INFO: [ template_filter ] --START--
INFO: Run Behavior\ContentReplaceBehavior [ RunTime:0.000038s ]
INFO: [ template_filter ] --END-- [ RunTime:0.000081s ]
INFO: Run Behavior\ParseTemplateBehavior [ RunTime:0.018223s ]
INFO: [ view_parse ] --END-- [ RunTime:0.018295s ]
INFO: [ view_filter ] --START--
INFO: Run Behavior\WriteHtmlCacheBehavior [ RunTime:0.000597s ]
INFO: [ view_filter ] --END-- [ RunTime:0.000639s ]
INFO: [ app_end ] --START--
INFO: Run Behavior\ShowPageTraceBehavior [ RunTime:0.000666s ]
INFO: [ app_end ] --END-- [ RunTime:0.000760s ]

[ 2016-10-17T21:50:21+08:00 ] ::1 /weibo/Comment
INFO: [ app_init ] --START--
INFO: Run Behavior\BuildLiteBehavior [ RunTime:0.000011s ]
INFO: [ app_init ] --END-- [ RunTime:0.000279s ]
INFO: [ app_begin ] --START--
INFO: Run Behavior\ReadHtmlCacheBehavior [ RunTime:0.000429s ]
INFO: [ app_begin ] --END-- [ RunTime:0.000469s ]
ERR: 非法操作:index

[ 2016-10-17T21:50:22+08:00 ] ::1 /weibo/getList
INFO: [ app_init ] --START--
INFO: Run Behavior\BuildLiteBehavior [ RunTime:0.000009s ]
INFO: [ app_init ] --END-- [ RunTime:0.000222s ]
INFO: [ app_begin ] --START--
INFO: Run Behavior\ReadHtmlCacheBehavior [ RunTime:0.000308s ]
INFO: [ app_begin ] --END-- [ RunTime:0.000342s ]
ERR: 无法加载控制器:GetList

[ 2016-10-17T21:50:23+08:00 ] ::1 /weibo/Home/Home/getRefer
INFO: [ app_init ] --START--
INFO: Run Behavior\BuildLiteBehavior [ RunTime:0.000012s ]
INFO: [ app_init ] --END-- [ RunTime:0.000263s ]
INFO: [ app_begin ] --START--
INFO: Run Behavior\ReadHtmlCacheBehavior [ RunTime:0.000328s ]
INFO: [ app_begin ] --END-- [ RunTime:0.000368s ]
INFO: [ app_end ] --START--
INFO: Run Behavior\ShowPageTraceBehavior [ RunTime:0.000767s ]
INFO: [ app_end ] --END-- [ RunTime:0.000849s ]

[ 2016-10-17T21:50:23+08:00 ] ::1 /weibo/Home/Topic/ajaxCount
INFO: [ app_init ] --START--
INFO: Run Behavior\BuildLiteBehavior [ RunTime:0.000012s ]
INFO: [ app_init ] --END-- [ RunTime:0.000302s ]
INFO: [ app_begin ] --START--
INFO: Run Behavior\ReadHtmlCacheBehavior [ RunTime:0.000320s ]
INFO: [ app_begin ] --END-- [ RunTime:0.000364s ]
SQL: DESCRIBE weibo_topic [ RunTime:0.011327s ]
SQL: SELECT COUNT(*) AS tp_count FROM `weibo_topic` WHERE ( 1=1 ) LIMIT 1   [ RunTime:0.000207s ]
INFO: [ app_end ] --START--
INFO: Run Behavior\ShowPageTraceBehavior [ RunTime:0.000507s ]
INFO: [ app_end ] --END-- [ RunTime:0.000541s ]

[ 2016-10-17T21:50:23+08:00 ] ::1 /weibo/Home/Space/setUrl
INFO: [ app_init ] --START--
INFO: Run Behavior\BuildLiteBehavior [ RunTime:0.000010s ]
INFO: [ app_init ] --END-- [ RunTime:0.000291s ]
INFO: [ app_begin ] --START--
INFO: Run Behavior\ReadHtmlCacheBehavior [ RunTime:0.000491s ]
INFO: [ app_begin ] --END-- [ RunTime:0.000528s ]
SQL: DESCRIBE weibo_user [ RunTime:0.006294s ]
SQL: SELECT `id`,`domain` FROM `weibo_user` WHERE `username` = '路飞1' LIMIT 1   [ RunTime:0.000237s ]
SQL: DESCRIBE weibo_user_extend [ RunTime:0.008523s ]
SQL: SELECT `intro` FROM `weibo_user_extend` WHERE ( 1=1 AND uid='18' ) LIMIT 1   [ RunTime:0.000218s ]
INFO: [ app_end ] --START--
INFO: Run Behavior\ShowPageTraceBehavior [ RunTime:0.000612s ]
INFO: [ app_end ] --END-- [ RunTime:0.000664s ]

[ 2016-10-17T21:50:23+08:00 ] ::1 /weibo/Home/Space/setUrl
INFO: [ app_init ] --START--
INFO: Run Behavior\BuildLiteBehavior [ RunTime:0.000010s ]
INFO: [ app_init ] --END-- [ RunTime:0.000277s ]
INFO: [ app_begin ] --START--
INFO: Run Behavior\ReadHtmlCacheBehavior [ RunTime:0.000491s ]
INFO: [ app_begin ] --END-- [ RunTime:0.000529s ]
SQL: DESCRIBE weibo_user [ RunTime:0.004572s ]
SQL: SELECT `id`,`domain` FROM `weibo_user` WHERE `username` = '炎日' LIMIT 1   [ RunTime:0.000225s ]
SQL: DESCRIBE weibo_user_extend [ RunTime:0.003635s ]
SQL: SELECT `intro` FROM `weibo_user_extend` WHERE ( 1=1 AND uid='16' ) LIMIT 1   [ RunTime:0.000211s ]
INFO: [ app_end ] --START--
INFO: Run Behavior\ShowPageTraceBehavior [ RunTime:0.000635s ]
INFO: [ app_end ] --END-- [ RunTime:0.000673s ]

[ 2016-10-17T21:50:23+08:00 ] ::1 /weibo/Home/Space/setUrl
INFO: [ app_init ] --START--
INFO: Run Behavior\BuildLiteBehavior [ RunTime:0.000011s ]
INFO: [ app_init ] --END-- [ RunTime:0.000264s ]
INFO: [ app_begin ] --START--
INFO: Run Behavior\ReadHtmlCacheBehavior [ RunTime:0.000469s ]
INFO: [ app_begin ] --END-- [ RunTime:0.000506s ]
SQL: DESCRIBE weibo_user [ RunTime:0.004972s ]
SQL: SELECT `id`,`domain` FROM `weibo_user` WHERE `username` = '山治' LIMIT 1   [ RunTime:0.000254s ]
SQL: DESCRIBE weibo_user_extend [ RunTime:0.004341s ]
SQL: SELECT `intro` FROM `weibo_user_extend` WHERE ( 1=1 AND uid='17' ) LIMIT 1   [ RunTime:0.000288s ]
INFO: [ app_end ] --START--
INFO: Run Behavior\ShowPageTraceBehavior [ RunTime:0.000921s ]
INFO: [ app_end ] --END-- [ RunTime:0.001003s ]

[ 2016-10-17T21:50:23+08:00 ] ::1 /weibo/Home/Space/setUrl
INFO: [ app_init ] --START--
INFO: Run Behavior\BuildLiteBehavior [ RunTime:0.000011s ]
INFO: [ app_init ] --END-- [ RunTime:0.000303s ]
INFO: [ app_begin ] --START--
INFO: Run Behavior\ReadHtmlCacheBehavior [ RunTime:0.000498s ]
INFO: [ app_begin ] --END-- [ RunTime:0.000537s ]
SQL: DESCRIBE weibo_user [ RunTime:0.005473s ]
SQL: SELECT `id`,`domain` FROM `weibo_user` WHERE `username` = '路飞1' LIMIT 1   [ RunTime:0.000276s ]
SQL: DESCRIBE weibo_user_extend [ RunTime:0.004662s ]
SQL: SELECT `intro` FROM `weibo_user_extend` WHERE ( 1=1 AND uid='18' ) LIMIT 1   [ RunTime:0.000294s ]
INFO: [ app_end ] --START--
INFO: Run Behavior\ShowPageTraceBehavior [ RunTime:0.000647s ]
INFO: [ app_end ] --END-- [ RunTime:0.000684s ]

[ 2016-10-17T21:50:23+08:00 ] ::1 /weibo/Home/Space/setUrl
INFO: [ app_init ] --START--
INFO: Run Behavior\BuildLiteBehavior [ RunTime:0.000020s ]
INFO: [ app_init ] --END-- [ RunTime:0.000477s ]
INFO: [ app_begin ] --START--
INFO: Run Behavior\ReadHtmlCacheBehavior [ RunTime:0.000794s ]
INFO: [ app_begin ] --END-- [ RunTime:0.000868s ]
SQL: DESCRIBE weibo_user [ RunTime:0.005551s ]
SQL: SELECT `id`,`domain` FROM `weibo_user` WHERE `username` = '炎日:' LIMIT 1   [ RunTime:0.000280s ]
INFO: [ app_end ] --START--
INFO: Run Behavior\ShowPageTraceBehavior [ RunTime:0.000689s ]
INFO: [ app_end ] --END-- [ RunTime:0.000732s ]

[ 2016-10-17T21:50:23+08:00 ] ::1 /weibo/Home/Space/setUrl
INFO: [ app_init ] --START--
INFO: Run Behavior\BuildLiteBehavior [ RunTime:0.000011s ]
INFO: [ app_init ] --END-- [ RunTime:0.000284s ]
INFO: [ app_begin ] --START--
INFO: Run Behavior\ReadHtmlCacheBehavior [ RunTime:0.000491s ]
INFO: [ app_begin ] --END-- [ RunTime:0.000531s ]
SQL: DESCRIBE weibo_user [ RunTime:0.004615s ]
SQL: SELECT `id`,`domain` FROM `weibo_user` WHERE `username` = '炎日' LIMIT 1   [ RunTime:0.000243s ]
SQL: DESCRIBE weibo_user_extend [ RunTime:0.005330s ]
SQL: SELECT `intro` FROM `weibo_user_extend` WHERE ( 1=1 AND uid='16' ) LIMIT 1   [ RunTime:0.000237s ]
INFO: [ app_end ] --START--
INFO: Run Behavior\ShowPageTraceBehavior [ RunTime:0.000626s ]
INFO: [ app_end ] --END-- [ RunTime:0.000665s ]

[ 2016-10-17T21:50:23+08:00 ] ::1 /weibo/Home/Space/setUrl
INFO: [ app_init ] --START--
INFO: Run Behavior\BuildLiteBehavior [ RunTime:0.000010s ]
INFO: [ app_init ] --END-- [ RunTime:0.000276s ]
INFO: [ app_begin ] --START--
INFO: Run Behavior\ReadHtmlCacheBehavior [ RunTime:0.000484s ]
INFO: [ app_begin ] --END-- [ RunTime:0.000521s ]
SQL: DESCRIBE weibo_user [ RunTime:0.004409s ]
SQL: SELECT `id`,`domain` FROM `weibo_user` WHERE `username` = '路飞1' LIMIT 1   [ RunTime:0.000247s ]
SQL: DESCRIBE weibo_user_extend [ RunTime:0.004330s ]
SQL: SELECT `intro` FROM `weibo_user_extend` WHERE ( 1=1 AND uid='18' ) LIMIT 1   [ RunTime:0.000310s ]
INFO: [ app_end ] --START--
INFO: Run Behavior\ShowPageTraceBehavior [ RunTime:0.000641s ]
INFO: [ app_end ] --END-- [ RunTime:0.000677s ]

[ 2016-10-17T21:50:23+08:00 ] ::1 /weibo/Home/Index/getWeibo
INFO: [ app_init ] --START--
INFO: Run Behavior\BuildLiteBehavior [ RunTime:0.000019s ]
INFO: [ app_init ] --END-- [ RunTime:0.000504s ]
INFO: [ app_begin ] --START--
INFO: Run Behavior\ReadHtmlCacheBehavior [ RunTime:0.001837s ]
INFO: [ app_begin ] --END-- [ RunTime:0.002076s ]
NOTIC: [2] array_merge(): Argument #1 is not an array G:\php\www\weibo\App\Home\Controller\IndexController.class.php 第 20 行.
NOTIC: [2] Invalid argument supplied for foreach() G:\php\www\weibo\App\Home\Controller\IndexController.class.php 第 21 行.

[ 2016-10-17T21:50:25+08:00 ] ::1 /weibo/Home/Home/getRefer
INFO: [ app_init ] --START--
INFO: Run Behavior\BuildLiteBehavior [ RunTime:0.000021s ]
INFO: [ app_init ] --END-- [ RunTime:0.000497s ]
INFO: [ app_begin ] --START--
INFO: Run Behavior\ReadHtmlCacheBehavior [ RunTime:0.000778s ]
INFO: [ app_begin ] --END-- [ RunTime:0.000848s ]
INFO: [ app_end ] --START--
INFO: Run Behavior\ShowPageTraceBehavior [ RunTime:0.000845s ]
INFO: [ app_end ] --END-- [ RunTime:0.000918s ]

[ 2016-10-17T21:50:25+08:00 ] ::1 /weibo/Home/Topic/ajaxCount
INFO: [ app_init ] --START--
INFO: Run Behavior\BuildLiteBehavior [ RunTime:0.000011s ]
INFO: [ app_init ] --END-- [ RunTime:0.000252s ]
INFO: [ app_begin ] --START--
INFO: Run Behavior\ReadHtmlCacheBehavior [ RunTime:0.000465s ]
INFO: [ app_begin ] --END-- [ RunTime:0.000524s ]
SQL: DESCRIBE weibo_topic [ RunTime:0.010778s ]
SQL: SELECT COUNT(*) AS tp_count FROM `weibo_topic` WHERE ( 1=1 ) LIMIT 1   [ RunTime:0.000161s ]
INFO: [ app_end ] --START--
INFO: Run Behavior\ShowPageTraceBehavior [ RunTime:0.000509s ]
INFO: [ app_end ] --END-- [ RunTime:0.000542s ]

[ 2016-10-17T21:50:25+08:00 ] ::1 /weibo/Home/Space/setUrl
INFO: [ app_init ] --START--
INFO: Run Behavior\BuildLiteBehavior [ RunTime:0.000012s ]
INFO: [ app_init ] --END-- [ RunTime:0.000301s ]
INFO: [ app_begin ] --START--
INFO: Run Behavior\ReadHtmlCacheBehavior [ RunTime:0.000484s ]
INFO: [ app_begin ] --END-- [ RunTime:0.000523s ]
SQL: DESCRIBE weibo_user [ RunTime:0.006178s ]
SQL: SELECT `id`,`domain` FROM `weibo_user` WHERE `username` = '路飞1' LIMIT 1   [ RunTime:0.000205s ]
SQL: DESCRIBE weibo_user_extend [ RunTime:0.005969s ]
SQL: SELECT `intro` FROM `weibo_user_extend` WHERE ( 1=1 AND uid='18' ) LIMIT 1   [ RunTime:0.000212s ]
INFO: [ app_end ] --START--
INFO: Run Behavior\ShowPageTraceBehavior [ RunTime:0.000589s ]
INFO: [ app_end ] --END-- [ RunTime:0.000622s ]

[ 2016-10-17T21:50:25+08:00 ] ::1 /weibo/Home/Space/setUrl
INFO: [ app_init ] --START--
INFO: Run Behavior\BuildLiteBehavior [ RunTime:0.000011s ]
INFO: [ app_init ] --END-- [ RunTime:0.000298s ]
INFO: [ app_begin ] --START--
INFO: Run Behavior\ReadHtmlCacheBehavior [ RunTime:0.000485s ]
INFO: [ app_begin ] --END-- [ RunTime:0.000522s ]
SQL: DESCRIBE weibo_user [ RunTime:0.004218s ]
SQL: SELECT `id`,`domain` FROM `weibo_user` WHERE `username` = '炎日' LIMIT 1   [ RunTime:0.000218s ]
SQL: DESCRIBE weibo_user_extend [ RunTime:0.004941s ]
SQL: SELECT `intro` FROM `weibo_user_extend` WHERE ( 1=1 AND uid='16' ) LIMIT 1   [ RunTime:0.000479s ]
INFO: [ app_end ] --START--
INFO: Run Behavior\ShowPageTraceBehavior [ RunTime:0.000676s ]
INFO: [ app_end ] --END-- [ RunTime:0.000718s ]

[ 2016-10-17T21:50:25+08:00 ] ::1 /weibo/Home/Space/setUrl
INFO: [ app_init ] --START--
INFO: Run Behavior\BuildLiteBehavior [ RunTime:0.000011s ]
INFO: [ app_init ] --END-- [ RunTime:0.000278s ]
INFO: [ app_begin ] --START--
INFO: Run Behavior\ReadHtmlCacheBehavior [ RunTime:0.000491s ]
INFO: [ app_begin ] --END-- [ RunTime:0.000531s ]
SQL: DESCRIBE weibo_user [ RunTime:0.004887s ]
SQL: SELECT `id`,`domain` FROM `weibo_user` WHERE `username` = '山治' LIMIT 1   [ RunTime:0.000288s ]
SQL: DESCRIBE weibo_user_extend [ RunTime:0.004205s ]
SQL: SELECT `intro` FROM `weibo_user_extend` WHERE ( 1=1 AND uid='17' ) LIMIT 1   [ RunTime:0.000256s ]
INFO: [ app_end ] --START--
INFO: Run Behavior\ShowPageTraceBehavior [ RunTime:0.000583s ]
INFO: [ app_end ] --END-- [ RunTime:0.000618s ]

[ 2016-10-17T21:50:25+08:00 ] ::1 /weibo/Home/Space/setUrl
INFO: [ app_init ] --START--
INFO: Run Behavior\BuildLiteBehavior [ RunTime:0.000010s ]
INFO: [ app_init ] --END-- [ RunTime:0.000289s ]
INFO: [ app_begin ] --START--
INFO: Run Behavior\ReadHtmlCacheBehavior [ RunTime:0.000480s ]
INFO: [ app_begin ] --END-- [ RunTime:0.000534s ]
SQL: DESCRIBE weibo_user [ RunTime:0.005196s ]
SQL: SELECT `id`,`domain` FROM `weibo_user` WHERE `username` = '路飞1' LIMIT 1   [ RunTime:0.000287s ]
SQL: DESCRIBE weibo_user_extend [ RunTime:0.005054s ]
SQL: SELECT `intro` FROM `weibo_user_extend` WHERE ( 1=1 AND uid='18' ) LIMIT 1   [ RunTime:0.000266s ]
INFO: [ app_end ] --START--
INFO: Run Behavior\ShowPageTraceBehavior [ RunTime:0.000636s ]
INFO: [ app_end ] --END-- [ RunTime:0.000670s ]

[ 2016-10-17T21:50:25+08:00 ] ::1 /weibo/Home/Space/setUrl
INFO: [ app_init ] --START--
INFO: Run Behavior\BuildLiteBehavior [ RunTime:0.000010s ]
INFO: [ app_init ] --END-- [ RunTime:0.000296s ]
INFO: [ app_begin ] --START--
INFO: Run Behavior\ReadHtmlCacheBehavior [ RunTime:0.000477s ]
INFO: [ app_begin ] --END-- [ RunTime:0.000515s ]
SQL: DESCRIBE weibo_user [ RunTime:0.005542s ]
SQL: SELECT `id`,`domain` FROM `weibo_user` WHERE `username` = '炎日:' LIMIT 1   [ RunTime:0.000315s ]
INFO: [ app_end ] --START--
INFO: Run Behavior\ShowPageTraceBehavior [ RunTime:0.000618s ]
INFO: [ app_end ] --END-- [ RunTime:0.000652s ]

[ 2016-10-17T21:50:25+08:00 ] ::1 /weibo/Home/Space/setUrl
INFO: [ app_init ] --START--
INFO: Run Behavior\BuildLiteBehavior [ RunTime:0.000010s ]
INFO: [ app_init ] --END-- [ RunTime:0.000269s ]
INFO: [ app_begin ] --START--
INFO: Run Behavior\ReadHtmlCacheBehavior [ RunTime:0.000484s ]
INFO: [ app_begin ] --END-- [ RunTime:0.000522s ]
SQL: DESCRIBE weibo_user [ RunTime:0.004309s ]
SQL: SELECT `id`,`domain` FROM `weibo_user` WHERE `username` = '炎日' LIMIT 1   [ RunTime:0.000223s ]
SQL: DESCRIBE weibo_user_extend [ RunTime:0.003882s ]
SQL: SELECT `intro` FROM `weibo_user_extend` WHERE ( 1=1 AND uid='16' ) LIMIT 1   [ RunTime:0.000204s ]
INFO: [ app_end ] --START--
INFO: Run Behavior\ShowPageTraceBehavior [ RunTime:0.000611s ]
INFO: [ app_end ] --END-- [ RunTime:0.000650s ]

[ 2016-10-17T21:50:25+08:00 ] ::1 /weibo/Home/Space/setUrl
INFO: [ app_init ] --START--
INFO: Run Behavior\BuildLiteBehavior [ RunTime:0.000012s ]
INFO: [ app_init ] --END-- [ RunTime:0.000284s ]
INFO: [ app_begin ] --START--
INFO: Run Behavior\ReadHtmlCacheBehavior [ RunTime:0.000515s ]
INFO: [ app_begin ] --END-- [ RunTime:0.000559s ]
SQL: DESCRIBE weibo_user [ RunTime:0.004949s ]
SQL: SELECT `id`,`domain` FROM `weibo_user` WHERE `username` = '路飞1' LIMIT 1   [ RunTime:0.000251s ]
SQL: DESCRIBE weibo_user_extend [ RunTime:0.004454s ]
SQL: SELECT `intro` FROM `weibo_user_extend` WHERE ( 1=1 AND uid='18' ) LIMIT 1   [ RunTime:0.000241s ]
INFO: [ app_end ] --START--
INFO: Run Behavior\ShowPageTraceBehavior [ RunTime:0.000582s ]
INFO: [ app_end ] --END-- [ RunTime:0.000653s ]

[ 2016-10-17T21:50:25+08:00 ] ::1 /weibo/Home/Index/getWeibo
INFO: [ app_init ] --START--
INFO: Run Behavior\BuildLiteBehavior [ RunTime:0.000011s ]
INFO: [ app_init ] --END-- [ RunTime:0.000293s ]
INFO: [ app_begin ] --START--
INFO: Run Behavior\ReadHtmlCacheBehavior [ RunTime:0.000788s ]
INFO: [ app_begin ] --END-- [ RunTime:0.000860s ]
NOTIC: [2] array_merge(): Argument #1 is not an array G:\php\www\weibo\App\Home\Controller\IndexController.class.php 第 20 行.
NOTIC: [2] Invalid argument supplied for foreach() G:\php\www\weibo\App\Home\Controller\IndexController.class.php 第 21 行.

[ 2016-10-17T21:50:35+08:00 ] ::1 /weibo/Home/Home/getRefer
INFO: [ app_init ] --START--
INFO: Run Behavior\BuildLiteBehavior [ RunTime:0.000010s ]
INFO: [ app_init ] --END-- [ RunTime:0.000283s ]
INFO: [ app_begin ] --START--
INFO: Run Behavior\ReadHtmlCacheBehavior [ RunTime:0.000480s ]
INFO: [ app_begin ] --END-- [ RunTime:0.000526s ]
INFO: [ app_end ] --START--
INFO: Run Behavior\ShowPageTraceBehavior [ RunTime:0.000874s ]
INFO: [ app_end ] --END-- [ RunTime:0.000947s ]

[ 2016-10-17T21:50:36+08:00 ] ::1 /weibo/Home/Index/getWeibo
INFO: [ app_init ] --START--
INFO: Run Behavior\BuildLiteBehavior [ RunTime:0.000015s ]
INFO: [ app_init ] --END-- [ RunTime:0.000311s ]
INFO: [ app_begin ] --START--
INFO: Run Behavior\ReadHtmlCacheBehavior [ RunTime:0.000514s ]
INFO: [ app_begin ] --END-- [ RunTime:0.000550s ]
NOTIC: [2] array_merge(): Argument #1 is not an array G:\php\www\weibo\App\Home\Controller\IndexController.class.php 第 20 行.
NOTIC: [2] Invalid argument supplied for foreach() G:\php\www\weibo\App\Home\Controller\IndexController.class.php 第 21 行.

[ 2016-10-17T21:50:46+08:00 ] ::1 /weibo/Home/Index/getWeibo
INFO: [ app_init ] --START--
INFO: Run Behavior\BuildLiteBehavior [ RunTime:0.000011s ]
INFO: [ app_init ] --END-- [ RunTime:0.000246s ]
INFO: [ app_begin ] --START--
INFO: Run Behavior\ReadHtmlCacheBehavior [ RunTime:0.000309s ]
INFO: [ app_begin ] --END-- [ RunTime:0.000344s ]
NOTIC: [2] array_merge(): Argument #1 is not an array G:\php\www\weibo\App\Home\Controller\IndexController.class.php 第 20 行.
NOTIC: [2] Invalid argument supplied for foreach() G:\php\www\weibo\App\Home\Controller\IndexController.class.php 第 21 行.

[ 2016-10-17T21:50:46+08:00 ] ::1 /weibo/Home/Home/getRefer
INFO: [ app_init ] --START--
INFO: Run Behavior\BuildLiteBehavior [ RunTime:0.000015s ]
INFO: [ app_init ] --END-- [ RunTime:0.000277s ]
INFO: [ app_begin ] --START--
INFO: Run Behavior\ReadHtmlCacheBehavior [ RunTime:0.000528s ]
INFO: [ app_begin ] --END-- [ RunTime:0.000563s ]
INFO: [ app_end ] --START--
INFO: Run Behavior\ShowPageTraceBehavior [ RunTime:0.000942s ]
INFO: [ app_end ] --END-- [ RunTime:0.001024s ]

[ 2016-10-17T21:50:57+08:00 ] ::1 /weibo/Home/Index/getWeibo
INFO: [ app_init ] --START--
INFO: Run Behavior\BuildLiteBehavior [ RunTime:0.000010s ]
INFO: [ app_init ] --END-- [ RunTime:0.000245s ]
INFO: [ app_begin ] --START--
INFO: Run Behavior\ReadHtmlCacheBehavior [ RunTime:0.000299s ]
INFO: [ app_begin ] --END-- [ RunTime:0.000332s ]
NOTIC: [2] array_merge(): Argument #1 is not an array G:\php\www\weibo\App\Home\Controller\IndexController.class.php 第 20 行.
NOTIC: [2] Invalid argument supplied for foreach() G:\php\www\weibo\App\Home\Controller\IndexController.class.php 第 21 行.

[ 2016-10-17T21:50:57+08:00 ] ::1 /weibo/Home/Home/getRefer
INFO: [ app_init ] --START--
INFO: Run Behavior\BuildLiteBehavior [ RunTime:0.000009s ]
INFO: [ app_init ] --END-- [ RunTime:0.000282s ]
INFO: [ app_begin ] --START--
INFO: Run Behavior\ReadHtmlCacheBehavior [ RunTime:0.000502s ]
INFO: [ app_begin ] --END-- [ RunTime:0.000554s ]
INFO: [ app_end ] --START--
INFO: Run Behavior\ShowPageTraceBehavior [ RunTime:0.000928s ]
INFO: [ app_end ] --END-- [ RunTime:0.001014s ]

[ 2016-10-17T21:51:08+08:00 ] ::1 /weibo/Home/Index/getWeibo
INFO: [ app_init ] --START--
INFO: Run Behavior\BuildLiteBehavior [ RunTime:0.000014s ]
INFO: [ app_init ] --END-- [ RunTime:0.000270s ]
INFO: [ app_begin ] --START--
INFO: Run Behavior\ReadHtmlCacheBehavior [ RunTime:0.000313s ]
INFO: [ app_begin ] --END-- [ RunTime:0.000346s ]
NOTIC: [2] array_merge(): Argument #1 is not an array G:\php\www\weibo\App\Home\Controller\IndexController.class.php 第 20 行.
NOTIC: [2] Invalid argument supplied for foreach() G:\php\www\weibo\App\Home\Controller\IndexController.class.php 第 21 行.

[ 2016-10-17T21:51:08+08:00 ] ::1 /weibo/Home/Home/getRefer
INFO: [ app_init ] --START--
INFO: Run Behavior\BuildLiteBehavior [ RunTime:0.000010s ]
INFO: [ app_init ] --END-- [ RunTime:0.000282s ]
INFO: [ app_begin ] --START--
INFO: Run Behavior\ReadHtmlCacheBehavior [ RunTime:0.000500s ]
INFO: [ app_begin ] --END-- [ RunTime:0.000538s ]
INFO: [ app_end ] --START--
INFO: Run Behavior\ShowPageTraceBehavior [ RunTime:0.000950s ]
INFO: [ app_end ] --END-- [ RunTime:0.001037s ]

[ 2016-10-17T21:51:19+08:00 ] ::1 /weibo/Home/Index/getWeibo
INFO: [ app_init ] --START--
INFO: Run Behavior\BuildLiteBehavior [ RunTime:0.000011s ]
INFO: [ app_init ] --END-- [ RunTime:0.000245s ]
INFO: [ app_begin ] --START--
INFO: Run Behavior\ReadHtmlCacheBehavior [ RunTime:0.000303s ]
INFO: [ app_begin ] --END-- [ RunTime:0.000337s ]
NOTIC: [2] array_merge(): Argument #1 is not an array G:\php\www\weibo\App\Home\Controller\IndexController.class.php 第 20 行.
NOTIC: [2] Invalid argument supplied for foreach() G:\php\www\weibo\App\Home\Controller\IndexController.class.php 第 21 行.

[ 2016-10-17T21:51:19+08:00 ] ::1 /weibo/Home/Home/getRefer
INFO: [ app_init ] --START--
INFO: Run Behavior\BuildLiteBehavior [ RunTime:0.000010s ]
INFO: [ app_init ] --END-- [ RunTime:0.000279s ]
INFO: [ app_begin ] --START--
INFO: Run Behavior\ReadHtmlCacheBehavior [ RunTime:0.000582s ]
INFO: [ app_begin ] --END-- [ RunTime:0.000637s ]
INFO: [ app_end ] --START--
INFO: Run Behavior\ShowPageTraceBehavior [ RunTime:0.000948s ]
INFO: [ app_end ] --END-- [ RunTime:0.001034s ]

[ 2016-10-17T21:51:30+08:00 ] ::1 /weibo/Home/Index/getWeibo
INFO: [ app_init ] --START--
INFO: Run Behavior\BuildLiteBehavior [ RunTime:0.000015s ]
INFO: [ app_init ] --END-- [ RunTime:0.000328s ]
INFO: [ app_begin ] --START--
INFO: Run Behavior\ReadHtmlCacheBehavior [ RunTime:0.000455s ]
INFO: [ app_begin ] --END-- [ RunTime:0.000501s ]
NOTIC: [2] array_merge(): Argument #1 is not an array G:\php\www\weibo\App\Home\Controller\IndexController.class.php 第 20 行.
NOTIC: [2] Invalid argument supplied for foreach() G:\php\www\weibo\App\Home\Controller\IndexController.class.php 第 21 行.

[ 2016-10-17T21:51:30+08:00 ] ::1 /weibo/Home/Home/getRefer
INFO: [ app_init ] --START--
INFO: Run Behavior\BuildLiteBehavior [ RunTime:0.000014s ]
INFO: [ app_init ] --END-- [ RunTime:0.000399s ]
INFO: [ app_begin ] --START--
INFO: Run Behavior\ReadHtmlCacheBehavior [ RunTime:0.000744s ]
INFO: [ app_begin ] --END-- [ RunTime:0.000809s ]
INFO: [ app_end ] --START--
INFO: Run Behavior\ShowPageTraceBehavior [ RunTime:0.000968s ]
INFO: [ app_end ] --END-- [ RunTime:0.001054s ]

[ 2016-10-17T21:51:41+08:00 ] ::1 /weibo/Home/Index/getWeibo
INFO: [ app_init ] --START--
INFO: Run Behavior\BuildLiteBehavior [ RunTime:0.000015s ]
INFO: [ app_init ] --END-- [ RunTime:0.000328s ]
INFO: [ app_begin ] --START--
INFO: Run Behavior\ReadHtmlCacheBehavior [ RunTime:0.000454s ]
INFO: [ app_begin ] --END-- [ RunTime:0.000502s ]
NOTIC: [2] array_merge(): Argument #1 is not an array G:\php\www\weibo\App\Home\Controller\IndexController.class.php 第 20 行.
NOTIC: [2] Invalid argument supplied for foreach() G:\php\www\weibo\App\Home\Controller\IndexController.class.php 第 21 行.

[ 2016-10-17T21:51:41+08:00 ] ::1 /weibo/Home/Home/getRefer
INFO: [ app_init ] --START--
INFO: Run Behavior\BuildLiteBehavior [ RunTime:0.000015s ]
INFO: [ app_init ] --END-- [ RunTime:0.000399s ]
INFO: [ app_begin ] --START--
INFO: Run Behavior\ReadHtmlCacheBehavior [ RunTime:0.000798s ]
INFO: [ app_begin ] --END-- [ RunTime:0.000863s ]
INFO: [ app_end ] --START--
INFO: Run Behavior\ShowPageTraceBehavior [ RunTime:0.000956s ]
INFO: [ app_end ] --END-- [ RunTime:0.001042s ]

[ 2016-10-17T21:51:52+08:00 ] ::1 /weibo/Home/Index/getWeibo
INFO: [ app_init ] --START--
INFO: Run Behavior\BuildLiteBehavior [ RunTime:0.000010s ]
INFO: [ app_init ] --END-- [ RunTime:0.000239s ]
INFO: [ app_begin ] --START--
INFO: Run Behavior\ReadHtmlCacheBehavior [ RunTime:0.000308s ]
INFO: [ app_begin ] --END-- [ RunTime:0.000341s ]
NOTIC: [2] array_merge(): Argument #1 is not an array G:\php\www\weibo\App\Home\Controller\IndexController.class.php 第 20 行.
NOTIC: [2] Invalid argument supplied for foreach() G:\php\www\weibo\App\Home\Controller\IndexController.class.php 第 21 行.

[ 2016-10-17T21:51:52+08:00 ] ::1 /weibo/Home/Home/getRefer
INFO: [ app_init ] --START--
INFO: Run Behavior\BuildLiteBehavior [ RunTime:0.000010s ]
INFO: [ app_init ] --END-- [ RunTime:0.000274s ]
INFO: [ app_begin ] --START--
INFO: Run Behavior\ReadHtmlCacheBehavior [ RunTime:0.000636s ]
INFO: [ app_begin ] --END-- [ RunTime:0.000696s ]
INFO: [ app_end ] --START--
INFO: Run Behavior\ShowPageTraceBehavior [ RunTime:0.000975s ]
INFO: [ app_end ] --END-- [ RunTime:0.001067s ]

[ 2016-10-17T21:52:03+08:00 ] ::1 /weibo/Home/Index/getWeibo
INFO: [ app_init ] --START--
INFO: Run Behavior\BuildLiteBehavior [ RunTime:0.000016s ]
INFO: [ app_init ] --END-- [ RunTime:0.000325s ]
INFO: [ app_begin ] --START--
INFO: Run Behavior\ReadHtmlCacheBehavior [ RunTime:0.000460s ]
INFO: [ app_begin ] --END-- [ RunTime:0.000505s ]
NOTIC: [2] array_merge(): Argument #1 is not an array G:\php\www\weibo\App\Home\Controller\IndexController.class.php 第 20 行.
NOTIC: [2] Invalid argument supplied for foreach() G:\php\www\weibo\App\Home\Controller\IndexController.class.php 第 21 行.

[ 2016-10-17T21:52:03+08:00 ] ::1 /weibo/Home/Home/getRefer
INFO: [ app_init ] --START--
INFO: Run Behavior\BuildLiteBehavior [ RunTime:0.000015s ]
INFO: [ app_init ] --END-- [ RunTime:0.000404s ]
INFO: [ app_begin ] --START--
INFO: Run Behavior\ReadHtmlCacheBehavior [ RunTime:0.000728s ]
INFO: [ app_begin ] --END-- [ RunTime:0.000791s ]
INFO: [ app_end ] --START--
INFO: Run Behavior\ShowPageTraceBehavior [ RunTime:0.000965s ]
INFO: [ app_end ] --END-- [ RunTime:0.001054s ]

[ 2016-10-17T21:52:14+08:00 ] ::1 /weibo/Home/Index/getWeibo
INFO: [ app_init ] --START--
INFO: Run Behavior\BuildLiteBehavior [ RunTime:0.000009s ]
INFO: [ app_init ] --END-- [ RunTime:0.000233s ]
INFO: [ app_begin ] --START--
INFO: Run Behavior\ReadHtmlCacheBehavior [ RunTime:0.000298s ]
INFO: [ app_begin ] --END-- [ RunTime:0.000331s ]
NOTIC: [2] array_merge(): Argument #1 is not an array G:\php\www\weibo\App\Home\Controller\IndexController.class.php 第 20 行.
NOTIC: [2] Invalid argument supplied for foreach() G:\php\www\weibo\App\Home\Controller\IndexController.class.php 第 21 行.

[ 2016-10-17T21:52:14+08:00 ] ::1 /weibo/Home/Home/getRefer
INFO: [ app_init ] --START--
INFO: Run Behavior\BuildLiteBehavior [ RunTime:0.000010s ]
INFO: [ app_init ] --END-- [ RunTime:0.000273s ]
INFO: [ app_begin ] --START--
INFO: Run Behavior\ReadHtmlCacheBehavior [ RunTime:0.000623s ]
INFO: [ app_begin ] --END-- [ RunTime:0.000679s ]
INFO: [ app_end ] --START--
INFO: Run Behavior\ShowPageTraceBehavior [ RunTime:0.000963s ]
INFO: [ app_end ] --END-- [ RunTime:0.001047s ]

[ 2016-10-17T21:52:25+08:00 ] ::1 /weibo/Home/Index/getWeibo
INFO: [ app_init ] --START--
INFO: Run Behavior\BuildLiteBehavior [ RunTime:0.000010s ]
INFO: [ app_init ] --END-- [ RunTime:0.000283s ]
INFO: [ app_begin ] --START--
INFO: Run Behavior\ReadHtmlCacheBehavior [ RunTime:0.000579s ]
INFO: [ app_begin ] --END-- [ RunTime:0.000626s ]
NOTIC: [2] array_merge(): Argument #1 is not an array G:\php\www\weibo\App\Home\Controller\IndexController.class.php 第 20 行.
NOTIC: [2] Invalid argument supplied for foreach() G:\php\www\weibo\App\Home\Controller\IndexController.class.php 第 21 行.

[ 2016-10-17T21:52:25+08:00 ] ::1 /weibo/Home/Home/getRefer
INFO: [ app_init ] --START--
INFO: Run Behavior\BuildLiteBehavior [ RunTime:0.000014s ]
INFO: [ app_init ] --END-- [ RunTime:0.000404s ]
INFO: [ app_begin ] --START--
INFO: Run Behavior\ReadHtmlCacheBehavior [ RunTime:0.000505s ]
INFO: [ app_begin ] --END-- [ RunTime:0.000542s ]
INFO: [ app_end ] --START--
INFO: Run Behavior\ShowPageTraceBehavior [ RunTime:0.000948s ]
INFO: [ app_end ] --END-- [ RunTime:0.001033s ]

[ 2016-10-17T21:52:36+08:00 ] ::1 /weibo/Home/Index/getWeibo
INFO: [ app_init ] --START--
INFO: Run Behavior\BuildLiteBehavior [ RunTime:0.000011s ]
INFO: [ app_init ] --END-- [ RunTime:0.000250s ]
INFO: [ app_begin ] --START--
INFO: Run Behavior\ReadHtmlCacheBehavior [ RunTime:0.000309s ]
INFO: [ app_begin ] --END-- [ RunTime:0.000342s ]
NOTIC: [2] array_merge(): Argument #1 is not an array G:\php\www\weibo\App\Home\Controller\IndexController.class.php 第 20 行.
NOTIC: [2] Invalid argument supplied for foreach() G:\php\www\weibo\App\Home\Controller\IndexController.class.php 第 21 行.

[ 2016-10-17T21:52:36+08:00 ] ::1 /weibo/Home/Home/getRefer
INFO: [ app_init ] --START--
INFO: Run Behavior\BuildLiteBehavior [ RunTime:0.000010s ]
INFO: [ app_init ] --END-- [ RunTime:0.000278s ]
INFO: [ app_begin ] --START--
INFO: Run Behavior\ReadHtmlCacheBehavior [ RunTime:0.000634s ]
INFO: [ app_begin ] --END-- [ RunTime:0.000693s ]
INFO: [ app_end ] --START--
INFO: Run Behavior\ShowPageTraceBehavior [ RunTime:0.000945s ]
INFO: [ app_end ] --END-- [ RunTime:0.001030s ]

[ 2016-10-17T21:52:47+08:00 ] ::1 /weibo/Home/Index/getWeibo
INFO: [ app_init ] --START--
INFO: Run Behavior\BuildLiteBehavior [ RunTime:0.000017s ]
INFO: [ app_init ] --END-- [ RunTime:0.000355s ]
INFO: [ app_begin ] --START--
INFO: Run Behavior\ReadHtmlCacheBehavior [ RunTime:0.000479s ]
INFO: [ app_begin ] --END-- [ RunTime:0.000539s ]
NOTIC: [2] array_merge(): Argument #1 is not an array G:\php\www\weibo\App\Home\Controller\IndexController.class.php 第 20 行.
NOTIC: [2] Invalid argument supplied for foreach() G:\php\www\weibo\App\Home\Controller\IndexController.class.php 第 21 行.

[ 2016-10-17T21:52:47+08:00 ] ::1 /weibo/Home/Home/getRefer
INFO: [ app_init ] --START--
INFO: Run Behavior\BuildLiteBehavior [ RunTime:0.000013s ]
INFO: [ app_init ] --END-- [ RunTime:0.000423s ]
INFO: [ app_begin ] --START--
INFO: Run Behavior\ReadHtmlCacheBehavior [ RunTime:0.000628s ]
INFO: [ app_begin ] --END-- [ RunTime:0.000687s ]
INFO: [ app_end ] --START--
INFO: Run Behavior\ShowPageTraceBehavior [ RunTime:0.001008s ]
INFO: [ app_end ] --END-- [ RunTime:0.001092s ]

[ 2016-10-17T21:52:58+08:00 ] ::1 /weibo/Home/Index/getWeibo
INFO: [ app_init ] --START--
INFO: Run Behavior\BuildLiteBehavior [ RunTime:0.000015s ]
INFO: [ app_init ] --END-- [ RunTime:0.000332s ]
INFO: [ app_begin ] --START--
INFO: Run Behavior\ReadHtmlCacheBehavior [ RunTime:0.000396s ]
INFO: [ app_begin ] --END-- [ RunTime:0.000438s ]
NOTIC: [2] array_merge(): Argument #1 is not an array G:\php\www\weibo\App\Home\Controller\IndexController.class.php 第 20 行.
NOTIC: [2] Invalid argument supplied for foreach() G:\php\www\weibo\App\Home\Controller\IndexController.class.php 第 21 行.

[ 2016-10-17T21:52:58+08:00 ] ::1 /weibo/Home/Home/getRefer
INFO: [ app_init ] --START--
INFO: Run Behavior\BuildLiteBehavior [ RunTime:0.000011s ]
INFO: [ app_init ] --END-- [ RunTime:0.000273s ]
INFO: [ app_begin ] --START--
INFO: Run Behavior\ReadHtmlCacheBehavior [ RunTime:0.000513s ]
INFO: [ app_begin ] --END-- [ RunTime:0.000553s ]
INFO: [ app_end ] --START--
INFO: Run Behavior\ShowPageTraceBehavior [ RunTime:0.000962s ]
INFO: [ app_end ] --END-- [ RunTime:0.001049s ]

[ 2016-10-17T21:53:09+08:00 ] ::1 /weibo/Home/Index/getWeibo
INFO: [ app_init ] --START--
INFO: Run Behavior\BuildLiteBehavior [ RunTime:0.000010s ]
INFO: [ app_init ] --END-- [ RunTime:0.000242s ]
INFO: [ app_begin ] --START--
INFO: Run Behavior\ReadHtmlCacheBehavior [ RunTime:0.000299s ]
INFO: [ app_begin ] --END-- [ RunTime:0.000333s ]
NOTIC: [2] array_merge(): Argument #1 is not an array G:\php\www\weibo\App\Home\Controller\IndexController.class.php 第 20 行.
NOTIC: [2] Invalid argument supplied for foreach() G:\php\www\weibo\App\Home\Controller\IndexController.class.php 第 21 行.

[ 2016-10-17T21:53:09+08:00 ] ::1 /weibo/Home/Home/getRefer
INFO: [ app_init ] --START--
INFO: Run Behavior\BuildLiteBehavior [ RunTime:0.000009s ]
INFO: [ app_init ] --END-- [ RunTime:0.000277s ]
INFO: [ app_begin ] --START--
INFO: Run Behavior\ReadHtmlCacheBehavior [ RunTime:0.000748s ]
INFO: [ app_begin ] --END-- [ RunTime:0.000803s ]
INFO: [ app_end ] --START--
INFO: Run Behavior\ShowPageTraceBehavior [ RunTime:0.000948s ]
INFO: [ app_end ] --END-- [ RunTime:0.001035s ]

[ 2016-10-17T21:53:20+08:00 ] ::1 /weibo/Home/Index/getWeibo
INFO: [ app_init ] --START--
INFO: Run Behavior\BuildLiteBehavior [ RunTime:0.000010s ]
INFO: [ app_init ] --END-- [ RunTime:0.000238s ]
INFO: [ app_begin ] --START--
INFO: Run Behavior\ReadHtmlCacheBehavior [ RunTime:0.000302s ]
INFO: [ app_begin ] --END-- [ RunTime:0.000335s ]
NOTIC: [2] array_merge(): Argument #1 is not an array G:\php\www\weibo\App\Home\Controller\IndexController.class.php 第 20 行.
NOTIC: [2] Invalid argument supplied for foreach() G:\php\www\weibo\App\Home\Controller\IndexController.class.php 第 21 行.

[ 2016-10-17T21:53:20+08:00 ] ::1 /weibo/Home/Home/getRefer
INFO: [ app_init ] --START--
INFO: Run Behavior\BuildLiteBehavior [ RunTime:0.000011s ]
INFO: [ app_init ] --END-- [ RunTime:0.000276s ]
INFO: [ app_begin ] --START--
INFO: Run Behavior\ReadHtmlCacheBehavior [ RunTime:0.000571s ]
INFO: [ app_begin ] --END-- [ RunTime:0.000629s ]
INFO: [ app_end ] --START--
INFO: Run Behavior\ShowPageTraceBehavior [ RunTime:0.000958s ]
INFO: [ app_end ] --END-- [ RunTime:0.001048s ]

[ 2016-10-17T21:53:31+08:00 ] ::1 /weibo/Home/Index/getWeibo
INFO: [ app_init ] --START--
INFO: Run Behavior\BuildLiteBehavior [ RunTime:0.000015s ]
INFO: [ app_init ] --END-- [ RunTime:0.000399s ]
INFO: [ app_begin ] --START--
INFO: Run Behavior\ReadHtmlCacheBehavior [ RunTime:0.000454s ]
INFO: [ app_begin ] --END-- [ RunTime:0.000502s ]
NOTIC: [2] array_merge(): Argument #1 is not an array G:\php\www\weibo\App\Home\Controller\IndexController.class.php 第 20 行.
NOTIC: [2] Invalid argument supplied for foreach() G:\php\www\weibo\App\Home\Controller\IndexController.class.php 第 21 行.

[ 2016-10-17T21:53:31+08:00 ] ::1 /weibo/Home/Home/getRefer
INFO: [ app_init ] --START--
INFO: Run Behavior\BuildLiteBehavior [ RunTime:0.000014s ]
INFO: [ app_init ] --END-- [ RunTime:0.000412s ]
INFO: [ app_begin ] --START--
INFO: Run Behavior\ReadHtmlCacheBehavior [ RunTime:0.000757s ]
INFO: [ app_begin ] --END-- [ RunTime:0.000814s ]
INFO: [ app_end ] --START--
INFO: Run Behavior\ShowPageTraceBehavior [ RunTime:0.000955s ]
INFO: [ app_end ] --END-- [ RunTime:0.001041s ]

[ 2016-10-17T21:53:42+08:00 ] ::1 /weibo/Home/Index/getWeibo
INFO: [ app_init ] --START--
INFO: Run Behavior\BuildLiteBehavior [ RunTime:0.000010s ]
INFO: [ app_init ] --END-- [ RunTime:0.000235s ]
INFO: [ app_begin ] --START--
INFO: Run Behavior\ReadHtmlCacheBehavior [ RunTime:0.000303s ]
INFO: [ app_begin ] --END-- [ RunTime:0.000336s ]
NOTIC: [2] array_merge(): Argument #1 is not an array G:\php\www\weibo\App\Home\Controller\IndexController.class.php 第 20 行.
NOTIC: [2] Invalid argument supplied for foreach() G:\php\www\weibo\App\Home\Controller\IndexController.class.php 第 21 行.

[ 2016-10-17T21:53:42+08:00 ] ::1 /weibo/Home/Home/getRefer
INFO: [ app_init ] --START--
INFO: Run Behavior\BuildLiteBehavior [ RunTime:0.000010s ]
INFO: [ app_init ] --END-- [ RunTime:0.000285s ]
INFO: [ app_begin ] --START--
INFO: Run Behavior\ReadHtmlCacheBehavior [ RunTime:0.000534s ]
INFO: [ app_begin ] --END-- [ RunTime:0.000589s ]
INFO: [ app_end ] --START--
INFO: Run Behavior\ShowPageTraceBehavior [ RunTime:0.000947s ]
INFO: [ app_end ] --END-- [ RunTime:0.001065s ]

[ 2016-10-17T21:53:53+08:00 ] ::1 /weibo/Home/Index/getWeibo
INFO: [ app_init ] --START--
INFO: Run Behavior\BuildLiteBehavior [ RunTime:0.000016s ]
INFO: [ app_init ] --END-- [ RunTime:0.000346s ]
INFO: [ app_begin ] --START--
INFO: Run Behavior\ReadHtmlCacheBehavior [ RunTime:0.000430s ]
INFO: [ app_begin ] --END-- [ RunTime:0.000477s ]
NOTIC: [2] array_merge(): Argument #1 is not an array G:\php\www\weibo\App\Home\Controller\IndexController.class.php 第 20 行.
NOTIC: [2] Invalid argument supplied for foreach() G:\php\www\weibo\App\Home\Controller\IndexController.class.php 第 21 行.

[ 2016-10-17T21:53:53+08:00 ] ::1 /weibo/Home/Home/getRefer
INFO: [ app_init ] --START--
INFO: Run Behavior\BuildLiteBehavior [ RunTime:0.000015s ]
INFO: [ app_init ] --END-- [ RunTime:0.000376s ]
INFO: [ app_begin ] --START--
INFO: Run Behavior\ReadHtmlCacheBehavior [ RunTime:0.000754s ]
INFO: [ app_begin ] --END-- [ RunTime:0.000817s ]
INFO: [ app_end ] --START--
INFO: Run Behavior\ShowPageTraceBehavior [ RunTime:0.000943s ]
INFO: [ app_end ] --END-- [ RunTime:0.001028s ]

[ 2016-10-17T21:54:04+08:00 ] ::1 /weibo/Home/Index/getWeibo
INFO: [ app_init ] --START--
INFO: Run Behavior\BuildLiteBehavior [ RunTime:0.000010s ]
INFO: [ app_init ] --END-- [ RunTime:0.000240s ]
INFO: [ app_begin ] --START--
INFO: Run Behavior\ReadHtmlCacheBehavior [ RunTime:0.000302s ]
INFO: [ app_begin ] --END-- [ RunTime:0.000335s ]
NOTIC: [2] array_merge(): Argument #1 is not an array G:\php\www\weibo\App\Home\Controller\IndexController.class.php 第 20 行.
NOTIC: [2] Invalid argument supplied for foreach() G:\php\www\weibo\App\Home\Controller\IndexController.class.php 第 21 行.

[ 2016-10-17T21:54:04+08:00 ] ::1 /weibo/Home/Home/getRefer
INFO: [ app_init ] --START--
INFO: Run Behavior\BuildLiteBehavior [ RunTime:0.000010s ]
INFO: [ app_init ] --END-- [ RunTime:0.000275s ]
INFO: [ app_begin ] --START--
INFO: Run Behavior\ReadHtmlCacheBehavior [ RunTime:0.000586s ]
INFO: [ app_begin ] --END-- [ RunTime:0.000644s ]
INFO: [ app_end ] --START--
INFO: Run Behavior\ShowPageTraceBehavior [ RunTime:0.000963s ]
INFO: [ app_end ] --END-- [ RunTime:0.001051s ]

[ 2016-10-17T21:54:15+08:00 ] ::1 /weibo/Home/Index/getWeibo
INFO: [ app_init ] --START--
INFO: Run Behavior\BuildLiteBehavior [ RunTime:0.000010s ]
INFO: [ app_init ] --END-- [ RunTime:0.000240s ]
INFO: [ app_begin ] --START--
INFO: Run Behavior\ReadHtmlCacheBehavior [ RunTime:0.000301s ]
INFO: [ app_begin ] --END-- [ RunTime:0.000335s ]
NOTIC: [2] array_merge(): Argument #1 is not an array G:\php\www\weibo\App\Home\Controller\IndexController.class.php 第 20 行.
NOTIC: [2] Invalid argument supplied for foreach() G:\php\www\weibo\App\Home\Controller\IndexController.class.php 第 21 行.

[ 2016-10-17T21:54:15+08:00 ] ::1 /weibo/Home/Home/getRefer
INFO: [ app_init ] --START--
INFO: Run Behavior\BuildLiteBehavior [ RunTime:0.000010s ]
INFO: [ app_init ] --END-- [ RunTime:0.000286s ]
INFO: [ app_begin ] --START--
INFO: Run Behavior\ReadHtmlCacheBehavior [ RunTime:0.000728s ]
INFO: [ app_begin ] --END-- [ RunTime:0.000790s ]
INFO: [ app_end ] --START--
INFO: Run Behavior\ShowPageTraceBehavior [ RunTime:0.000951s ]
INFO: [ app_end ] --END-- [ RunTime:0.001035s ]

[ 2016-10-17T21:54:26+08:00 ] ::1 /weibo/Home/Index/getWeibo
INFO: [ app_init ] --START--
INFO: Run Behavior\BuildLiteBehavior [ RunTime:0.000017s ]
INFO: [ app_init ] --END-- [ RunTime:0.000447s ]
INFO: [ app_begin ] --START--
INFO: Run Behavior\ReadHtmlCacheBehavior [ RunTime:0.000404s ]
INFO: [ app_begin ] --END-- [ RunTime:0.000444s ]
NOTIC: [2] array_merge(): Argument #1 is not an array G:\php\www\weibo\App\Home\Controller\IndexController.class.php 第 20 行.
NOTIC: [2] Invalid argument supplied for foreach() G:\php\www\weibo\App\Home\Controller\IndexController.class.php 第 21 行.

[ 2016-10-17T21:54:26+08:00 ] ::1 /weibo/Home/Home/getRefer
INFO: [ app_init ] --START--
INFO: Run Behavior\BuildLiteBehavior [ RunTime:0.000012s ]
INFO: [ app_init ] --END-- [ RunTime:0.000351s ]
INFO: [ app_begin ] --START--
INFO: Run Behavior\ReadHtmlCacheBehavior [ RunTime:0.000512s ]
INFO: [ app_begin ] --END-- [ RunTime:0.000553s ]
INFO: [ app_end ] --START--
INFO: Run Behavior\ShowPageTraceBehavior [ RunTime:0.000954s ]
INFO: [ app_end ] --END-- [ RunTime:0.001042s ]

[ 2016-10-17T21:54:37+08:00 ] ::1 /weibo/Home/Index/getWeibo
INFO: [ app_init ] --START--
INFO: Run Behavior\BuildLiteBehavior [ RunTime:0.000010s ]
INFO: [ app_init ] --END-- [ RunTime:0.000235s ]
INFO: [ app_begin ] --START--
INFO: Run Behavior\ReadHtmlCacheBehavior [ RunTime:0.000301s ]
INFO: [ app_begin ] --END-- [ RunTime:0.000334s ]
NOTIC: [2] array_merge(): Argument #1 is not an array G:\php\www\weibo\App\Home\Controller\IndexController.class.php 第 20 行.
NOTIC: [2] Invalid argument supplied for foreach() G:\php\www\weibo\App\Home\Controller\IndexController.class.php 第 21 行.

[ 2016-10-17T21:54:37+08:00 ] ::1 /weibo/Home/Home/getRefer
INFO: [ app_init ] --START--
INFO: Run Behavior\BuildLiteBehavior [ RunTime:0.000010s ]
INFO: [ app_init ] --END-- [ RunTime:0.000274s ]
INFO: [ app_begin ] --START--
INFO: Run Behavior\ReadHtmlCacheBehavior [ RunTime:0.000673s ]
INFO: [ app_begin ] --END-- [ RunTime:0.000733s ]
INFO: [ app_end ] --START--
INFO: Run Behavior\ShowPageTraceBehavior [ RunTime:0.000947s ]
INFO: [ app_end ] --END-- [ RunTime:0.001035s ]

[ 2016-10-17T21:54:48+08:00 ] ::1 /weibo/Home/Index/getWeibo
INFO: [ app_init ] --START--
INFO: Run Behavior\BuildLiteBehavior [ RunTime:0.000011s ]
INFO: [ app_init ] --END-- [ RunTime:0.000257s ]
INFO: [ app_begin ] --START--
INFO: Run Behavior\ReadHtmlCacheBehavior [ RunTime:0.000308s ]
INFO: [ app_begin ] --END-- [ RunTime:0.000341s ]
NOTIC: [2] array_merge(): Argument #1 is not an array G:\php\www\weibo\App\Home\Controller\IndexController.class.php 第 20 行.
NOTIC: [2] Invalid argument supplied for foreach() G:\php\www\weibo\App\Home\Controller\IndexController.class.php 第 21 行.

[ 2016-10-17T21:54:48+08:00 ] ::1 /weibo/Home/Home/getRefer
INFO: [ app_init ] --START--
INFO: Run Behavior\BuildLiteBehavior [ RunTime:0.000010s ]
INFO: [ app_init ] --END-- [ RunTime:0.000287s ]
INFO: [ app_begin ] --START--
INFO: Run Behavior\ReadHtmlCacheBehavior [ RunTime:0.000518s ]
INFO: [ app_begin ] --END-- [ RunTime:0.000558s ]
INFO: [ app_end ] --START--
INFO: Run Behavior\ShowPageTraceBehavior [ RunTime:0.000944s ]
INFO: [ app_end ] --END-- [ RunTime:0.001032s ]

