[ 2016-11-21T21:37:55+08:00 ] ::1 /weibo/
INFO: [ app_init ] --START--
INFO: Run Behavior\BuildLiteBehavior [ RunTime:0.000014s ]
INFO: [ app_init ] --END-- [ RunTime:0.010274s ]
INFO: [ app_begin ] --START--
INFO: Run Behavior\ReadHtmlCacheBehavior [ RunTime:0.013079s ]
INFO: [ app_begin ] --END-- [ RunTime:0.013137s ]
SQL: DESCRIBE weibo_topic [ RunTime:0.015743s ]
SQL: DESCRIBE weibo_topic [ RunTime:0.005190s ]
SQL: SELECT a.id,a.content,a.content_over,a.create,a.uid,a.reid,a.recount,b.username,b.face,b.domain FROM weibo_topic a,weibo_user b WHERE ( a.uid=b.id ) ORDER BY a.create DESC LIMIT 0,10   [ RunTime:0.030519s ]
SQL: DESCRIBE weibo_image [ RunTime:0.088315s ]
SQL: SELECT `data` FROM `weibo_image` WHERE ( 1=1 AND tid='49' )  [ RunTime:0.000358s ]
SQL: SELECT `data` FROM `weibo_image` WHERE ( 1=1 AND tid='48' )  [ RunTime:0.000259s ]
SQL: SELECT `data` FROM `weibo_image` WHERE ( 1=1 AND tid='47' )  [ RunTime:0.000223s ]
SQL: SELECT `data` FROM `weibo_image` WHERE ( 1=1 AND tid='46' )  [ RunTime:0.000224s ]
SQL: SELECT `data` FROM `weibo_image` WHERE ( 1=1 AND tid='45' )  [ RunTime:0.000193s ]
SQL: SELECT `data` FROM `weibo_image` WHERE ( 1=1 AND tid='44' )  [ RunTime:0.000219s ]
SQL: SELECT `data` FROM `weibo_image` WHERE ( 1=1 AND tid='43' )  [ RunTime:0.000258s ]
SQL: SELECT `data` FROM `weibo_image` WHERE ( 1=1 AND tid='42' )  [ RunTime:0.000195s ]
SQL: SELECT `data` FROM `weibo_image` WHERE ( 1=1 AND tid='41' )  [ RunTime:0.000188s ]
SQL: SELECT `data` FROM `weibo_image` WHERE ( 1=1 AND tid='40' )  [ RunTime:0.000224s ]
SQL: DESCRIBE weibo_topic [ RunTime:0.005506s ]
SQL: SELECT a.id,a.content,a.content_over,a.create,a.uid,a.reid,a.recount,b.username,b.face,b.domain FROM weibo_topic a,weibo_user b WHERE ( a.uid=b.id AND a.id=37 ) LIMIT 1   [ RunTime:0.046838s ]
SQL: SELECT `data` FROM `weibo_image` WHERE ( 1=1 AND tid='37' )  [ RunTime:0.000238s ]
NOTIC: [8] Trying to get property of non-object G:\php\www\weibo\App\Home\Model\TopicModel.class.php 第 160 行.
SQL: DESCRIBE weibo_topic [ RunTime:0.005024s ]
SQL: SELECT a.id,a.content,a.content_over,a.create,a.uid,a.reid,a.recount,b.username,b.face,b.domain FROM weibo_topic a,weibo_user b WHERE ( a.uid=b.id AND a.id=37 ) LIMIT 1   [ RunTime:0.000345s ]
SQL: SELECT `data` FROM `weibo_image` WHERE ( 1=1 AND tid='37' )  [ RunTime:0.000209s ]
NOTIC: [8] Trying to get property of non-object G:\php\www\weibo\App\Home\Model\TopicModel.class.php 第 160 行.
SQL: DESCRIBE weibo_topic [ RunTime:0.006334s ]
SQL: SELECT a.id,a.content,a.content_over,a.create,a.uid,a.reid,a.recount,b.username,b.face,b.domain FROM weibo_topic a,weibo_user b WHERE ( a.uid=b.id AND a.id=37 ) LIMIT 1   [ RunTime:0.000318s ]
SQL: SELECT `data` FROM `weibo_image` WHERE ( 1=1 AND tid='37' )  [ RunTime:0.000255s ]
NOTIC: [8] Trying to get property of non-object G:\php\www\weibo\App\Home\Model\TopicModel.class.php 第 160 行.
SQL: DESCRIBE weibo_topic [ RunTime:0.005106s ]
SQL: SELECT a.id,a.content,a.content_over,a.create,a.uid,a.reid,a.recount,b.username,b.face,b.domain FROM weibo_topic a,weibo_user b WHERE ( a.uid=b.id AND a.id=43 ) LIMIT 1   [ RunTime:0.000340s ]
SQL: SELECT `data` FROM `weibo_image` WHERE ( 1=1 AND tid='43' )  [ RunTime:0.000262s ]
NOTIC: [8] Trying to get property of non-object G:\php\www\weibo\App\Home\Model\TopicModel.class.php 第 160 行.
NOTIC: [8] Trying to get property of non-object G:\php\www\weibo\App\Home\Model\TopicModel.class.php 第 160 行.
SQL: DESCRIBE weibo_topic [ RunTime:0.005506s ]
SQL: SELECT a.id,a.content,a.content_over,a.create,a.uid,a.reid,a.recount,b.username,b.face,b.domain FROM weibo_topic a,weibo_user b WHERE ( a.uid=b.id AND a.id=37 ) LIMIT 1   [ RunTime:0.000338s ]
SQL: SELECT `data` FROM `weibo_image` WHERE ( 1=1 AND tid='37' )  [ RunTime:0.000214s ]
NOTIC: [8] Trying to get property of non-object G:\php\www\weibo\App\Home\Model\TopicModel.class.php 第 160 行.
NOTIC: [8] Trying to get property of non-object G:\php\www\weibo\App\Home\Model\TopicModel.class.php 第 160 行.
NOTIC: [8] Trying to get property of non-object G:\php\www\weibo\App\Home\Controller\IndexController.class.php 第 11 行.
NOTIC: [8] Trying to get property of non-object G:\php\www\weibo\App\Home\Controller\IndexController.class.php 第 12 行.
INFO: [ view_parse ] --START--
INFO: [ template_filter ] --START--
INFO: Run Behavior\ContentReplaceBehavior [ RunTime:0.000246s ]
INFO: [ template_filter ] --END-- [ RunTime:0.000289s ]
NOTIC: [8] Trying to get property of non-object G:\php\www\weibo\App\Runtime\Cache\Home\cdac79174c15306e6d18489b52381cb2.php 第 33 行.
NOTIC: [8] Undefined variable: referCount G:\php\www\weibo\App\Runtime\Cache\Home\cdac79174c15306e6d18489b52381cb2.php 第 56 行.
NOTIC: [8] Undefined variable: referCount G:\php\www\weibo\App\Runtime\Cache\Home\cdac79174c15306e6d18489b52381cb2.php 第 70 行.
NOTIC: [8] Undefined variable: referCount G:\php\www\weibo\App\Runtime\Cache\Home\cdac79174c15306e6d18489b52381cb2.php 第 72 行.
INFO: Run Behavior\ParseTemplateBehavior [ RunTime:0.464401s ]
INFO: [ view_parse ] --END-- [ RunTime:0.464450s ]
INFO: [ view_filter ] --START--
INFO: Run Behavior\WriteHtmlCacheBehavior [ RunTime:0.037341s ]
INFO: [ view_filter ] --END-- [ RunTime:0.037383s ]
INFO: [ app_end ] --START--
INFO: Run Behavior\ShowPageTraceBehavior [ RunTime:0.048233s ]
INFO: [ app_end ] --END-- [ RunTime:0.048294s ]

[ 2016-11-21T21:37:56+08:00 ] ::1 /weibo/
INFO: [ app_init ] --START--
INFO: Run Behavior\BuildLiteBehavior [ RunTime:0.000012s ]
INFO: [ app_init ] --END-- [ RunTime:0.000493s ]
INFO: [ app_begin ] --START--
INFO: Run Behavior\ReadHtmlCacheBehavior [ RunTime:0.000497s ]
INFO: [ app_begin ] --END-- [ RunTime:0.000540s ]
SQL: DESCRIBE weibo_topic [ RunTime:0.039929s ]
SQL: DESCRIBE weibo_topic [ RunTime:0.057768s ]
SQL: SELECT a.id,a.content,a.content_over,a.create,a.uid,a.reid,a.recount,b.username,b.face,b.domain FROM weibo_topic a,weibo_user b WHERE ( a.uid=b.id ) ORDER BY a.create DESC LIMIT 0,10   [ RunTime:0.000469s ]
SQL: DESCRIBE weibo_image [ RunTime:0.040587s ]
SQL: SELECT `data` FROM `weibo_image` WHERE ( 1=1 AND tid='49' )  [ RunTime:0.000285s ]
SQL: SELECT `data` FROM `weibo_image` WHERE ( 1=1 AND tid='48' )  [ RunTime:0.000191s ]
SQL: SELECT `data` FROM `weibo_image` WHERE ( 1=1 AND tid='47' )  [ RunTime:0.000192s ]
SQL: SELECT `data` FROM `weibo_image` WHERE ( 1=1 AND tid='46' )  [ RunTime:0.000190s ]
SQL: SELECT `data` FROM `weibo_image` WHERE ( 1=1 AND tid='45' )  [ RunTime:0.000193s ]
SQL: SELECT `data` FROM `weibo_image` WHERE ( 1=1 AND tid='44' )  [ RunTime:0.000178s ]
SQL: SELECT `data` FROM `weibo_image` WHERE ( 1=1 AND tid='43' )  [ RunTime:0.000210s ]
SQL: SELECT `data` FROM `weibo_image` WHERE ( 1=1 AND tid='42' )  [ RunTime:0.000193s ]
SQL: SELECT `data` FROM `weibo_image` WHERE ( 1=1 AND tid='41' )  [ RunTime:0.000179s ]
SQL: SELECT `data` FROM `weibo_image` WHERE ( 1=1 AND tid='40' )  [ RunTime:0.000188s ]
SQL: DESCRIBE weibo_topic [ RunTime:0.035876s ]
SQL: SELECT a.id,a.content,a.content_over,a.create,a.uid,a.reid,a.recount,b.username,b.face,b.domain FROM weibo_topic a,weibo_user b WHERE ( a.uid=b.id AND a.id=37 ) LIMIT 1   [ RunTime:0.000734s ]
SQL: SELECT `data` FROM `weibo_image` WHERE ( 1=1 AND tid='37' )  [ RunTime:0.000451s ]
NOTIC: [8] Trying to get property of non-object G:\php\www\weibo\App\Home\Model\TopicModel.class.php 第 160 行.
SQL: DESCRIBE weibo_topic [ RunTime:0.033987s ]
SQL: SELECT a.id,a.content,a.content_over,a.create,a.uid,a.reid,a.recount,b.username,b.face,b.domain FROM weibo_topic a,weibo_user b WHERE ( a.uid=b.id AND a.id=37 ) LIMIT 1   [ RunTime:0.000389s ]
SQL: SELECT `data` FROM `weibo_image` WHERE ( 1=1 AND tid='37' )  [ RunTime:0.000236s ]
NOTIC: [8] Trying to get property of non-object G:\php\www\weibo\App\Home\Model\TopicModel.class.php 第 160 行.
SQL: DESCRIBE weibo_topic [ RunTime:0.021685s ]
SQL: SELECT a.id,a.content,a.content_over,a.create,a.uid,a.reid,a.recount,b.username,b.face,b.domain FROM weibo_topic a,weibo_user b WHERE ( a.uid=b.id AND a.id=37 ) LIMIT 1   [ RunTime:0.000323s ]
SQL: SELECT `data` FROM `weibo_image` WHERE ( 1=1 AND tid='37' )  [ RunTime:0.000223s ]
NOTIC: [8] Trying to get property of non-object G:\php\www\weibo\App\Home\Model\TopicModel.class.php 第 160 行.
SQL: DESCRIBE weibo_topic [ RunTime:0.033820s ]
SQL: SELECT a.id,a.content,a.content_over,a.create,a.uid,a.reid,a.recount,b.username,b.face,b.domain FROM weibo_topic a,weibo_user b WHERE ( a.uid=b.id AND a.id=43 ) LIMIT 1   [ RunTime:0.000328s ]
SQL: SELECT `data` FROM `weibo_image` WHERE ( 1=1 AND tid='43' )  [ RunTime:0.000219s ]
NOTIC: [8] Trying to get property of non-object G:\php\www\weibo\App\Home\Model\TopicModel.class.php 第 160 行.
NOTIC: [8] Trying to get property of non-object G:\php\www\weibo\App\Home\Model\TopicModel.class.php 第 160 行.
SQL: DESCRIBE weibo_topic [ RunTime:0.019241s ]
SQL: SELECT a.id,a.content,a.content_over,a.create,a.uid,a.reid,a.recount,b.username,b.face,b.domain FROM weibo_topic a,weibo_user b WHERE ( a.uid=b.id AND a.id=37 ) LIMIT 1   [ RunTime:0.000385s ]
SQL: SELECT `data` FROM `weibo_image` WHERE ( 1=1 AND tid='37' )  [ RunTime:0.000240s ]
NOTIC: [8] Trying to get property of non-object G:\php\www\weibo\App\Home\Model\TopicModel.class.php 第 160 行.
NOTIC: [8] Trying to get property of non-object G:\php\www\weibo\App\Home\Model\TopicModel.class.php 第 160 行.
NOTIC: [8] Trying to get property of non-object G:\php\www\weibo\App\Home\Controller\IndexController.class.php 第 11 行.
NOTIC: [8] Trying to get property of non-object G:\php\www\weibo\App\Home\Controller\IndexController.class.php 第 12 行.
INFO: [ view_parse ] --START--
INFO: [ template_filter ] --START--
INFO: Run Behavior\ContentReplaceBehavior [ RunTime:0.000369s ]
INFO: [ template_filter ] --END-- [ RunTime:0.000491s ]
NOTIC: [8] Trying to get property of non-object G:\php\www\weibo\App\Runtime\Cache\Home\cdac79174c15306e6d18489b52381cb2.php 第 33 行.
NOTIC: [8] Undefined variable: referCount G:\php\www\weibo\App\Runtime\Cache\Home\cdac79174c15306e6d18489b52381cb2.php 第 56 行.
NOTIC: [8] Undefined variable: referCount G:\php\www\weibo\App\Runtime\Cache\Home\cdac79174c15306e6d18489b52381cb2.php 第 70 行.
NOTIC: [8] Undefined variable: referCount G:\php\www\weibo\App\Runtime\Cache\Home\cdac79174c15306e6d18489b52381cb2.php 第 72 行.
INFO: Run Behavior\ParseTemplateBehavior [ RunTime:0.218193s ]
INFO: [ view_parse ] --END-- [ RunTime:0.218251s ]
INFO: [ view_filter ] --START--
INFO: Run Behavior\WriteHtmlCacheBehavior [ RunTime:0.000359s ]
INFO: [ view_filter ] --END-- [ RunTime:0.000388s ]
INFO: [ app_end ] --START--
INFO: Run Behavior\ShowPageTraceBehavior [ RunTime:0.000777s ]
INFO: [ app_end ] --END-- [ RunTime:0.000830s ]

[ 2016-11-21T21:37:56+08:00 ] ::1 /weibo/Home/Home/getRefer
INFO: [ app_init ] --START--
INFO: Run Behavior\BuildLiteBehavior [ RunTime:0.000018s ]
INFO: [ app_init ] --END-- [ RunTime:0.000502s ]
INFO: [ app_begin ] --START--
INFO: Run Behavior\ReadHtmlCacheBehavior [ RunTime:0.000815s ]
INFO: [ app_begin ] --END-- [ RunTime:0.000893s ]
INFO: [ app_end ] --START--
INFO: Run Behavior\ShowPageTraceBehavior [ RunTime:0.000900s ]
INFO: [ app_end ] --END-- [ RunTime:0.000992s ]

[ 2016-11-21T21:37:56+08:00 ] ::1 /weibo/Home/Topic/ajaxCount
INFO: [ app_init ] --START--
INFO: Run Behavior\BuildLiteBehavior [ RunTime:0.000015s ]
INFO: [ app_init ] --END-- [ RunTime:0.000463s ]
INFO: [ app_begin ] --START--
INFO: Run Behavior\ReadHtmlCacheBehavior [ RunTime:0.000855s ]
INFO: [ app_begin ] --END-- [ RunTime:0.000920s ]
SQL: DESCRIBE weibo_topic [ RunTime:0.004370s ]
SQL: SELECT COUNT(*) AS tp_count FROM `weibo_topic` WHERE ( 1=1 ) LIMIT 1   [ RunTime:0.000184s ]
INFO: [ app_end ] --START--
INFO: Run Behavior\ShowPageTraceBehavior [ RunTime:0.000581s ]
INFO: [ app_end ] --END-- [ RunTime:0.000615s ]

[ 2016-11-21T21:37:57+08:00 ] ::1 /weibo/Home/Space/setUrl
INFO: [ app_init ] --START--
INFO: Run Behavior\BuildLiteBehavior [ RunTime:0.000017s ]
INFO: [ app_init ] --END-- [ RunTime:0.000524s ]
INFO: [ app_begin ] --START--
INFO: Run Behavior\ReadHtmlCacheBehavior [ RunTime:0.000920s ]
INFO: [ app_begin ] --END-- [ RunTime:0.000996s ]
SQL: DESCRIBE weibo_user [ RunTime:0.009023s ]
SQL: SELECT `id`,`domain` FROM `weibo_user` WHERE `username` = '路飞1' LIMIT 1   [ RunTime:0.042297s ]
SQL: DESCRIBE weibo_user_extend [ RunTime:0.010999s ]
SQL: SELECT `intro` FROM `weibo_user_extend` WHERE ( 1=1 AND uid='18' ) LIMIT 1   [ RunTime:0.000342s ]
INFO: [ app_end ] --START--
INFO: Run Behavior\ShowPageTraceBehavior [ RunTime:0.000868s ]
INFO: [ app_end ] --END-- [ RunTime:0.000928s ]

[ 2016-11-21T21:37:57+08:00 ] ::1 /weibo/Home/Space/setUrl
INFO: [ app_init ] --START--
INFO: Run Behavior\BuildLiteBehavior [ RunTime:0.000010s ]
INFO: [ app_init ] --END-- [ RunTime:0.000283s ]
INFO: [ app_begin ] --START--
INFO: Run Behavior\ReadHtmlCacheBehavior [ RunTime:0.000430s ]
INFO: [ app_begin ] --END-- [ RunTime:0.000463s ]
SQL: DESCRIBE weibo_user [ RunTime:0.007290s ]
SQL: SELECT `id`,`domain` FROM `weibo_user` WHERE `username` = '炎日' LIMIT 1   [ RunTime:0.000251s ]
SQL: DESCRIBE weibo_user_extend [ RunTime:0.004317s ]
SQL: SELECT `intro` FROM `weibo_user_extend` WHERE ( 1=1 AND uid='16' ) LIMIT 1   [ RunTime:0.000257s ]
INFO: [ app_end ] --START--
INFO: Run Behavior\ShowPageTraceBehavior [ RunTime:0.000604s ]
INFO: [ app_end ] --END-- [ RunTime:0.000637s ]

[ 2016-11-21T21:37:57+08:00 ] ::1 /weibo/Home/Space/setUrl
INFO: [ app_init ] --START--
INFO: Run Behavior\BuildLiteBehavior [ RunTime:0.000011s ]
INFO: [ app_init ] --END-- [ RunTime:0.000256s ]
INFO: [ app_begin ] --START--
INFO: Run Behavior\ReadHtmlCacheBehavior [ RunTime:0.000453s ]
INFO: [ app_begin ] --END-- [ RunTime:0.000488s ]
SQL: DESCRIBE weibo_user [ RunTime:0.006358s ]
SQL: SELECT `id`,`domain` FROM `weibo_user` WHERE `username` = '山治' LIMIT 1   [ RunTime:0.000268s ]
SQL: DESCRIBE weibo_user_extend [ RunTime:0.005000s ]
SQL: SELECT `intro` FROM `weibo_user_extend` WHERE ( 1=1 AND uid='17' ) LIMIT 1   [ RunTime:0.000261s ]
INFO: [ app_end ] --START--
INFO: Run Behavior\ShowPageTraceBehavior [ RunTime:0.000558s ]
INFO: [ app_end ] --END-- [ RunTime:0.000590s ]

[ 2016-11-21T21:37:57+08:00 ] ::1 /weibo/Home/Space/setUrl
INFO: [ app_init ] --START--
INFO: Run Behavior\BuildLiteBehavior [ RunTime:0.000010s ]
INFO: [ app_init ] --END-- [ RunTime:0.000297s ]
INFO: [ app_begin ] --START--
INFO: Run Behavior\ReadHtmlCacheBehavior [ RunTime:0.000446s ]
INFO: [ app_begin ] --END-- [ RunTime:0.000481s ]
SQL: DESCRIBE weibo_user [ RunTime:0.005348s ]
SQL: SELECT `id`,`domain` FROM `weibo_user` WHERE `username` = '路飞1' LIMIT 1   [ RunTime:0.000292s ]
SQL: DESCRIBE weibo_user_extend [ RunTime:0.004440s ]
SQL: SELECT `intro` FROM `weibo_user_extend` WHERE ( 1=1 AND uid='18' ) LIMIT 1   [ RunTime:0.000229s ]
INFO: [ app_end ] --START--
INFO: Run Behavior\ShowPageTraceBehavior [ RunTime:0.000551s ]
INFO: [ app_end ] --END-- [ RunTime:0.000594s ]

[ 2016-11-21T21:37:57+08:00 ] ::1 /weibo/Home/Space/setUrl
INFO: [ app_init ] --START--
INFO: Run Behavior\BuildLiteBehavior [ RunTime:0.000011s ]
INFO: [ app_init ] --END-- [ RunTime:0.000261s ]
INFO: [ app_begin ] --START--
INFO: Run Behavior\ReadHtmlCacheBehavior [ RunTime:0.000432s ]
INFO: [ app_begin ] --END-- [ RunTime:0.000467s ]
SQL: DESCRIBE weibo_user [ RunTime:0.004701s ]
SQL: SELECT `id`,`domain` FROM `weibo_user` WHERE `username` = '炎日:' LIMIT 1   [ RunTime:0.000216s ]
INFO: [ app_end ] --START--
INFO: Run Behavior\ShowPageTraceBehavior [ RunTime:0.000557s ]
INFO: [ app_end ] --END-- [ RunTime:0.000598s ]

[ 2016-11-21T21:37:57+08:00 ] ::1 /weibo/Home/Space/setUrl
INFO: [ app_init ] --START--
INFO: Run Behavior\BuildLiteBehavior [ RunTime:0.000011s ]
INFO: [ app_init ] --END-- [ RunTime:0.000276s ]
INFO: [ app_begin ] --START--
INFO: Run Behavior\ReadHtmlCacheBehavior [ RunTime:0.000462s ]
INFO: [ app_begin ] --END-- [ RunTime:0.000498s ]
SQL: DESCRIBE weibo_user [ RunTime:0.005035s ]
SQL: SELECT `id`,`domain` FROM `weibo_user` WHERE `username` = '炎日' LIMIT 1   [ RunTime:0.000271s ]
SQL: DESCRIBE weibo_user_extend [ RunTime:0.004383s ]
SQL: SELECT `intro` FROM `weibo_user_extend` WHERE ( 1=1 AND uid='16' ) LIMIT 1   [ RunTime:0.000273s ]
INFO: [ app_end ] --START--
INFO: Run Behavior\ShowPageTraceBehavior [ RunTime:0.000680s ]
INFO: [ app_end ] --END-- [ RunTime:0.000721s ]

[ 2016-11-21T21:37:57+08:00 ] ::1 /weibo/Home/Space/setUrl
INFO: [ app_init ] --START--
INFO: Run Behavior\BuildLiteBehavior [ RunTime:0.000010s ]
INFO: [ app_init ] --END-- [ RunTime:0.000304s ]
INFO: [ app_begin ] --START--
INFO: Run Behavior\ReadHtmlCacheBehavior [ RunTime:0.000460s ]
INFO: [ app_begin ] --END-- [ RunTime:0.000493s ]
SQL: DESCRIBE weibo_user [ RunTime:0.005730s ]
SQL: SELECT `id`,`domain` FROM `weibo_user` WHERE `username` = '路飞1' LIMIT 1   [ RunTime:0.000283s ]
SQL: DESCRIBE weibo_user_extend [ RunTime:0.004513s ]
SQL: SELECT `intro` FROM `weibo_user_extend` WHERE ( 1=1 AND uid='18' ) LIMIT 1   [ RunTime:0.000257s ]
INFO: [ app_end ] --START--
INFO: Run Behavior\ShowPageTraceBehavior [ RunTime:0.000536s ]
INFO: [ app_end ] --END-- [ RunTime:0.000567s ]

[ 2016-11-21T21:37:57+08:00 ] ::1 /weibo/Home/Index/getWeibo
INFO: [ app_init ] --START--
INFO: Run Behavior\BuildLiteBehavior [ RunTime:0.000022s ]
INFO: [ app_init ] --END-- [ RunTime:0.000604s ]
INFO: [ app_begin ] --START--
INFO: Run Behavior\ReadHtmlCacheBehavior [ RunTime:0.000808s ]
INFO: [ app_begin ] --END-- [ RunTime:0.000895s ]
NOTIC: [2] array_merge(): Argument #1 is not an array G:\php\www\weibo\App\Home\Controller\IndexController.class.php 第 20 行.
NOTIC: [2] Invalid argument supplied for foreach() G:\php\www\weibo\App\Home\Controller\IndexController.class.php 第 21 行.

[ 2016-11-21T21:38:06+08:00 ] ::1 /weibo/Home/Home/getRefer
INFO: [ app_init ] --START--
INFO: Run Behavior\BuildLiteBehavior [ RunTime:0.000010s ]
INFO: [ app_init ] --END-- [ RunTime:0.000248s ]
INFO: [ app_begin ] --START--
INFO: Run Behavior\ReadHtmlCacheBehavior [ RunTime:0.000417s ]
INFO: [ app_begin ] --END-- [ RunTime:0.000449s ]
INFO: [ app_end ] --START--
INFO: Run Behavior\ShowPageTraceBehavior [ RunTime:0.000755s ]
INFO: [ app_end ] --END-- [ RunTime:0.000813s ]

[ 2016-11-21T21:38:07+08:00 ] ::1 /weibo/Home/Index/getWeibo
INFO: [ app_init ] --START--
INFO: Run Behavior\BuildLiteBehavior [ RunTime:0.000010s ]
INFO: [ app_init ] --END-- [ RunTime:0.000280s ]
INFO: [ app_begin ] --START--
INFO: Run Behavior\ReadHtmlCacheBehavior [ RunTime:0.000430s ]
INFO: [ app_begin ] --END-- [ RunTime:0.000464s ]
NOTIC: [2] array_merge(): Argument #1 is not an array G:\php\www\weibo\App\Home\Controller\IndexController.class.php 第 20 行.
NOTIC: [2] Invalid argument supplied for foreach() G:\php\www\weibo\App\Home\Controller\IndexController.class.php 第 21 行.

[ 2016-11-21T21:38:16+08:00 ] ::1 /weibo/Home/Home/getRefer
INFO: [ app_init ] --START--
INFO: Run Behavior\BuildLiteBehavior [ RunTime:0.000009s ]
INFO: [ app_init ] --END-- [ RunTime:0.000280s ]
INFO: [ app_begin ] --START--
INFO: Run Behavior\ReadHtmlCacheBehavior [ RunTime:0.000460s ]
INFO: [ app_begin ] --END-- [ RunTime:0.000495s ]
INFO: [ app_end ] --START--
INFO: Run Behavior\ShowPageTraceBehavior [ RunTime:0.000772s ]
INFO: [ app_end ] --END-- [ RunTime:0.000829s ]

[ 2016-11-21T21:38:17+08:00 ] ::1 /weibo/Home/Index/getWeibo
INFO: [ app_init ] --START--
INFO: Run Behavior\BuildLiteBehavior [ RunTime:0.000010s ]
INFO: [ app_init ] --END-- [ RunTime:0.000277s ]
INFO: [ app_begin ] --START--
INFO: Run Behavior\ReadHtmlCacheBehavior [ RunTime:0.000450s ]
INFO: [ app_begin ] --END-- [ RunTime:0.000490s ]
NOTIC: [2] array_merge(): Argument #1 is not an array G:\php\www\weibo\App\Home\Controller\IndexController.class.php 第 20 行.
NOTIC: [2] Invalid argument supplied for foreach() G:\php\www\weibo\App\Home\Controller\IndexController.class.php 第 21 行.

